[0.018s] Invoking command in '/home/jaeho/project_ws/build/dsr_common2': CMAKE_PREFIX_PATH=${CMAKE_PREFIX_PATH}:/home/jaeho/project_ws/install/precision_liquid_pouring:/home/jaeho/project_ws/install/doosan_m0609_bringup:/home/jaeho/project_ws/install/chemistry_experiment_manager:/home/jaeho/project_ws/install/arduino_loadcell_interface:/opt/ros/humble /usr/bin/cmake /home/jaeho/project_ws/src/dsr_common2 -DCMAKE_INSTALL_PREFIX=/home/jaeho/project_ws/install/dsr_common2
[0.086s] -- Found ament_cmake: 1.3.12 (/opt/ros/humble/share/ament_cmake/cmake)
[0.298s] -- Configuring done
[0.325s] -- Generating done
[0.335s] -- Build files have been written to: /home/jaeho/project_ws/build/dsr_common2
[0.347s] Invoked command in '/home/jaeho/project_ws/build/dsr_common2' returned '0': CMAKE_PREFIX_PATH=${CMAKE_PREFIX_PATH}:/home/jaeho/project_ws/install/precision_liquid_pouring:/home/jaeho/project_ws/install/doosan_m0609_bringup:/home/jaeho/project_ws/install/chemistry_experiment_manager:/home/jaeho/project_ws/install/arduino_loadcell_interface:/opt/ros/humble /usr/bin/cmake /home/jaeho/project_ws/src/dsr_common2 -DCMAKE_INSTALL_PREFIX=/home/jaeho/project_ws/install/dsr_common2
[0.347s] Invoking command in '/home/jaeho/project_ws/build/dsr_common2': CMAKE_PREFIX_PATH=${CMAKE_PREFIX_PATH}:/home/jaeho/project_ws/install/precision_liquid_pouring:/home/jaeho/project_ws/install/doosan_m0609_bringup:/home/jaeho/project_ws/install/chemistry_experiment_manager:/home/jaeho/project_ws/install/arduino_loadcell_interface:/opt/ros/humble /usr/bin/cmake --build /home/jaeho/project_ws/build/dsr_common2 -- -j8 -l8
[0.388s] Invoked command in '/home/jaeho/project_ws/build/dsr_common2' returned '0': CMAKE_PREFIX_PATH=${CMAKE_PREFIX_PATH}:/home/jaeho/project_ws/install/precision_liquid_pouring:/home/jaeho/project_ws/install/doosan_m0609_bringup:/home/jaeho/project_ws/install/chemistry_experiment_manager:/home/jaeho/project_ws/install/arduino_loadcell_interface:/opt/ros/humble /usr/bin/cmake --build /home/jaeho/project_ws/build/dsr_common2 -- -j8 -l8
[0.399s] Invoking command in '/home/jaeho/project_ws/build/dsr_common2': CMAKE_PREFIX_PATH=${CMAKE_PREFIX_PATH}:/home/jaeho/project_ws/install/precision_liquid_pouring:/home/jaeho/project_ws/install/doosan_m0609_bringup:/home/jaeho/project_ws/install/chemistry_experiment_manager:/home/jaeho/project_ws/install/arduino_loadcell_interface:/opt/ros/humble /usr/bin/cmake --install /home/jaeho/project_ws/build/dsr_common2
[0.405s] -- Install configuration: "Release"
[0.406s] -- Up-to-date: /home/jaeho/project_ws/install/dsr_common2/share/ament_index/resource_index/package_run_dependencies/dsr_common2
[0.406s] -- Installing: /home/jaeho/project_ws/install/dsr_common2/share/ament_index/resource_index/parent_prefix_path/dsr_common2
[0.407s] -- Up-to-date: /home/jaeho/project_ws/install/dsr_common2/share/dsr_common2/environment/ament_prefix_path.sh
[0.407s] -- Installing: /home/jaeho/project_ws/install/dsr_common2/share/dsr_common2/environment/ament_prefix_path.dsv
[0.407s] -- Up-to-date: /home/jaeho/project_ws/install/dsr_common2/share/dsr_common2/environment/path.sh
[0.407s] -- Installing: /home/jaeho/project_ws/install/dsr_common2/share/dsr_common2/environment/path.dsv
[0.408s] -- Up-to-date: /home/jaeho/project_ws/install/dsr_common2/share/dsr_common2/local_setup.bash
[0.408s] -- Up-to-date: /home/jaeho/project_ws/install/dsr_common2/share/dsr_common2/local_setup.sh
[0.408s] -- Up-to-date: /home/jaeho/project_ws/install/dsr_common2/share/dsr_common2/local_setup.zsh
[0.408s] -- Installing: /home/jaeho/project_ws/install/dsr_common2/share/dsr_common2/local_setup.dsv
[0.409s] -- Installing: /home/jaeho/project_ws/install/dsr_common2/share/dsr_common2/package.dsv
[0.410s] -- Up-to-date: /home/jaeho/project_ws/install/dsr_common2/share/ament_index/resource_index/packages/dsr_common2
[0.410s] -- Up-to-date: /home/jaeho/project_ws/install/dsr_common2/share/dsr_common2/cmake/dsr_common2Config.cmake
[0.410s] -- Up-to-date: /home/jaeho/project_ws/install/dsr_common2/share/dsr_common2/cmake/dsr_common2Config-version.cmake
[0.410s] -- Up-to-date: /home/jaeho/project_ws/install/dsr_common2/share/dsr_common2/package.xml
[0.410s] -- Up-to-date: /home/jaeho/project_ws/install/dsr_common2/share/dsr_common2/bin
[0.410s] -- Up-to-date: /home/jaeho/project_ws/install/dsr_common2/share/dsr_common2/bin/run_drcf.sh
[0.410s] -- Up-to-date: /home/jaeho/project_ws/install/dsr_common2/share/dsr_common2/bin/common2
[0.410s] -- Up-to-date: /home/jaeho/project_ws/install/dsr_common2/lib/dsr_common2/imp
[0.411s] -- Up-to-date: /home/jaeho/project_ws/install/dsr_common2/lib/dsr_common2/imp/DR_tcp_client2.py
[0.411s] -- Up-to-date: /home/jaeho/project_ws/install/dsr_common2/lib/dsr_common2/imp/DR_common2.py
[0.411s] -- Up-to-date: /home/jaeho/project_ws/install/dsr_common2/lib/dsr_common2/imp/DSR_util2.py
[0.411s] -- Up-to-date: /home/jaeho/project_ws/install/dsr_common2/lib/dsr_common2/imp/DR_init.py
[0.411s] -- Up-to-date: /home/jaeho/project_ws/install/dsr_common2/lib/dsr_common2/imp/__init__.py
[0.411s] -- Up-to-date: /home/jaeho/project_ws/install/dsr_common2/lib/dsr_common2/imp/DR_tcp_server2.py
[0.411s] -- Up-to-date: /home/jaeho/project_ws/install/dsr_common2/lib/dsr_common2/imp/DSR_ROBOT2.py
[0.411s] -- Up-to-date: /home/jaeho/project_ws/install/dsr_common2/lib/dsr_common2/imp/DR_error2.py
[0.411s] -- Up-to-date: /home/jaeho/project_ws/install/dsr_common2/lib/dsr_common2/imp/DRFC.py
[0.413s] Invoked command in '/home/jaeho/project_ws/build/dsr_common2' returned '0': CMAKE_PREFIX_PATH=${CMAKE_PREFIX_PATH}:/home/jaeho/project_ws/install/precision_liquid_pouring:/home/jaeho/project_ws/install/doosan_m0609_bringup:/home/jaeho/project_ws/install/chemistry_experiment_manager:/home/jaeho/project_ws/install/arduino_loadcell_interface:/opt/ros/humble /usr/bin/cmake --install /home/jaeho/project_ws/build/dsr_common2
