running egg_info
creating ../../build/doosan_m0609_bringup/dsr_bringup2.egg-info
writing ../../build/doosan_m0609_bringup/dsr_bringup2.egg-info/PKG-INFO
writing dependency_links to ../../build/doosan_m0609_bringup/dsr_bringup2.egg-info/dependency_links.txt
writing entry points to ../../build/doosan_m0609_bringup/dsr_bringup2.egg-info/entry_points.txt
writing requirements to ../../build/doosan_m0609_bringup/dsr_bringup2.egg-info/requires.txt
writing top-level names to ../../build/doosan_m0609_bringup/dsr_bringup2.egg-info/top_level.txt
writing manifest file '../../build/doosan_m0609_bringup/dsr_bringup2.egg-info/SOURCES.txt'
reading manifest file '../../build/doosan_m0609_bringup/dsr_bringup2.egg-info/SOURCES.txt'
writing manifest file '../../build/doosan_m0609_bringup/dsr_bringup2.egg-info/SOURCES.txt'
running build
running build_py
creating /home/jaeho/project_ws/build/doosan_m0609_bringup/build
creating /home/jaeho/project_ws/build/doosan_m0609_bringup/build/lib
creating /home/jaeho/project_ws/build/doosan_m0609_bringup/build/lib/dsr_bringup2
copying dsr_bringup2/gazebo_connection_pos.py -> /home/jaeho/project_ws/build/doosan_m0609_bringup/build/lib/dsr_bringup2
copying dsr_bringup2/moveit_connection.py -> /home/jaeho/project_ws/build/doosan_m0609_bringup/build/lib/dsr_bringup2
copying dsr_bringup2/run_emulator.py -> /home/jaeho/project_ws/build/doosan_m0609_bringup/build/lib/dsr_bringup2
copying dsr_bringup2/__init__.py -> /home/jaeho/project_ws/build/doosan_m0609_bringup/build/lib/dsr_bringup2
copying dsr_bringup2/dsr_mujoco_bridge.py -> /home/jaeho/project_ws/build/doosan_m0609_bringup/build/lib/dsr_bringup2
copying dsr_bringup2/setup.py -> /home/jaeho/project_ws/build/doosan_m0609_bringup/build/lib/dsr_bringup2
copying dsr_bringup2/gazebo_connection.py -> /home/jaeho/project_ws/build/doosan_m0609_bringup/build/lib/dsr_bringup2
creating /home/jaeho/project_ws/build/doosan_m0609_bringup/build/lib/dsr_bringup2/dsr_bringup2
copying dsr_bringup2/dsr_bringup2/gazebo_connection_pos.py -> /home/jaeho/project_ws/build/doosan_m0609_bringup/build/lib/dsr_bringup2/dsr_bringup2
copying dsr_bringup2/dsr_bringup2/moveit_connection.py -> /home/jaeho/project_ws/build/doosan_m0609_bringup/build/lib/dsr_bringup2/dsr_bringup2
copying dsr_bringup2/dsr_bringup2/run_emulator.py -> /home/jaeho/project_ws/build/doosan_m0609_bringup/build/lib/dsr_bringup2/dsr_bringup2
copying dsr_bringup2/dsr_bringup2/__init__.py -> /home/jaeho/project_ws/build/doosan_m0609_bringup/build/lib/dsr_bringup2/dsr_bringup2
copying dsr_bringup2/dsr_bringup2/dsr_mujoco_bridge.py -> /home/jaeho/project_ws/build/doosan_m0609_bringup/build/lib/dsr_bringup2/dsr_bringup2
copying dsr_bringup2/dsr_bringup2/gazebo_connection.py -> /home/jaeho/project_ws/build/doosan_m0609_bringup/build/lib/dsr_bringup2/dsr_bringup2
running install
running install_lib
creating /home/jaeho/project_ws/install/doosan_m0609_bringup/lib/python3.10/site-packages/dsr_bringup2
creating /home/jaeho/project_ws/install/doosan_m0609_bringup/lib/python3.10/site-packages/dsr_bringup2/dsr_bringup2
copying /home/jaeho/project_ws/build/doosan_m0609_bringup/build/lib/dsr_bringup2/dsr_bringup2/gazebo_connection_pos.py -> /home/jaeho/project_ws/install/doosan_m0609_bringup/lib/python3.10/site-packages/dsr_bringup2/dsr_bringup2
copying /home/jaeho/project_ws/build/doosan_m0609_bringup/build/lib/dsr_bringup2/dsr_bringup2/moveit_connection.py -> /home/jaeho/project_ws/install/doosan_m0609_bringup/lib/python3.10/site-packages/dsr_bringup2/dsr_bringup2
copying /home/jaeho/project_ws/build/doosan_m0609_bringup/build/lib/dsr_bringup2/dsr_bringup2/run_emulator.py -> /home/jaeho/project_ws/install/doosan_m0609_bringup/lib/python3.10/site-packages/dsr_bringup2/dsr_bringup2
copying /home/jaeho/project_ws/build/doosan_m0609_bringup/build/lib/dsr_bringup2/dsr_bringup2/__init__.py -> /home/jaeho/project_ws/install/doosan_m0609_bringup/lib/python3.10/site-packages/dsr_bringup2/dsr_bringup2
copying /home/jaeho/project_ws/build/doosan_m0609_bringup/build/lib/dsr_bringup2/dsr_bringup2/dsr_mujoco_bridge.py -> /home/jaeho/project_ws/install/doosan_m0609_bringup/lib/python3.10/site-packages/dsr_bringup2/dsr_bringup2
copying /home/jaeho/project_ws/build/doosan_m0609_bringup/build/lib/dsr_bringup2/dsr_bringup2/gazebo_connection.py -> /home/jaeho/project_ws/install/doosan_m0609_bringup/lib/python3.10/site-packages/dsr_bringup2/dsr_bringup2
copying /home/jaeho/project_ws/build/doosan_m0609_bringup/build/lib/dsr_bringup2/gazebo_connection_pos.py -> /home/jaeho/project_ws/install/doosan_m0609_bringup/lib/python3.10/site-packages/dsr_bringup2
copying /home/jaeho/project_ws/build/doosan_m0609_bringup/build/lib/dsr_bringup2/moveit_connection.py -> /home/jaeho/project_ws/install/doosan_m0609_bringup/lib/python3.10/site-packages/dsr_bringup2
copying /home/jaeho/project_ws/build/doosan_m0609_bringup/build/lib/dsr_bringup2/run_emulator.py -> /home/jaeho/project_ws/install/doosan_m0609_bringup/lib/python3.10/site-packages/dsr_bringup2
copying /home/jaeho/project_ws/build/doosan_m0609_bringup/build/lib/dsr_bringup2/__init__.py -> /home/jaeho/project_ws/install/doosan_m0609_bringup/lib/python3.10/site-packages/dsr_bringup2
copying /home/jaeho/project_ws/build/doosan_m0609_bringup/build/lib/dsr_bringup2/dsr_mujoco_bridge.py -> /home/jaeho/project_ws/install/doosan_m0609_bringup/lib/python3.10/site-packages/dsr_bringup2
copying /home/jaeho/project_ws/build/doosan_m0609_bringup/build/lib/dsr_bringup2/setup.py -> /home/jaeho/project_ws/install/doosan_m0609_bringup/lib/python3.10/site-packages/dsr_bringup2
copying /home/jaeho/project_ws/build/doosan_m0609_bringup/build/lib/dsr_bringup2/gazebo_connection.py -> /home/jaeho/project_ws/install/doosan_m0609_bringup/lib/python3.10/site-packages/dsr_bringup2
byte-compiling /home/jaeho/project_ws/install/doosan_m0609_bringup/lib/python3.10/site-packages/dsr_bringup2/dsr_bringup2/gazebo_connection_pos.py to gazebo_connection_pos.cpython-310.pyc
byte-compiling /home/jaeho/project_ws/install/doosan_m0609_bringup/lib/python3.10/site-packages/dsr_bringup2/dsr_bringup2/moveit_connection.py to moveit_connection.cpython-310.pyc
byte-compiling /home/jaeho/project_ws/install/doosan_m0609_bringup/lib/python3.10/site-packages/dsr_bringup2/dsr_bringup2/run_emulator.py to run_emulator.cpython-310.pyc
byte-compiling /home/jaeho/project_ws/install/doosan_m0609_bringup/lib/python3.10/site-packages/dsr_bringup2/dsr_bringup2/__init__.py to __init__.cpython-310.pyc
byte-compiling /home/jaeho/project_ws/install/doosan_m0609_bringup/lib/python3.10/site-packages/dsr_bringup2/dsr_bringup2/dsr_mujoco_bridge.py to dsr_mujoco_bridge.cpython-310.pyc
byte-compiling /home/jaeho/project_ws/install/doosan_m0609_bringup/lib/python3.10/site-packages/dsr_bringup2/dsr_bringup2/gazebo_connection.py to gazebo_connection.cpython-310.pyc
byte-compiling /home/jaeho/project_ws/install/doosan_m0609_bringup/lib/python3.10/site-packages/dsr_bringup2/gazebo_connection_pos.py to gazebo_connection_pos.cpython-310.pyc
byte-compiling /home/jaeho/project_ws/install/doosan_m0609_bringup/lib/python3.10/site-packages/dsr_bringup2/moveit_connection.py to moveit_connection.cpython-310.pyc
byte-compiling /home/jaeho/project_ws/install/doosan_m0609_bringup/lib/python3.10/site-packages/dsr_bringup2/run_emulator.py to run_emulator.cpython-310.pyc
byte-compiling /home/jaeho/project_ws/install/doosan_m0609_bringup/lib/python3.10/site-packages/dsr_bringup2/__init__.py to __init__.cpython-310.pyc
byte-compiling /home/jaeho/project_ws/install/doosan_m0609_bringup/lib/python3.10/site-packages/dsr_bringup2/dsr_mujoco_bridge.py to dsr_mujoco_bridge.cpython-310.pyc
byte-compiling /home/jaeho/project_ws/install/doosan_m0609_bringup/lib/python3.10/site-packages/dsr_bringup2/setup.py to setup.cpython-310.pyc
byte-compiling /home/jaeho/project_ws/install/doosan_m0609_bringup/lib/python3.10/site-packages/dsr_bringup2/gazebo_connection.py to gazebo_connection.cpython-310.pyc
running install_data
copying resource/dsr_bringup2 -> /home/jaeho/project_ws/install/doosan_m0609_bringup/share/ament_index/resource_index/packages
creating /home/jaeho/project_ws/install/doosan_m0609_bringup/share/dsr_bringup2
copying package.xml -> /home/jaeho/project_ws/install/doosan_m0609_bringup/share/dsr_bringup2
creating /home/jaeho/project_ws/install/doosan_m0609_bringup/share/dsr_bringup2/launch
copying launch/chemical_experiment_complete.launch.py -> /home/jaeho/project_ws/install/doosan_m0609_bringup/share/dsr_bringup2/launch
copying launch/dsr_bringup2_moveit.launch.py -> /home/jaeho/project_ws/install/doosan_m0609_bringup/share/dsr_bringup2/launch
copying launch/dsr_bringup2_mujoco.launch.py -> /home/jaeho/project_ws/install/doosan_m0609_bringup/share/dsr_bringup2/launch
copying launch/dsr_bringup2_gazebo.launch.py -> /home/jaeho/project_ws/install/doosan_m0609_bringup/share/dsr_bringup2/launch
copying launch/dsr_bringup2_spawn_on_gazebo.launch.py -> /home/jaeho/project_ws/install/doosan_m0609_bringup/share/dsr_bringup2/launch
copying launch/dsr_bringup2_rviz.launch.py -> /home/jaeho/project_ws/install/doosan_m0609_bringup/share/dsr_bringup2/launch
copying launch/chemical_experiment_system.launch.py -> /home/jaeho/project_ws/install/doosan_m0609_bringup/share/dsr_bringup2/launch
creating /home/jaeho/project_ws/install/doosan_m0609_bringup/share/dsr_bringup2/rviz
copying rviz/default.rviz -> /home/jaeho/project_ws/install/doosan_m0609_bringup/share/dsr_bringup2/rviz
running install_egg_info
Copying ../../build/doosan_m0609_bringup/dsr_bringup2.egg-info to /home/jaeho/project_ws/install/doosan_m0609_bringup/lib/python3.10/site-packages/dsr_bringup2-0.1.2-py3.10.egg-info
running install_scripts
Installing gazebo_connection script to /home/jaeho/project_ws/install/doosan_m0609_bringup/lib/dsr_bringup2
Installing moveit_connection script to /home/jaeho/project_ws/install/doosan_m0609_bringup/lib/dsr_bringup2
Installing mujoco_bridge script to /home/jaeho/project_ws/install/doosan_m0609_bringup/lib/dsr_bringup2
Installing run_emulator script to /home/jaeho/project_ws/install/doosan_m0609_bringup/lib/dsr_bringup2
writing list of installed files to '/home/jaeho/project_ws/build/doosan_m0609_bringup/install.log'
