[0.241s] DEBUG:colcon:Command line arguments: ['/usr/bin/colcon', 'build', '--packages-select', 'doosan_m0609_controller']
[0.241s] DEBUG:colcon:Parsed command line arguments: Namespace(log_base=None, log_level=None, verb_name='build', build_base='build', install_base='install', merge_install=False, symlink_install=False, test_result_base=None, continue_on_error=False, executor='parallel', parallel_workers=8, event_handlers=None, ignore_user_meta=False, metas=['./colcon.meta'], base_paths=['.'], packages_ignore=None, packages_ignore_regex=None, paths=None, packages_up_to=None, packages_up_to_regex=None, packages_above=None, packages_above_and_dependencies=None, packages_above_depth=None, packages_select_by_dep=None, packages_skip_by_dep=None, packages_skip_up_to=None, packages_select_build_failed=False, packages_skip_build_finished=False, packages_select_test_failures=False, packages_skip_test_passed=False, packages_select=['doosan_m0609_controller'], packages_skip=None, packages_select_regex=None, packages_skip_regex=None, packages_start=None, packages_end=None, allow_overriding=[], cmake_args=None, cmake_target=None, cmake_target_skip_unavailable=False, cmake_clean_cache=False, cmake_clean_first=False, cmake_force_configure=False, ament_cmake_args=None, catkin_cmake_args=None, catkin_skip_building_tests=False, verb_parser=<colcon_defaults.argument_parser.defaults.DefaultArgumentsDecorator object at 0x724eff96d360>, verb_extension=<colcon_core.verb.build.BuildVerb object at 0x724effafae90>, main=<bound method BuildVerb.main of <colcon_core.verb.build.BuildVerb object at 0x724effafae90>>)
[0.414s] Level 1:colcon.colcon_core.package_discovery:discover_packages(colcon_meta) check parameters
[0.414s] Level 1:colcon.colcon_core.package_discovery:discover_packages(recursive) check parameters
[0.414s] Level 1:colcon.colcon_core.package_discovery:discover_packages(ignore) check parameters
[0.414s] Level 1:colcon.colcon_core.package_discovery:discover_packages(path) check parameters
[0.414s] Level 1:colcon.colcon_core.package_discovery:discover_packages(colcon_meta) discover
[0.414s] Level 1:colcon.colcon_core.package_discovery:discover_packages(recursive) discover
[0.414s] INFO:colcon.colcon_core.package_discovery:Crawling recursively for packages in '/home/jaeho/project_ws'
[0.415s] Level 1:colcon.colcon_core.package_identification:_identify(.) by extensions ['ignore', 'ignore_ament_install']
[0.415s] Level 1:colcon.colcon_core.package_identification:_identify(.) by extension 'ignore'
[0.415s] Level 1:colcon.colcon_core.package_identification:_identify(.) by extension 'ignore_ament_install'
[0.415s] Level 1:colcon.colcon_core.package_identification:_identify(.) by extensions ['colcon_pkg']
[0.415s] Level 1:colcon.colcon_core.package_identification:_identify(.) by extension 'colcon_pkg'
[0.415s] Level 1:colcon.colcon_core.package_identification:_identify(.) by extensions ['colcon_meta']
[0.415s] Level 1:colcon.colcon_core.package_identification:_identify(.) by extension 'colcon_meta'
[0.415s] Level 1:colcon.colcon_core.package_identification:_identify(.) by extensions ['ros']
[0.415s] Level 1:colcon.colcon_core.package_identification:_identify(.) by extension 'ros'
[0.438s] Level 1:colcon.colcon_core.package_identification:_identify(.) by extensions ['cmake', 'python']
[0.438s] Level 1:colcon.colcon_core.package_identification:_identify(.) by extension 'cmake'
[0.438s] Level 1:colcon.colcon_core.package_identification:_identify(.) by extension 'python'
[0.438s] Level 1:colcon.colcon_core.package_identification:_identify(.) by extensions ['python_setup_py']
[0.438s] Level 1:colcon.colcon_core.package_identification:_identify(.) by extension 'python_setup_py'
[0.438s] Level 1:colcon.colcon_core.package_identification:_identify(build) by extensions ['ignore', 'ignore_ament_install']
[0.438s] Level 1:colcon.colcon_core.package_identification:_identify(build) by extension 'ignore'
[0.438s] Level 1:colcon.colcon_core.package_identification:_identify(build) ignored
[0.438s] Level 1:colcon.colcon_core.package_identification:_identify(development) by extensions ['ignore', 'ignore_ament_install']
[0.438s] Level 1:colcon.colcon_core.package_identification:_identify(development) by extension 'ignore'
[0.438s] Level 1:colcon.colcon_core.package_identification:_identify(development) by extension 'ignore_ament_install'
[0.438s] Level 1:colcon.colcon_core.package_identification:_identify(development) by extensions ['colcon_pkg']
[0.438s] Level 1:colcon.colcon_core.package_identification:_identify(development) by extension 'colcon_pkg'
[0.439s] Level 1:colcon.colcon_core.package_identification:_identify(development) by extensions ['colcon_meta']
[0.439s] Level 1:colcon.colcon_core.package_identification:_identify(development) by extension 'colcon_meta'
[0.439s] Level 1:colcon.colcon_core.package_identification:_identify(development) by extensions ['ros']
[0.439s] Level 1:colcon.colcon_core.package_identification:_identify(development) by extension 'ros'
[0.439s] Level 1:colcon.colcon_core.package_identification:_identify(development) by extensions ['cmake', 'python']
[0.439s] Level 1:colcon.colcon_core.package_identification:_identify(development) by extension 'cmake'
[0.439s] Level 1:colcon.colcon_core.package_identification:_identify(development) by extension 'python'
[0.439s] Level 1:colcon.colcon_core.package_identification:_identify(development) by extensions ['python_setup_py']
[0.439s] Level 1:colcon.colcon_core.package_identification:_identify(development) by extension 'python_setup_py'
[0.439s] Level 1:colcon.colcon_core.package_identification:_identify(development/scripts) by extensions ['ignore', 'ignore_ament_install']
[0.439s] Level 1:colcon.colcon_core.package_identification:_identify(development/scripts) by extension 'ignore'
[0.439s] Level 1:colcon.colcon_core.package_identification:_identify(development/scripts) by extension 'ignore_ament_install'
[0.439s] Level 1:colcon.colcon_core.package_identification:_identify(development/scripts) by extensions ['colcon_pkg']
[0.439s] Level 1:colcon.colcon_core.package_identification:_identify(development/scripts) by extension 'colcon_pkg'
[0.439s] Level 1:colcon.colcon_core.package_identification:_identify(development/scripts) by extensions ['colcon_meta']
[0.439s] Level 1:colcon.colcon_core.package_identification:_identify(development/scripts) by extension 'colcon_meta'
[0.439s] Level 1:colcon.colcon_core.package_identification:_identify(development/scripts) by extensions ['ros']
[0.439s] Level 1:colcon.colcon_core.package_identification:_identify(development/scripts) by extension 'ros'
[0.439s] Level 1:colcon.colcon_core.package_identification:_identify(development/scripts) by extensions ['cmake', 'python']
[0.439s] Level 1:colcon.colcon_core.package_identification:_identify(development/scripts) by extension 'cmake'
[0.439s] Level 1:colcon.colcon_core.package_identification:_identify(development/scripts) by extension 'python'
[0.439s] Level 1:colcon.colcon_core.package_identification:_identify(development/scripts) by extensions ['python_setup_py']
[0.439s] Level 1:colcon.colcon_core.package_identification:_identify(development/scripts) by extension 'python_setup_py'
[0.439s] Level 1:colcon.colcon_core.package_identification:_identify(fix_script) by extensions ['ignore', 'ignore_ament_install']
[0.440s] Level 1:colcon.colcon_core.package_identification:_identify(fix_script) by extension 'ignore'
[0.440s] Level 1:colcon.colcon_core.package_identification:_identify(fix_script) by extension 'ignore_ament_install'
[0.440s] Level 1:colcon.colcon_core.package_identification:_identify(fix_script) by extensions ['colcon_pkg']
[0.440s] Level 1:colcon.colcon_core.package_identification:_identify(fix_script) by extension 'colcon_pkg'
[0.440s] Level 1:colcon.colcon_core.package_identification:_identify(fix_script) by extensions ['colcon_meta']
[0.440s] Level 1:colcon.colcon_core.package_identification:_identify(fix_script) by extension 'colcon_meta'
[0.440s] Level 1:colcon.colcon_core.package_identification:_identify(fix_script) by extensions ['ros']
[0.440s] Level 1:colcon.colcon_core.package_identification:_identify(fix_script) by extension 'ros'
[0.440s] Level 1:colcon.colcon_core.package_identification:_identify(fix_script) by extensions ['cmake', 'python']
[0.440s] Level 1:colcon.colcon_core.package_identification:_identify(fix_script) by extension 'cmake'
[0.440s] Level 1:colcon.colcon_core.package_identification:_identify(fix_script) by extension 'python'
[0.440s] Level 1:colcon.colcon_core.package_identification:_identify(fix_script) by extensions ['python_setup_py']
[0.440s] Level 1:colcon.colcon_core.package_identification:_identify(fix_script) by extension 'python_setup_py'
[0.440s] Level 1:colcon.colcon_core.package_identification:_identify(install) by extensions ['ignore', 'ignore_ament_install']
[0.440s] Level 1:colcon.colcon_core.package_identification:_identify(install) by extension 'ignore'
[0.440s] Level 1:colcon.colcon_core.package_identification:_identify(install) ignored
[0.440s] Level 1:colcon.colcon_core.package_identification:_identify(log) by extensions ['ignore', 'ignore_ament_install']
[0.440s] Level 1:colcon.colcon_core.package_identification:_identify(log) by extension 'ignore'
[0.440s] Level 1:colcon.colcon_core.package_identification:_identify(log) ignored
[0.440s] Level 1:colcon.colcon_core.package_identification:_identify(src) by extensions ['ignore', 'ignore_ament_install']
[0.440s] Level 1:colcon.colcon_core.package_identification:_identify(src) by extension 'ignore'
[0.440s] Level 1:colcon.colcon_core.package_identification:_identify(src) by extension 'ignore_ament_install'
[0.441s] Level 1:colcon.colcon_core.package_identification:_identify(src) by extensions ['colcon_pkg']
[0.441s] Level 1:colcon.colcon_core.package_identification:_identify(src) by extension 'colcon_pkg'
[0.441s] Level 1:colcon.colcon_core.package_identification:_identify(src) by extensions ['colcon_meta']
[0.441s] Level 1:colcon.colcon_core.package_identification:_identify(src) by extension 'colcon_meta'
[0.441s] Level 1:colcon.colcon_core.package_identification:_identify(src) by extensions ['ros']
[0.441s] Level 1:colcon.colcon_core.package_identification:_identify(src) by extension 'ros'
[0.441s] Level 1:colcon.colcon_core.package_identification:_identify(src) by extensions ['cmake', 'python']
[0.441s] Level 1:colcon.colcon_core.package_identification:_identify(src) by extension 'cmake'
[0.441s] Level 1:colcon.colcon_core.package_identification:_identify(src) by extension 'python'
[0.441s] Level 1:colcon.colcon_core.package_identification:_identify(src) by extensions ['python_setup_py']
[0.441s] Level 1:colcon.colcon_core.package_identification:_identify(src) by extension 'python_setup_py'
[0.441s] Level 1:colcon.colcon_core.package_identification:_identify(src/arduino_loadcell_interface) by extensions ['ignore', 'ignore_ament_install']
[0.441s] Level 1:colcon.colcon_core.package_identification:_identify(src/arduino_loadcell_interface) by extension 'ignore'
[0.441s] Level 1:colcon.colcon_core.package_identification:_identify(src/arduino_loadcell_interface) by extension 'ignore_ament_install'
[0.441s] Level 1:colcon.colcon_core.package_identification:_identify(src/arduino_loadcell_interface) by extensions ['colcon_pkg']
[0.441s] Level 1:colcon.colcon_core.package_identification:_identify(src/arduino_loadcell_interface) by extension 'colcon_pkg'
[0.441s] Level 1:colcon.colcon_core.package_identification:_identify(src/arduino_loadcell_interface) by extensions ['colcon_meta']
[0.441s] Level 1:colcon.colcon_core.package_identification:_identify(src/arduino_loadcell_interface) by extension 'colcon_meta'
[0.441s] Level 1:colcon.colcon_core.package_identification:_identify(src/arduino_loadcell_interface) by extensions ['ros']
[0.441s] Level 1:colcon.colcon_core.package_identification:_identify(src/arduino_loadcell_interface) by extension 'ros'
[0.444s] DEBUG:colcon.colcon_core.package_identification:Package 'src/arduino_loadcell_interface' with type 'ros.ament_python' and name 'arduino_loadcell_interface'
[0.444s] Level 1:colcon.colcon_core.package_identification:_identify(src/chemistry_experiment_manager) by extensions ['ignore', 'ignore_ament_install']
[0.444s] Level 1:colcon.colcon_core.package_identification:_identify(src/chemistry_experiment_manager) by extension 'ignore'
[0.444s] Level 1:colcon.colcon_core.package_identification:_identify(src/chemistry_experiment_manager) by extension 'ignore_ament_install'
[0.444s] Level 1:colcon.colcon_core.package_identification:_identify(src/chemistry_experiment_manager) by extensions ['colcon_pkg']
[0.444s] Level 1:colcon.colcon_core.package_identification:_identify(src/chemistry_experiment_manager) by extension 'colcon_pkg'
[0.444s] Level 1:colcon.colcon_core.package_identification:_identify(src/chemistry_experiment_manager) by extensions ['colcon_meta']
[0.444s] Level 1:colcon.colcon_core.package_identification:_identify(src/chemistry_experiment_manager) by extension 'colcon_meta'
[0.444s] Level 1:colcon.colcon_core.package_identification:_identify(src/chemistry_experiment_manager) by extensions ['ros']
[0.444s] Level 1:colcon.colcon_core.package_identification:_identify(src/chemistry_experiment_manager) by extension 'ros'
[0.445s] DEBUG:colcon.colcon_core.package_identification:Package 'src/chemistry_experiment_manager' with type 'ros.ament_python' and name 'chemistry_experiment_manager'
[0.445s] Level 1:colcon.colcon_core.package_identification:_identify(src/doosan_m0609_bringup) by extensions ['ignore', 'ignore_ament_install']
[0.445s] Level 1:colcon.colcon_core.package_identification:_identify(src/doosan_m0609_bringup) by extension 'ignore'
[0.446s] Level 1:colcon.colcon_core.package_identification:_identify(src/doosan_m0609_bringup) by extension 'ignore_ament_install'
[0.446s] Level 1:colcon.colcon_core.package_identification:_identify(src/doosan_m0609_bringup) by extensions ['colcon_pkg']
[0.446s] Level 1:colcon.colcon_core.package_identification:_identify(src/doosan_m0609_bringup) by extension 'colcon_pkg'
[0.446s] Level 1:colcon.colcon_core.package_identification:_identify(src/doosan_m0609_bringup) by extensions ['colcon_meta']
[0.446s] Level 1:colcon.colcon_core.package_identification:_identify(src/doosan_m0609_bringup) by extension 'colcon_meta'
[0.446s] Level 1:colcon.colcon_core.package_identification:_identify(src/doosan_m0609_bringup) by extensions ['ros']
[0.446s] Level 1:colcon.colcon_core.package_identification:_identify(src/doosan_m0609_bringup) by extension 'ros'
[0.447s] DEBUG:colcon.colcon_core.package_identification:Package 'src/doosan_m0609_bringup' with type 'ros.ament_python' and name 'doosan_m0609_bringup'
[0.447s] Level 1:colcon.colcon_core.package_identification:_identify(src/doosan_m0609_controller) by extensions ['ignore', 'ignore_ament_install']
[0.447s] Level 1:colcon.colcon_core.package_identification:_identify(src/doosan_m0609_controller) by extension 'ignore'
[0.447s] Level 1:colcon.colcon_core.package_identification:_identify(src/doosan_m0609_controller) by extension 'ignore_ament_install'
[0.447s] Level 1:colcon.colcon_core.package_identification:_identify(src/doosan_m0609_controller) by extensions ['colcon_pkg']
[0.447s] Level 1:colcon.colcon_core.package_identification:_identify(src/doosan_m0609_controller) by extension 'colcon_pkg'
[0.447s] Level 1:colcon.colcon_core.package_identification:_identify(src/doosan_m0609_controller) by extensions ['colcon_meta']
[0.447s] Level 1:colcon.colcon_core.package_identification:_identify(src/doosan_m0609_controller) by extension 'colcon_meta'
[0.447s] Level 1:colcon.colcon_core.package_identification:_identify(src/doosan_m0609_controller) by extensions ['ros']
[0.447s] Level 1:colcon.colcon_core.package_identification:_identify(src/doosan_m0609_controller) by extension 'ros'
[0.448s] DEBUG:colcon.colcon_core.package_identification:Package 'src/doosan_m0609_controller' with type 'ros.ament_cmake' and name 'doosan_m0609_controller'
[0.448s] Level 1:colcon.colcon_core.package_identification:_identify(src/doosan_m0609_description) by extensions ['ignore', 'ignore_ament_install']
[0.448s] Level 1:colcon.colcon_core.package_identification:_identify(src/doosan_m0609_description) by extension 'ignore'
[0.448s] Level 1:colcon.colcon_core.package_identification:_identify(src/doosan_m0609_description) by extension 'ignore_ament_install'
[0.448s] Level 1:colcon.colcon_core.package_identification:_identify(src/doosan_m0609_description) by extensions ['colcon_pkg']
[0.448s] Level 1:colcon.colcon_core.package_identification:_identify(src/doosan_m0609_description) by extension 'colcon_pkg'
[0.448s] Level 1:colcon.colcon_core.package_identification:_identify(src/doosan_m0609_description) by extensions ['colcon_meta']
[0.448s] Level 1:colcon.colcon_core.package_identification:_identify(src/doosan_m0609_description) by extension 'colcon_meta'
[0.448s] Level 1:colcon.colcon_core.package_identification:_identify(src/doosan_m0609_description) by extensions ['ros']
[0.448s] Level 1:colcon.colcon_core.package_identification:_identify(src/doosan_m0609_description) by extension 'ros'
[0.449s] DEBUG:colcon.colcon_core.package_identification:Package 'src/doosan_m0609_description' with type 'ros.ament_cmake' and name 'doosan_m0609_description'
[0.449s] Level 1:colcon.colcon_core.package_identification:_identify(src/doosan_m0609_hardware) by extensions ['ignore', 'ignore_ament_install']
[0.449s] Level 1:colcon.colcon_core.package_identification:_identify(src/doosan_m0609_hardware) by extension 'ignore'
[0.449s] Level 1:colcon.colcon_core.package_identification:_identify(src/doosan_m0609_hardware) by extension 'ignore_ament_install'
[0.449s] Level 1:colcon.colcon_core.package_identification:_identify(src/doosan_m0609_hardware) by extensions ['colcon_pkg']
[0.449s] Level 1:colcon.colcon_core.package_identification:_identify(src/doosan_m0609_hardware) by extension 'colcon_pkg'
[0.449s] Level 1:colcon.colcon_core.package_identification:_identify(src/doosan_m0609_hardware) by extensions ['colcon_meta']
[0.449s] Level 1:colcon.colcon_core.package_identification:_identify(src/doosan_m0609_hardware) by extension 'colcon_meta'
[0.449s] Level 1:colcon.colcon_core.package_identification:_identify(src/doosan_m0609_hardware) by extensions ['ros']
[0.449s] Level 1:colcon.colcon_core.package_identification:_identify(src/doosan_m0609_hardware) by extension 'ros'
[0.451s] DEBUG:colcon.colcon_core.package_identification:Package 'src/doosan_m0609_hardware' with type 'ros.ament_cmake' and name 'doosan_m0609_hardware'
[0.451s] Level 1:colcon.colcon_core.package_identification:_identify(src/doosan_m0609_msgs) by extensions ['ignore', 'ignore_ament_install']
[0.451s] Level 1:colcon.colcon_core.package_identification:_identify(src/doosan_m0609_msgs) by extension 'ignore'
[0.451s] Level 1:colcon.colcon_core.package_identification:_identify(src/doosan_m0609_msgs) by extension 'ignore_ament_install'
[0.451s] Level 1:colcon.colcon_core.package_identification:_identify(src/doosan_m0609_msgs) by extensions ['colcon_pkg']
[0.451s] Level 1:colcon.colcon_core.package_identification:_identify(src/doosan_m0609_msgs) by extension 'colcon_pkg'
[0.451s] Level 1:colcon.colcon_core.package_identification:_identify(src/doosan_m0609_msgs) by extensions ['colcon_meta']
[0.451s] Level 1:colcon.colcon_core.package_identification:_identify(src/doosan_m0609_msgs) by extension 'colcon_meta'
[0.451s] Level 1:colcon.colcon_core.package_identification:_identify(src/doosan_m0609_msgs) by extensions ['ros']
[0.451s] Level 1:colcon.colcon_core.package_identification:_identify(src/doosan_m0609_msgs) by extension 'ros'
[0.452s] DEBUG:colcon.colcon_core.package_identification:Package 'src/doosan_m0609_msgs' with type 'ros.ament_cmake' and name 'doosan_m0609_msgs'
[0.452s] Level 1:colcon.colcon_core.package_identification:_identify(src/dsr_common2) by extensions ['ignore', 'ignore_ament_install']
[0.452s] Level 1:colcon.colcon_core.package_identification:_identify(src/dsr_common2) by extension 'ignore'
[0.452s] Level 1:colcon.colcon_core.package_identification:_identify(src/dsr_common2) by extension 'ignore_ament_install'
[0.452s] Level 1:colcon.colcon_core.package_identification:_identify(src/dsr_common2) by extensions ['colcon_pkg']
[0.453s] Level 1:colcon.colcon_core.package_identification:_identify(src/dsr_common2) by extension 'colcon_pkg'
[0.453s] Level 1:colcon.colcon_core.package_identification:_identify(src/dsr_common2) by extensions ['colcon_meta']
[0.453s] Level 1:colcon.colcon_core.package_identification:_identify(src/dsr_common2) by extension 'colcon_meta'
[0.453s] Level 1:colcon.colcon_core.package_identification:_identify(src/dsr_common2) by extensions ['ros']
[0.453s] Level 1:colcon.colcon_core.package_identification:_identify(src/dsr_common2) by extension 'ros'
[0.453s] DEBUG:colcon.colcon_core.package_identification:Package 'src/dsr_common2' with type 'ros.ament_cmake' and name 'dsr_common2'
[0.453s] Level 1:colcon.colcon_core.package_identification:_identify(src/precision_liquid_pouring) by extensions ['ignore', 'ignore_ament_install']
[0.453s] Level 1:colcon.colcon_core.package_identification:_identify(src/precision_liquid_pouring) by extension 'ignore'
[0.453s] Level 1:colcon.colcon_core.package_identification:_identify(src/precision_liquid_pouring) by extension 'ignore_ament_install'
[0.453s] Level 1:colcon.colcon_core.package_identification:_identify(src/precision_liquid_pouring) by extensions ['colcon_pkg']
[0.453s] Level 1:colcon.colcon_core.package_identification:_identify(src/precision_liquid_pouring) by extension 'colcon_pkg'
[0.453s] Level 1:colcon.colcon_core.package_identification:_identify(src/precision_liquid_pouring) by extensions ['colcon_meta']
[0.453s] Level 1:colcon.colcon_core.package_identification:_identify(src/precision_liquid_pouring) by extension 'colcon_meta'
[0.454s] Level 1:colcon.colcon_core.package_identification:_identify(src/precision_liquid_pouring) by extensions ['ros']
[0.454s] Level 1:colcon.colcon_core.package_identification:_identify(src/precision_liquid_pouring) by extension 'ros'
[0.455s] DEBUG:colcon.colcon_core.package_identification:Package 'src/precision_liquid_pouring' with type 'ros.ament_python' and name 'precision_liquid_pouring'
[0.455s] Level 1:colcon.colcon_core.package_identification:_identify(src/sugar_water_experiment) by extensions ['ignore', 'ignore_ament_install']
[0.455s] Level 1:colcon.colcon_core.package_identification:_identify(src/sugar_water_experiment) by extension 'ignore'
[0.455s] Level 1:colcon.colcon_core.package_identification:_identify(src/sugar_water_experiment) by extension 'ignore_ament_install'
[0.455s] Level 1:colcon.colcon_core.package_identification:_identify(src/sugar_water_experiment) by extensions ['colcon_pkg']
[0.455s] Level 1:colcon.colcon_core.package_identification:_identify(src/sugar_water_experiment) by extension 'colcon_pkg'
[0.455s] Level 1:colcon.colcon_core.package_identification:_identify(src/sugar_water_experiment) by extensions ['colcon_meta']
[0.455s] Level 1:colcon.colcon_core.package_identification:_identify(src/sugar_water_experiment) by extension 'colcon_meta'
[0.455s] Level 1:colcon.colcon_core.package_identification:_identify(src/sugar_water_experiment) by extensions ['ros']
[0.455s] Level 1:colcon.colcon_core.package_identification:_identify(src/sugar_water_experiment) by extension 'ros'
[0.456s] DEBUG:colcon.colcon_core.package_identification:Package 'src/sugar_water_experiment' with type 'ros.ament_cmake' and name 'sugar_water_experiment'
[0.456s] Level 1:colcon.colcon_core.package_discovery:discover_packages(recursive) using defaults
[0.456s] Level 1:colcon.colcon_core.package_discovery:discover_packages(ignore) discover
[0.456s] Level 1:colcon.colcon_core.package_discovery:discover_packages(ignore) using defaults
[0.456s] Level 1:colcon.colcon_core.package_discovery:discover_packages(path) discover
[0.456s] Level 1:colcon.colcon_core.package_discovery:discover_packages(path) using defaults
[0.480s] INFO:colcon.colcon_core.package_selection:Skipping not selected package 'arduino_loadcell_interface' in 'src/arduino_loadcell_interface'
[0.480s] INFO:colcon.colcon_core.package_selection:Skipping not selected package 'chemistry_experiment_manager' in 'src/chemistry_experiment_manager'
[0.480s] INFO:colcon.colcon_core.package_selection:Skipping not selected package 'doosan_m0609_description' in 'src/doosan_m0609_description'
[0.480s] INFO:colcon.colcon_core.package_selection:Skipping not selected package 'doosan_m0609_msgs' in 'src/doosan_m0609_msgs'
[0.480s] INFO:colcon.colcon_core.package_selection:Skipping not selected package 'dsr_common2' in 'src/dsr_common2'
[0.480s] INFO:colcon.colcon_core.package_selection:Skipping not selected package 'precision_liquid_pouring' in 'src/precision_liquid_pouring'
[0.481s] INFO:colcon.colcon_core.package_selection:Skipping not selected package 'sugar_water_experiment' in 'src/sugar_water_experiment'
[0.481s] INFO:colcon.colcon_core.package_selection:Skipping not selected package 'doosan_m0609_bringup' in 'src/doosan_m0609_bringup'
[0.481s] INFO:colcon.colcon_core.package_selection:Skipping not selected package 'doosan_m0609_hardware' in 'src/doosan_m0609_hardware'
[0.481s] Level 1:colcon.colcon_core.package_discovery:discover_packages(prefix_path) check parameters
[0.481s] Level 1:colcon.colcon_core.package_discovery:discover_packages(prefix_path) discover
[0.482s] WARNING:colcon.colcon_ros.prefix_path.ament:The path '/home/jaeho/project_ws/install/sugar_water_experiment' in the environment variable AMENT_PREFIX_PATH doesn't exist
[0.482s] WARNING:colcon.colcon_ros.prefix_path.ament:The path '/home/jaeho/project_ws/install/doosan_m0609_bringup' in the environment variable AMENT_PREFIX_PATH doesn't exist
[0.483s] WARNING:colcon.colcon_ros.prefix_path.ament:The path '/home/jaeho/project_ws/install/arduino_loadcell_interface' in the environment variable AMENT_PREFIX_PATH doesn't exist
[0.483s] WARNING:colcon.colcon_ros.prefix_path.catkin:The path '/home/jaeho/project_ws/install/sugar_water_experiment' in the environment variable CMAKE_PREFIX_PATH doesn't exist
[0.484s] DEBUG:colcon.colcon_installed_package_information.package_discovery:Found 7 installed packages in /home/jaeho/project_ws/install
[0.486s] DEBUG:colcon.colcon_installed_package_information.package_discovery:Found 407 installed packages in /opt/ros/humble
[0.488s] Level 1:colcon.colcon_core.package_discovery:discover_packages(prefix_path) using defaults
[0.540s] Level 5:colcon.colcon_core.verb:set package 'doosan_m0609_controller' build argument 'cmake_args' from command line to 'None'
[0.541s] Level 5:colcon.colcon_core.verb:set package 'doosan_m0609_controller' build argument 'cmake_target' from command line to 'None'
[0.541s] Level 5:colcon.colcon_core.verb:set package 'doosan_m0609_controller' build argument 'cmake_target_skip_unavailable' from command line to 'False'
[0.541s] Level 5:colcon.colcon_core.verb:set package 'doosan_m0609_controller' build argument 'cmake_clean_cache' from command line to 'False'
[0.541s] Level 5:colcon.colcon_core.verb:set package 'doosan_m0609_controller' build argument 'cmake_clean_first' from command line to 'False'
[0.541s] Level 5:colcon.colcon_core.verb:set package 'doosan_m0609_controller' build argument 'cmake_force_configure' from command line to 'False'
[0.541s] Level 5:colcon.colcon_core.verb:set package 'doosan_m0609_controller' build argument 'ament_cmake_args' from command line to 'None'
[0.541s] Level 5:colcon.colcon_core.verb:set package 'doosan_m0609_controller' build argument 'catkin_cmake_args' from command line to 'None'
[0.541s] Level 5:colcon.colcon_core.verb:set package 'doosan_m0609_controller' build argument 'catkin_skip_building_tests' from command line to 'False'
[0.541s] DEBUG:colcon.colcon_core.verb:Building package 'doosan_m0609_controller' with the following arguments: {'ament_cmake_args': None, 'build_base': '/home/jaeho/project_ws/build/doosan_m0609_controller', 'catkin_cmake_args': None, 'catkin_skip_building_tests': False, 'cmake_args': None, 'cmake_clean_cache': False, 'cmake_clean_first': False, 'cmake_force_configure': False, 'cmake_target': None, 'cmake_target_skip_unavailable': False, 'install_base': '/home/jaeho/project_ws/install/doosan_m0609_controller', 'merge_install': False, 'path': '/home/jaeho/project_ws/src/doosan_m0609_controller', 'symlink_install': False, 'test_result_base': None}
[0.541s] INFO:colcon.colcon_core.executor:Executing jobs using 'parallel' executor
[0.543s] DEBUG:colcon.colcon_parallel_executor.executor.parallel:run_until_complete
[0.543s] INFO:colcon.colcon_ros.task.ament_cmake.build:Building ROS package in '/home/jaeho/project_ws/src/doosan_m0609_controller' with build type 'ament_cmake'
[0.544s] INFO:colcon.colcon_cmake.task.cmake.build:Building CMake package in '/home/jaeho/project_ws/src/doosan_m0609_controller'
[0.546s] INFO:colcon.colcon_core.plugin_system:Skipping extension 'colcon_core.shell.bat': Not used on non-Windows systems
[0.547s] INFO:colcon.colcon_core.shell:Skip shell extension 'powershell' for command environment: Not usable outside of PowerShell
[0.547s] DEBUG:colcon.colcon_core.shell:Skip shell extension 'dsv' for command environment
[0.564s] DEBUG:colcon.colcon_core.event_handler.log_command:Invoking command in '/home/jaeho/project_ws/build/doosan_m0609_controller': CMAKE_PREFIX_PATH=${CMAKE_PREFIX_PATH}:/home/jaeho/project_ws/install/precision_liquid_pouring:/home/jaeho/project_ws/install/doosan_m0609_bringup:/home/jaeho/project_ws/install/chemistry_experiment_manager:/home/jaeho/project_ws/install/arduino_loadcell_interface:/opt/ros/humble /usr/bin/cmake /home/jaeho/project_ws/src/doosan_m0609_controller -DCMAKE_INSTALL_PREFIX=/home/jaeho/project_ws/install/doosan_m0609_controller
[0.578s] DEBUG:colcon.colcon_core.event_handler.log_command:Invoked command in '/home/jaeho/project_ws/build/doosan_m0609_controller' returned '1': CMAKE_PREFIX_PATH=${CMAKE_PREFIX_PATH}:/home/jaeho/project_ws/install/precision_liquid_pouring:/home/jaeho/project_ws/install/doosan_m0609_bringup:/home/jaeho/project_ws/install/chemistry_experiment_manager:/home/jaeho/project_ws/install/arduino_loadcell_interface:/opt/ros/humble /usr/bin/cmake /home/jaeho/project_ws/src/doosan_m0609_controller -DCMAKE_INSTALL_PREFIX=/home/jaeho/project_ws/install/doosan_m0609_controller
[0.596s] Level 1:colcon.colcon_core.environment:create_environment_scripts_only(doosan_m0609_controller)
[0.598s] Level 1:colcon.colcon_core.environment:checking '/home/jaeho/project_ws/install/doosan_m0609_controller' for CMake module files
[0.599s] Level 1:colcon.colcon_core.environment:checking '/home/jaeho/project_ws/install/doosan_m0609_controller' for CMake config files
[0.600s] Level 1:colcon.colcon_core.environment:checking '/home/jaeho/project_ws/install/doosan_m0609_controller/bin'
[0.600s] Level 1:colcon.colcon_core.environment:checking '/home/jaeho/project_ws/install/doosan_m0609_controller/lib/pkgconfig/doosan_m0609_controller.pc'
[0.600s] Level 1:colcon.colcon_core.environment:checking '/home/jaeho/project_ws/install/doosan_m0609_controller/lib/python3.10/site-packages'
[0.600s] Level 1:colcon.colcon_core.environment:checking '/home/jaeho/project_ws/install/doosan_m0609_controller/bin'
[0.601s] INFO:colcon.colcon_core.shell:Creating package script '/home/jaeho/project_ws/install/doosan_m0609_controller/share/doosan_m0609_controller/package.ps1'
[0.602s] INFO:colcon.colcon_core.shell:Creating package descriptor '/home/jaeho/project_ws/install/doosan_m0609_controller/share/doosan_m0609_controller/package.dsv'
[0.602s] INFO:colcon.colcon_core.shell:Creating package script '/home/jaeho/project_ws/install/doosan_m0609_controller/share/doosan_m0609_controller/package.sh'
[0.603s] INFO:colcon.colcon_core.shell:Creating package script '/home/jaeho/project_ws/install/doosan_m0609_controller/share/doosan_m0609_controller/package.bash'
[0.604s] INFO:colcon.colcon_core.shell:Creating package script '/home/jaeho/project_ws/install/doosan_m0609_controller/share/doosan_m0609_controller/package.zsh'
[0.605s] Level 1:colcon.colcon_core.environment:create_file_with_runtime_dependencies(/home/jaeho/project_ws/install/doosan_m0609_controller/share/colcon-core/packages/doosan_m0609_controller)
[0.616s] DEBUG:colcon.colcon_parallel_executor.executor.parallel:closing loop
[0.616s] DEBUG:colcon.colcon_parallel_executor.executor.parallel:loop closed
[0.616s] DEBUG:colcon.colcon_parallel_executor.executor.parallel:run_until_complete finished with '1'
[0.616s] DEBUG:colcon.colcon_core.event_reactor:joining thread
[0.683s] INFO:colcon.colcon_core.plugin_system:Skipping extension 'colcon_notification.desktop_notification.notify_send': Could not find 'notify-send'
[0.683s] INFO:colcon.colcon_core.plugin_system:Skipping extension 'colcon_notification.desktop_notification.terminal_notifier': Not used on non-Darwin systems
[0.683s] INFO:colcon.colcon_core.plugin_system:Skipping extension 'colcon_notification.desktop_notification.win32': Not used on non-Windows systems
[0.683s] INFO:colcon.colcon_notification.desktop_notification:Sending desktop notification using 'notify2'
[0.685s] DEBUG:colcon.colcon_notification.desktop_notification.notify2:Failed to initialize notify2: org.freedesktop.DBus.Error.ServiceUnknown: The name org.freedesktop.Notifications was not provided by any .service files
[0.685s] DEBUG:colcon.colcon_core.event_reactor:joined thread
[0.685s] INFO:colcon.colcon_core.shell:Creating prefix script '/home/jaeho/project_ws/install/local_setup.ps1'
[0.687s] INFO:colcon.colcon_core.shell:Creating prefix util module '/home/jaeho/project_ws/install/_local_setup_util_ps1.py'
[0.688s] INFO:colcon.colcon_core.shell:Creating prefix chain script '/home/jaeho/project_ws/install/setup.ps1'
[0.689s] INFO:colcon.colcon_core.shell:Creating prefix script '/home/jaeho/project_ws/install/local_setup.sh'
[0.690s] INFO:colcon.colcon_core.shell:Creating prefix util module '/home/jaeho/project_ws/install/_local_setup_util_sh.py'
[0.691s] INFO:colcon.colcon_core.shell:Creating prefix chain script '/home/jaeho/project_ws/install/setup.sh'
[0.692s] INFO:colcon.colcon_core.shell:Creating prefix script '/home/jaeho/project_ws/install/local_setup.bash'
[0.692s] INFO:colcon.colcon_core.shell:Creating prefix chain script '/home/jaeho/project_ws/install/setup.bash'
[0.693s] INFO:colcon.colcon_core.shell:Creating prefix script '/home/jaeho/project_ws/install/local_setup.zsh'
[0.694s] INFO:colcon.colcon_core.shell:Creating prefix chain script '/home/jaeho/project_ws/install/setup.zsh'
