running egg_info
creating ../../build/precision_liquid_pouring/precision_liquid_pouring.egg-info
writing ../../build/precision_liquid_pouring/precision_liquid_pouring.egg-info/PKG-INFO
writing dependency_links to ../../build/precision_liquid_pouring/precision_liquid_pouring.egg-info/dependency_links.txt
writing entry points to ../../build/precision_liquid_pouring/precision_liquid_pouring.egg-info/entry_points.txt
writing requirements to ../../build/precision_liquid_pouring/precision_liquid_pouring.egg-info/requires.txt
writing top-level names to ../../build/precision_liquid_pouring/precision_liquid_pouring.egg-info/top_level.txt
writing manifest file '../../build/precision_liquid_pouring/precision_liquid_pouring.egg-info/SOURCES.txt'
reading manifest file '../../build/precision_liquid_pouring/precision_liquid_pouring.egg-info/SOURCES.txt'
writing manifest file '../../build/precision_liquid_pouring/precision_liquid_pouring.egg-info/SOURCES.txt'
running build
running build_py
creating /home/jaeho/project_ws/build/precision_liquid_pouring/build
creating /home/jaeho/project_ws/build/precision_liquid_pouring/build/lib
creating /home/jaeho/project_ws/build/precision_liquid_pouring/build/lib/precision_liquid_pouring
copying precision_liquid_pouring/concentration_calculator.py -> /home/jaeho/project_ws/build/precision_liquid_pouring/build/lib/precision_liquid_pouring
copying precision_liquid_pouring/pouring_controller.py -> /home/jaeho/project_ws/build/precision_liquid_pouring/build/lib/precision_liquid_pouring
copying precision_liquid_pouring/scale_interface.py -> /home/jaeho/project_ws/build/precision_liquid_pouring/build/lib/precision_liquid_pouring
copying precision_liquid_pouring/__init__.py -> /home/jaeho/project_ws/build/precision_liquid_pouring/build/lib/precision_liquid_pouring
copying precision_liquid_pouring/main.py -> /home/jaeho/project_ws/build/precision_liquid_pouring/build/lib/precision_liquid_pouring
copying precision_liquid_pouring/config.py -> /home/jaeho/project_ws/build/precision_liquid_pouring/build/lib/precision_liquid_pouring
copying precision_liquid_pouring/utils.py -> /home/jaeho/project_ws/build/precision_liquid_pouring/build/lib/precision_liquid_pouring
running install
running install_lib
creating /home/jaeho/project_ws/install/precision_liquid_pouring/lib/python3.10/site-packages/precision_liquid_pouring
copying /home/jaeho/project_ws/build/precision_liquid_pouring/build/lib/precision_liquid_pouring/concentration_calculator.py -> /home/jaeho/project_ws/install/precision_liquid_pouring/lib/python3.10/site-packages/precision_liquid_pouring
copying /home/jaeho/project_ws/build/precision_liquid_pouring/build/lib/precision_liquid_pouring/pouring_controller.py -> /home/jaeho/project_ws/install/precision_liquid_pouring/lib/python3.10/site-packages/precision_liquid_pouring
copying /home/jaeho/project_ws/build/precision_liquid_pouring/build/lib/precision_liquid_pouring/scale_interface.py -> /home/jaeho/project_ws/install/precision_liquid_pouring/lib/python3.10/site-packages/precision_liquid_pouring
copying /home/jaeho/project_ws/build/precision_liquid_pouring/build/lib/precision_liquid_pouring/__init__.py -> /home/jaeho/project_ws/install/precision_liquid_pouring/lib/python3.10/site-packages/precision_liquid_pouring
copying /home/jaeho/project_ws/build/precision_liquid_pouring/build/lib/precision_liquid_pouring/main.py -> /home/jaeho/project_ws/install/precision_liquid_pouring/lib/python3.10/site-packages/precision_liquid_pouring
copying /home/jaeho/project_ws/build/precision_liquid_pouring/build/lib/precision_liquid_pouring/config.py -> /home/jaeho/project_ws/install/precision_liquid_pouring/lib/python3.10/site-packages/precision_liquid_pouring
copying /home/jaeho/project_ws/build/precision_liquid_pouring/build/lib/precision_liquid_pouring/utils.py -> /home/jaeho/project_ws/install/precision_liquid_pouring/lib/python3.10/site-packages/precision_liquid_pouring
byte-compiling /home/jaeho/project_ws/install/precision_liquid_pouring/lib/python3.10/site-packages/precision_liquid_pouring/concentration_calculator.py to concentration_calculator.cpython-310.pyc
byte-compiling /home/jaeho/project_ws/install/precision_liquid_pouring/lib/python3.10/site-packages/precision_liquid_pouring/pouring_controller.py to pouring_controller.cpython-310.pyc
byte-compiling /home/jaeho/project_ws/install/precision_liquid_pouring/lib/python3.10/site-packages/precision_liquid_pouring/scale_interface.py to scale_interface.cpython-310.pyc
byte-compiling /home/jaeho/project_ws/install/precision_liquid_pouring/lib/python3.10/site-packages/precision_liquid_pouring/__init__.py to __init__.cpython-310.pyc
byte-compiling /home/jaeho/project_ws/install/precision_liquid_pouring/lib/python3.10/site-packages/precision_liquid_pouring/main.py to main.cpython-310.pyc
byte-compiling /home/jaeho/project_ws/install/precision_liquid_pouring/lib/python3.10/site-packages/precision_liquid_pouring/config.py to config.cpython-310.pyc
byte-compiling /home/jaeho/project_ws/install/precision_liquid_pouring/lib/python3.10/site-packages/precision_liquid_pouring/utils.py to utils.cpython-310.pyc
running install_data
creating /home/jaeho/project_ws/install/precision_liquid_pouring/share/ament_index
creating /home/jaeho/project_ws/install/precision_liquid_pouring/share/ament_index/resource_index
creating /home/jaeho/project_ws/install/precision_liquid_pouring/share/ament_index/resource_index/packages
copying resource/precision_liquid_pouring -> /home/jaeho/project_ws/install/precision_liquid_pouring/share/ament_index/resource_index/packages
copying package.xml -> /home/jaeho/project_ws/install/precision_liquid_pouring/share/precision_liquid_pouring
running install_egg_info
Copying ../../build/precision_liquid_pouring/precision_liquid_pouring.egg-info to /home/jaeho/project_ws/install/precision_liquid_pouring/lib/python3.10/site-packages/precision_liquid_pouring-0.0.0-py3.10.egg-info
running install_scripts
Installing concentration_test script to /home/jaeho/project_ws/install/precision_liquid_pouring/lib/precision_liquid_pouring
Installing pour_control_node script to /home/jaeho/project_ws/install/precision_liquid_pouring/lib/precision_liquid_pouring
writing list of installed files to '/home/jaeho/project_ws/build/precision_liquid_pouring/install.log'
