[0.865s] Invoking command in '/home/jaeho/project_ws/src/precision_liquid_pouring': PYTHONPATH=/home/jaeho/project_ws/build/precision_liquid_pouring/prefix_override:/usr/lib/python3/dist-packages/colcon_core/task/python/colcon_distutils_commands:/home/jaeho/project_ws/install/precision_liquid_pouring/lib/python3.10/site-packages:${PYTHONPATH} /usr/bin/python3 -W ignore:setup.py install is deprecated -W ignore:easy_install command is deprecated setup.py egg_info --egg-base ../../build/precision_liquid_pouring build --build-base /home/jaeho/project_ws/build/precision_liquid_pouring/build install --record /home/jaeho/project_ws/build/precision_liquid_pouring/install.log --single-version-externally-managed install_data
[1.229s] running egg_info
[1.230s] creating ../../build/precision_liquid_pouring/precision_liquid_pouring.egg-info
[1.231s] writing ../../build/precision_liquid_pouring/precision_liquid_pouring.egg-info/PKG-INFO
[1.232s] writing dependency_links to ../../build/precision_liquid_pouring/precision_liquid_pouring.egg-info/dependency_links.txt
[1.232s] writing entry points to ../../build/precision_liquid_pouring/precision_liquid_pouring.egg-info/entry_points.txt
[1.233s] writing requirements to ../../build/precision_liquid_pouring/precision_liquid_pouring.egg-info/requires.txt
[1.233s] writing top-level names to ../../build/precision_liquid_pouring/precision_liquid_pouring.egg-info/top_level.txt
[1.233s] writing manifest file '../../build/precision_liquid_pouring/precision_liquid_pouring.egg-info/SOURCES.txt'
[1.237s] reading manifest file '../../build/precision_liquid_pouring/precision_liquid_pouring.egg-info/SOURCES.txt'
[1.238s] writing manifest file '../../build/precision_liquid_pouring/precision_liquid_pouring.egg-info/SOURCES.txt'
[1.239s] running build
[1.239s] running build_py
[1.239s] creating /home/jaeho/project_ws/build/precision_liquid_pouring/build
[1.240s] creating /home/jaeho/project_ws/build/precision_liquid_pouring/build/lib
[1.241s] creating /home/jaeho/project_ws/build/precision_liquid_pouring/build/lib/precision_liquid_pouring
[1.242s] copying precision_liquid_pouring/concentration_calculator.py -> /home/jaeho/project_ws/build/precision_liquid_pouring/build/lib/precision_liquid_pouring
[1.242s] copying precision_liquid_pouring/pouring_controller.py -> /home/jaeho/project_ws/build/precision_liquid_pouring/build/lib/precision_liquid_pouring
[1.243s] copying precision_liquid_pouring/scale_interface.py -> /home/jaeho/project_ws/build/precision_liquid_pouring/build/lib/precision_liquid_pouring
[1.244s] copying precision_liquid_pouring/__init__.py -> /home/jaeho/project_ws/build/precision_liquid_pouring/build/lib/precision_liquid_pouring
[1.244s] copying precision_liquid_pouring/main.py -> /home/jaeho/project_ws/build/precision_liquid_pouring/build/lib/precision_liquid_pouring
[1.245s] copying precision_liquid_pouring/config.py -> /home/jaeho/project_ws/build/precision_liquid_pouring/build/lib/precision_liquid_pouring
[1.246s] copying precision_liquid_pouring/utils.py -> /home/jaeho/project_ws/build/precision_liquid_pouring/build/lib/precision_liquid_pouring
[1.247s] running install
[1.247s] running install_lib
[1.250s] creating /home/jaeho/project_ws/install/precision_liquid_pouring/lib/python3.10/site-packages/precision_liquid_pouring
[1.251s] copying /home/jaeho/project_ws/build/precision_liquid_pouring/build/lib/precision_liquid_pouring/concentration_calculator.py -> /home/jaeho/project_ws/install/precision_liquid_pouring/lib/python3.10/site-packages/precision_liquid_pouring
[1.251s] copying /home/jaeho/project_ws/build/precision_liquid_pouring/build/lib/precision_liquid_pouring/pouring_controller.py -> /home/jaeho/project_ws/install/precision_liquid_pouring/lib/python3.10/site-packages/precision_liquid_pouring
[1.252s] copying /home/jaeho/project_ws/build/precision_liquid_pouring/build/lib/precision_liquid_pouring/scale_interface.py -> /home/jaeho/project_ws/install/precision_liquid_pouring/lib/python3.10/site-packages/precision_liquid_pouring
[1.252s] copying /home/jaeho/project_ws/build/precision_liquid_pouring/build/lib/precision_liquid_pouring/__init__.py -> /home/jaeho/project_ws/install/precision_liquid_pouring/lib/python3.10/site-packages/precision_liquid_pouring
[1.253s] copying /home/jaeho/project_ws/build/precision_liquid_pouring/build/lib/precision_liquid_pouring/main.py -> /home/jaeho/project_ws/install/precision_liquid_pouring/lib/python3.10/site-packages/precision_liquid_pouring
[1.253s] copying /home/jaeho/project_ws/build/precision_liquid_pouring/build/lib/precision_liquid_pouring/config.py -> /home/jaeho/project_ws/install/precision_liquid_pouring/lib/python3.10/site-packages/precision_liquid_pouring
[1.253s] copying /home/jaeho/project_ws/build/precision_liquid_pouring/build/lib/precision_liquid_pouring/utils.py -> /home/jaeho/project_ws/install/precision_liquid_pouring/lib/python3.10/site-packages/precision_liquid_pouring
[1.254s] byte-compiling /home/jaeho/project_ws/install/precision_liquid_pouring/lib/python3.10/site-packages/precision_liquid_pouring/concentration_calculator.py to concentration_calculator.cpython-310.pyc
[1.257s] byte-compiling /home/jaeho/project_ws/install/precision_liquid_pouring/lib/python3.10/site-packages/precision_liquid_pouring/pouring_controller.py to pouring_controller.cpython-310.pyc
[1.259s] byte-compiling /home/jaeho/project_ws/install/precision_liquid_pouring/lib/python3.10/site-packages/precision_liquid_pouring/scale_interface.py to scale_interface.cpython-310.pyc
[1.260s] byte-compiling /home/jaeho/project_ws/install/precision_liquid_pouring/lib/python3.10/site-packages/precision_liquid_pouring/__init__.py to __init__.cpython-310.pyc
[1.260s] byte-compiling /home/jaeho/project_ws/install/precision_liquid_pouring/lib/python3.10/site-packages/precision_liquid_pouring/main.py to main.cpython-310.pyc
[1.264s] byte-compiling /home/jaeho/project_ws/install/precision_liquid_pouring/lib/python3.10/site-packages/precision_liquid_pouring/config.py to config.cpython-310.pyc
[1.265s] byte-compiling /home/jaeho/project_ws/install/precision_liquid_pouring/lib/python3.10/site-packages/precision_liquid_pouring/utils.py to utils.cpython-310.pyc
[1.266s] running install_data
[1.266s] creating /home/jaeho/project_ws/install/precision_liquid_pouring/share/ament_index
[1.266s] creating /home/jaeho/project_ws/install/precision_liquid_pouring/share/ament_index/resource_index
[1.267s] creating /home/jaeho/project_ws/install/precision_liquid_pouring/share/ament_index/resource_index/packages
[1.267s] copying resource/precision_liquid_pouring -> /home/jaeho/project_ws/install/precision_liquid_pouring/share/ament_index/resource_index/packages
[1.269s] copying package.xml -> /home/jaeho/project_ws/install/precision_liquid_pouring/share/precision_liquid_pouring
[1.269s] running install_egg_info
[1.271s] Copying ../../build/precision_liquid_pouring/precision_liquid_pouring.egg-info to /home/jaeho/project_ws/install/precision_liquid_pouring/lib/python3.10/site-packages/precision_liquid_pouring-0.0.0-py3.10.egg-info
[1.274s] running install_scripts
[1.300s] Installing concentration_test script to /home/jaeho/project_ws/install/precision_liquid_pouring/lib/precision_liquid_pouring
[1.302s] Installing pour_control_node script to /home/jaeho/project_ws/install/precision_liquid_pouring/lib/precision_liquid_pouring
[1.302s] writing list of installed files to '/home/jaeho/project_ws/build/precision_liquid_pouring/install.log'
[1.331s] Invoked command in '/home/jaeho/project_ws/src/precision_liquid_pouring' returned '0': PYTHONPATH=/home/jaeho/project_ws/build/precision_liquid_pouring/prefix_override:/usr/lib/python3/dist-packages/colcon_core/task/python/colcon_distutils_commands:/home/jaeho/project_ws/install/precision_liquid_pouring/lib/python3.10/site-packages:${PYTHONPATH} /usr/bin/python3 -W ignore:setup.py install is deprecated -W ignore:easy_install command is deprecated setup.py egg_info --egg-base ../../build/precision_liquid_pouring build --build-base /home/jaeho/project_ws/build/precision_liquid_pouring/build install --record /home/jaeho/project_ws/build/precision_liquid_pouring/install.log --single-version-externally-managed install_data
