-- The CXX compiler identification is GNU 11.4.0
-- Detecting CXX compiler ABI info
-- Detecting CXX compiler ABI info - done
-- Check for working CXX compiler: /usr/bin/c++ - skipped
-- Detecting CXX compile features
-- Detecting CXX compile features - done
-- Found ament_cmake: 1.3.12 (/opt/ros/humble/share/ament_cmake/cmake)
-- Found Python3: /usr/bin/python3 (found version "3.10.12") found components: Interpreter 
-- Found forward_command_controller: 2.48.0 (/opt/ros/humble/share/forward_command_controller/cmake)
-- Found rosidl_generator_c: 3.1.7 (/opt/ros/humble/share/rosidl_generator_c/cmake)
-- Found rosidl_adapter: 3.1.7 (/opt/ros/humble/share/rosidl_adapter/cmake)
-- Found rosidl_generator_cpp: 3.1.7 (/opt/ros/humble/share/rosidl_generator_cpp/cmake)
-- Using all available rosidl_typesupport_c: rosidl_typesupport_fastrtps_c;rosidl_typesupport_introspection_c
-- Using all available rosidl_typesupport_cpp: rosidl_typesupport_fastrtps_cpp;rosidl_typesupport_introspection_cpp
-- Found rmw_implementation_cmake: 6.1.2 (/opt/ros/humble/share/rmw_implementation_cmake/cmake)
-- Found rmw_fastrtps_cpp: 6.2.8 (/opt/ros/humble/share/rmw_fastrtps_cpp/cmake)
-- Found OpenSSL: /usr/lib/x86_64-linux-gnu/libcrypto.so (found version "3.0.2")  
-- Found FastRTPS: /opt/ros/humble/include  
-- Using RMW implementation 'rmw_fastrtps_cpp' as default
-- Looking for C++ include pthread.h
-- Looking for C++ include pthread.h - found
-- Performing Test CMAKE_HAVE_LIBC_PTHREAD
-- Performing Test CMAKE_HAVE_LIBC_PTHREAD - Success
-- Found Threads: TRUE  
-- Found doosan_m0609_msgs: 1.1.0 (/home/jaeho/project_ws/install/doosan_m0609_msgs/share/doosan_m0609_msgs/cmake)
-- Found moveit_msgs: 2.2.1 (/opt/ros/humble/share/moveit_msgs/cmake)
-- Found doosan_m0609_hardware: 0.0.0 (/home/jaeho/project_ws/install/doosan_m0609_hardware/share/doosan_m0609_hardware/cmake)
-- Found eigen3_cmake_module: 0.1.1 (/opt/ros/humble/share/eigen3_cmake_module/cmake)
-- Found Eigen3: TRUE (found version "3.4.0") 
-- Ensuring Eigen3 include directory is part of orocos-kdl CMake target
-- Found rclcpp_components: 16.0.14 (/opt/ros/humble/share/rclcpp_components/cmake)
-- Configuring done
-- Generating done
-- Build files have been written to: /home/jaeho/project_ws/build/doosan_m0609_controller
[ 50%] [32mBuilding CXX object CMakeFiles/dsr_joint_trajectory.dir/src/dsr_joint_trajectory.cpp.o[0m
[ 50%] [32mBuilding CXX object CMakeFiles/doosan_m0609_controller.dir/src/doosan_m0609_controller.cpp.o[0m
[ 75%] [32m[1mLinking CXX shared library libdoosan_m0609_controller.so[0m
[ 75%] Built target doosan_m0609_controller
[100%] [32m[1mLinking CXX shared library libdsr_joint_trajectory.so[0m
[100%] Built target dsr_joint_trajectory
-- Install configuration: ""
-- Installing: /home/jaeho/project_ws/install/doosan_m0609_controller/share/doosan_m0609_controller/doosan_m0609_controller_plugins.xml
-- Installing: /home/jaeho/project_ws/install/doosan_m0609_controller/share/doosan_m0609_controller/dsr_joint_trajectory_plugin.xml
-- Installing: /home/jaeho/project_ws/install/doosan_m0609_controller/include/doosan_m0609_controller
-- Installing: /home/jaeho/project_ws/install/doosan_m0609_controller/include/doosan_m0609_controller/doosan_m0609_controller
-- Installing: /home/jaeho/project_ws/install/doosan_m0609_controller/include/doosan_m0609_controller/doosan_m0609_controller/doosan_m0609_controller.hpp
-- Installing: /home/jaeho/project_ws/install/doosan_m0609_controller/include/doosan_m0609_controller/dsr_controller2
-- Installing: /home/jaeho/project_ws/install/doosan_m0609_controller/include/doosan_m0609_controller/dsr_controller2/dsr_controller2.hpp
-- Installing: /home/jaeho/project_ws/install/doosan_m0609_controller/include/doosan_m0609_controller/dsr_controller2/dsr_joint_trajectory.hpp
-- Installing: /home/jaeho/project_ws/install/doosan_m0609_controller/include/doosan_m0609_controller/dsr_controller2/visibility_control.h
-- Installing: /home/jaeho/project_ws/install/doosan_m0609_controller/share/doosan_m0609_controller/config
-- Installing: /home/jaeho/project_ws/install/doosan_m0609_controller/share/doosan_m0609_controller/config/default.yaml
-- Installing: /home/jaeho/project_ws/install/doosan_m0609_controller/share/doosan_m0609_controller/config/dsr_controller2_p3020.yaml
-- Installing: /home/jaeho/project_ws/install/doosan_m0609_controller/share/doosan_m0609_controller/config/dsr_controller2_gz_p3020.yaml
-- Installing: /home/jaeho/project_ws/install/doosan_m0609_controller/share/doosan_m0609_controller/config/dsr_controller2_gz.yaml
-- Installing: /home/jaeho/project_ws/install/doosan_m0609_controller/share/doosan_m0609_controller/config/dsr_controller2.yaml
-- Installing: /home/jaeho/project_ws/install/doosan_m0609_controller/share/doosan_m0609_controller/config/console.conf
-- Installing: /home/jaeho/project_ws/install/doosan_m0609_controller/share/doosan_m0609_controller/config/dsr_controller2_ex.yaml
-- Installing: /home/jaeho/project_ws/install/doosan_m0609_controller/share/doosan_m0609_controller/launch
-- Installing: /home/jaeho/project_ws/install/doosan_m0609_controller/share/doosan_m0609_controller/launch/dsr_moveit2.launch.py
-- Installing: /home/jaeho/project_ws/install/doosan_m0609_controller/share/doosan_m0609_controller/launch/dsr_controller2.launch.py
-- Installing: /home/jaeho/project_ws/install/doosan_m0609_controller/share/doosan_m0609_controller/launch/dsr_control2.launch.py
-- Installing: /home/jaeho/project_ws/install/doosan_m0609_controller/lib/libdoosan_m0609_controller.so
-- Set runtime path of "/home/jaeho/project_ws/install/doosan_m0609_controller/lib/libdoosan_m0609_controller.so" to ""
-- Installing: /home/jaeho/project_ws/install/doosan_m0609_controller/lib/libdsr_joint_trajectory.so
-- Set runtime path of "/home/jaeho/project_ws/install/doosan_m0609_controller/lib/libdsr_joint_trajectory.so" to ""
-- Installing: /home/jaeho/project_ws/install/doosan_m0609_controller/share/doosan_m0609_controller/environment/library_path.sh
-- Installing: /home/jaeho/project_ws/install/doosan_m0609_controller/share/doosan_m0609_controller/environment/library_path.dsv
-- Installing: /home/jaeho/project_ws/install/doosan_m0609_controller/share/ament_index/resource_index/package_run_dependencies/doosan_m0609_controller
-- Installing: /home/jaeho/project_ws/install/doosan_m0609_controller/share/ament_index/resource_index/parent_prefix_path/doosan_m0609_controller
-- Installing: /home/jaeho/project_ws/install/doosan_m0609_controller/share/doosan_m0609_controller/environment/ament_prefix_path.sh
-- Installing: /home/jaeho/project_ws/install/doosan_m0609_controller/share/doosan_m0609_controller/environment/ament_prefix_path.dsv
-- Installing: /home/jaeho/project_ws/install/doosan_m0609_controller/share/doosan_m0609_controller/environment/path.sh
-- Installing: /home/jaeho/project_ws/install/doosan_m0609_controller/share/doosan_m0609_controller/environment/path.dsv
-- Installing: /home/jaeho/project_ws/install/doosan_m0609_controller/share/doosan_m0609_controller/local_setup.bash
-- Installing: /home/jaeho/project_ws/install/doosan_m0609_controller/share/doosan_m0609_controller/local_setup.sh
-- Installing: /home/jaeho/project_ws/install/doosan_m0609_controller/share/doosan_m0609_controller/local_setup.zsh
-- Installing: /home/jaeho/project_ws/install/doosan_m0609_controller/share/doosan_m0609_controller/local_setup.dsv
-- Installing: /home/jaeho/project_ws/install/doosan_m0609_controller/share/doosan_m0609_controller/package.dsv
-- Installing: /home/jaeho/project_ws/install/doosan_m0609_controller/share/ament_index/resource_index/packages/doosan_m0609_controller
-- Installing: /home/jaeho/project_ws/install/doosan_m0609_controller/share/ament_index/resource_index/controller_interface__pluginlib__plugin/doosan_m0609_controller
-- Installing: /home/jaeho/project_ws/install/doosan_m0609_controller/share/doosan_m0609_controller/cmake/export_doosan_m0609_controllerExport.cmake
-- Installing: /home/jaeho/project_ws/install/doosan_m0609_controller/share/doosan_m0609_controller/cmake/export_doosan_m0609_controllerExport-noconfig.cmake
-- Installing: /home/jaeho/project_ws/install/doosan_m0609_controller/share/doosan_m0609_controller/cmake/export_dsr_joint_trajectoryExport.cmake
-- Installing: /home/jaeho/project_ws/install/doosan_m0609_controller/share/doosan_m0609_controller/cmake/export_dsr_joint_trajectoryExport-noconfig.cmake
-- Installing: /home/jaeho/project_ws/install/doosan_m0609_controller/share/doosan_m0609_controller/cmake/ament_cmake_export_targets-extras.cmake
-- Installing: /home/jaeho/project_ws/install/doosan_m0609_controller/share/doosan_m0609_controller/cmake/ament_cmake_export_dependencies-extras.cmake
-- Installing: /home/jaeho/project_ws/install/doosan_m0609_controller/share/doosan_m0609_controller/cmake/doosan_m0609_controllerConfig.cmake
-- Installing: /home/jaeho/project_ws/install/doosan_m0609_controller/share/doosan_m0609_controller/cmake/doosan_m0609_controllerConfig-version.cmake
-- Installing: /home/jaeho/project_ws/install/doosan_m0609_controller/share/doosan_m0609_controller/package.xml
