[0.168s] Invoking command in '/home/jaeho/project_ws/build/doosan_m0609_controller': CMAKE_PREFIX_PATH=/home/jaeho/project_ws/install/doosan_m0609_hardware:/home/jaeho/project_ws/install/doosan_m0609_msgs:/home/jaeho/project_ws/install/sugar_water_experiment:/home/jaeho/project_ws/install/doosan_m0609_description:/home/jaeho/project_ws/install/dsr_common2:/home/jaeho/project_ws/install/precision_liquid_pouring:/home/jaeho/project_ws/install/doosan_m0609_bringup:/home/jaeho/project_ws/install/chemistry_experiment_manager:/home/jaeho/project_ws/install/arduino_loadcell_interface:/opt/ros/humble LD_LIBRARY_PATH=/home/jaeho/project_ws/install/doosan_m0609_hardware/lib:/home/jaeho/project_ws/install/doosan_m0609_msgs/lib:/usr/lib/x86_64-linux-gnu/gazebo-11/plugins:/opt/ros/humble/opt/rviz_ogre_vendor/lib:/opt/ros/humble/lib/x86_64-linux-gnu:/opt/ros/humble/lib /usr/bin/cmake /home/jaeho/project_ws/src/doosan_m0609_controller -DCMAKE_INSTALL_PREFIX=/home/jaeho/project_ws/install/doosan_m0609_controller
[0.306s] -- The CXX compiler identification is GNU 11.4.0
[0.639s] -- Detecting CXX compiler ABI info
[0.788s] -- Detecting CXX compiler ABI info - done
[0.796s] -- Check for working CXX compiler: /usr/bin/c++ - skipped
[0.796s] -- Detecting CXX compile features
[0.797s] -- Detecting CXX compile features - done
[0.799s] -- Found ament_cmake: 1.3.12 (/opt/ros/humble/share/ament_cmake/cmake)
[0.946s] -- Found Python3: /usr/bin/python3 (found version "3.10.12") found components: Interpreter 
[1.042s] -- Found forward_command_controller: 2.48.0 (/opt/ros/humble/share/forward_command_controller/cmake)
[1.200s] -- Found rosidl_generator_c: 3.1.7 (/opt/ros/humble/share/rosidl_generator_c/cmake)
[1.205s] -- Found rosidl_adapter: 3.1.7 (/opt/ros/humble/share/rosidl_adapter/cmake)
[1.213s] -- Found rosidl_generator_cpp: 3.1.7 (/opt/ros/humble/share/rosidl_generator_cpp/cmake)
[1.224s] -- Using all available rosidl_typesupport_c: rosidl_typesupport_fastrtps_c;rosidl_typesupport_introspection_c
[1.238s] -- Using all available rosidl_typesupport_cpp: rosidl_typesupport_fastrtps_cpp;rosidl_typesupport_introspection_cpp
[1.277s] -- Found rmw_implementation_cmake: 6.1.2 (/opt/ros/humble/share/rmw_implementation_cmake/cmake)
[1.279s] -- Found rmw_fastrtps_cpp: 6.2.8 (/opt/ros/humble/share/rmw_fastrtps_cpp/cmake)
[2.437s] -- Found OpenSSL: /usr/lib/x86_64-linux-gnu/libcrypto.so (found version "3.0.2")  
[3.692s] -- Found FastRTPS: /opt/ros/humble/include  
[5.954s] -- Using RMW implementation 'rmw_fastrtps_cpp' as default
[5.964s] -- Looking for C++ include pthread.h
[6.150s] -- Looking for C++ include pthread.h - found
[6.150s] -- Performing Test CMAKE_HAVE_LIBC_PTHREAD
[6.324s] -- Performing Test CMAKE_HAVE_LIBC_PTHREAD - Success
[6.325s] -- Found Threads: TRUE  
[7.732s] -- Found doosan_m0609_msgs: 1.1.0 (/home/jaeho/project_ws/install/doosan_m0609_msgs/share/doosan_m0609_msgs/cmake)
[7.744s] -- Found moveit_msgs: 2.2.1 (/opt/ros/humble/share/moveit_msgs/cmake)
[7.809s] -- Found doosan_m0609_hardware: 0.0.0 (/home/jaeho/project_ws/install/doosan_m0609_hardware/share/doosan_m0609_hardware/cmake)
[7.891s] -- Found eigen3_cmake_module: 0.1.1 (/opt/ros/humble/share/eigen3_cmake_module/cmake)
[7.892s] -- Found Eigen3: TRUE (found version "3.4.0") 
[7.892s] -- Ensuring Eigen3 include directory is part of orocos-kdl CMake target
[7.901s] -- Found rclcpp_components: 16.0.14 (/opt/ros/humble/share/rclcpp_components/cmake)
[7.921s] [0mDRCF_VERSION:2[0m
[8.001s] -- Configuring done
[8.071s] -- Generating done
[8.083s] -- Build files have been written to: /home/jaeho/project_ws/build/doosan_m0609_controller
[8.094s] Invoked command in '/home/jaeho/project_ws/build/doosan_m0609_controller' returned '0': CMAKE_PREFIX_PATH=/home/jaeho/project_ws/install/doosan_m0609_hardware:/home/jaeho/project_ws/install/doosan_m0609_msgs:/home/jaeho/project_ws/install/sugar_water_experiment:/home/jaeho/project_ws/install/doosan_m0609_description:/home/jaeho/project_ws/install/dsr_common2:/home/jaeho/project_ws/install/precision_liquid_pouring:/home/jaeho/project_ws/install/doosan_m0609_bringup:/home/jaeho/project_ws/install/chemistry_experiment_manager:/home/jaeho/project_ws/install/arduino_loadcell_interface:/opt/ros/humble LD_LIBRARY_PATH=/home/jaeho/project_ws/install/doosan_m0609_hardware/lib:/home/jaeho/project_ws/install/doosan_m0609_msgs/lib:/usr/lib/x86_64-linux-gnu/gazebo-11/plugins:/opt/ros/humble/opt/rviz_ogre_vendor/lib:/opt/ros/humble/lib/x86_64-linux-gnu:/opt/ros/humble/lib /usr/bin/cmake /home/jaeho/project_ws/src/doosan_m0609_controller -DCMAKE_INSTALL_PREFIX=/home/jaeho/project_ws/install/doosan_m0609_controller
[8.095s] Invoking command in '/home/jaeho/project_ws/build/doosan_m0609_controller': CMAKE_PREFIX_PATH=/home/jaeho/project_ws/install/doosan_m0609_hardware:/home/jaeho/project_ws/install/doosan_m0609_msgs:/home/jaeho/project_ws/install/sugar_water_experiment:/home/jaeho/project_ws/install/doosan_m0609_description:/home/jaeho/project_ws/install/dsr_common2:/home/jaeho/project_ws/install/precision_liquid_pouring:/home/jaeho/project_ws/install/doosan_m0609_bringup:/home/jaeho/project_ws/install/chemistry_experiment_manager:/home/jaeho/project_ws/install/arduino_loadcell_interface:/opt/ros/humble LD_LIBRARY_PATH=/home/jaeho/project_ws/install/doosan_m0609_hardware/lib:/home/jaeho/project_ws/install/doosan_m0609_msgs/lib:/usr/lib/x86_64-linux-gnu/gazebo-11/plugins:/opt/ros/humble/opt/rviz_ogre_vendor/lib:/opt/ros/humble/lib/x86_64-linux-gnu:/opt/ros/humble/lib /usr/bin/cmake --build /home/jaeho/project_ws/build/doosan_m0609_controller -- -j8 -l8
[8.141s] [ 50%] [32mBuilding CXX object CMakeFiles/dsr_joint_trajectory.dir/src/dsr_joint_trajectory.cpp.o[0m
[8.141s] [ 50%] [32mBuilding CXX object CMakeFiles/doosan_m0609_controller.dir/src/doosan_m0609_controller.cpp.o[0m
[11.026s] In file included from [01m[K/home/jaeho/project_ws/src/doosan_m0609_controller/include/doosan_m0609_controller/doosan_m0609_controller.hpp:23[m[K,
[11.026s]                  from [01m[K/home/jaeho/project_ws/src/doosan_m0609_controller/src/doosan_m0609_controller.cpp:9[m[K:
[11.027s] [01m[K/opt/ros/humble/include/realtime_tools/realtime_tools/realtime_buffer.h:22:100:[m[K [01;36m[Knote: [m[K‘[01m[K#pragma message: This header include is deprecated. Please update your code to use 'realtime_buffer.hpp' header.[m[K’
[11.027s]    22 |   "This header include is deprecated. Please update your code to use 'realtime_buffer.hpp' header."[01;36m[K)[m[K  //NOLINT
[11.027s]       |                                                                                                    [01;36m[K^[m[K
[11.129s] In file included from [01m[K/home/jaeho/project_ws/src/doosan_m0609_controller/include/dsr_controller2/dsr_joint_trajectory.hpp:30[m[K,
[11.130s]                  from [01m[K/home/jaeho/project_ws/src/doosan_m0609_controller/src/dsr_joint_trajectory.cpp:10[m[K:
[11.130s] [01m[K/opt/ros/humble/include/realtime_tools/realtime_tools/realtime_buffer.h:22:100:[m[K [01;36m[Knote: [m[K‘[01m[K#pragma message: This header include is deprecated. Please update your code to use 'realtime_buffer.hpp' header.[m[K’
[11.130s]    22 |   "This header include is deprecated. Please update your code to use 'realtime_buffer.hpp' header."[01;36m[K)[m[K  //NOLINT
[11.130s]       |                                                                                                    [01;36m[K^[m[K
[11.696s] [ 75%] [32m[1mLinking CXX shared library libdoosan_m0609_controller.so[0m
[11.981s] [ 75%] Built target doosan_m0609_controller
[18.167s] [100%] [32m[1mLinking CXX shared library libdsr_joint_trajectory.so[0m
[18.881s] [100%] Built target dsr_joint_trajectory
[18.891s] Invoked command in '/home/jaeho/project_ws/build/doosan_m0609_controller' returned '0': CMAKE_PREFIX_PATH=/home/jaeho/project_ws/install/doosan_m0609_hardware:/home/jaeho/project_ws/install/doosan_m0609_msgs:/home/jaeho/project_ws/install/sugar_water_experiment:/home/jaeho/project_ws/install/doosan_m0609_description:/home/jaeho/project_ws/install/dsr_common2:/home/jaeho/project_ws/install/precision_liquid_pouring:/home/jaeho/project_ws/install/doosan_m0609_bringup:/home/jaeho/project_ws/install/chemistry_experiment_manager:/home/jaeho/project_ws/install/arduino_loadcell_interface:/opt/ros/humble LD_LIBRARY_PATH=/home/jaeho/project_ws/install/doosan_m0609_hardware/lib:/home/jaeho/project_ws/install/doosan_m0609_msgs/lib:/usr/lib/x86_64-linux-gnu/gazebo-11/plugins:/opt/ros/humble/opt/rviz_ogre_vendor/lib:/opt/ros/humble/lib/x86_64-linux-gnu:/opt/ros/humble/lib /usr/bin/cmake --build /home/jaeho/project_ws/build/doosan_m0609_controller -- -j8 -l8
[18.900s] Invoking command in '/home/jaeho/project_ws/build/doosan_m0609_controller': CMAKE_PREFIX_PATH=/home/jaeho/project_ws/install/doosan_m0609_hardware:/home/jaeho/project_ws/install/doosan_m0609_msgs:/home/jaeho/project_ws/install/sugar_water_experiment:/home/jaeho/project_ws/install/doosan_m0609_description:/home/jaeho/project_ws/install/dsr_common2:/home/jaeho/project_ws/install/precision_liquid_pouring:/home/jaeho/project_ws/install/doosan_m0609_bringup:/home/jaeho/project_ws/install/chemistry_experiment_manager:/home/jaeho/project_ws/install/arduino_loadcell_interface:/opt/ros/humble LD_LIBRARY_PATH=/home/jaeho/project_ws/install/doosan_m0609_hardware/lib:/home/jaeho/project_ws/install/doosan_m0609_msgs/lib:/usr/lib/x86_64-linux-gnu/gazebo-11/plugins:/opt/ros/humble/opt/rviz_ogre_vendor/lib:/opt/ros/humble/lib/x86_64-linux-gnu:/opt/ros/humble/lib /usr/bin/cmake --install /home/jaeho/project_ws/build/doosan_m0609_controller
[18.907s] -- Install configuration: ""
[18.909s] -- Installing: /home/jaeho/project_ws/install/doosan_m0609_controller/share/doosan_m0609_controller/doosan_m0609_controller_plugins.xml
[18.909s] -- Installing: /home/jaeho/project_ws/install/doosan_m0609_controller/share/doosan_m0609_controller/dsr_joint_trajectory_plugin.xml
[18.910s] -- Installing: /home/jaeho/project_ws/install/doosan_m0609_controller/include/doosan_m0609_controller
[18.911s] -- Installing: /home/jaeho/project_ws/install/doosan_m0609_controller/include/doosan_m0609_controller/doosan_m0609_controller
[18.911s] -- Installing: /home/jaeho/project_ws/install/doosan_m0609_controller/include/doosan_m0609_controller/doosan_m0609_controller/doosan_m0609_controller.hpp
[18.911s] -- Installing: /home/jaeho/project_ws/install/doosan_m0609_controller/include/doosan_m0609_controller/dsr_controller2
[18.911s] -- Installing: /home/jaeho/project_ws/install/doosan_m0609_controller/include/doosan_m0609_controller/dsr_controller2/dsr_controller2.hpp
[18.913s] -- Installing: /home/jaeho/project_ws/install/doosan_m0609_controller/include/doosan_m0609_controller/dsr_controller2/dsr_joint_trajectory.hpp
[18.913s] -- Installing: /home/jaeho/project_ws/install/doosan_m0609_controller/include/doosan_m0609_controller/dsr_controller2/visibility_control.h
[18.914s] -- Installing: /home/jaeho/project_ws/install/doosan_m0609_controller/share/doosan_m0609_controller/config
[18.914s] -- Installing: /home/jaeho/project_ws/install/doosan_m0609_controller/share/doosan_m0609_controller/config/default.yaml
[18.915s] -- Installing: /home/jaeho/project_ws/install/doosan_m0609_controller/share/doosan_m0609_controller/config/dsr_controller2_p3020.yaml
[18.916s] -- Installing: /home/jaeho/project_ws/install/doosan_m0609_controller/share/doosan_m0609_controller/config/dsr_controller2_gz_p3020.yaml
[18.917s] -- Installing: /home/jaeho/project_ws/install/doosan_m0609_controller/share/doosan_m0609_controller/config/dsr_controller2_gz.yaml
[18.918s] -- Installing: /home/jaeho/project_ws/install/doosan_m0609_controller/share/doosan_m0609_controller/config/dsr_controller2.yaml
[18.919s] -- Installing: /home/jaeho/project_ws/install/doosan_m0609_controller/share/doosan_m0609_controller/config/console.conf
[18.920s] -- Installing: /home/jaeho/project_ws/install/doosan_m0609_controller/share/doosan_m0609_controller/config/dsr_controller2_ex.yaml
[18.920s] -- Installing: /home/jaeho/project_ws/install/doosan_m0609_controller/share/doosan_m0609_controller/launch
[18.921s] -- Installing: /home/jaeho/project_ws/install/doosan_m0609_controller/share/doosan_m0609_controller/launch/dsr_moveit2.launch.py
[18.922s] -- Installing: /home/jaeho/project_ws/install/doosan_m0609_controller/share/doosan_m0609_controller/launch/dsr_controller2.launch.py
[18.922s] -- Installing: /home/jaeho/project_ws/install/doosan_m0609_controller/share/doosan_m0609_controller/launch/dsr_control2.launch.py
[18.923s] -- Installing: /home/jaeho/project_ws/install/doosan_m0609_controller/lib/libdoosan_m0609_controller.so
[18.923s] -- Set runtime path of "/home/jaeho/project_ws/install/doosan_m0609_controller/lib/libdoosan_m0609_controller.so" to ""
[18.923s] -- Installing: /home/jaeho/project_ws/install/doosan_m0609_controller/lib/libdsr_joint_trajectory.so
[18.928s] -- Set runtime path of "/home/jaeho/project_ws/install/doosan_m0609_controller/lib/libdsr_joint_trajectory.so" to ""
[18.928s] -- Installing: /home/jaeho/project_ws/install/doosan_m0609_controller/share/doosan_m0609_controller/environment/library_path.sh
[18.928s] -- Installing: /home/jaeho/project_ws/install/doosan_m0609_controller/share/doosan_m0609_controller/environment/library_path.dsv
[18.929s] -- Installing: /home/jaeho/project_ws/install/doosan_m0609_controller/share/ament_index/resource_index/package_run_dependencies/doosan_m0609_controller
[18.929s] -- Installing: /home/jaeho/project_ws/install/doosan_m0609_controller/share/ament_index/resource_index/parent_prefix_path/doosan_m0609_controller
[18.930s] -- Installing: /home/jaeho/project_ws/install/doosan_m0609_controller/share/doosan_m0609_controller/environment/ament_prefix_path.sh
[18.930s] -- Installing: /home/jaeho/project_ws/install/doosan_m0609_controller/share/doosan_m0609_controller/environment/ament_prefix_path.dsv
[18.930s] -- Installing: /home/jaeho/project_ws/install/doosan_m0609_controller/share/doosan_m0609_controller/environment/path.sh
[18.930s] -- Installing: /home/jaeho/project_ws/install/doosan_m0609_controller/share/doosan_m0609_controller/environment/path.dsv
[18.931s] -- Installing: /home/jaeho/project_ws/install/doosan_m0609_controller/share/doosan_m0609_controller/local_setup.bash
[18.931s] -- Installing: /home/jaeho/project_ws/install/doosan_m0609_controller/share/doosan_m0609_controller/local_setup.sh
[18.931s] -- Installing: /home/jaeho/project_ws/install/doosan_m0609_controller/share/doosan_m0609_controller/local_setup.zsh
[18.932s] -- Installing: /home/jaeho/project_ws/install/doosan_m0609_controller/share/doosan_m0609_controller/local_setup.dsv
[18.932s] -- Installing: /home/jaeho/project_ws/install/doosan_m0609_controller/share/doosan_m0609_controller/package.dsv
[18.932s] -- Installing: /home/jaeho/project_ws/install/doosan_m0609_controller/share/ament_index/resource_index/packages/doosan_m0609_controller
[18.932s] -- Installing: /home/jaeho/project_ws/install/doosan_m0609_controller/share/ament_index/resource_index/controller_interface__pluginlib__plugin/doosan_m0609_controller
[18.933s] -- Installing: /home/jaeho/project_ws/install/doosan_m0609_controller/share/doosan_m0609_controller/cmake/export_doosan_m0609_controllerExport.cmake
[18.933s] -- Installing: /home/jaeho/project_ws/install/doosan_m0609_controller/share/doosan_m0609_controller/cmake/export_doosan_m0609_controllerExport-noconfig.cmake
[18.933s] -- Installing: /home/jaeho/project_ws/install/doosan_m0609_controller/share/doosan_m0609_controller/cmake/export_dsr_joint_trajectoryExport.cmake
[18.933s] -- Installing: /home/jaeho/project_ws/install/doosan_m0609_controller/share/doosan_m0609_controller/cmake/export_dsr_joint_trajectoryExport-noconfig.cmake
[18.933s] -- Installing: /home/jaeho/project_ws/install/doosan_m0609_controller/share/doosan_m0609_controller/cmake/ament_cmake_export_targets-extras.cmake
[18.934s] -- Installing: /home/jaeho/project_ws/install/doosan_m0609_controller/share/doosan_m0609_controller/cmake/ament_cmake_export_dependencies-extras.cmake
[18.934s] -- Installing: /home/jaeho/project_ws/install/doosan_m0609_controller/share/doosan_m0609_controller/cmake/doosan_m0609_controllerConfig.cmake
[18.934s] -- Installing: /home/jaeho/project_ws/install/doosan_m0609_controller/share/doosan_m0609_controller/cmake/doosan_m0609_controllerConfig-version.cmake
[18.934s] -- Installing: /home/jaeho/project_ws/install/doosan_m0609_controller/share/doosan_m0609_controller/package.xml
[18.936s] Invoked command in '/home/jaeho/project_ws/build/doosan_m0609_controller' returned '0': CMAKE_PREFIX_PATH=/home/jaeho/project_ws/install/doosan_m0609_hardware:/home/jaeho/project_ws/install/doosan_m0609_msgs:/home/jaeho/project_ws/install/sugar_water_experiment:/home/jaeho/project_ws/install/doosan_m0609_description:/home/jaeho/project_ws/install/dsr_common2:/home/jaeho/project_ws/install/precision_liquid_pouring:/home/jaeho/project_ws/install/doosan_m0609_bringup:/home/jaeho/project_ws/install/chemistry_experiment_manager:/home/jaeho/project_ws/install/arduino_loadcell_interface:/opt/ros/humble LD_LIBRARY_PATH=/home/jaeho/project_ws/install/doosan_m0609_hardware/lib:/home/jaeho/project_ws/install/doosan_m0609_msgs/lib:/usr/lib/x86_64-linux-gnu/gazebo-11/plugins:/opt/ros/humble/opt/rviz_ogre_vendor/lib:/opt/ros/humble/lib/x86_64-linux-gnu:/opt/ros/humble/lib /usr/bin/cmake --install /home/jaeho/project_ws/build/doosan_m0609_controller
