/home/jack/project_ws/install/precision_liquid_pouring/lib/python3.10/site-packages/precision_liquid_pouring/concentration_calculator.py
/home/jack/project_ws/install/precision_liquid_pouring/lib/python3.10/site-packages/precision_liquid_pouring/scale_interface.py
/home/jack/project_ws/install/precision_liquid_pouring/lib/python3.10/site-packages/precision_liquid_pouring/main.py
/home/jack/project_ws/install/precision_liquid_pouring/lib/python3.10/site-packages/precision_liquid_pouring/utils.py
/home/jack/project_ws/install/precision_liquid_pouring/lib/python3.10/site-packages/precision_liquid_pouring/config.py
/home/jack/project_ws/install/precision_liquid_pouring/lib/python3.10/site-packages/precision_liquid_pouring/__init__.py
/home/jack/project_ws/install/precision_liquid_pouring/lib/python3.10/site-packages/precision_liquid_pouring/pouring_controller.py
/home/jack/project_ws/install/precision_liquid_pouring/lib/python3.10/site-packages/precision_liquid_pouring/__pycache__/concentration_calculator.cpython-310.pyc
/home/jack/project_ws/install/precision_liquid_pouring/lib/python3.10/site-packages/precision_liquid_pouring/__pycache__/scale_interface.cpython-310.pyc
/home/jack/project_ws/install/precision_liquid_pouring/lib/python3.10/site-packages/precision_liquid_pouring/__pycache__/main.cpython-310.pyc
/home/jack/project_ws/install/precision_liquid_pouring/lib/python3.10/site-packages/precision_liquid_pouring/__pycache__/utils.cpython-310.pyc
/home/jack/project_ws/install/precision_liquid_pouring/lib/python3.10/site-packages/precision_liquid_pouring/__pycache__/config.cpython-310.pyc
/home/jack/project_ws/install/precision_liquid_pouring/lib/python3.10/site-packages/precision_liquid_pouring/__pycache__/__init__.cpython-310.pyc
/home/jack/project_ws/install/precision_liquid_pouring/lib/python3.10/site-packages/precision_liquid_pouring/__pycache__/pouring_controller.cpython-310.pyc
/home/jack/project_ws/install/precision_liquid_pouring/share/ament_index/resource_index/packages/precision_liquid_pouring
/home/jack/project_ws/install/precision_liquid_pouring/share/precision_liquid_pouring/package.xml
/home/jack/project_ws/install/precision_liquid_pouring/lib/python3.10/site-packages/precision_liquid_pouring-0.0.0-py3.10.egg-info/requires.txt
/home/jack/project_ws/install/precision_liquid_pouring/lib/python3.10/site-packages/precision_liquid_pouring-0.0.0-py3.10.egg-info/dependency_links.txt
/home/jack/project_ws/install/precision_liquid_pouring/lib/python3.10/site-packages/precision_liquid_pouring-0.0.0-py3.10.egg-info/entry_points.txt
/home/jack/project_ws/install/precision_liquid_pouring/lib/python3.10/site-packages/precision_liquid_pouring-0.0.0-py3.10.egg-info/top_level.txt
/home/jack/project_ws/install/precision_liquid_pouring/lib/python3.10/site-packages/precision_liquid_pouring-0.0.0-py3.10.egg-info/PKG-INFO
/home/jack/project_ws/install/precision_liquid_pouring/lib/python3.10/site-packages/precision_liquid_pouring-0.0.0-py3.10.egg-info/zip-safe
/home/jack/project_ws/install/precision_liquid_pouring/lib/python3.10/site-packages/precision_liquid_pouring-0.0.0-py3.10.egg-info/SOURCES.txt
/home/jack/project_ws/install/precision_liquid_pouring/lib/precision_liquid_pouring/concentration_test
/home/jack/project_ws/install/precision_liquid_pouring/lib/precision_liquid_pouring/pour_control_node
