-- Found ament_cmake: 1.3.12 (/opt/ros/humble/share/ament_cmake/cmake)
-- Found rclcpp: 16.0.14 (/opt/ros/humble/share/rclcpp/cmake)
-- Found rosidl_generator_c: 3.1.7 (/opt/ros/humble/share/rosidl_generator_c/cmake)
-- Found rosidl_adapter: 3.1.7 (/opt/ros/humble/share/rosidl_adapter/cmake)
-- Found rosidl_generator_cpp: 3.1.7 (/opt/ros/humble/share/rosidl_generator_cpp/cmake)
-- Using all available rosidl_typesupport_c: rosidl_typesupport_fastrtps_c;rosidl_typesupport_introspection_c
-- Using all available rosidl_typesupport_cpp: rosidl_typesupport_fastrtps_cpp;rosidl_typesupport_introspection_cpp
-- Found rmw_implementation_cmake: 6.1.2 (/opt/ros/humble/share/rmw_implementation_cmake/cmake)
-- Found rmw_cyclonedds_cpp: 1.3.4 (/opt/ros/humble/share/rmw_cyclonedds_cpp/cmake)
-- Using RMW implementation 'rmw_cyclonedds_cpp' as default
-- Found geometry_msgs: 4.9.0 (/opt/ros/humble/share/geometry_msgs/cmake)
-- Found sensor_msgs: 4.9.0 (/opt/ros/humble/share/sensor_msgs/cmake)
-- Found ament_lint_auto: 0.12.14 (/opt/ros/humble/share/ament_lint_auto/cmake)
-- Added test 'copyright' to check source files copyright and LICENSE
-- Added test 'cppcheck' to perform static code analysis on C / C++ code
-- Configured cppcheck include dirs: /home/jack/project_ws/src/sugar_water_experiment/include
-- Configured cppcheck exclude dirs and/or files: 
-- Added test 'cpplint' to check C / C++ code against the Google style
-- Configured cpplint exclude dirs and/or files: 
-- Added test 'flake8' to check Python code syntax and style conventions
-- Added test 'lint_cmake' to check CMake code style
-- Added test 'pep257' to check Python code against some of the docstring style conventions in PEP 257
-- Added test 'uncrustify' to check C / C++ code style
-- Configured uncrustify additional arguments: 
-- Added test 'xmllint' to check XML markup files
-- Configuring done
-- Generating done
-- Build files have been written to: /home/jack/project_ws/build/sugar_water_experiment
[35m[1mConsolidate compiler generated dependencies of target simple_sequence_controller[0m
[35m[1mConsolidate compiler generated dependencies of target sugar_water_experimenter_node[0m
[ 14%] [32mBuilding CXX object CMakeFiles/simple_sequence_controller.dir/src/simple_sequence_controller.cpp.o[0m
[ 28%] [32mBuilding CXX object CMakeFiles/sugar_water_experimenter_node.dir/src/sugar_water_experimenter_node.cpp.o[0m
[ 42%] [32mBuilding CXX object CMakeFiles/sugar_water_experimenter_node.dir/src/weight_monitor.cpp.o[0m
[ 57%] [32mBuilding CXX object CMakeFiles/sugar_water_experimenter_node.dir/src/pose_controller.cpp.o[0m
[ 71%] [32mBuilding CXX object CMakeFiles/sugar_water_experimenter_node.dir/src/safety_monitor.cpp.o[0m
[ 85%] [32m[1mLinking CXX executable simple_sequence_controller[0m
[ 85%] Built target simple_sequence_controller
[100%] [32m[1mLinking CXX executable sugar_water_experimenter_node[0m
[100%] Built target sugar_water_experimenter_node
-- Install configuration: "Release"
-- Installing: /home/jack/project_ws/install/sugar_water_experiment/lib/sugar_water_experimenter_node
-- Set runtime path of "/home/jack/project_ws/install/sugar_water_experiment/lib/sugar_water_experimenter_node" to ""
-- Installing: /home/jack/project_ws/install/sugar_water_experiment/lib/simple_sequence_controller
-- Set runtime path of "/home/jack/project_ws/install/sugar_water_experiment/lib/simple_sequence_controller" to ""
-- Installing: /home/jack/project_ws/install/sugar_water_experiment/share///launch
-- Installing: /home/jack/project_ws/install/sugar_water_experiment/share///launch/sugar_water_experiment.launch.py
-- Installing: /home/jack/project_ws/install/sugar_water_experiment/share/ament_index/resource_index/package_run_dependencies/sugar_water_experiment
-- Installing: /home/jack/project_ws/install/sugar_water_experiment/share/ament_index/resource_index/parent_prefix_path/sugar_water_experiment
-- Installing: /home/jack/project_ws/install/sugar_water_experiment/share/sugar_water_experiment/environment/ament_prefix_path.sh
-- Installing: /home/jack/project_ws/install/sugar_water_experiment/share/sugar_water_experiment/environment/ament_prefix_path.dsv
-- Installing: /home/jack/project_ws/install/sugar_water_experiment/share/sugar_water_experiment/environment/path.sh
-- Installing: /home/jack/project_ws/install/sugar_water_experiment/share/sugar_water_experiment/environment/path.dsv
-- Installing: /home/jack/project_ws/install/sugar_water_experiment/share/sugar_water_experiment/local_setup.bash
-- Installing: /home/jack/project_ws/install/sugar_water_experiment/share/sugar_water_experiment/local_setup.sh
-- Installing: /home/jack/project_ws/install/sugar_water_experiment/share/sugar_water_experiment/local_setup.zsh
-- Installing: /home/jack/project_ws/install/sugar_water_experiment/share/sugar_water_experiment/local_setup.dsv
-- Installing: /home/jack/project_ws/install/sugar_water_experiment/share/sugar_water_experiment/package.dsv
-- Installing: /home/jack/project_ws/install/sugar_water_experiment/share/ament_index/resource_index/packages/sugar_water_experiment
-- Installing: /home/jack/project_ws/install/sugar_water_experiment/share/sugar_water_experiment/cmake/sugar_water_experimentConfig.cmake
-- Installing: /home/jack/project_ws/install/sugar_water_experiment/share/sugar_water_experiment/cmake/sugar_water_experimentConfig-version.cmake
-- Installing: /home/jack/project_ws/install/sugar_water_experiment/share/sugar_water_experiment/package.xml
