[0.226s] DEBUG:colcon:Command line arguments: ['/usr/bin/colcon', 'build', '--packages-select', 'dsr_common2']
[0.226s] DEBUG:colcon:Parsed command line arguments: Namespace(log_base=None, log_level=None, verb_name='build', build_base='build', install_base='install', merge_install=False, symlink_install=False, test_result_base=None, continue_on_error=False, executor='parallel', parallel_workers=6, event_handlers=None, ignore_user_meta=False, metas=['./colcon.meta'], base_paths=['.'], packages_ignore=None, packages_ignore_regex=None, paths=None, packages_up_to=None, packages_up_to_regex=None, packages_above=None, packages_above_and_dependencies=None, packages_above_depth=None, packages_select_by_dep=None, packages_skip_by_dep=None, packages_skip_up_to=None, packages_select_build_failed=False, packages_skip_build_finished=False, packages_select_test_failures=False, packages_skip_test_passed=False, packages_select=['dsr_common2'], packages_skip=None, packages_select_regex=None, packages_skip_regex=None, packages_start=None, packages_end=None, allow_overriding=[], cmake_args=None, cmake_target=None, cmake_target_skip_unavailable=False, cmake_clean_cache=False, cmake_clean_first=False, cmake_force_configure=False, ament_cmake_args=None, catkin_cmake_args=None, catkin_skip_building_tests=False, verb_parser=<colcon_defaults.argument_parser.defaults.DefaultArgumentsDecorator object at 0x7ff9b4f2c910>, verb_extension=<colcon_core.verb.build.BuildVerb object at 0x7ff9b4eaeda0>, main=<bound method BuildVerb.main of <colcon_core.verb.build.BuildVerb object at 0x7ff9b4eaeda0>>)
[0.372s] Level 1:colcon.colcon_core.package_discovery:discover_packages(colcon_meta) check parameters
[0.372s] Level 1:colcon.colcon_core.package_discovery:discover_packages(recursive) check parameters
[0.372s] Level 1:colcon.colcon_core.package_discovery:discover_packages(ignore) check parameters
[0.372s] Level 1:colcon.colcon_core.package_discovery:discover_packages(path) check parameters
[0.372s] Level 1:colcon.colcon_core.package_discovery:discover_packages(colcon_meta) discover
[0.372s] Level 1:colcon.colcon_core.package_discovery:discover_packages(recursive) discover
[0.372s] INFO:colcon.colcon_core.package_discovery:Crawling recursively for packages in '/home/jack/project_ws'
[0.372s] Level 1:colcon.colcon_core.package_identification:_identify(.) by extensions ['ignore', 'ignore_ament_install']
[0.372s] Level 1:colcon.colcon_core.package_identification:_identify(.) by extension 'ignore'
[0.373s] Level 1:colcon.colcon_core.package_identification:_identify(.) by extension 'ignore_ament_install'
[0.373s] Level 1:colcon.colcon_core.package_identification:_identify(.) by extensions ['colcon_pkg']
[0.373s] Level 1:colcon.colcon_core.package_identification:_identify(.) by extension 'colcon_pkg'
[0.373s] Level 1:colcon.colcon_core.package_identification:_identify(.) by extensions ['colcon_meta']
[0.373s] Level 1:colcon.colcon_core.package_identification:_identify(.) by extension 'colcon_meta'
[0.373s] Level 1:colcon.colcon_core.package_identification:_identify(.) by extensions ['ros']
[0.373s] Level 1:colcon.colcon_core.package_identification:_identify(.) by extension 'ros'
[0.380s] Level 1:colcon.colcon_core.package_identification:_identify(.) by extensions ['cmake', 'python']
[0.380s] Level 1:colcon.colcon_core.package_identification:_identify(.) by extension 'cmake'
[0.380s] Level 1:colcon.colcon_core.package_identification:_identify(.) by extension 'python'
[0.380s] Level 1:colcon.colcon_core.package_identification:_identify(.) by extensions ['python_setup_py']
[0.380s] Level 1:colcon.colcon_core.package_identification:_identify(.) by extension 'python_setup_py'
[0.380s] Level 1:colcon.colcon_core.package_identification:_identify(build) by extensions ['ignore', 'ignore_ament_install']
[0.380s] Level 1:colcon.colcon_core.package_identification:_identify(build) by extension 'ignore'
[0.380s] Level 1:colcon.colcon_core.package_identification:_identify(build) ignored
[0.380s] Level 1:colcon.colcon_core.package_identification:_identify(development) by extensions ['ignore', 'ignore_ament_install']
[0.380s] Level 1:colcon.colcon_core.package_identification:_identify(development) by extension 'ignore'
[0.380s] Level 1:colcon.colcon_core.package_identification:_identify(development) by extension 'ignore_ament_install'
[0.380s] Level 1:colcon.colcon_core.package_identification:_identify(development) by extensions ['colcon_pkg']
[0.380s] Level 1:colcon.colcon_core.package_identification:_identify(development) by extension 'colcon_pkg'
[0.380s] Level 1:colcon.colcon_core.package_identification:_identify(development) by extensions ['colcon_meta']
[0.380s] Level 1:colcon.colcon_core.package_identification:_identify(development) by extension 'colcon_meta'
[0.380s] Level 1:colcon.colcon_core.package_identification:_identify(development) by extensions ['ros']
[0.380s] Level 1:colcon.colcon_core.package_identification:_identify(development) by extension 'ros'
[0.380s] Level 1:colcon.colcon_core.package_identification:_identify(development) by extensions ['cmake', 'python']
[0.380s] Level 1:colcon.colcon_core.package_identification:_identify(development) by extension 'cmake'
[0.380s] Level 1:colcon.colcon_core.package_identification:_identify(development) by extension 'python'
[0.381s] Level 1:colcon.colcon_core.package_identification:_identify(development) by extensions ['python_setup_py']
[0.381s] Level 1:colcon.colcon_core.package_identification:_identify(development) by extension 'python_setup_py'
[0.381s] Level 1:colcon.colcon_core.package_identification:_identify(development/scripts) by extensions ['ignore', 'ignore_ament_install']
[0.381s] Level 1:colcon.colcon_core.package_identification:_identify(development/scripts) by extension 'ignore'
[0.381s] Level 1:colcon.colcon_core.package_identification:_identify(development/scripts) by extension 'ignore_ament_install'
[0.381s] Level 1:colcon.colcon_core.package_identification:_identify(development/scripts) by extensions ['colcon_pkg']
[0.381s] Level 1:colcon.colcon_core.package_identification:_identify(development/scripts) by extension 'colcon_pkg'
[0.381s] Level 1:colcon.colcon_core.package_identification:_identify(development/scripts) by extensions ['colcon_meta']
[0.381s] Level 1:colcon.colcon_core.package_identification:_identify(development/scripts) by extension 'colcon_meta'
[0.381s] Level 1:colcon.colcon_core.package_identification:_identify(development/scripts) by extensions ['ros']
[0.381s] Level 1:colcon.colcon_core.package_identification:_identify(development/scripts) by extension 'ros'
[0.381s] Level 1:colcon.colcon_core.package_identification:_identify(development/scripts) by extensions ['cmake', 'python']
[0.381s] Level 1:colcon.colcon_core.package_identification:_identify(development/scripts) by extension 'cmake'
[0.381s] Level 1:colcon.colcon_core.package_identification:_identify(development/scripts) by extension 'python'
[0.381s] Level 1:colcon.colcon_core.package_identification:_identify(development/scripts) by extensions ['python_setup_py']
[0.381s] Level 1:colcon.colcon_core.package_identification:_identify(development/scripts) by extension 'python_setup_py'
[0.381s] Level 1:colcon.colcon_core.package_identification:_identify(install) by extensions ['ignore', 'ignore_ament_install']
[0.381s] Level 1:colcon.colcon_core.package_identification:_identify(install) by extension 'ignore'
[0.381s] Level 1:colcon.colcon_core.package_identification:_identify(install) ignored
[0.381s] Level 1:colcon.colcon_core.package_identification:_identify(log) by extensions ['ignore', 'ignore_ament_install']
[0.381s] Level 1:colcon.colcon_core.package_identification:_identify(log) by extension 'ignore'
[0.381s] Level 1:colcon.colcon_core.package_identification:_identify(log) ignored
[0.381s] Level 1:colcon.colcon_core.package_identification:_identify(src) by extensions ['ignore', 'ignore_ament_install']
[0.382s] Level 1:colcon.colcon_core.package_identification:_identify(src) by extension 'ignore'
[0.382s] Level 1:colcon.colcon_core.package_identification:_identify(src) by extension 'ignore_ament_install'
[0.382s] Level 1:colcon.colcon_core.package_identification:_identify(src) by extensions ['colcon_pkg']
[0.382s] Level 1:colcon.colcon_core.package_identification:_identify(src) by extension 'colcon_pkg'
[0.382s] Level 1:colcon.colcon_core.package_identification:_identify(src) by extensions ['colcon_meta']
[0.382s] Level 1:colcon.colcon_core.package_identification:_identify(src) by extension 'colcon_meta'
[0.382s] Level 1:colcon.colcon_core.package_identification:_identify(src) by extensions ['ros']
[0.382s] Level 1:colcon.colcon_core.package_identification:_identify(src) by extension 'ros'
[0.382s] Level 1:colcon.colcon_core.package_identification:_identify(src) by extensions ['cmake', 'python']
[0.382s] Level 1:colcon.colcon_core.package_identification:_identify(src) by extension 'cmake'
[0.382s] Level 1:colcon.colcon_core.package_identification:_identify(src) by extension 'python'
[0.382s] Level 1:colcon.colcon_core.package_identification:_identify(src) by extensions ['python_setup_py']
[0.382s] Level 1:colcon.colcon_core.package_identification:_identify(src) by extension 'python_setup_py'
[0.382s] Level 1:colcon.colcon_core.package_identification:_identify(src/arduino_loadcell_interface) by extensions ['ignore', 'ignore_ament_install']
[0.382s] Level 1:colcon.colcon_core.package_identification:_identify(src/arduino_loadcell_interface) by extension 'ignore'
[0.382s] Level 1:colcon.colcon_core.package_identification:_identify(src/arduino_loadcell_interface) by extension 'ignore_ament_install'
[0.382s] Level 1:colcon.colcon_core.package_identification:_identify(src/arduino_loadcell_interface) by extensions ['colcon_pkg']
[0.382s] Level 1:colcon.colcon_core.package_identification:_identify(src/arduino_loadcell_interface) by extension 'colcon_pkg'
[0.382s] Level 1:colcon.colcon_core.package_identification:_identify(src/arduino_loadcell_interface) by extensions ['colcon_meta']
[0.382s] Level 1:colcon.colcon_core.package_identification:_identify(src/arduino_loadcell_interface) by extension 'colcon_meta'
[0.382s] Level 1:colcon.colcon_core.package_identification:_identify(src/arduino_loadcell_interface) by extensions ['ros']
[0.382s] Level 1:colcon.colcon_core.package_identification:_identify(src/arduino_loadcell_interface) by extension 'ros'
[0.384s] DEBUG:colcon.colcon_core.package_identification:Package 'src/arduino_loadcell_interface' with type 'ros.ament_python' and name 'arduino_loadcell_interface'
[0.384s] Level 1:colcon.colcon_core.package_identification:_identify(src/chemistry_experiment_manager) by extensions ['ignore', 'ignore_ament_install']
[0.384s] Level 1:colcon.colcon_core.package_identification:_identify(src/chemistry_experiment_manager) by extension 'ignore'
[0.384s] Level 1:colcon.colcon_core.package_identification:_identify(src/chemistry_experiment_manager) by extension 'ignore_ament_install'
[0.384s] Level 1:colcon.colcon_core.package_identification:_identify(src/chemistry_experiment_manager) by extensions ['colcon_pkg']
[0.384s] Level 1:colcon.colcon_core.package_identification:_identify(src/chemistry_experiment_manager) by extension 'colcon_pkg'
[0.384s] Level 1:colcon.colcon_core.package_identification:_identify(src/chemistry_experiment_manager) by extensions ['colcon_meta']
[0.384s] Level 1:colcon.colcon_core.package_identification:_identify(src/chemistry_experiment_manager) by extension 'colcon_meta'
[0.384s] Level 1:colcon.colcon_core.package_identification:_identify(src/chemistry_experiment_manager) by extensions ['ros']
[0.384s] Level 1:colcon.colcon_core.package_identification:_identify(src/chemistry_experiment_manager) by extension 'ros'
[0.385s] DEBUG:colcon.colcon_core.package_identification:Package 'src/chemistry_experiment_manager' with type 'ros.ament_python' and name 'chemistry_experiment_manager'
[0.385s] Level 1:colcon.colcon_core.package_identification:_identify(src/doosan_m0609_bringup) by extensions ['ignore', 'ignore_ament_install']
[0.385s] Level 1:colcon.colcon_core.package_identification:_identify(src/doosan_m0609_bringup) by extension 'ignore'
[0.385s] Level 1:colcon.colcon_core.package_identification:_identify(src/doosan_m0609_bringup) by extension 'ignore_ament_install'
[0.385s] Level 1:colcon.colcon_core.package_identification:_identify(src/doosan_m0609_bringup) by extensions ['colcon_pkg']
[0.385s] Level 1:colcon.colcon_core.package_identification:_identify(src/doosan_m0609_bringup) by extension 'colcon_pkg'
[0.385s] Level 1:colcon.colcon_core.package_identification:_identify(src/doosan_m0609_bringup) by extensions ['colcon_meta']
[0.385s] Level 1:colcon.colcon_core.package_identification:_identify(src/doosan_m0609_bringup) by extension 'colcon_meta'
[0.385s] Level 1:colcon.colcon_core.package_identification:_identify(src/doosan_m0609_bringup) by extensions ['ros']
[0.385s] Level 1:colcon.colcon_core.package_identification:_identify(src/doosan_m0609_bringup) by extension 'ros'
[0.385s] DEBUG:colcon.colcon_core.package_identification:Package 'src/doosan_m0609_bringup' with type 'ros.ament_python' and name 'doosan_m0609_bringup'
[0.386s] Level 1:colcon.colcon_core.package_identification:_identify(src/doosan_m0609_controller) by extensions ['ignore', 'ignore_ament_install']
[0.386s] Level 1:colcon.colcon_core.package_identification:_identify(src/doosan_m0609_controller) by extension 'ignore'
[0.386s] Level 1:colcon.colcon_core.package_identification:_identify(src/doosan_m0609_controller) by extension 'ignore_ament_install'
[0.386s] Level 1:colcon.colcon_core.package_identification:_identify(src/doosan_m0609_controller) by extensions ['colcon_pkg']
[0.386s] Level 1:colcon.colcon_core.package_identification:_identify(src/doosan_m0609_controller) by extension 'colcon_pkg'
[0.386s] Level 1:colcon.colcon_core.package_identification:_identify(src/doosan_m0609_controller) by extensions ['colcon_meta']
[0.386s] Level 1:colcon.colcon_core.package_identification:_identify(src/doosan_m0609_controller) by extension 'colcon_meta'
[0.386s] Level 1:colcon.colcon_core.package_identification:_identify(src/doosan_m0609_controller) by extensions ['ros']
[0.386s] Level 1:colcon.colcon_core.package_identification:_identify(src/doosan_m0609_controller) by extension 'ros'
[0.387s] DEBUG:colcon.colcon_core.package_identification:Package 'src/doosan_m0609_controller' with type 'ros.ament_cmake' and name 'doosan_m0609_controller'
[0.387s] Level 1:colcon.colcon_core.package_identification:_identify(src/doosan_m0609_description) by extensions ['ignore', 'ignore_ament_install']
[0.387s] Level 1:colcon.colcon_core.package_identification:_identify(src/doosan_m0609_description) by extension 'ignore'
[0.387s] Level 1:colcon.colcon_core.package_identification:_identify(src/doosan_m0609_description) by extension 'ignore_ament_install'
[0.387s] Level 1:colcon.colcon_core.package_identification:_identify(src/doosan_m0609_description) by extensions ['colcon_pkg']
[0.387s] Level 1:colcon.colcon_core.package_identification:_identify(src/doosan_m0609_description) by extension 'colcon_pkg'
[0.387s] Level 1:colcon.colcon_core.package_identification:_identify(src/doosan_m0609_description) by extensions ['colcon_meta']
[0.387s] Level 1:colcon.colcon_core.package_identification:_identify(src/doosan_m0609_description) by extension 'colcon_meta'
[0.387s] Level 1:colcon.colcon_core.package_identification:_identify(src/doosan_m0609_description) by extensions ['ros']
[0.387s] Level 1:colcon.colcon_core.package_identification:_identify(src/doosan_m0609_description) by extension 'ros'
[0.388s] DEBUG:colcon.colcon_core.package_identification:Package 'src/doosan_m0609_description' with type 'ros.ament_cmake' and name 'doosan_m0609_description'
[0.388s] Level 1:colcon.colcon_core.package_identification:_identify(src/doosan_m0609_hardware) by extensions ['ignore', 'ignore_ament_install']
[0.388s] Level 1:colcon.colcon_core.package_identification:_identify(src/doosan_m0609_hardware) by extension 'ignore'
[0.388s] Level 1:colcon.colcon_core.package_identification:_identify(src/doosan_m0609_hardware) by extension 'ignore_ament_install'
[0.388s] Level 1:colcon.colcon_core.package_identification:_identify(src/doosan_m0609_hardware) by extensions ['colcon_pkg']
[0.388s] Level 1:colcon.colcon_core.package_identification:_identify(src/doosan_m0609_hardware) by extension 'colcon_pkg'
[0.388s] Level 1:colcon.colcon_core.package_identification:_identify(src/doosan_m0609_hardware) by extensions ['colcon_meta']
[0.388s] Level 1:colcon.colcon_core.package_identification:_identify(src/doosan_m0609_hardware) by extension 'colcon_meta'
[0.388s] Level 1:colcon.colcon_core.package_identification:_identify(src/doosan_m0609_hardware) by extensions ['ros']
[0.388s] Level 1:colcon.colcon_core.package_identification:_identify(src/doosan_m0609_hardware) by extension 'ros'
[0.389s] DEBUG:colcon.colcon_core.package_identification:Package 'src/doosan_m0609_hardware' with type 'ros.ament_cmake' and name 'doosan_m0609_hardware'
[0.389s] Level 1:colcon.colcon_core.package_identification:_identify(src/doosan_m0609_msgs) by extensions ['ignore', 'ignore_ament_install']
[0.390s] Level 1:colcon.colcon_core.package_identification:_identify(src/doosan_m0609_msgs) by extension 'ignore'
[0.390s] Level 1:colcon.colcon_core.package_identification:_identify(src/doosan_m0609_msgs) by extension 'ignore_ament_install'
[0.390s] Level 1:colcon.colcon_core.package_identification:_identify(src/doosan_m0609_msgs) by extensions ['colcon_pkg']
[0.390s] Level 1:colcon.colcon_core.package_identification:_identify(src/doosan_m0609_msgs) by extension 'colcon_pkg'
[0.390s] Level 1:colcon.colcon_core.package_identification:_identify(src/doosan_m0609_msgs) by extensions ['colcon_meta']
[0.390s] Level 1:colcon.colcon_core.package_identification:_identify(src/doosan_m0609_msgs) by extension 'colcon_meta'
[0.390s] Level 1:colcon.colcon_core.package_identification:_identify(src/doosan_m0609_msgs) by extensions ['ros']
[0.390s] Level 1:colcon.colcon_core.package_identification:_identify(src/doosan_m0609_msgs) by extension 'ros'
[0.390s] DEBUG:colcon.colcon_core.package_identification:Package 'src/doosan_m0609_msgs' with type 'ros.ament_cmake' and name 'doosan_m0609_msgs'
[0.390s] Level 1:colcon.colcon_core.package_identification:_identify(src/dsr_common2) by extensions ['ignore', 'ignore_ament_install']
[0.390s] Level 1:colcon.colcon_core.package_identification:_identify(src/dsr_common2) by extension 'ignore'
[0.390s] Level 1:colcon.colcon_core.package_identification:_identify(src/dsr_common2) by extension 'ignore_ament_install'
[0.390s] Level 1:colcon.colcon_core.package_identification:_identify(src/dsr_common2) by extensions ['colcon_pkg']
[0.390s] Level 1:colcon.colcon_core.package_identification:_identify(src/dsr_common2) by extension 'colcon_pkg'
[0.391s] Level 1:colcon.colcon_core.package_identification:_identify(src/dsr_common2) by extensions ['colcon_meta']
[0.391s] Level 1:colcon.colcon_core.package_identification:_identify(src/dsr_common2) by extension 'colcon_meta'
[0.391s] Level 1:colcon.colcon_core.package_identification:_identify(src/dsr_common2) by extensions ['ros']
[0.391s] Level 1:colcon.colcon_core.package_identification:_identify(src/dsr_common2) by extension 'ros'
[0.391s] DEBUG:colcon.colcon_core.package_identification:Package 'src/dsr_common2' with type 'ros.ament_cmake' and name 'dsr_common2'
[0.391s] Level 1:colcon.colcon_core.package_identification:_identify(src/precision_liquid_pouring) by extensions ['ignore', 'ignore_ament_install']
[0.391s] Level 1:colcon.colcon_core.package_identification:_identify(src/precision_liquid_pouring) by extension 'ignore'
[0.391s] Level 1:colcon.colcon_core.package_identification:_identify(src/precision_liquid_pouring) by extension 'ignore_ament_install'
[0.391s] Level 1:colcon.colcon_core.package_identification:_identify(src/precision_liquid_pouring) by extensions ['colcon_pkg']
[0.391s] Level 1:colcon.colcon_core.package_identification:_identify(src/precision_liquid_pouring) by extension 'colcon_pkg'
[0.391s] Level 1:colcon.colcon_core.package_identification:_identify(src/precision_liquid_pouring) by extensions ['colcon_meta']
[0.391s] Level 1:colcon.colcon_core.package_identification:_identify(src/precision_liquid_pouring) by extension 'colcon_meta'
[0.391s] Level 1:colcon.colcon_core.package_identification:_identify(src/precision_liquid_pouring) by extensions ['ros']
[0.391s] Level 1:colcon.colcon_core.package_identification:_identify(src/precision_liquid_pouring) by extension 'ros'
[0.392s] DEBUG:colcon.colcon_core.package_identification:Package 'src/precision_liquid_pouring' with type 'ros.ament_python' and name 'precision_liquid_pouring'
[0.392s] Level 1:colcon.colcon_core.package_discovery:discover_packages(recursive) using defaults
[0.392s] Level 1:colcon.colcon_core.package_discovery:discover_packages(ignore) discover
[0.392s] Level 1:colcon.colcon_core.package_discovery:discover_packages(ignore) using defaults
[0.392s] Level 1:colcon.colcon_core.package_discovery:discover_packages(path) discover
[0.392s] Level 1:colcon.colcon_core.package_discovery:discover_packages(path) using defaults
[0.404s] INFO:colcon.colcon_core.package_selection:Skipping not selected package 'arduino_loadcell_interface' in 'src/arduino_loadcell_interface'
[0.404s] INFO:colcon.colcon_core.package_selection:Skipping not selected package 'chemistry_experiment_manager' in 'src/chemistry_experiment_manager'
[0.404s] INFO:colcon.colcon_core.package_selection:Skipping not selected package 'doosan_m0609_description' in 'src/doosan_m0609_description'
[0.404s] INFO:colcon.colcon_core.package_selection:Skipping not selected package 'doosan_m0609_msgs' in 'src/doosan_m0609_msgs'
[0.404s] INFO:colcon.colcon_core.package_selection:Skipping not selected package 'precision_liquid_pouring' in 'src/precision_liquid_pouring'
[0.404s] INFO:colcon.colcon_core.package_selection:Skipping not selected package 'doosan_m0609_bringup' in 'src/doosan_m0609_bringup'
[0.404s] INFO:colcon.colcon_core.package_selection:Skipping not selected package 'doosan_m0609_hardware' in 'src/doosan_m0609_hardware'
[0.404s] INFO:colcon.colcon_core.package_selection:Skipping not selected package 'doosan_m0609_controller' in 'src/doosan_m0609_controller'
[0.405s] Level 1:colcon.colcon_core.package_discovery:discover_packages(prefix_path) check parameters
[0.405s] Level 1:colcon.colcon_core.package_discovery:discover_packages(prefix_path) discover
[0.405s] WARNING:colcon.colcon_ros.prefix_path.ament:The path '/home/jack/project_ws/install/doosan_m0609_msgs' in the environment variable AMENT_PREFIX_PATH doesn't exist
[0.405s] WARNING:colcon.colcon_ros.prefix_path.catkin:The path '/home/jack/project_ws/install/doosan_m0609_msgs' in the environment variable CMAKE_PREFIX_PATH doesn't exist
[0.406s] DEBUG:colcon.colcon_installed_package_information.package_discovery:Found 0 installed packages in /home/jack/project_ws/install
[0.407s] DEBUG:colcon.colcon_installed_package_information.package_discovery:Found 381 installed packages in /opt/ros/humble
[0.408s] Level 1:colcon.colcon_core.package_discovery:discover_packages(prefix_path) using defaults
[0.438s] Level 5:colcon.colcon_core.verb:set package 'dsr_common2' build argument 'cmake_args' from command line to 'None'
[0.438s] Level 5:colcon.colcon_core.verb:set package 'dsr_common2' build argument 'cmake_target' from command line to 'None'
[0.438s] Level 5:colcon.colcon_core.verb:set package 'dsr_common2' build argument 'cmake_target_skip_unavailable' from command line to 'False'
[0.438s] Level 5:colcon.colcon_core.verb:set package 'dsr_common2' build argument 'cmake_clean_cache' from command line to 'False'
[0.438s] Level 5:colcon.colcon_core.verb:set package 'dsr_common2' build argument 'cmake_clean_first' from command line to 'False'
[0.438s] Level 5:colcon.colcon_core.verb:set package 'dsr_common2' build argument 'cmake_force_configure' from command line to 'False'
[0.438s] Level 5:colcon.colcon_core.verb:set package 'dsr_common2' build argument 'ament_cmake_args' from command line to 'None'
[0.438s] Level 5:colcon.colcon_core.verb:set package 'dsr_common2' build argument 'catkin_cmake_args' from command line to 'None'
[0.438s] Level 5:colcon.colcon_core.verb:set package 'dsr_common2' build argument 'catkin_skip_building_tests' from command line to 'False'
[0.438s] DEBUG:colcon.colcon_core.verb:Building package 'dsr_common2' with the following arguments: {'ament_cmake_args': None, 'build_base': '/home/jack/project_ws/build/dsr_common2', 'catkin_cmake_args': None, 'catkin_skip_building_tests': False, 'cmake_args': None, 'cmake_clean_cache': False, 'cmake_clean_first': False, 'cmake_force_configure': False, 'cmake_target': None, 'cmake_target_skip_unavailable': False, 'install_base': '/home/jack/project_ws/install/dsr_common2', 'merge_install': False, 'path': '/home/jack/project_ws/src/dsr_common2', 'symlink_install': False, 'test_result_base': None}
[0.438s] INFO:colcon.colcon_core.executor:Executing jobs using 'parallel' executor
[0.439s] DEBUG:colcon.colcon_parallel_executor.executor.parallel:run_until_complete
[0.439s] INFO:colcon.colcon_ros.task.ament_cmake.build:Building ROS package in '/home/jack/project_ws/src/dsr_common2' with build type 'ament_cmake'
[0.439s] INFO:colcon.colcon_cmake.task.cmake.build:Building CMake package in '/home/jack/project_ws/src/dsr_common2'
[0.441s] INFO:colcon.colcon_core.plugin_system:Skipping extension 'colcon_core.shell.bat': Not used on non-Windows systems
[0.441s] INFO:colcon.colcon_core.shell:Skip shell extension 'powershell' for command environment: Not usable outside of PowerShell
[0.441s] DEBUG:colcon.colcon_core.shell:Skip shell extension 'dsv' for command environment
[0.448s] DEBUG:colcon.colcon_core.event_handler.log_command:Invoking command in '/home/jack/project_ws/build/dsr_common2': /usr/bin/cmake /home/jack/project_ws/src/dsr_common2 -DCMAKE_INSTALL_PREFIX=/home/jack/project_ws/install/dsr_common2
[2.788s] DEBUG:colcon.colcon_core.event_handler.log_command:Invoked command in '/home/jack/project_ws/build/dsr_common2' returned '0': /usr/bin/cmake /home/jack/project_ws/src/dsr_common2 -DCMAKE_INSTALL_PREFIX=/home/jack/project_ws/install/dsr_common2
[2.789s] DEBUG:colcon.colcon_core.event_handler.log_command:Invoking command in '/home/jack/project_ws/build/dsr_common2': /usr/bin/cmake --build /home/jack/project_ws/build/dsr_common2 -- -j6 -l6
[2.812s] DEBUG:colcon.colcon_core.event_handler.log_command:Invoked command in '/home/jack/project_ws/build/dsr_common2' returned '0': /usr/bin/cmake --build /home/jack/project_ws/build/dsr_common2 -- -j6 -l6
[2.818s] DEBUG:colcon.colcon_core.event_handler.log_command:Invoking command in '/home/jack/project_ws/build/dsr_common2': /usr/bin/cmake --install /home/jack/project_ws/build/dsr_common2
[2.834s] Level 1:colcon.colcon_core.environment:create_environment_scripts_only(dsr_common2)
[2.834s] DEBUG:colcon.colcon_core.event_handler.log_command:Invoked command in '/home/jack/project_ws/build/dsr_common2' returned '0': /usr/bin/cmake --install /home/jack/project_ws/build/dsr_common2
[2.835s] Level 1:colcon.colcon_core.environment:checking '/home/jack/project_ws/install/dsr_common2' for CMake module files
[2.836s] Level 1:colcon.colcon_core.environment:checking '/home/jack/project_ws/install/dsr_common2' for CMake config files
[2.836s] Level 1:colcon.colcon_core.shell:create_environment_hook('dsr_common2', 'cmake_prefix_path')
[2.836s] INFO:colcon.colcon_core.shell:Creating environment hook '/home/jack/project_ws/install/dsr_common2/share/dsr_common2/hook/cmake_prefix_path.ps1'
[2.837s] INFO:colcon.colcon_core.shell:Creating environment descriptor '/home/jack/project_ws/install/dsr_common2/share/dsr_common2/hook/cmake_prefix_path.dsv'
[2.837s] INFO:colcon.colcon_core.shell:Creating environment hook '/home/jack/project_ws/install/dsr_common2/share/dsr_common2/hook/cmake_prefix_path.sh'
[2.838s] Level 1:colcon.colcon_core.environment:checking '/home/jack/project_ws/install/dsr_common2/lib'
[2.838s] Level 1:colcon.colcon_core.environment:checking '/home/jack/project_ws/install/dsr_common2/bin'
[2.838s] Level 1:colcon.colcon_core.environment:checking '/home/jack/project_ws/install/dsr_common2/lib/pkgconfig/dsr_common2.pc'
[2.838s] Level 1:colcon.colcon_core.environment:checking '/home/jack/project_ws/install/dsr_common2/lib/python3.10/site-packages'
[2.838s] Level 1:colcon.colcon_core.environment:checking '/home/jack/project_ws/install/dsr_common2/bin'
[2.838s] INFO:colcon.colcon_core.shell:Creating package script '/home/jack/project_ws/install/dsr_common2/share/dsr_common2/package.ps1'
[2.839s] INFO:colcon.colcon_core.shell:Creating package descriptor '/home/jack/project_ws/install/dsr_common2/share/dsr_common2/package.dsv'
[2.839s] INFO:colcon.colcon_core.shell:Creating package script '/home/jack/project_ws/install/dsr_common2/share/dsr_common2/package.sh'
[2.840s] INFO:colcon.colcon_core.shell:Creating package script '/home/jack/project_ws/install/dsr_common2/share/dsr_common2/package.bash'
[2.840s] INFO:colcon.colcon_core.shell:Creating package script '/home/jack/project_ws/install/dsr_common2/share/dsr_common2/package.zsh'
[2.841s] Level 1:colcon.colcon_core.environment:create_file_with_runtime_dependencies(/home/jack/project_ws/install/dsr_common2/share/colcon-core/packages/dsr_common2)
[2.842s] Level 1:colcon.colcon_core.environment:create_environment_scripts_only(dsr_common2)
[2.842s] Level 1:colcon.colcon_core.environment:checking '/home/jack/project_ws/install/dsr_common2' for CMake module files
[2.842s] Level 1:colcon.colcon_core.environment:checking '/home/jack/project_ws/install/dsr_common2' for CMake config files
[2.842s] Level 1:colcon.colcon_core.shell:create_environment_hook('dsr_common2', 'cmake_prefix_path')
[2.842s] INFO:colcon.colcon_core.shell:Creating environment hook '/home/jack/project_ws/install/dsr_common2/share/dsr_common2/hook/cmake_prefix_path.ps1'
[2.843s] INFO:colcon.colcon_core.shell:Creating environment descriptor '/home/jack/project_ws/install/dsr_common2/share/dsr_common2/hook/cmake_prefix_path.dsv'
[2.843s] INFO:colcon.colcon_core.shell:Creating environment hook '/home/jack/project_ws/install/dsr_common2/share/dsr_common2/hook/cmake_prefix_path.sh'
[2.843s] Level 1:colcon.colcon_core.environment:checking '/home/jack/project_ws/install/dsr_common2/lib'
[2.843s] Level 1:colcon.colcon_core.environment:checking '/home/jack/project_ws/install/dsr_common2/bin'
[2.843s] Level 1:colcon.colcon_core.environment:checking '/home/jack/project_ws/install/dsr_common2/lib/pkgconfig/dsr_common2.pc'
[2.844s] Level 1:colcon.colcon_core.environment:checking '/home/jack/project_ws/install/dsr_common2/lib/python3.10/site-packages'
[2.844s] Level 1:colcon.colcon_core.environment:checking '/home/jack/project_ws/install/dsr_common2/bin'
[2.844s] INFO:colcon.colcon_core.shell:Creating package script '/home/jack/project_ws/install/dsr_common2/share/dsr_common2/package.ps1'
[2.844s] INFO:colcon.colcon_core.shell:Creating package descriptor '/home/jack/project_ws/install/dsr_common2/share/dsr_common2/package.dsv'
[2.845s] INFO:colcon.colcon_core.shell:Creating package script '/home/jack/project_ws/install/dsr_common2/share/dsr_common2/package.sh'
[2.845s] INFO:colcon.colcon_core.shell:Creating package script '/home/jack/project_ws/install/dsr_common2/share/dsr_common2/package.bash'
[2.845s] INFO:colcon.colcon_core.shell:Creating package script '/home/jack/project_ws/install/dsr_common2/share/dsr_common2/package.zsh'
[2.846s] Level 1:colcon.colcon_core.environment:create_file_with_runtime_dependencies(/home/jack/project_ws/install/dsr_common2/share/colcon-core/packages/dsr_common2)
[2.846s] DEBUG:colcon.colcon_parallel_executor.executor.parallel:closing loop
[2.846s] DEBUG:colcon.colcon_parallel_executor.executor.parallel:loop closed
[2.846s] DEBUG:colcon.colcon_parallel_executor.executor.parallel:run_until_complete finished with '0'
[2.847s] DEBUG:colcon.colcon_core.event_reactor:joining thread
[2.919s] INFO:colcon.colcon_core.plugin_system:Skipping extension 'colcon_notification.desktop_notification.notify_send': Could not find 'notify-send'
[2.919s] INFO:colcon.colcon_core.plugin_system:Skipping extension 'colcon_notification.desktop_notification.terminal_notifier': Not used on non-Darwin systems
[2.919s] INFO:colcon.colcon_core.plugin_system:Skipping extension 'colcon_notification.desktop_notification.win32': Not used on non-Windows systems
[2.919s] INFO:colcon.colcon_notification.desktop_notification:Sending desktop notification using 'notify2'
[2.919s] DEBUG:colcon.colcon_notification.desktop_notification.notify2:Failed to initialize notify2: org.freedesktop.DBus.Error.ServiceUnknown: The name org.freedesktop.Notifications was not provided by any .service files
[2.920s] DEBUG:colcon.colcon_core.event_reactor:joined thread
[2.920s] INFO:colcon.colcon_core.shell:Creating prefix script '/home/jack/project_ws/install/local_setup.ps1'
[2.920s] INFO:colcon.colcon_core.shell:Creating prefix util module '/home/jack/project_ws/install/_local_setup_util_ps1.py'
[2.921s] INFO:colcon.colcon_core.shell:Creating prefix chain script '/home/jack/project_ws/install/setup.ps1'
[2.922s] INFO:colcon.colcon_core.shell:Creating prefix script '/home/jack/project_ws/install/local_setup.sh'
[2.922s] INFO:colcon.colcon_core.shell:Creating prefix util module '/home/jack/project_ws/install/_local_setup_util_sh.py'
[2.923s] INFO:colcon.colcon_core.shell:Creating prefix chain script '/home/jack/project_ws/install/setup.sh'
[2.923s] INFO:colcon.colcon_core.shell:Creating prefix script '/home/jack/project_ws/install/local_setup.bash'
[2.923s] INFO:colcon.colcon_core.shell:Creating prefix chain script '/home/jack/project_ws/install/setup.bash'
[2.924s] INFO:colcon.colcon_core.shell:Creating prefix script '/home/jack/project_ws/install/local_setup.zsh'
[2.924s] INFO:colcon.colcon_core.shell:Creating prefix chain script '/home/jack/project_ws/install/setup.zsh'
