[0.227s] DEBUG:colcon:Command line arguments: ['/usr/bin/colcon', 'build', '--packages-select', 'doosan_m0609_controller']
[0.227s] DEBUG:colcon:Parsed command line arguments: Namespace(log_base=None, log_level=None, verb_name='build', build_base='build', install_base='install', merge_install=False, symlink_install=False, test_result_base=None, continue_on_error=False, executor='parallel', parallel_workers=8, event_handlers=None, ignore_user_meta=False, metas=['./colcon.meta'], base_paths=['.'], packages_ignore=None, packages_ignore_regex=None, paths=None, packages_up_to=None, packages_up_to_regex=None, packages_above=None, packages_above_and_dependencies=None, packages_above_depth=None, packages_select_by_dep=None, packages_skip_by_dep=None, packages_skip_up_to=None, packages_select_build_failed=False, packages_skip_build_finished=False, packages_select_test_failures=False, packages_skip_test_passed=False, packages_select=['doosan_m0609_controller'], packages_skip=None, packages_select_regex=None, packages_skip_regex=None, packages_start=None, packages_end=None, allow_overriding=[], cmake_args=None, cmake_target=None, cmake_target_skip_unavailable=False, cmake_clean_cache=False, cmake_clean_first=False, cmake_force_configure=False, ament_cmake_args=None, catkin_cmake_args=None, catkin_skip_building_tests=False, verb_parser=<colcon_defaults.argument_parser.defaults.DefaultArgumentsDecorator object at 0x7a2654975300>, verb_extension=<colcon_core.verb.build.BuildVerb object at 0x7a2654afee30>, main=<bound method BuildVerb.main of <colcon_core.verb.build.BuildVerb object at 0x7a2654afee30>>)
[0.365s] Level 1:colcon.colcon_core.package_discovery:discover_packages(colcon_meta) check parameters
[0.365s] Level 1:colcon.colcon_core.package_discovery:discover_packages(recursive) check parameters
[0.365s] Level 1:colcon.colcon_core.package_discovery:discover_packages(ignore) check parameters
[0.365s] Level 1:colcon.colcon_core.package_discovery:discover_packages(path) check parameters
[0.365s] Level 1:colcon.colcon_core.package_discovery:discover_packages(colcon_meta) discover
[0.365s] Level 1:colcon.colcon_core.package_discovery:discover_packages(recursive) discover
[0.365s] INFO:colcon.colcon_core.package_discovery:Crawling recursively for packages in '/home/jaeho/project_ws'
[0.366s] Level 1:colcon.colcon_core.package_identification:_identify(.) by extensions ['ignore', 'ignore_ament_install']
[0.366s] Level 1:colcon.colcon_core.package_identification:_identify(.) by extension 'ignore'
[0.366s] Level 1:colcon.colcon_core.package_identification:_identify(.) by extension 'ignore_ament_install'
[0.366s] Level 1:colcon.colcon_core.package_identification:_identify(.) by extensions ['colcon_pkg']
[0.366s] Level 1:colcon.colcon_core.package_identification:_identify(.) by extension 'colcon_pkg'
[0.366s] Level 1:colcon.colcon_core.package_identification:_identify(.) by extensions ['colcon_meta']
[0.366s] Level 1:colcon.colcon_core.package_identification:_identify(.) by extension 'colcon_meta'
[0.366s] Level 1:colcon.colcon_core.package_identification:_identify(.) by extensions ['ros']
[0.366s] Level 1:colcon.colcon_core.package_identification:_identify(.) by extension 'ros'
[0.386s] Level 1:colcon.colcon_core.package_identification:_identify(.) by extensions ['cmake', 'python']
[0.386s] Level 1:colcon.colcon_core.package_identification:_identify(.) by extension 'cmake'
[0.386s] Level 1:colcon.colcon_core.package_identification:_identify(.) by extension 'python'
[0.386s] Level 1:colcon.colcon_core.package_identification:_identify(.) by extensions ['python_setup_py']
[0.386s] Level 1:colcon.colcon_core.package_identification:_identify(.) by extension 'python_setup_py'
[0.386s] Level 1:colcon.colcon_core.package_identification:_identify(build) by extensions ['ignore', 'ignore_ament_install']
[0.386s] Level 1:colcon.colcon_core.package_identification:_identify(build) by extension 'ignore'
[0.386s] Level 1:colcon.colcon_core.package_identification:_identify(build) ignored
[0.386s] Level 1:colcon.colcon_core.package_identification:_identify(development) by extensions ['ignore', 'ignore_ament_install']
[0.386s] Level 1:colcon.colcon_core.package_identification:_identify(development) by extension 'ignore'
[0.387s] Level 1:colcon.colcon_core.package_identification:_identify(development) by extension 'ignore_ament_install'
[0.387s] Level 1:colcon.colcon_core.package_identification:_identify(development) by extensions ['colcon_pkg']
[0.387s] Level 1:colcon.colcon_core.package_identification:_identify(development) by extension 'colcon_pkg'
[0.387s] Level 1:colcon.colcon_core.package_identification:_identify(development) by extensions ['colcon_meta']
[0.387s] Level 1:colcon.colcon_core.package_identification:_identify(development) by extension 'colcon_meta'
[0.387s] Level 1:colcon.colcon_core.package_identification:_identify(development) by extensions ['ros']
[0.387s] Level 1:colcon.colcon_core.package_identification:_identify(development) by extension 'ros'
[0.387s] Level 1:colcon.colcon_core.package_identification:_identify(development) by extensions ['cmake', 'python']
[0.387s] Level 1:colcon.colcon_core.package_identification:_identify(development) by extension 'cmake'
[0.387s] Level 1:colcon.colcon_core.package_identification:_identify(development) by extension 'python'
[0.387s] Level 1:colcon.colcon_core.package_identification:_identify(development) by extensions ['python_setup_py']
[0.387s] Level 1:colcon.colcon_core.package_identification:_identify(development) by extension 'python_setup_py'
[0.387s] Level 1:colcon.colcon_core.package_identification:_identify(development/scripts) by extensions ['ignore', 'ignore_ament_install']
[0.387s] Level 1:colcon.colcon_core.package_identification:_identify(development/scripts) by extension 'ignore'
[0.387s] Level 1:colcon.colcon_core.package_identification:_identify(development/scripts) by extension 'ignore_ament_install'
[0.387s] Level 1:colcon.colcon_core.package_identification:_identify(development/scripts) by extensions ['colcon_pkg']
[0.387s] Level 1:colcon.colcon_core.package_identification:_identify(development/scripts) by extension 'colcon_pkg'
[0.387s] Level 1:colcon.colcon_core.package_identification:_identify(development/scripts) by extensions ['colcon_meta']
[0.387s] Level 1:colcon.colcon_core.package_identification:_identify(development/scripts) by extension 'colcon_meta'
[0.387s] Level 1:colcon.colcon_core.package_identification:_identify(development/scripts) by extensions ['ros']
[0.387s] Level 1:colcon.colcon_core.package_identification:_identify(development/scripts) by extension 'ros'
[0.387s] Level 1:colcon.colcon_core.package_identification:_identify(development/scripts) by extensions ['cmake', 'python']
[0.387s] Level 1:colcon.colcon_core.package_identification:_identify(development/scripts) by extension 'cmake'
[0.387s] Level 1:colcon.colcon_core.package_identification:_identify(development/scripts) by extension 'python'
[0.387s] Level 1:colcon.colcon_core.package_identification:_identify(development/scripts) by extensions ['python_setup_py']
[0.387s] Level 1:colcon.colcon_core.package_identification:_identify(development/scripts) by extension 'python_setup_py'
[0.387s] Level 1:colcon.colcon_core.package_identification:_identify(install) by extensions ['ignore', 'ignore_ament_install']
[0.387s] Level 1:colcon.colcon_core.package_identification:_identify(install) by extension 'ignore'
[0.387s] Level 1:colcon.colcon_core.package_identification:_identify(install) ignored
[0.387s] Level 1:colcon.colcon_core.package_identification:_identify(log) by extensions ['ignore', 'ignore_ament_install']
[0.388s] Level 1:colcon.colcon_core.package_identification:_identify(log) by extension 'ignore'
[0.388s] Level 1:colcon.colcon_core.package_identification:_identify(log) ignored
[0.388s] Level 1:colcon.colcon_core.package_identification:_identify(src) by extensions ['ignore', 'ignore_ament_install']
[0.388s] Level 1:colcon.colcon_core.package_identification:_identify(src) by extension 'ignore'
[0.388s] Level 1:colcon.colcon_core.package_identification:_identify(src) by extension 'ignore_ament_install'
[0.388s] Level 1:colcon.colcon_core.package_identification:_identify(src) by extensions ['colcon_pkg']
[0.388s] Level 1:colcon.colcon_core.package_identification:_identify(src) by extension 'colcon_pkg'
[0.388s] Level 1:colcon.colcon_core.package_identification:_identify(src) by extensions ['colcon_meta']
[0.388s] Level 1:colcon.colcon_core.package_identification:_identify(src) by extension 'colcon_meta'
[0.388s] Level 1:colcon.colcon_core.package_identification:_identify(src) by extensions ['ros']
[0.388s] Level 1:colcon.colcon_core.package_identification:_identify(src) by extension 'ros'
[0.388s] Level 1:colcon.colcon_core.package_identification:_identify(src) by extensions ['cmake', 'python']
[0.388s] Level 1:colcon.colcon_core.package_identification:_identify(src) by extension 'cmake'
[0.388s] Level 1:colcon.colcon_core.package_identification:_identify(src) by extension 'python'
[0.388s] Level 1:colcon.colcon_core.package_identification:_identify(src) by extensions ['python_setup_py']
[0.388s] Level 1:colcon.colcon_core.package_identification:_identify(src) by extension 'python_setup_py'
[0.388s] Level 1:colcon.colcon_core.package_identification:_identify(src/arduino_loadcell_interface) by extensions ['ignore', 'ignore_ament_install']
[0.388s] Level 1:colcon.colcon_core.package_identification:_identify(src/arduino_loadcell_interface) by extension 'ignore'
[0.388s] Level 1:colcon.colcon_core.package_identification:_identify(src/arduino_loadcell_interface) by extension 'ignore_ament_install'
[0.388s] Level 1:colcon.colcon_core.package_identification:_identify(src/arduino_loadcell_interface) by extensions ['colcon_pkg']
[0.388s] Level 1:colcon.colcon_core.package_identification:_identify(src/arduino_loadcell_interface) by extension 'colcon_pkg'
[0.388s] Level 1:colcon.colcon_core.package_identification:_identify(src/arduino_loadcell_interface) by extensions ['colcon_meta']
[0.388s] Level 1:colcon.colcon_core.package_identification:_identify(src/arduino_loadcell_interface) by extension 'colcon_meta'
[0.388s] Level 1:colcon.colcon_core.package_identification:_identify(src/arduino_loadcell_interface) by extensions ['ros']
[0.388s] Level 1:colcon.colcon_core.package_identification:_identify(src/arduino_loadcell_interface) by extension 'ros'
[0.390s] DEBUG:colcon.colcon_core.package_identification:Package 'src/arduino_loadcell_interface' with type 'ros.ament_python' and name 'arduino_loadcell_interface'
[0.390s] Level 1:colcon.colcon_core.package_identification:_identify(src/chemistry_experiment_manager) by extensions ['ignore', 'ignore_ament_install']
[0.390s] Level 1:colcon.colcon_core.package_identification:_identify(src/chemistry_experiment_manager) by extension 'ignore'
[0.390s] Level 1:colcon.colcon_core.package_identification:_identify(src/chemistry_experiment_manager) by extension 'ignore_ament_install'
[0.390s] Level 1:colcon.colcon_core.package_identification:_identify(src/chemistry_experiment_manager) by extensions ['colcon_pkg']
[0.390s] Level 1:colcon.colcon_core.package_identification:_identify(src/chemistry_experiment_manager) by extension 'colcon_pkg'
[0.390s] Level 1:colcon.colcon_core.package_identification:_identify(src/chemistry_experiment_manager) by extensions ['colcon_meta']
[0.390s] Level 1:colcon.colcon_core.package_identification:_identify(src/chemistry_experiment_manager) by extension 'colcon_meta'
[0.390s] Level 1:colcon.colcon_core.package_identification:_identify(src/chemistry_experiment_manager) by extensions ['ros']
[0.391s] Level 1:colcon.colcon_core.package_identification:_identify(src/chemistry_experiment_manager) by extension 'ros'
[0.391s] DEBUG:colcon.colcon_core.package_identification:Package 'src/chemistry_experiment_manager' with type 'ros.ament_python' and name 'chemistry_experiment_manager'
[0.391s] Level 1:colcon.colcon_core.package_identification:_identify(src/doosan_m0609_bringup) by extensions ['ignore', 'ignore_ament_install']
[0.391s] Level 1:colcon.colcon_core.package_identification:_identify(src/doosan_m0609_bringup) by extension 'ignore'
[0.391s] Level 1:colcon.colcon_core.package_identification:_identify(src/doosan_m0609_bringup) by extension 'ignore_ament_install'
[0.391s] Level 1:colcon.colcon_core.package_identification:_identify(src/doosan_m0609_bringup) by extensions ['colcon_pkg']
[0.391s] Level 1:colcon.colcon_core.package_identification:_identify(src/doosan_m0609_bringup) by extension 'colcon_pkg'
[0.391s] Level 1:colcon.colcon_core.package_identification:_identify(src/doosan_m0609_bringup) by extensions ['colcon_meta']
[0.391s] Level 1:colcon.colcon_core.package_identification:_identify(src/doosan_m0609_bringup) by extension 'colcon_meta'
[0.391s] Level 1:colcon.colcon_core.package_identification:_identify(src/doosan_m0609_bringup) by extensions ['ros']
[0.391s] Level 1:colcon.colcon_core.package_identification:_identify(src/doosan_m0609_bringup) by extension 'ros'
[0.392s] DEBUG:colcon.colcon_core.package_identification:Package 'src/doosan_m0609_bringup' with type 'ros.ament_python' and name 'doosan_m0609_bringup'
[0.392s] Level 1:colcon.colcon_core.package_identification:_identify(src/doosan_m0609_controller) by extensions ['ignore', 'ignore_ament_install']
[0.392s] Level 1:colcon.colcon_core.package_identification:_identify(src/doosan_m0609_controller) by extension 'ignore'
[0.392s] Level 1:colcon.colcon_core.package_identification:_identify(src/doosan_m0609_controller) by extension 'ignore_ament_install'
[0.392s] Level 1:colcon.colcon_core.package_identification:_identify(src/doosan_m0609_controller) by extensions ['colcon_pkg']
[0.392s] Level 1:colcon.colcon_core.package_identification:_identify(src/doosan_m0609_controller) by extension 'colcon_pkg'
[0.392s] Level 1:colcon.colcon_core.package_identification:_identify(src/doosan_m0609_controller) by extensions ['colcon_meta']
[0.392s] Level 1:colcon.colcon_core.package_identification:_identify(src/doosan_m0609_controller) by extension 'colcon_meta'
[0.392s] Level 1:colcon.colcon_core.package_identification:_identify(src/doosan_m0609_controller) by extensions ['ros']
[0.392s] Level 1:colcon.colcon_core.package_identification:_identify(src/doosan_m0609_controller) by extension 'ros'
[0.394s] DEBUG:colcon.colcon_core.package_identification:Package 'src/doosan_m0609_controller' with type 'ros.ament_cmake' and name 'doosan_m0609_controller'
[0.394s] Level 1:colcon.colcon_core.package_identification:_identify(src/doosan_m0609_description) by extensions ['ignore', 'ignore_ament_install']
[0.394s] Level 1:colcon.colcon_core.package_identification:_identify(src/doosan_m0609_description) by extension 'ignore'
[0.394s] Level 1:colcon.colcon_core.package_identification:_identify(src/doosan_m0609_description) by extension 'ignore_ament_install'
[0.394s] Level 1:colcon.colcon_core.package_identification:_identify(src/doosan_m0609_description) by extensions ['colcon_pkg']
[0.394s] Level 1:colcon.colcon_core.package_identification:_identify(src/doosan_m0609_description) by extension 'colcon_pkg'
[0.394s] Level 1:colcon.colcon_core.package_identification:_identify(src/doosan_m0609_description) by extensions ['colcon_meta']
[0.394s] Level 1:colcon.colcon_core.package_identification:_identify(src/doosan_m0609_description) by extension 'colcon_meta'
[0.394s] Level 1:colcon.colcon_core.package_identification:_identify(src/doosan_m0609_description) by extensions ['ros']
[0.394s] Level 1:colcon.colcon_core.package_identification:_identify(src/doosan_m0609_description) by extension 'ros'
[0.395s] DEBUG:colcon.colcon_core.package_identification:Package 'src/doosan_m0609_description' with type 'ros.ament_cmake' and name 'doosan_m0609_description'
[0.395s] Level 1:colcon.colcon_core.package_identification:_identify(src/doosan_m0609_hardware) by extensions ['ignore', 'ignore_ament_install']
[0.395s] Level 1:colcon.colcon_core.package_identification:_identify(src/doosan_m0609_hardware) by extension 'ignore'
[0.395s] Level 1:colcon.colcon_core.package_identification:_identify(src/doosan_m0609_hardware) by extension 'ignore_ament_install'
[0.395s] Level 1:colcon.colcon_core.package_identification:_identify(src/doosan_m0609_hardware) by extensions ['colcon_pkg']
[0.395s] Level 1:colcon.colcon_core.package_identification:_identify(src/doosan_m0609_hardware) by extension 'colcon_pkg'
[0.395s] Level 1:colcon.colcon_core.package_identification:_identify(src/doosan_m0609_hardware) by extensions ['colcon_meta']
[0.395s] Level 1:colcon.colcon_core.package_identification:_identify(src/doosan_m0609_hardware) by extension 'colcon_meta'
[0.395s] Level 1:colcon.colcon_core.package_identification:_identify(src/doosan_m0609_hardware) by extensions ['ros']
[0.395s] Level 1:colcon.colcon_core.package_identification:_identify(src/doosan_m0609_hardware) by extension 'ros'
[0.396s] DEBUG:colcon.colcon_core.package_identification:Package 'src/doosan_m0609_hardware' with type 'ros.ament_cmake' and name 'doosan_m0609_hardware'
[0.396s] Level 1:colcon.colcon_core.package_identification:_identify(src/doosan_m0609_msgs) by extensions ['ignore', 'ignore_ament_install']
[0.396s] Level 1:colcon.colcon_core.package_identification:_identify(src/doosan_m0609_msgs) by extension 'ignore'
[0.396s] Level 1:colcon.colcon_core.package_identification:_identify(src/doosan_m0609_msgs) by extension 'ignore_ament_install'
[0.396s] Level 1:colcon.colcon_core.package_identification:_identify(src/doosan_m0609_msgs) by extensions ['colcon_pkg']
[0.396s] Level 1:colcon.colcon_core.package_identification:_identify(src/doosan_m0609_msgs) by extension 'colcon_pkg'
[0.396s] Level 1:colcon.colcon_core.package_identification:_identify(src/doosan_m0609_msgs) by extensions ['colcon_meta']
[0.396s] Level 1:colcon.colcon_core.package_identification:_identify(src/doosan_m0609_msgs) by extension 'colcon_meta'
[0.396s] Level 1:colcon.colcon_core.package_identification:_identify(src/doosan_m0609_msgs) by extensions ['ros']
[0.397s] Level 1:colcon.colcon_core.package_identification:_identify(src/doosan_m0609_msgs) by extension 'ros'
[0.397s] DEBUG:colcon.colcon_core.package_identification:Package 'src/doosan_m0609_msgs' with type 'ros.ament_cmake' and name 'doosan_m0609_msgs'
[0.397s] Level 1:colcon.colcon_core.package_identification:_identify(src/dsr_common2) by extensions ['ignore', 'ignore_ament_install']
[0.397s] Level 1:colcon.colcon_core.package_identification:_identify(src/dsr_common2) by extension 'ignore'
[0.397s] Level 1:colcon.colcon_core.package_identification:_identify(src/dsr_common2) by extension 'ignore_ament_install'
[0.397s] Level 1:colcon.colcon_core.package_identification:_identify(src/dsr_common2) by extensions ['colcon_pkg']
[0.397s] Level 1:colcon.colcon_core.package_identification:_identify(src/dsr_common2) by extension 'colcon_pkg'
[0.397s] Level 1:colcon.colcon_core.package_identification:_identify(src/dsr_common2) by extensions ['colcon_meta']
[0.397s] Level 1:colcon.colcon_core.package_identification:_identify(src/dsr_common2) by extension 'colcon_meta'
[0.398s] Level 1:colcon.colcon_core.package_identification:_identify(src/dsr_common2) by extensions ['ros']
[0.398s] Level 1:colcon.colcon_core.package_identification:_identify(src/dsr_common2) by extension 'ros'
[0.398s] DEBUG:colcon.colcon_core.package_identification:Package 'src/dsr_common2' with type 'ros.ament_cmake' and name 'dsr_common2'
[0.398s] Level 1:colcon.colcon_core.package_identification:_identify(src/precision_liquid_pouring) by extensions ['ignore', 'ignore_ament_install']
[0.398s] Level 1:colcon.colcon_core.package_identification:_identify(src/precision_liquid_pouring) by extension 'ignore'
[0.398s] Level 1:colcon.colcon_core.package_identification:_identify(src/precision_liquid_pouring) by extension 'ignore_ament_install'
[0.398s] Level 1:colcon.colcon_core.package_identification:_identify(src/precision_liquid_pouring) by extensions ['colcon_pkg']
[0.398s] Level 1:colcon.colcon_core.package_identification:_identify(src/precision_liquid_pouring) by extension 'colcon_pkg'
[0.398s] Level 1:colcon.colcon_core.package_identification:_identify(src/precision_liquid_pouring) by extensions ['colcon_meta']
[0.398s] Level 1:colcon.colcon_core.package_identification:_identify(src/precision_liquid_pouring) by extension 'colcon_meta'
[0.398s] Level 1:colcon.colcon_core.package_identification:_identify(src/precision_liquid_pouring) by extensions ['ros']
[0.398s] Level 1:colcon.colcon_core.package_identification:_identify(src/precision_liquid_pouring) by extension 'ros'
[0.399s] DEBUG:colcon.colcon_core.package_identification:Package 'src/precision_liquid_pouring' with type 'ros.ament_python' and name 'precision_liquid_pouring'
[0.399s] Level 1:colcon.colcon_core.package_identification:_identify(src/sugar_water_experiment) by extensions ['ignore', 'ignore_ament_install']
[0.399s] Level 1:colcon.colcon_core.package_identification:_identify(src/sugar_water_experiment) by extension 'ignore'
[0.399s] Level 1:colcon.colcon_core.package_identification:_identify(src/sugar_water_experiment) by extension 'ignore_ament_install'
[0.399s] Level 1:colcon.colcon_core.package_identification:_identify(src/sugar_water_experiment) by extensions ['colcon_pkg']
[0.399s] Level 1:colcon.colcon_core.package_identification:_identify(src/sugar_water_experiment) by extension 'colcon_pkg'
[0.399s] Level 1:colcon.colcon_core.package_identification:_identify(src/sugar_water_experiment) by extensions ['colcon_meta']
[0.399s] Level 1:colcon.colcon_core.package_identification:_identify(src/sugar_water_experiment) by extension 'colcon_meta'
[0.399s] Level 1:colcon.colcon_core.package_identification:_identify(src/sugar_water_experiment) by extensions ['ros']
[0.399s] Level 1:colcon.colcon_core.package_identification:_identify(src/sugar_water_experiment) by extension 'ros'
[0.399s] DEBUG:colcon.colcon_core.package_identification:Package 'src/sugar_water_experiment' with type 'ros.ament_cmake' and name 'sugar_water_experiment'
[0.399s] Level 1:colcon.colcon_core.package_discovery:discover_packages(recursive) using defaults
[0.400s] Level 1:colcon.colcon_core.package_discovery:discover_packages(ignore) discover
[0.400s] Level 1:colcon.colcon_core.package_discovery:discover_packages(ignore) using defaults
[0.400s] Level 1:colcon.colcon_core.package_discovery:discover_packages(path) discover
[0.400s] Level 1:colcon.colcon_core.package_discovery:discover_packages(path) using defaults
[0.416s] INFO:colcon.colcon_core.package_selection:Skipping not selected package 'arduino_loadcell_interface' in 'src/arduino_loadcell_interface'
[0.416s] INFO:colcon.colcon_core.package_selection:Skipping not selected package 'chemistry_experiment_manager' in 'src/chemistry_experiment_manager'
[0.416s] INFO:colcon.colcon_core.package_selection:Skipping not selected package 'doosan_m0609_description' in 'src/doosan_m0609_description'
[0.416s] INFO:colcon.colcon_core.package_selection:Skipping not selected package 'doosan_m0609_msgs' in 'src/doosan_m0609_msgs'
[0.416s] INFO:colcon.colcon_core.package_selection:Skipping not selected package 'dsr_common2' in 'src/dsr_common2'
[0.416s] INFO:colcon.colcon_core.package_selection:Skipping not selected package 'precision_liquid_pouring' in 'src/precision_liquid_pouring'
[0.416s] INFO:colcon.colcon_core.package_selection:Skipping not selected package 'sugar_water_experiment' in 'src/sugar_water_experiment'
[0.416s] INFO:colcon.colcon_core.package_selection:Skipping not selected package 'doosan_m0609_bringup' in 'src/doosan_m0609_bringup'
[0.416s] INFO:colcon.colcon_core.package_selection:Skipping not selected package 'doosan_m0609_hardware' in 'src/doosan_m0609_hardware'
[0.417s] Level 1:colcon.colcon_core.package_discovery:discover_packages(prefix_path) check parameters
[0.417s] Level 1:colcon.colcon_core.package_discovery:discover_packages(prefix_path) discover
[0.418s] DEBUG:colcon.colcon_installed_package_information.package_discovery:Found 9 installed packages in /home/jaeho/project_ws/install
[0.419s] DEBUG:colcon.colcon_installed_package_information.package_discovery:Found 381 installed packages in /opt/ros/humble
[0.421s] Level 1:colcon.colcon_core.package_discovery:discover_packages(prefix_path) using defaults
[0.454s] Level 5:colcon.colcon_core.verb:set package 'doosan_m0609_controller' build argument 'cmake_args' from command line to 'None'
[0.454s] Level 5:colcon.colcon_core.verb:set package 'doosan_m0609_controller' build argument 'cmake_target' from command line to 'None'
[0.454s] Level 5:colcon.colcon_core.verb:set package 'doosan_m0609_controller' build argument 'cmake_target_skip_unavailable' from command line to 'False'
[0.454s] Level 5:colcon.colcon_core.verb:set package 'doosan_m0609_controller' build argument 'cmake_clean_cache' from command line to 'False'
[0.454s] Level 5:colcon.colcon_core.verb:set package 'doosan_m0609_controller' build argument 'cmake_clean_first' from command line to 'False'
[0.455s] Level 5:colcon.colcon_core.verb:set package 'doosan_m0609_controller' build argument 'cmake_force_configure' from command line to 'False'
[0.455s] Level 5:colcon.colcon_core.verb:set package 'doosan_m0609_controller' build argument 'ament_cmake_args' from command line to 'None'
[0.455s] Level 5:colcon.colcon_core.verb:set package 'doosan_m0609_controller' build argument 'catkin_cmake_args' from command line to 'None'
[0.455s] Level 5:colcon.colcon_core.verb:set package 'doosan_m0609_controller' build argument 'catkin_skip_building_tests' from command line to 'False'
[0.455s] DEBUG:colcon.colcon_core.verb:Building package 'doosan_m0609_controller' with the following arguments: {'ament_cmake_args': None, 'build_base': '/home/jaeho/project_ws/build/doosan_m0609_controller', 'catkin_cmake_args': None, 'catkin_skip_building_tests': False, 'cmake_args': None, 'cmake_clean_cache': False, 'cmake_clean_first': False, 'cmake_force_configure': False, 'cmake_target': None, 'cmake_target_skip_unavailable': False, 'install_base': '/home/jaeho/project_ws/install/doosan_m0609_controller', 'merge_install': False, 'path': '/home/jaeho/project_ws/src/doosan_m0609_controller', 'symlink_install': False, 'test_result_base': None}
[0.455s] INFO:colcon.colcon_core.executor:Executing jobs using 'parallel' executor
[0.467s] DEBUG:colcon.colcon_parallel_executor.executor.parallel:run_until_complete
[0.467s] INFO:colcon.colcon_ros.task.ament_cmake.build:Building ROS package in '/home/jaeho/project_ws/src/doosan_m0609_controller' with build type 'ament_cmake'
[0.468s] INFO:colcon.colcon_cmake.task.cmake.build:Building CMake package in '/home/jaeho/project_ws/src/doosan_m0609_controller'
[0.470s] INFO:colcon.colcon_core.plugin_system:Skipping extension 'colcon_core.shell.bat': Not used on non-Windows systems
[0.470s] INFO:colcon.colcon_core.shell:Skip shell extension 'powershell' for command environment: Not usable outside of PowerShell
[0.470s] DEBUG:colcon.colcon_core.shell:Skip shell extension 'dsv' for command environment
[0.636s] DEBUG:colcon.colcon_core.event_handler.log_command:Invoking command in '/home/jaeho/project_ws/build/doosan_m0609_controller': CMAKE_PREFIX_PATH=/home/jaeho/project_ws/install/doosan_m0609_hardware:/home/jaeho/project_ws/install/doosan_m0609_msgs:/home/jaeho/project_ws/install/sugar_water_experiment:/home/jaeho/project_ws/install/doosan_m0609_description:/home/jaeho/project_ws/install/dsr_common2:/home/jaeho/project_ws/install/precision_liquid_pouring:/home/jaeho/project_ws/install/doosan_m0609_bringup:/home/jaeho/project_ws/install/chemistry_experiment_manager:/home/jaeho/project_ws/install/arduino_loadcell_interface:/opt/ros/humble LD_LIBRARY_PATH=/home/jaeho/project_ws/install/doosan_m0609_hardware/lib:/home/jaeho/project_ws/install/doosan_m0609_msgs/lib:/usr/lib/x86_64-linux-gnu/gazebo-11/plugins:/opt/ros/humble/opt/rviz_ogre_vendor/lib:/opt/ros/humble/lib/x86_64-linux-gnu:/opt/ros/humble/lib /usr/bin/cmake /home/jaeho/project_ws/src/doosan_m0609_controller -DCMAKE_INSTALL_PREFIX=/home/jaeho/project_ws/install/doosan_m0609_controller
[8.562s] DEBUG:colcon.colcon_core.event_handler.log_command:Invoked command in '/home/jaeho/project_ws/build/doosan_m0609_controller' returned '0': CMAKE_PREFIX_PATH=/home/jaeho/project_ws/install/doosan_m0609_hardware:/home/jaeho/project_ws/install/doosan_m0609_msgs:/home/jaeho/project_ws/install/sugar_water_experiment:/home/jaeho/project_ws/install/doosan_m0609_description:/home/jaeho/project_ws/install/dsr_common2:/home/jaeho/project_ws/install/precision_liquid_pouring:/home/jaeho/project_ws/install/doosan_m0609_bringup:/home/jaeho/project_ws/install/chemistry_experiment_manager:/home/jaeho/project_ws/install/arduino_loadcell_interface:/opt/ros/humble LD_LIBRARY_PATH=/home/jaeho/project_ws/install/doosan_m0609_hardware/lib:/home/jaeho/project_ws/install/doosan_m0609_msgs/lib:/usr/lib/x86_64-linux-gnu/gazebo-11/plugins:/opt/ros/humble/opt/rviz_ogre_vendor/lib:/opt/ros/humble/lib/x86_64-linux-gnu:/opt/ros/humble/lib /usr/bin/cmake /home/jaeho/project_ws/src/doosan_m0609_controller -DCMAKE_INSTALL_PREFIX=/home/jaeho/project_ws/install/doosan_m0609_controller
[8.563s] DEBUG:colcon.colcon_core.event_handler.log_command:Invoking command in '/home/jaeho/project_ws/build/doosan_m0609_controller': CMAKE_PREFIX_PATH=/home/jaeho/project_ws/install/doosan_m0609_hardware:/home/jaeho/project_ws/install/doosan_m0609_msgs:/home/jaeho/project_ws/install/sugar_water_experiment:/home/jaeho/project_ws/install/doosan_m0609_description:/home/jaeho/project_ws/install/dsr_common2:/home/jaeho/project_ws/install/precision_liquid_pouring:/home/jaeho/project_ws/install/doosan_m0609_bringup:/home/jaeho/project_ws/install/chemistry_experiment_manager:/home/jaeho/project_ws/install/arduino_loadcell_interface:/opt/ros/humble LD_LIBRARY_PATH=/home/jaeho/project_ws/install/doosan_m0609_hardware/lib:/home/jaeho/project_ws/install/doosan_m0609_msgs/lib:/usr/lib/x86_64-linux-gnu/gazebo-11/plugins:/opt/ros/humble/opt/rviz_ogre_vendor/lib:/opt/ros/humble/lib/x86_64-linux-gnu:/opt/ros/humble/lib /usr/bin/cmake --build /home/jaeho/project_ws/build/doosan_m0609_controller -- -j8 -l8
[19.359s] DEBUG:colcon.colcon_core.event_handler.log_command:Invoked command in '/home/jaeho/project_ws/build/doosan_m0609_controller' returned '0': CMAKE_PREFIX_PATH=/home/jaeho/project_ws/install/doosan_m0609_hardware:/home/jaeho/project_ws/install/doosan_m0609_msgs:/home/jaeho/project_ws/install/sugar_water_experiment:/home/jaeho/project_ws/install/doosan_m0609_description:/home/jaeho/project_ws/install/dsr_common2:/home/jaeho/project_ws/install/precision_liquid_pouring:/home/jaeho/project_ws/install/doosan_m0609_bringup:/home/jaeho/project_ws/install/chemistry_experiment_manager:/home/jaeho/project_ws/install/arduino_loadcell_interface:/opt/ros/humble LD_LIBRARY_PATH=/home/jaeho/project_ws/install/doosan_m0609_hardware/lib:/home/jaeho/project_ws/install/doosan_m0609_msgs/lib:/usr/lib/x86_64-linux-gnu/gazebo-11/plugins:/opt/ros/humble/opt/rviz_ogre_vendor/lib:/opt/ros/humble/lib/x86_64-linux-gnu:/opt/ros/humble/lib /usr/bin/cmake --build /home/jaeho/project_ws/build/doosan_m0609_controller -- -j8 -l8
[19.368s] DEBUG:colcon.colcon_core.event_handler.log_command:Invoking command in '/home/jaeho/project_ws/build/doosan_m0609_controller': CMAKE_PREFIX_PATH=/home/jaeho/project_ws/install/doosan_m0609_hardware:/home/jaeho/project_ws/install/doosan_m0609_msgs:/home/jaeho/project_ws/install/sugar_water_experiment:/home/jaeho/project_ws/install/doosan_m0609_description:/home/jaeho/project_ws/install/dsr_common2:/home/jaeho/project_ws/install/precision_liquid_pouring:/home/jaeho/project_ws/install/doosan_m0609_bringup:/home/jaeho/project_ws/install/chemistry_experiment_manager:/home/jaeho/project_ws/install/arduino_loadcell_interface:/opt/ros/humble LD_LIBRARY_PATH=/home/jaeho/project_ws/install/doosan_m0609_hardware/lib:/home/jaeho/project_ws/install/doosan_m0609_msgs/lib:/usr/lib/x86_64-linux-gnu/gazebo-11/plugins:/opt/ros/humble/opt/rviz_ogre_vendor/lib:/opt/ros/humble/lib/x86_64-linux-gnu:/opt/ros/humble/lib /usr/bin/cmake --install /home/jaeho/project_ws/build/doosan_m0609_controller
[19.404s] Level 1:colcon.colcon_core.environment:create_environment_scripts_only(doosan_m0609_controller)
[19.404s] DEBUG:colcon.colcon_core.event_handler.log_command:Invoked command in '/home/jaeho/project_ws/build/doosan_m0609_controller' returned '0': CMAKE_PREFIX_PATH=/home/jaeho/project_ws/install/doosan_m0609_hardware:/home/jaeho/project_ws/install/doosan_m0609_msgs:/home/jaeho/project_ws/install/sugar_water_experiment:/home/jaeho/project_ws/install/doosan_m0609_description:/home/jaeho/project_ws/install/dsr_common2:/home/jaeho/project_ws/install/precision_liquid_pouring:/home/jaeho/project_ws/install/doosan_m0609_bringup:/home/jaeho/project_ws/install/chemistry_experiment_manager:/home/jaeho/project_ws/install/arduino_loadcell_interface:/opt/ros/humble LD_LIBRARY_PATH=/home/jaeho/project_ws/install/doosan_m0609_hardware/lib:/home/jaeho/project_ws/install/doosan_m0609_msgs/lib:/usr/lib/x86_64-linux-gnu/gazebo-11/plugins:/opt/ros/humble/opt/rviz_ogre_vendor/lib:/opt/ros/humble/lib/x86_64-linux-gnu:/opt/ros/humble/lib /usr/bin/cmake --install /home/jaeho/project_ws/build/doosan_m0609_controller
[19.406s] Level 1:colcon.colcon_core.environment:checking '/home/jaeho/project_ws/install/doosan_m0609_controller' for CMake module files
[19.406s] Level 1:colcon.colcon_core.environment:checking '/home/jaeho/project_ws/install/doosan_m0609_controller' for CMake config files
[19.407s] Level 1:colcon.colcon_core.shell:create_environment_hook('doosan_m0609_controller', 'cmake_prefix_path')
[19.407s] INFO:colcon.colcon_core.shell:Creating environment hook '/home/jaeho/project_ws/install/doosan_m0609_controller/share/doosan_m0609_controller/hook/cmake_prefix_path.ps1'
[19.408s] INFO:colcon.colcon_core.shell:Creating environment descriptor '/home/jaeho/project_ws/install/doosan_m0609_controller/share/doosan_m0609_controller/hook/cmake_prefix_path.dsv'
[19.408s] INFO:colcon.colcon_core.shell:Creating environment hook '/home/jaeho/project_ws/install/doosan_m0609_controller/share/doosan_m0609_controller/hook/cmake_prefix_path.sh'
[19.409s] Level 1:colcon.colcon_core.environment:checking '/home/jaeho/project_ws/install/doosan_m0609_controller/lib'
[19.409s] Level 1:colcon.colcon_core.shell:create_environment_hook('doosan_m0609_controller', 'ld_library_path_lib')
[19.409s] INFO:colcon.colcon_core.shell:Creating environment hook '/home/jaeho/project_ws/install/doosan_m0609_controller/share/doosan_m0609_controller/hook/ld_library_path_lib.ps1'
[19.410s] INFO:colcon.colcon_core.shell:Creating environment descriptor '/home/jaeho/project_ws/install/doosan_m0609_controller/share/doosan_m0609_controller/hook/ld_library_path_lib.dsv'
[19.410s] INFO:colcon.colcon_core.shell:Creating environment hook '/home/jaeho/project_ws/install/doosan_m0609_controller/share/doosan_m0609_controller/hook/ld_library_path_lib.sh'
[19.410s] Level 1:colcon.colcon_core.environment:checking '/home/jaeho/project_ws/install/doosan_m0609_controller/bin'
[19.410s] Level 1:colcon.colcon_core.environment:checking '/home/jaeho/project_ws/install/doosan_m0609_controller/lib/pkgconfig/doosan_m0609_controller.pc'
[19.410s] Level 1:colcon.colcon_core.environment:checking '/home/jaeho/project_ws/install/doosan_m0609_controller/lib/python3.10/site-packages'
[19.410s] Level 1:colcon.colcon_core.environment:checking '/home/jaeho/project_ws/install/doosan_m0609_controller/bin'
[19.411s] INFO:colcon.colcon_core.shell:Creating package script '/home/jaeho/project_ws/install/doosan_m0609_controller/share/doosan_m0609_controller/package.ps1'
[19.411s] INFO:colcon.colcon_core.shell:Creating package descriptor '/home/jaeho/project_ws/install/doosan_m0609_controller/share/doosan_m0609_controller/package.dsv'
[19.412s] INFO:colcon.colcon_core.shell:Creating package script '/home/jaeho/project_ws/install/doosan_m0609_controller/share/doosan_m0609_controller/package.sh'
[19.413s] INFO:colcon.colcon_core.shell:Creating package script '/home/jaeho/project_ws/install/doosan_m0609_controller/share/doosan_m0609_controller/package.bash'
[19.414s] INFO:colcon.colcon_core.shell:Creating package script '/home/jaeho/project_ws/install/doosan_m0609_controller/share/doosan_m0609_controller/package.zsh'
[19.415s] Level 1:colcon.colcon_core.environment:create_file_with_runtime_dependencies(/home/jaeho/project_ws/install/doosan_m0609_controller/share/colcon-core/packages/doosan_m0609_controller)
[19.416s] Level 1:colcon.colcon_core.environment:create_environment_scripts_only(doosan_m0609_controller)
[19.416s] Level 1:colcon.colcon_core.environment:checking '/home/jaeho/project_ws/install/doosan_m0609_controller' for CMake module files
[19.417s] Level 1:colcon.colcon_core.environment:checking '/home/jaeho/project_ws/install/doosan_m0609_controller' for CMake config files
[19.417s] Level 1:colcon.colcon_core.shell:create_environment_hook('doosan_m0609_controller', 'cmake_prefix_path')
[19.417s] INFO:colcon.colcon_core.shell:Creating environment hook '/home/jaeho/project_ws/install/doosan_m0609_controller/share/doosan_m0609_controller/hook/cmake_prefix_path.ps1'
[19.417s] INFO:colcon.colcon_core.shell:Creating environment descriptor '/home/jaeho/project_ws/install/doosan_m0609_controller/share/doosan_m0609_controller/hook/cmake_prefix_path.dsv'
[19.418s] INFO:colcon.colcon_core.shell:Creating environment hook '/home/jaeho/project_ws/install/doosan_m0609_controller/share/doosan_m0609_controller/hook/cmake_prefix_path.sh'
[19.418s] Level 1:colcon.colcon_core.environment:checking '/home/jaeho/project_ws/install/doosan_m0609_controller/lib'
[19.418s] Level 1:colcon.colcon_core.shell:create_environment_hook('doosan_m0609_controller', 'ld_library_path_lib')
[19.418s] INFO:colcon.colcon_core.shell:Creating environment hook '/home/jaeho/project_ws/install/doosan_m0609_controller/share/doosan_m0609_controller/hook/ld_library_path_lib.ps1'
[19.419s] INFO:colcon.colcon_core.shell:Creating environment descriptor '/home/jaeho/project_ws/install/doosan_m0609_controller/share/doosan_m0609_controller/hook/ld_library_path_lib.dsv'
[19.419s] INFO:colcon.colcon_core.shell:Creating environment hook '/home/jaeho/project_ws/install/doosan_m0609_controller/share/doosan_m0609_controller/hook/ld_library_path_lib.sh'
[19.420s] Level 1:colcon.colcon_core.environment:checking '/home/jaeho/project_ws/install/doosan_m0609_controller/bin'
[19.420s] Level 1:colcon.colcon_core.environment:checking '/home/jaeho/project_ws/install/doosan_m0609_controller/lib/pkgconfig/doosan_m0609_controller.pc'
[19.420s] Level 1:colcon.colcon_core.environment:checking '/home/jaeho/project_ws/install/doosan_m0609_controller/lib/python3.10/site-packages'
[19.420s] Level 1:colcon.colcon_core.environment:checking '/home/jaeho/project_ws/install/doosan_m0609_controller/bin'
[19.420s] INFO:colcon.colcon_core.shell:Creating package script '/home/jaeho/project_ws/install/doosan_m0609_controller/share/doosan_m0609_controller/package.ps1'
[19.421s] INFO:colcon.colcon_core.shell:Creating package descriptor '/home/jaeho/project_ws/install/doosan_m0609_controller/share/doosan_m0609_controller/package.dsv'
[19.421s] INFO:colcon.colcon_core.shell:Creating package script '/home/jaeho/project_ws/install/doosan_m0609_controller/share/doosan_m0609_controller/package.sh'
[19.421s] INFO:colcon.colcon_core.shell:Creating package script '/home/jaeho/project_ws/install/doosan_m0609_controller/share/doosan_m0609_controller/package.bash'
[19.422s] INFO:colcon.colcon_core.shell:Creating package script '/home/jaeho/project_ws/install/doosan_m0609_controller/share/doosan_m0609_controller/package.zsh'
[19.422s] Level 1:colcon.colcon_core.environment:create_file_with_runtime_dependencies(/home/jaeho/project_ws/install/doosan_m0609_controller/share/colcon-core/packages/doosan_m0609_controller)
[19.422s] DEBUG:colcon.colcon_parallel_executor.executor.parallel:closing loop
[19.423s] DEBUG:colcon.colcon_parallel_executor.executor.parallel:loop closed
[19.423s] DEBUG:colcon.colcon_parallel_executor.executor.parallel:run_until_complete finished with '0'
[19.423s] DEBUG:colcon.colcon_core.event_reactor:joining thread
[19.470s] INFO:colcon.colcon_core.plugin_system:Skipping extension 'colcon_notification.desktop_notification.notify_send': Could not find 'notify-send'
[19.470s] INFO:colcon.colcon_core.plugin_system:Skipping extension 'colcon_notification.desktop_notification.terminal_notifier': Not used on non-Darwin systems
[19.470s] INFO:colcon.colcon_core.plugin_system:Skipping extension 'colcon_notification.desktop_notification.win32': Not used on non-Windows systems
[19.470s] INFO:colcon.colcon_notification.desktop_notification:Sending desktop notification using 'notify2'
[19.471s] DEBUG:colcon.colcon_notification.desktop_notification.notify2:Failed to initialize notify2: org.freedesktop.DBus.Error.ServiceUnknown: The name org.freedesktop.Notifications was not provided by any .service files
[19.471s] DEBUG:colcon.colcon_core.event_reactor:joined thread
[19.472s] INFO:colcon.colcon_core.shell:Creating prefix script '/home/jaeho/project_ws/install/local_setup.ps1'
[19.473s] INFO:colcon.colcon_core.shell:Creating prefix util module '/home/jaeho/project_ws/install/_local_setup_util_ps1.py'
[19.474s] INFO:colcon.colcon_core.shell:Creating prefix chain script '/home/jaeho/project_ws/install/setup.ps1'
[19.475s] INFO:colcon.colcon_core.shell:Creating prefix script '/home/jaeho/project_ws/install/local_setup.sh'
[19.475s] INFO:colcon.colcon_core.shell:Creating prefix util module '/home/jaeho/project_ws/install/_local_setup_util_sh.py'
[19.476s] INFO:colcon.colcon_core.shell:Creating prefix chain script '/home/jaeho/project_ws/install/setup.sh'
[19.477s] INFO:colcon.colcon_core.shell:Creating prefix script '/home/jaeho/project_ws/install/local_setup.bash'
[19.477s] INFO:colcon.colcon_core.shell:Creating prefix chain script '/home/jaeho/project_ws/install/setup.bash'
[19.478s] INFO:colcon.colcon_core.shell:Creating prefix script '/home/jaeho/project_ws/install/local_setup.zsh'
[19.478s] INFO:colcon.colcon_core.shell:Creating prefix chain script '/home/jaeho/project_ws/install/setup.zsh'
