[0.858s] Invoking command in '/home/jack/project_ws/src/doosan_m0609_bringup': CMAKE_PREFIX_PATH=/home/jack/project_ws/install/doosan_m0609_msgs:/home/jack/project_ws/install/dsr_common2:/home/jack/project_ws/install/doosan_m0609_hardware:/opt/ros/humble LD_LIBRARY_PATH=/home/jack/project_ws/install/doosan_m0609_msgs/lib:/home/jack/project_ws/install/doosan_m0609_hardware/lib:/usr/local/lib:/usr/lib/x86_64-linux-gnu/gazebo-11/plugins:/opt/ros/humble/opt/rviz_ogre_vendor/lib:/opt/ros/humble/lib/x86_64-linux-gnu:/opt/ros/humble/lib PYTHONPATH=/home/jack/project_ws/build/doosan_m0609_bringup/prefix_override:/usr/lib/python3/dist-packages/colcon_core/task/python/colcon_distutils_commands:/home/jack/project_ws/install/doosan_m0609_bringup/lib/python3.10/site-packages:${PYTHONPATH} /usr/bin/python3 -W ignore:setup.py install is deprecated -W ignore:easy_install command is deprecated setup.py egg_info --egg-base ../../build/doosan_m0609_bringup build --build-base /home/jack/project_ws/build/doosan_m0609_bringup/build install --record /home/jack/project_ws/build/doosan_m0609_bringup/install.log --single-version-externally-managed install_data
[1.060s] running egg_info
[1.060s] creating ../../build/doosan_m0609_bringup/dsr_bringup2.egg-info
[1.060s] writing ../../build/doosan_m0609_bringup/dsr_bringup2.egg-info/PKG-INFO
[1.061s] writing dependency_links to ../../build/doosan_m0609_bringup/dsr_bringup2.egg-info/dependency_links.txt
[1.061s] writing entry points to ../../build/doosan_m0609_bringup/dsr_bringup2.egg-info/entry_points.txt
[1.061s] writing requirements to ../../build/doosan_m0609_bringup/dsr_bringup2.egg-info/requires.txt
[1.061s] writing top-level names to ../../build/doosan_m0609_bringup/dsr_bringup2.egg-info/top_level.txt
[1.061s] writing manifest file '../../build/doosan_m0609_bringup/dsr_bringup2.egg-info/SOURCES.txt'
[1.062s] reading manifest file '../../build/doosan_m0609_bringup/dsr_bringup2.egg-info/SOURCES.txt'
[1.063s] writing manifest file '../../build/doosan_m0609_bringup/dsr_bringup2.egg-info/SOURCES.txt'
[1.063s] running build
[1.063s] running build_py
[1.063s] creating /home/jack/project_ws/build/doosan_m0609_bringup/build
[1.064s] creating /home/jack/project_ws/build/doosan_m0609_bringup/build/lib
[1.064s] creating /home/jack/project_ws/build/doosan_m0609_bringup/build/lib/dsr_bringup2
[1.064s] copying dsr_bringup2/run_emulator.py -> /home/jack/project_ws/build/doosan_m0609_bringup/build/lib/dsr_bringup2
[1.064s] copying dsr_bringup2/dsr_mujoco_bridge.py -> /home/jack/project_ws/build/doosan_m0609_bringup/build/lib/dsr_bringup2
[1.065s] copying dsr_bringup2/gazebo_connection_pos.py -> /home/jack/project_ws/build/doosan_m0609_bringup/build/lib/dsr_bringup2
[1.065s] copying dsr_bringup2/setup.py -> /home/jack/project_ws/build/doosan_m0609_bringup/build/lib/dsr_bringup2
[1.065s] copying dsr_bringup2/gazebo_connection.py -> /home/jack/project_ws/build/doosan_m0609_bringup/build/lib/dsr_bringup2
[1.065s] copying dsr_bringup2/__init__.py -> /home/jack/project_ws/build/doosan_m0609_bringup/build/lib/dsr_bringup2
[1.065s] copying dsr_bringup2/moveit_connection.py -> /home/jack/project_ws/build/doosan_m0609_bringup/build/lib/dsr_bringup2
[1.066s] creating /home/jack/project_ws/build/doosan_m0609_bringup/build/lib/dsr_bringup2/dsr_bringup2
[1.066s] copying dsr_bringup2/dsr_bringup2/run_emulator.py -> /home/jack/project_ws/build/doosan_m0609_bringup/build/lib/dsr_bringup2/dsr_bringup2
[1.066s] copying dsr_bringup2/dsr_bringup2/dsr_mujoco_bridge.py -> /home/jack/project_ws/build/doosan_m0609_bringup/build/lib/dsr_bringup2/dsr_bringup2
[1.066s] copying dsr_bringup2/dsr_bringup2/gazebo_connection_pos.py -> /home/jack/project_ws/build/doosan_m0609_bringup/build/lib/dsr_bringup2/dsr_bringup2
[1.067s] copying dsr_bringup2/dsr_bringup2/gazebo_connection.py -> /home/jack/project_ws/build/doosan_m0609_bringup/build/lib/dsr_bringup2/dsr_bringup2
[1.067s] copying dsr_bringup2/dsr_bringup2/__init__.py -> /home/jack/project_ws/build/doosan_m0609_bringup/build/lib/dsr_bringup2/dsr_bringup2
[1.067s] copying dsr_bringup2/dsr_bringup2/moveit_connection.py -> /home/jack/project_ws/build/doosan_m0609_bringup/build/lib/dsr_bringup2/dsr_bringup2
[1.067s] running install
[1.068s] running install_lib
[1.068s] creating /home/jack/project_ws/install/doosan_m0609_bringup/lib/python3.10/site-packages/dsr_bringup2
[1.068s] copying /home/jack/project_ws/build/doosan_m0609_bringup/build/lib/dsr_bringup2/run_emulator.py -> /home/jack/project_ws/install/doosan_m0609_bringup/lib/python3.10/site-packages/dsr_bringup2
[1.069s] copying /home/jack/project_ws/build/doosan_m0609_bringup/build/lib/dsr_bringup2/dsr_mujoco_bridge.py -> /home/jack/project_ws/install/doosan_m0609_bringup/lib/python3.10/site-packages/dsr_bringup2
[1.069s] copying /home/jack/project_ws/build/doosan_m0609_bringup/build/lib/dsr_bringup2/gazebo_connection_pos.py -> /home/jack/project_ws/install/doosan_m0609_bringup/lib/python3.10/site-packages/dsr_bringup2
[1.069s] copying /home/jack/project_ws/build/doosan_m0609_bringup/build/lib/dsr_bringup2/setup.py -> /home/jack/project_ws/install/doosan_m0609_bringup/lib/python3.10/site-packages/dsr_bringup2
[1.069s] creating /home/jack/project_ws/install/doosan_m0609_bringup/lib/python3.10/site-packages/dsr_bringup2/dsr_bringup2
[1.069s] copying /home/jack/project_ws/build/doosan_m0609_bringup/build/lib/dsr_bringup2/dsr_bringup2/run_emulator.py -> /home/jack/project_ws/install/doosan_m0609_bringup/lib/python3.10/site-packages/dsr_bringup2/dsr_bringup2
[1.069s] copying /home/jack/project_ws/build/doosan_m0609_bringup/build/lib/dsr_bringup2/dsr_bringup2/dsr_mujoco_bridge.py -> /home/jack/project_ws/install/doosan_m0609_bringup/lib/python3.10/site-packages/dsr_bringup2/dsr_bringup2
[1.070s] copying /home/jack/project_ws/build/doosan_m0609_bringup/build/lib/dsr_bringup2/dsr_bringup2/gazebo_connection_pos.py -> /home/jack/project_ws/install/doosan_m0609_bringup/lib/python3.10/site-packages/dsr_bringup2/dsr_bringup2
[1.070s] copying /home/jack/project_ws/build/doosan_m0609_bringup/build/lib/dsr_bringup2/dsr_bringup2/gazebo_connection.py -> /home/jack/project_ws/install/doosan_m0609_bringup/lib/python3.10/site-packages/dsr_bringup2/dsr_bringup2
[1.070s] copying /home/jack/project_ws/build/doosan_m0609_bringup/build/lib/dsr_bringup2/dsr_bringup2/__init__.py -> /home/jack/project_ws/install/doosan_m0609_bringup/lib/python3.10/site-packages/dsr_bringup2/dsr_bringup2
[1.070s] copying /home/jack/project_ws/build/doosan_m0609_bringup/build/lib/dsr_bringup2/dsr_bringup2/moveit_connection.py -> /home/jack/project_ws/install/doosan_m0609_bringup/lib/python3.10/site-packages/dsr_bringup2/dsr_bringup2
[1.070s] copying /home/jack/project_ws/build/doosan_m0609_bringup/build/lib/dsr_bringup2/gazebo_connection.py -> /home/jack/project_ws/install/doosan_m0609_bringup/lib/python3.10/site-packages/dsr_bringup2
[1.070s] copying /home/jack/project_ws/build/doosan_m0609_bringup/build/lib/dsr_bringup2/__init__.py -> /home/jack/project_ws/install/doosan_m0609_bringup/lib/python3.10/site-packages/dsr_bringup2
[1.070s] copying /home/jack/project_ws/build/doosan_m0609_bringup/build/lib/dsr_bringup2/moveit_connection.py -> /home/jack/project_ws/install/doosan_m0609_bringup/lib/python3.10/site-packages/dsr_bringup2
[1.070s] byte-compiling /home/jack/project_ws/install/doosan_m0609_bringup/lib/python3.10/site-packages/dsr_bringup2/run_emulator.py to run_emulator.cpython-310.pyc
[1.071s] byte-compiling /home/jack/project_ws/install/doosan_m0609_bringup/lib/python3.10/site-packages/dsr_bringup2/dsr_mujoco_bridge.py to dsr_mujoco_bridge.cpython-310.pyc
[1.072s] byte-compiling /home/jack/project_ws/install/doosan_m0609_bringup/lib/python3.10/site-packages/dsr_bringup2/gazebo_connection_pos.py to gazebo_connection_pos.cpython-310.pyc
[1.072s] byte-compiling /home/jack/project_ws/install/doosan_m0609_bringup/lib/python3.10/site-packages/dsr_bringup2/setup.py to setup.cpython-310.pyc
[1.072s] byte-compiling /home/jack/project_ws/install/doosan_m0609_bringup/lib/python3.10/site-packages/dsr_bringup2/dsr_bringup2/run_emulator.py to run_emulator.cpython-310.pyc
[1.073s] byte-compiling /home/jack/project_ws/install/doosan_m0609_bringup/lib/python3.10/site-packages/dsr_bringup2/dsr_bringup2/dsr_mujoco_bridge.py to dsr_mujoco_bridge.cpython-310.pyc
[1.073s] byte-compiling /home/jack/project_ws/install/doosan_m0609_bringup/lib/python3.10/site-packages/dsr_bringup2/dsr_bringup2/gazebo_connection_pos.py to gazebo_connection_pos.cpython-310.pyc
[1.074s] byte-compiling /home/jack/project_ws/install/doosan_m0609_bringup/lib/python3.10/site-packages/dsr_bringup2/dsr_bringup2/gazebo_connection.py to gazebo_connection.cpython-310.pyc
[1.074s] byte-compiling /home/jack/project_ws/install/doosan_m0609_bringup/lib/python3.10/site-packages/dsr_bringup2/dsr_bringup2/__init__.py to __init__.cpython-310.pyc
[1.074s] byte-compiling /home/jack/project_ws/install/doosan_m0609_bringup/lib/python3.10/site-packages/dsr_bringup2/dsr_bringup2/moveit_connection.py to moveit_connection.cpython-310.pyc
[1.075s] byte-compiling /home/jack/project_ws/install/doosan_m0609_bringup/lib/python3.10/site-packages/dsr_bringup2/gazebo_connection.py to gazebo_connection.cpython-310.pyc
[1.075s] byte-compiling /home/jack/project_ws/install/doosan_m0609_bringup/lib/python3.10/site-packages/dsr_bringup2/__init__.py to __init__.cpython-310.pyc
[1.075s] byte-compiling /home/jack/project_ws/install/doosan_m0609_bringup/lib/python3.10/site-packages/dsr_bringup2/moveit_connection.py to moveit_connection.cpython-310.pyc
[1.076s] running install_data
[1.076s] copying resource/dsr_bringup2 -> /home/jack/project_ws/install/doosan_m0609_bringup/share/ament_index/resource_index/packages
[1.076s] creating /home/jack/project_ws/install/doosan_m0609_bringup/share/dsr_bringup2
[1.076s] copying package.xml -> /home/jack/project_ws/install/doosan_m0609_bringup/share/dsr_bringup2
[1.076s] creating /home/jack/project_ws/install/doosan_m0609_bringup/share/dsr_bringup2/launch
[1.076s] copying launch/chemical_experiment_system.launch.py -> /home/jack/project_ws/install/doosan_m0609_bringup/share/dsr_bringup2/launch
[1.077s] copying launch/chemical_experiment_complete.launch.py -> /home/jack/project_ws/install/doosan_m0609_bringup/share/dsr_bringup2/launch
[1.077s] copying launch/dsr_bringup2_moveit.launch.py -> /home/jack/project_ws/install/doosan_m0609_bringup/share/dsr_bringup2/launch
[1.077s] copying launch/dsr_bringup2_gazebo.launch.py -> /home/jack/project_ws/install/doosan_m0609_bringup/share/dsr_bringup2/launch
[1.078s] copying launch/dsr_bringup2_mujoco.launch.py -> /home/jack/project_ws/install/doosan_m0609_bringup/share/dsr_bringup2/launch
[1.078s] copying launch/dsr_bringup2_spawn_on_gazebo.launch.py -> /home/jack/project_ws/install/doosan_m0609_bringup/share/dsr_bringup2/launch
[1.078s] copying launch/dsr_bringup2_rviz.launch.py -> /home/jack/project_ws/install/doosan_m0609_bringup/share/dsr_bringup2/launch
[1.078s] creating /home/jack/project_ws/install/doosan_m0609_bringup/share/dsr_bringup2/rviz
[1.079s] copying rviz/default.rviz -> /home/jack/project_ws/install/doosan_m0609_bringup/share/dsr_bringup2/rviz
[1.079s] running install_egg_info
[1.080s] Copying ../../build/doosan_m0609_bringup/dsr_bringup2.egg-info to /home/jack/project_ws/install/doosan_m0609_bringup/lib/python3.10/site-packages/dsr_bringup2-0.1.2-py3.10.egg-info
[1.081s] running install_scripts
[1.100s] Installing gazebo_connection script to /home/jack/project_ws/install/doosan_m0609_bringup/lib/dsr_bringup2
[1.100s] Installing moveit_connection script to /home/jack/project_ws/install/doosan_m0609_bringup/lib/dsr_bringup2
[1.100s] Installing mujoco_bridge script to /home/jack/project_ws/install/doosan_m0609_bringup/lib/dsr_bringup2
[1.100s] Installing run_emulator script to /home/jack/project_ws/install/doosan_m0609_bringup/lib/dsr_bringup2
[1.101s] writing list of installed files to '/home/jack/project_ws/build/doosan_m0609_bringup/install.log'
[1.119s] Invoked command in '/home/jack/project_ws/src/doosan_m0609_bringup' returned '0': CMAKE_PREFIX_PATH=/home/jack/project_ws/install/doosan_m0609_msgs:/home/jack/project_ws/install/dsr_common2:/home/jack/project_ws/install/doosan_m0609_hardware:/opt/ros/humble LD_LIBRARY_PATH=/home/jack/project_ws/install/doosan_m0609_msgs/lib:/home/jack/project_ws/install/doosan_m0609_hardware/lib:/usr/local/lib:/usr/lib/x86_64-linux-gnu/gazebo-11/plugins:/opt/ros/humble/opt/rviz_ogre_vendor/lib:/opt/ros/humble/lib/x86_64-linux-gnu:/opt/ros/humble/lib PYTHONPATH=/home/jack/project_ws/build/doosan_m0609_bringup/prefix_override:/usr/lib/python3/dist-packages/colcon_core/task/python/colcon_distutils_commands:/home/jack/project_ws/install/doosan_m0609_bringup/lib/python3.10/site-packages:${PYTHONPATH} /usr/bin/python3 -W ignore:setup.py install is deprecated -W ignore:easy_install command is deprecated setup.py egg_info --egg-base ../../build/doosan_m0609_bringup build --build-base /home/jack/project_ws/build/doosan_m0609_bringup/build install --record /home/jack/project_ws/build/doosan_m0609_bringup/install.log --single-version-externally-managed install_data
