running egg_info
writing ../../build/doosan_m0609_bringup/dsr_bringup2.egg-info/PKG-INFO
writing dependency_links to ../../build/doosan_m0609_bringup/dsr_bringup2.egg-info/dependency_links.txt
writing entry points to ../../build/doosan_m0609_bringup/dsr_bringup2.egg-info/entry_points.txt
writing requirements to ../../build/doosan_m0609_bringup/dsr_bringup2.egg-info/requires.txt
writing top-level names to ../../build/doosan_m0609_bringup/dsr_bringup2.egg-info/top_level.txt
reading manifest file '../../build/doosan_m0609_bringup/dsr_bringup2.egg-info/SOURCES.txt'
writing manifest file '../../build/doosan_m0609_bringup/dsr_bringup2.egg-info/SOURCES.txt'
running build
running build_py
running install
running install_lib
running install_data
running install_egg_info
removing '/home/jaeho/project_ws/install/doosan_m0609_bringup/lib/python3.10/site-packages/dsr_bringup2-0.1.2-py3.10.egg-info' (and everything under it)
Copying ../../build/doosan_m0609_bringup/dsr_bringup2.egg-info to /home/jaeho/project_ws/install/doosan_m0609_bringup/lib/python3.10/site-packages/dsr_bringup2-0.1.2-py3.10.egg-info
running install_scripts
Installing gazebo_connection script to /home/jaeho/project_ws/install/doosan_m0609_bringup/lib/dsr_bringup2
Installing moveit_connection script to /home/jaeho/project_ws/install/doosan_m0609_bringup/lib/dsr_bringup2
Installing mujoco_bridge script to /home/jaeho/project_ws/install/doosan_m0609_bringup/lib/dsr_bringup2
Installing run_emulator script to /home/jaeho/project_ws/install/doosan_m0609_bringup/lib/dsr_bringup2
writing list of installed files to '/home/jaeho/project_ws/build/doosan_m0609_bringup/install.log'
