[0.060s] Invoking command in '/home/jaeho/project_ws/build/dsr_msgs2': CMAKE_PREFIX_PATH=/opt/ros/humble /usr/bin/cmake /home/jaeho/project_ws/DoosanBootcamp_WS/DoosanBootcam3rdCo1/dsr_msgs2 -DCMAKE_BUILD_TYPE=Release -DAMENT_CMAKE_SYMLINK_INSTALL=1 -DCMAKE_INSTALL_PREFIX=/home/jaeho/project_ws/install/dsr_msgs2
[0.460s] -- The C compiler identification is GNU 11.4.0
[1.182s] -- The CXX compiler identification is GNU 11.4.0
[1.702s] -- Detecting C compiler ABI info
[2.016s] -- Detecting C compiler ABI info - done
[2.030s] -- Check for working C compiler: /usr/bin/cc - skipped
[2.030s] -- Detecting C compile features
[2.031s] -- Detecting C compile features - done
[2.037s] -- Detecting CXX compiler ABI info
[2.322s] -- Detecting CXX compiler ABI info - done
[2.329s] -- Check for working CXX compiler: /usr/bin/c++ - skipped
[2.329s] -- Detecting CXX compile features
[2.330s] -- Detecting CXX compile features - done
[2.334s] -- Found ament_cmake: 1.3.12 (/opt/ros/humble/share/ament_cmake/cmake)
[2.483s] -- Found Python3: /usr/bin/python3 (found version "3.10.12") found components: Interpreter 
[2.537s] -- Override CMake install command with custom implementation using symlinks instead of copying resources
[2.566s] -- Found rclcpp: 16.0.14 (/opt/ros/humble/share/rclcpp/cmake)
[2.931s] -- Found rosidl_generator_c: 3.1.7 (/opt/ros/humble/share/rosidl_generator_c/cmake)
[2.944s] -- Found rosidl_adapter: 3.1.7 (/opt/ros/humble/share/rosidl_adapter/cmake)
[2.970s] -- Found rosidl_generator_cpp: 3.1.7 (/opt/ros/humble/share/rosidl_generator_cpp/cmake)
[3.005s] -- Using all available rosidl_typesupport_c: rosidl_typesupport_fastrtps_c;rosidl_typesupport_introspection_c
[3.039s] -- Using all available rosidl_typesupport_cpp: rosidl_typesupport_fastrtps_cpp;rosidl_typesupport_introspection_cpp
[3.173s] -- Found rmw_implementation_cmake: 6.1.2 (/opt/ros/humble/share/rmw_implementation_cmake/cmake)
[3.199s] -- Found rmw_fastrtps_cpp: 6.2.8 (/opt/ros/humble/share/rmw_fastrtps_cpp/cmake)
[6.377s] -- Found OpenSSL: /usr/lib/x86_64-linux-gnu/libcrypto.so (found version "3.0.2")  
[9.666s] -- Found FastRTPS: /opt/ros/humble/include  
[15.597s] -- Using RMW implementation 'rmw_fastrtps_cpp' as default
[15.619s] -- Looking for pthread.h
[15.969s] -- Looking for pthread.h - found
[15.970s] -- Performing Test CMAKE_HAVE_LIBC_PTHREAD
[16.210s] -- Performing Test CMAKE_HAVE_LIBC_PTHREAD - Success
[16.210s] -- Found Threads: TRUE  
[16.319s] -- Found rosidl_default_generators: 1.2.0 (/opt/ros/humble/share/rosidl_default_generators/cmake)
[17.742s] -- Found ament_cmake_ros: 0.10.0 (/opt/ros/humble/share/ament_cmake_ros/cmake)
[18.108s] -- Using all available rosidl_typesupport_c: rosidl_typesupport_fastrtps_c;rosidl_typesupport_introspection_c
[18.245s] -- Using all available rosidl_typesupport_cpp: rosidl_typesupport_fastrtps_cpp;rosidl_typesupport_introspection_cpp
[18.517s] -- Found PythonInterp: /usr/bin/python3 (found suitable version "3.10.12", minimum required is "3.6") 
[18.533s] -- Found python_cmake_module: 0.10.0 (/opt/ros/humble/share/python_cmake_module/cmake)
[19.543s] -- Found PythonLibs: /usr/lib/x86_64-linux-gnu/libpython3.10.so (found suitable version "3.10.12", minimum required is "3.5") 
[19.543s] -- Using PYTHON_EXECUTABLE: /usr/bin/python3
[19.543s] -- Using PYTHON_INCLUDE_DIRS: /usr/include/python3.10
[19.543s] -- Using PYTHON_LIBRARIES: /usr/lib/x86_64-linux-gnu/libpython3.10.so
[19.561s] -- Found PythonExtra: .so  
[19.745s] -- Configuring done
[20.000s] -- Generating done
[20.024s] -- Build files have been written to: /home/jaeho/project_ws/build/dsr_msgs2
