running egg_info
creating ../../build/arduino_loadcell_interface/arduino_loadcell_interface.egg-info
writing ../../build/arduino_loadcell_interface/arduino_loadcell_interface.egg-info/PKG-INFO
writing dependency_links to ../../build/arduino_loadcell_interface/arduino_loadcell_interface.egg-info/dependency_links.txt
writing entry points to ../../build/arduino_loadcell_interface/arduino_loadcell_interface.egg-info/entry_points.txt
writing requirements to ../../build/arduino_loadcell_interface/arduino_loadcell_interface.egg-info/requires.txt
writing top-level names to ../../build/arduino_loadcell_interface/arduino_loadcell_interface.egg-info/top_level.txt
writing manifest file '../../build/arduino_loadcell_interface/arduino_loadcell_interface.egg-info/SOURCES.txt'
reading manifest file '../../build/arduino_loadcell_interface/arduino_loadcell_interface.egg-info/SOURCES.txt'
writing manifest file '../../build/arduino_loadcell_interface/arduino_loadcell_interface.egg-info/SOURCES.txt'
running build
running build_py
creating /home/jack/project_ws/build/arduino_loadcell_interface/build
creating /home/jack/project_ws/build/arduino_loadcell_interface/build/lib
creating /home/jack/project_ws/build/arduino_loadcell_interface/build/lib/arduino_loadcell_interface
copying arduino_loadcell_interface/__init__.py -> /home/jack/project_ws/build/arduino_loadcell_interface/build/lib/arduino_loadcell_interface
copying arduino_loadcell_interface/parser.py -> /home/jack/project_ws/build/arduino_loadcell_interface/build/lib/arduino_loadcell_interface
copying arduino_loadcell_interface/interface.py -> /home/jack/project_ws/build/arduino_loadcell_interface/build/lib/arduino_loadcell_interface
copying arduino_loadcell_interface/ros_node.py -> /home/jack/project_ws/build/arduino_loadcell_interface/build/lib/arduino_loadcell_interface
running install
running install_lib
creating /home/jack/project_ws/install/arduino_loadcell_interface/lib/python3.10/site-packages/arduino_loadcell_interface
copying /home/jack/project_ws/build/arduino_loadcell_interface/build/lib/arduino_loadcell_interface/__init__.py -> /home/jack/project_ws/install/arduino_loadcell_interface/lib/python3.10/site-packages/arduino_loadcell_interface
copying /home/jack/project_ws/build/arduino_loadcell_interface/build/lib/arduino_loadcell_interface/parser.py -> /home/jack/project_ws/install/arduino_loadcell_interface/lib/python3.10/site-packages/arduino_loadcell_interface
copying /home/jack/project_ws/build/arduino_loadcell_interface/build/lib/arduino_loadcell_interface/interface.py -> /home/jack/project_ws/install/arduino_loadcell_interface/lib/python3.10/site-packages/arduino_loadcell_interface
copying /home/jack/project_ws/build/arduino_loadcell_interface/build/lib/arduino_loadcell_interface/ros_node.py -> /home/jack/project_ws/install/arduino_loadcell_interface/lib/python3.10/site-packages/arduino_loadcell_interface
byte-compiling /home/jack/project_ws/install/arduino_loadcell_interface/lib/python3.10/site-packages/arduino_loadcell_interface/__init__.py to __init__.cpython-310.pyc
byte-compiling /home/jack/project_ws/install/arduino_loadcell_interface/lib/python3.10/site-packages/arduino_loadcell_interface/parser.py to parser.cpython-310.pyc
byte-compiling /home/jack/project_ws/install/arduino_loadcell_interface/lib/python3.10/site-packages/arduino_loadcell_interface/interface.py to interface.cpython-310.pyc
byte-compiling /home/jack/project_ws/install/arduino_loadcell_interface/lib/python3.10/site-packages/arduino_loadcell_interface/ros_node.py to ros_node.cpython-310.pyc
running install_data
creating /home/jack/project_ws/install/arduino_loadcell_interface/share/ament_index
creating /home/jack/project_ws/install/arduino_loadcell_interface/share/ament_index/resource_index
creating /home/jack/project_ws/install/arduino_loadcell_interface/share/ament_index/resource_index/packages
copying resource/arduino_loadcell_interface -> /home/jack/project_ws/install/arduino_loadcell_interface/share/ament_index/resource_index/packages
copying package.xml -> /home/jack/project_ws/install/arduino_loadcell_interface/share/arduino_loadcell_interface
running install_egg_info
Copying ../../build/arduino_loadcell_interface/arduino_loadcell_interface.egg-info to /home/jack/project_ws/install/arduino_loadcell_interface/lib/python3.10/site-packages/arduino_loadcell_interface-0.0.0-py3.10.egg-info
running install_scripts
Installing loadcell_node script to /home/jack/project_ws/install/arduino_loadcell_interface/lib/arduino_loadcell_interface
Installing loadcell_test script to /home/jack/project_ws/install/arduino_loadcell_interface/lib/arduino_loadcell_interface
writing list of installed files to '/home/jack/project_ws/build/arduino_loadcell_interface/install.log'
