[0.599s] Invoking command in '/home/jack/project_ws/src/arduino_loadcell_interface': PYTHONPATH=/home/jack/project_ws/build/arduino_loadcell_interface/prefix_override:/usr/lib/python3/dist-packages/colcon_core/task/python/colcon_distutils_commands:/home/jack/project_ws/install/arduino_loadcell_interface/lib/python3.10/site-packages:${PYTHONPATH} /usr/bin/python3 -W ignore:setup.py install is deprecated -W ignore:easy_install command is deprecated setup.py egg_info --egg-base ../../build/arduino_loadcell_interface build --build-base /home/jack/project_ws/build/arduino_loadcell_interface/build install --record /home/jack/project_ws/build/arduino_loadcell_interface/install.log --single-version-externally-managed install_data
[0.793s] running egg_info
[0.793s] creating ../../build/arduino_loadcell_interface/arduino_loadcell_interface.egg-info
[0.793s] writing ../../build/arduino_loadcell_interface/arduino_loadcell_interface.egg-info/PKG-INFO
[0.794s] writing dependency_links to ../../build/arduino_loadcell_interface/arduino_loadcell_interface.egg-info/dependency_links.txt
[0.794s] writing entry points to ../../build/arduino_loadcell_interface/arduino_loadcell_interface.egg-info/entry_points.txt
[0.794s] writing requirements to ../../build/arduino_loadcell_interface/arduino_loadcell_interface.egg-info/requires.txt
[0.794s] writing top-level names to ../../build/arduino_loadcell_interface/arduino_loadcell_interface.egg-info/top_level.txt
[0.794s] writing manifest file '../../build/arduino_loadcell_interface/arduino_loadcell_interface.egg-info/SOURCES.txt'
[0.795s] reading manifest file '../../build/arduino_loadcell_interface/arduino_loadcell_interface.egg-info/SOURCES.txt'
[0.796s] writing manifest file '../../build/arduino_loadcell_interface/arduino_loadcell_interface.egg-info/SOURCES.txt'
[0.796s] running build
[0.796s] running build_py
[0.796s] creating /home/jack/project_ws/build/arduino_loadcell_interface/build
[0.796s] creating /home/jack/project_ws/build/arduino_loadcell_interface/build/lib
[0.796s] creating /home/jack/project_ws/build/arduino_loadcell_interface/build/lib/arduino_loadcell_interface
[0.797s] copying arduino_loadcell_interface/__init__.py -> /home/jack/project_ws/build/arduino_loadcell_interface/build/lib/arduino_loadcell_interface
[0.797s] copying arduino_loadcell_interface/parser.py -> /home/jack/project_ws/build/arduino_loadcell_interface/build/lib/arduino_loadcell_interface
[0.798s] copying arduino_loadcell_interface/interface.py -> /home/jack/project_ws/build/arduino_loadcell_interface/build/lib/arduino_loadcell_interface
[0.798s] copying arduino_loadcell_interface/ros_node.py -> /home/jack/project_ws/build/arduino_loadcell_interface/build/lib/arduino_loadcell_interface
[0.798s] running install
[0.798s] running install_lib
[0.799s] creating /home/jack/project_ws/install/arduino_loadcell_interface/lib/python3.10/site-packages/arduino_loadcell_interface
[0.799s] copying /home/jack/project_ws/build/arduino_loadcell_interface/build/lib/arduino_loadcell_interface/__init__.py -> /home/jack/project_ws/install/arduino_loadcell_interface/lib/python3.10/site-packages/arduino_loadcell_interface
[0.799s] copying /home/jack/project_ws/build/arduino_loadcell_interface/build/lib/arduino_loadcell_interface/parser.py -> /home/jack/project_ws/install/arduino_loadcell_interface/lib/python3.10/site-packages/arduino_loadcell_interface
[0.799s] copying /home/jack/project_ws/build/arduino_loadcell_interface/build/lib/arduino_loadcell_interface/interface.py -> /home/jack/project_ws/install/arduino_loadcell_interface/lib/python3.10/site-packages/arduino_loadcell_interface
[0.799s] copying /home/jack/project_ws/build/arduino_loadcell_interface/build/lib/arduino_loadcell_interface/ros_node.py -> /home/jack/project_ws/install/arduino_loadcell_interface/lib/python3.10/site-packages/arduino_loadcell_interface
[0.800s] byte-compiling /home/jack/project_ws/install/arduino_loadcell_interface/lib/python3.10/site-packages/arduino_loadcell_interface/__init__.py to __init__.cpython-310.pyc
[0.800s] byte-compiling /home/jack/project_ws/install/arduino_loadcell_interface/lib/python3.10/site-packages/arduino_loadcell_interface/parser.py to parser.cpython-310.pyc
[0.801s] byte-compiling /home/jack/project_ws/install/arduino_loadcell_interface/lib/python3.10/site-packages/arduino_loadcell_interface/interface.py to interface.cpython-310.pyc
[0.801s] byte-compiling /home/jack/project_ws/install/arduino_loadcell_interface/lib/python3.10/site-packages/arduino_loadcell_interface/ros_node.py to ros_node.cpython-310.pyc
[0.802s] running install_data
[0.802s] creating /home/jack/project_ws/install/arduino_loadcell_interface/share/ament_index
[0.802s] creating /home/jack/project_ws/install/arduino_loadcell_interface/share/ament_index/resource_index
[0.802s] creating /home/jack/project_ws/install/arduino_loadcell_interface/share/ament_index/resource_index/packages
[0.803s] copying resource/arduino_loadcell_interface -> /home/jack/project_ws/install/arduino_loadcell_interface/share/ament_index/resource_index/packages
[0.803s] copying package.xml -> /home/jack/project_ws/install/arduino_loadcell_interface/share/arduino_loadcell_interface
[0.803s] running install_egg_info
[0.804s] Copying ../../build/arduino_loadcell_interface/arduino_loadcell_interface.egg-info to /home/jack/project_ws/install/arduino_loadcell_interface/lib/python3.10/site-packages/arduino_loadcell_interface-0.0.0-py3.10.egg-info
[0.805s] running install_scripts
[0.818s] Installing loadcell_node script to /home/jack/project_ws/install/arduino_loadcell_interface/lib/arduino_loadcell_interface
[0.818s] Installing loadcell_test script to /home/jack/project_ws/install/arduino_loadcell_interface/lib/arduino_loadcell_interface
[0.819s] writing list of installed files to '/home/jack/project_ws/build/arduino_loadcell_interface/install.log'
[0.835s] Invoked command in '/home/jack/project_ws/src/arduino_loadcell_interface' returned '0': PYTHONPATH=/home/jack/project_ws/build/arduino_loadcell_interface/prefix_override:/usr/lib/python3/dist-packages/colcon_core/task/python/colcon_distutils_commands:/home/jack/project_ws/install/arduino_loadcell_interface/lib/python3.10/site-packages:${PYTHONPATH} /usr/bin/python3 -W ignore:setup.py install is deprecated -W ignore:easy_install command is deprecated setup.py egg_info --egg-base ../../build/arduino_loadcell_interface build --build-base /home/jack/project_ws/build/arduino_loadcell_interface/build install --record /home/jack/project_ws/build/arduino_loadcell_interface/install.log --single-version-externally-managed install_data
