[0.025s] Invoking command in '/home/jaeho/project_ws/build/arduino_loadcell_interface': /usr/bin/cmake /home/jaeho/project_ws/src/arduino_loadcell_interface -DCMAKE_INSTALL_PREFIX=/home/jaeho/project_ws/install/arduino_loadcell_interface
[0.158s] -- The C compiler identification is GNU 11.4.0
[0.683s] -- The CXX compiler identification is GNU 11.4.0
[1.093s] -- Detecting C compiler ABI info
[1.293s] -- Detecting C compiler ABI info - done
[1.302s] -- Check for working C compiler: /usr/bin/cc - skipped
[1.302s] -- Detecting C compile features
[1.303s] -- Detecting C compile features - done
[1.306s] -- Detecting CXX compiler ABI info
[1.545s] -- Detecting CXX compiler ABI info - done
[1.553s] -- Check for working CXX compiler: /usr/bin/c++ - skipped
[1.554s] -- Detecting CXX compile features
[1.554s] -- Detecting CXX compile features - done
[1.557s] -- Found ament_cmake: 1.3.12 (/opt/ros/humble/share/ament_cmake/cmake)
[1.734s] -- Found Python3: /usr/bin/python3 (found version "3.10.12") found components: Interpreter 
[1.856s] -- Found rclcpp: 16.0.14 (/opt/ros/humble/share/rclcpp/cmake)
[2.074s] -- Found rosidl_generator_c: 3.1.7 (/opt/ros/humble/share/rosidl_generator_c/cmake)
[2.079s] -- Found rosidl_adapter: 3.1.7 (/opt/ros/humble/share/rosidl_adapter/cmake)
[2.087s] -- Found rosidl_generator_cpp: 3.1.7 (/opt/ros/humble/share/rosidl_generator_cpp/cmake)
[2.099s] -- Using all available rosidl_typesupport_c: rosidl_typesupport_fastrtps_c;rosidl_typesupport_introspection_c
[2.114s] -- Using all available rosidl_typesupport_cpp: rosidl_typesupport_fastrtps_cpp;rosidl_typesupport_introspection_cpp
[2.244s] -- Found rmw_implementation_cmake: 6.1.2 (/opt/ros/humble/share/rmw_implementation_cmake/cmake)
[2.246s] -- Found rmw_fastrtps_cpp: 6.2.8 (/opt/ros/humble/share/rmw_fastrtps_cpp/cmake)
[3.764s] -- Found OpenSSL: /usr/lib/x86_64-linux-gnu/libcrypto.so (found version "3.0.2")  
[5.228s] -- Found FastRTPS: /opt/ros/humble/include  
[7.736s] -- Using RMW implementation 'rmw_fastrtps_cpp' as default
[7.742s] -- Looking for pthread.h
[7.879s] -- Looking for pthread.h - found
[7.879s] -- Performing Test CMAKE_HAVE_LIBC_PTHREAD
[8.004s] -- Performing Test CMAKE_HAVE_LIBC_PTHREAD - Success
[8.005s] -- Found Threads: TRUE  
[8.043s] -- Found sensor_msgs: 4.9.0 (/opt/ros/humble/share/sensor_msgs/cmake)
[9.342s] [31mCMake Error at CMakeLists.txt:13 (find_package):
[9.342s]   By not providing "Findserial.cmake" in CMAKE_MODULE_PATH this project has
[9.342s]   asked CMake to find a package configuration file provided by "serial", but
[9.342s]   CMake did not find one.
[9.342s] 
[9.342s]   Could not find a package configuration file provided by "serial" with any
[9.342s]   of the following names:
[9.342s] 
[9.342s]     serialConfig.cmake
[9.342s]     serial-config.cmake
[9.342s] 
[9.342s]   Add the installation prefix of "serial" to CMAKE_PREFIX_PATH or set
[9.342s]   "serial_DIR" to a directory containing one of the above files.  If "serial"
[9.342s]   provides a separate development package or SDK, be sure it has been
[9.342s]   installed.
[9.342s] 
[9.342s] [0m
[9.342s] -- Configuring incomplete, errors occurred!
[9.342s] See also "/home/jaeho/project_ws/build/arduino_loadcell_interface/CMakeFiles/CMakeOutput.log".
