[0.009s] Invoking command in '/home/jack/project_ws/build/doosan_m0609_description': /usr/bin/cmake /home/jack/project_ws/src/doosan_m0609_description -DCMAKE_BUILD_TYPE=Release -DCMAKE_INSTALL_PREFIX=/home/jack/project_ws/install/doosan_m0609_description
[0.200s] -- The C compiler identification is GNU 10.5.0
[1.077s] -- The CXX compiler identification is GNU 10.5.0
[1.789s] -- Detecting C compiler ABI info
[2.004s] -- Detecting C compiler ABI info - done
[2.008s] -- Check for working C compiler: /usr/bin/cc - skipped
[2.008s] -- Detecting C compile features
[2.009s] -- Detecting C compile features - done
[2.011s] -- Detecting CXX compiler ABI info
[2.246s] -- Detecting CXX compiler ABI info - done
[2.251s] -- Check for working CXX compiler: /usr/bin/c++ - skipped
[2.251s] -- Detecting CXX compile features
[2.252s] -- Detecting CXX compile features - done
[2.254s] -- Found ament_cmake: 1.3.12 (/opt/ros/humble/share/ament_cmake/cmake)
[2.352s] -- Found Python3: /usr/bin/python3 (found version "3.10.12") found components: Interpreter 
[2.420s] [31mCMake Error at /opt/ros/humble/share/ament_cmake_core/cmake/core/assert_file_exists.cmake:20 (message):
[2.420s]   ament_environment_hooks() the passed hook file
[2.420s]   'doosan_m0609_description_path.dsv.in' does not exist
[2.420s] Call Stack (most recent call first):
[2.420s]   /opt/ros/humble/share/ament_cmake_core/cmake/environment_hooks/ament_environment_hooks.cmake:35 (assert_file_exists)
[2.420s]   CMakeLists.txt:15 (ament_environment_hooks)
[2.420s] 
[2.420s] [0m
[2.420s] -- Configuring incomplete, errors occurred!
[2.420s] See also "/home/jack/project_ws/build/doosan_m0609_description/CMakeFiles/CMakeOutput.log".
[2.423s] Invoked command in '/home/jack/project_ws/build/doosan_m0609_description' returned '1': /usr/bin/cmake /home/jack/project_ws/src/doosan_m0609_description -DCMAKE_BUILD_TYPE=Release -DCMAKE_INSTALL_PREFIX=/home/jack/project_ws/install/doosan_m0609_description
