[35m[1mConsolidate compiler generated dependencies of target doosan_m0609_controller[0m
[35m[1mConsolidate compiler generated dependencies of target dsr_joint_trajectory[0m
[100%] Built target dsr_joint_trajectory
[100%] Built target doosan_m0609_controller
-- Install configuration: ""
-- Up-to-date: /home/jaeho/project_ws/install/doosan_m0609_controller/share/doosan_m0609_controller/doosan_m0609_controller_plugins.xml
-- Up-to-date: /home/jaeho/project_ws/install/doosan_m0609_controller/share/doosan_m0609_controller/dsr_joint_trajectory_plugin.xml
-- Up-to-date: /home/jaeho/project_ws/install/doosan_m0609_controller/include/doosan_m0609_controller
-- Up-to-date: /home/jaeho/project_ws/install/doosan_m0609_controller/include/doosan_m0609_controller/doosan_m0609_controller
-- Up-to-date: /home/jaeho/project_ws/install/doosan_m0609_controller/include/doosan_m0609_controller/doosan_m0609_controller/doosan_m0609_controller.hpp
-- Up-to-date: /home/jaeho/project_ws/install/doosan_m0609_controller/include/doosan_m0609_controller/dsr_controller2
-- Up-to-date: /home/jaeho/project_ws/install/doosan_m0609_controller/include/doosan_m0609_controller/dsr_controller2/dsr_controller2.hpp
-- Up-to-date: /home/jaeho/project_ws/install/doosan_m0609_controller/include/doosan_m0609_controller/dsr_controller2/dsr_joint_trajectory.hpp
-- Up-to-date: /home/jaeho/project_ws/install/doosan_m0609_controller/include/doosan_m0609_controller/dsr_controller2/visibility_control.h
-- Up-to-date: /home/jaeho/project_ws/install/doosan_m0609_controller/share/doosan_m0609_controller/config
-- Up-to-date: /home/jaeho/project_ws/install/doosan_m0609_controller/share/doosan_m0609_controller/config/default.yaml
-- Up-to-date: /home/jaeho/project_ws/install/doosan_m0609_controller/share/doosan_m0609_controller/config/dsr_controller2_p3020.yaml
-- Up-to-date: /home/jaeho/project_ws/install/doosan_m0609_controller/share/doosan_m0609_controller/config/dsr_controller2_gz_p3020.yaml
-- Up-to-date: /home/jaeho/project_ws/install/doosan_m0609_controller/share/doosan_m0609_controller/config/dsr_controller2_gz.yaml
-- Up-to-date: /home/jaeho/project_ws/install/doosan_m0609_controller/share/doosan_m0609_controller/config/dsr_controller2.yaml
-- Up-to-date: /home/jaeho/project_ws/install/doosan_m0609_controller/share/doosan_m0609_controller/config/console.conf
-- Up-to-date: /home/jaeho/project_ws/install/doosan_m0609_controller/share/doosan_m0609_controller/config/dsr_controller2_ex.yaml
-- Up-to-date: /home/jaeho/project_ws/install/doosan_m0609_controller/share/doosan_m0609_controller/launch
-- Up-to-date: /home/jaeho/project_ws/install/doosan_m0609_controller/share/doosan_m0609_controller/launch/dsr_moveit2.launch.py
-- Up-to-date: /home/jaeho/project_ws/install/doosan_m0609_controller/share/doosan_m0609_controller/launch/dsr_controller2.launch.py
-- Up-to-date: /home/jaeho/project_ws/install/doosan_m0609_controller/share/doosan_m0609_controller/launch/dsr_control2.launch.py
-- Up-to-date: /home/jaeho/project_ws/install/doosan_m0609_controller/lib/libdoosan_m0609_controller.so
-- Up-to-date: /home/jaeho/project_ws/install/doosan_m0609_controller/lib/libdsr_joint_trajectory.so
-- Up-to-date: /home/jaeho/project_ws/install/doosan_m0609_controller/share/doosan_m0609_controller/environment/library_path.sh
-- Up-to-date: /home/jaeho/project_ws/install/doosan_m0609_controller/share/doosan_m0609_controller/environment/library_path.dsv
-- Up-to-date: /home/jaeho/project_ws/install/doosan_m0609_controller/share/ament_index/resource_index/package_run_dependencies/doosan_m0609_controller
-- Up-to-date: /home/jaeho/project_ws/install/doosan_m0609_controller/share/ament_index/resource_index/parent_prefix_path/doosan_m0609_controller
-- Up-to-date: /home/jaeho/project_ws/install/doosan_m0609_controller/share/doosan_m0609_controller/environment/ament_prefix_path.sh
-- Up-to-date: /home/jaeho/project_ws/install/doosan_m0609_controller/share/doosan_m0609_controller/environment/ament_prefix_path.dsv
-- Up-to-date: /home/jaeho/project_ws/install/doosan_m0609_controller/share/doosan_m0609_controller/environment/path.sh
-- Up-to-date: /home/jaeho/project_ws/install/doosan_m0609_controller/share/doosan_m0609_controller/environment/path.dsv
-- Up-to-date: /home/jaeho/project_ws/install/doosan_m0609_controller/share/doosan_m0609_controller/local_setup.bash
-- Up-to-date: /home/jaeho/project_ws/install/doosan_m0609_controller/share/doosan_m0609_controller/local_setup.sh
-- Up-to-date: /home/jaeho/project_ws/install/doosan_m0609_controller/share/doosan_m0609_controller/local_setup.zsh
-- Up-to-date: /home/jaeho/project_ws/install/doosan_m0609_controller/share/doosan_m0609_controller/local_setup.dsv
-- Installing: /home/jaeho/project_ws/install/doosan_m0609_controller/share/doosan_m0609_controller/package.dsv
-- Up-to-date: /home/jaeho/project_ws/install/doosan_m0609_controller/share/ament_index/resource_index/packages/doosan_m0609_controller
-- Up-to-date: /home/jaeho/project_ws/install/doosan_m0609_controller/share/ament_index/resource_index/controller_interface__pluginlib__plugin/doosan_m0609_controller
-- Up-to-date: /home/jaeho/project_ws/install/doosan_m0609_controller/share/doosan_m0609_controller/cmake/export_doosan_m0609_controllerExport.cmake
-- Up-to-date: /home/jaeho/project_ws/install/doosan_m0609_controller/share/doosan_m0609_controller/cmake/export_doosan_m0609_controllerExport-noconfig.cmake
-- Up-to-date: /home/jaeho/project_ws/install/doosan_m0609_controller/share/doosan_m0609_controller/cmake/export_dsr_joint_trajectoryExport.cmake
-- Up-to-date: /home/jaeho/project_ws/install/doosan_m0609_controller/share/doosan_m0609_controller/cmake/export_dsr_joint_trajectoryExport-noconfig.cmake
-- Up-to-date: /home/jaeho/project_ws/install/doosan_m0609_controller/share/doosan_m0609_controller/cmake/ament_cmake_export_targets-extras.cmake
-- Up-to-date: /home/jaeho/project_ws/install/doosan_m0609_controller/share/doosan_m0609_controller/cmake/ament_cmake_export_dependencies-extras.cmake
-- Up-to-date: /home/jaeho/project_ws/install/doosan_m0609_controller/share/doosan_m0609_controller/cmake/doosan_m0609_controllerConfig.cmake
-- Up-to-date: /home/jaeho/project_ws/install/doosan_m0609_controller/share/doosan_m0609_controller/cmake/doosan_m0609_controllerConfig-version.cmake
-- Up-to-date: /home/jaeho/project_ws/install/doosan_m0609_controller/share/doosan_m0609_controller/package.xml
