[0.301s] Invoking command in '/home/jaeho/project_ws/build/doosan_m0609_controller': CMAKE_PREFIX_PATH=/home/jaeho/project_ws/install/doosan_m0609_hardware:/home/jaeho/project_ws/install/doosan_m0609_msgs:/home/jaeho/project_ws/install/sugar_water_experiment:/home/jaeho/project_ws/install/doosan_m0609_description:/home/jaeho/project_ws/install/dsr_common2:/home/jaeho/project_ws/install/precision_liquid_pouring:/home/jaeho/project_ws/install/doosan_m0609_bringup:/home/jaeho/project_ws/install/chemistry_experiment_manager:/home/jaeho/project_ws/install/arduino_loadcell_interface:/opt/ros/humble LD_LIBRARY_PATH=/home/jaeho/project_ws/install/doosan_m0609_hardware/lib:/home/jaeho/project_ws/install/doosan_m0609_msgs/lib:/usr/lib/x86_64-linux-gnu/gazebo-11/plugins:/opt/ros/humble/opt/rviz_ogre_vendor/lib:/opt/ros/humble/lib/x86_64-linux-gnu:/opt/ros/humble/lib /usr/bin/cmake --build /home/jaeho/project_ws/build/doosan_m0609_controller -- -j8 -l8
[0.370s] [35m[1mConsolidate compiler generated dependencies of target doosan_m0609_controller[0m
[0.370s] [35m[1mConsolidate compiler generated dependencies of target dsr_joint_trajectory[0m
[0.398s] [100%] Built target dsr_joint_trajectory
[0.398s] [100%] Built target doosan_m0609_controller
[0.416s] Invoked command in '/home/jaeho/project_ws/build/doosan_m0609_controller' returned '0': CMAKE_PREFIX_PATH=/home/jaeho/project_ws/install/doosan_m0609_hardware:/home/jaeho/project_ws/install/doosan_m0609_msgs:/home/jaeho/project_ws/install/sugar_water_experiment:/home/jaeho/project_ws/install/doosan_m0609_description:/home/jaeho/project_ws/install/dsr_common2:/home/jaeho/project_ws/install/precision_liquid_pouring:/home/jaeho/project_ws/install/doosan_m0609_bringup:/home/jaeho/project_ws/install/chemistry_experiment_manager:/home/jaeho/project_ws/install/arduino_loadcell_interface:/opt/ros/humble LD_LIBRARY_PATH=/home/jaeho/project_ws/install/doosan_m0609_hardware/lib:/home/jaeho/project_ws/install/doosan_m0609_msgs/lib:/usr/lib/x86_64-linux-gnu/gazebo-11/plugins:/opt/ros/humble/opt/rviz_ogre_vendor/lib:/opt/ros/humble/lib/x86_64-linux-gnu:/opt/ros/humble/lib /usr/bin/cmake --build /home/jaeho/project_ws/build/doosan_m0609_controller -- -j8 -l8
[0.419s] Invoking command in '/home/jaeho/project_ws/build/doosan_m0609_controller': CMAKE_PREFIX_PATH=/home/jaeho/project_ws/install/doosan_m0609_hardware:/home/jaeho/project_ws/install/doosan_m0609_msgs:/home/jaeho/project_ws/install/sugar_water_experiment:/home/jaeho/project_ws/install/doosan_m0609_description:/home/jaeho/project_ws/install/dsr_common2:/home/jaeho/project_ws/install/precision_liquid_pouring:/home/jaeho/project_ws/install/doosan_m0609_bringup:/home/jaeho/project_ws/install/chemistry_experiment_manager:/home/jaeho/project_ws/install/arduino_loadcell_interface:/opt/ros/humble LD_LIBRARY_PATH=/home/jaeho/project_ws/install/doosan_m0609_hardware/lib:/home/jaeho/project_ws/install/doosan_m0609_msgs/lib:/usr/lib/x86_64-linux-gnu/gazebo-11/plugins:/opt/ros/humble/opt/rviz_ogre_vendor/lib:/opt/ros/humble/lib/x86_64-linux-gnu:/opt/ros/humble/lib /usr/bin/cmake --install /home/jaeho/project_ws/build/doosan_m0609_controller
[0.429s] -- Install configuration: ""
[0.429s] -- Up-to-date: /home/jaeho/project_ws/install/doosan_m0609_controller/share/doosan_m0609_controller/doosan_m0609_controller_plugins.xml
[0.430s] -- Up-to-date: /home/jaeho/project_ws/install/doosan_m0609_controller/share/doosan_m0609_controller/dsr_joint_trajectory_plugin.xml
[0.430s] -- Up-to-date: /home/jaeho/project_ws/install/doosan_m0609_controller/include/doosan_m0609_controller
[0.430s] -- Up-to-date: /home/jaeho/project_ws/install/doosan_m0609_controller/include/doosan_m0609_controller/doosan_m0609_controller
[0.431s] -- Up-to-date: /home/jaeho/project_ws/install/doosan_m0609_controller/include/doosan_m0609_controller/doosan_m0609_controller/doosan_m0609_controller.hpp
[0.431s] -- Up-to-date: /home/jaeho/project_ws/install/doosan_m0609_controller/include/doosan_m0609_controller/dsr_controller2
[0.431s] -- Up-to-date: /home/jaeho/project_ws/install/doosan_m0609_controller/include/doosan_m0609_controller/dsr_controller2/dsr_controller2.hpp
[0.432s] -- Up-to-date: /home/jaeho/project_ws/install/doosan_m0609_controller/include/doosan_m0609_controller/dsr_controller2/dsr_joint_trajectory.hpp
[0.432s] -- Up-to-date: /home/jaeho/project_ws/install/doosan_m0609_controller/include/doosan_m0609_controller/dsr_controller2/visibility_control.h
[0.432s] -- Up-to-date: /home/jaeho/project_ws/install/doosan_m0609_controller/share/doosan_m0609_controller/config
[0.432s] -- Up-to-date: /home/jaeho/project_ws/install/doosan_m0609_controller/share/doosan_m0609_controller/config/default.yaml
[0.433s] -- Up-to-date: /home/jaeho/project_ws/install/doosan_m0609_controller/share/doosan_m0609_controller/config/dsr_controller2_p3020.yaml
[0.433s] -- Up-to-date: /home/jaeho/project_ws/install/doosan_m0609_controller/share/doosan_m0609_controller/config/dsr_controller2_gz_p3020.yaml
[0.433s] -- Up-to-date: /home/jaeho/project_ws/install/doosan_m0609_controller/share/doosan_m0609_controller/config/dsr_controller2_gz.yaml
[0.434s] -- Up-to-date: /home/jaeho/project_ws/install/doosan_m0609_controller/share/doosan_m0609_controller/config/dsr_controller2.yaml
[0.434s] -- Up-to-date: /home/jaeho/project_ws/install/doosan_m0609_controller/share/doosan_m0609_controller/config/console.conf
[0.434s] -- Up-to-date: /home/jaeho/project_ws/install/doosan_m0609_controller/share/doosan_m0609_controller/config/dsr_controller2_ex.yaml
[0.435s] -- Up-to-date: /home/jaeho/project_ws/install/doosan_m0609_controller/share/doosan_m0609_controller/launch
[0.435s] -- Up-to-date: /home/jaeho/project_ws/install/doosan_m0609_controller/share/doosan_m0609_controller/launch/dsr_moveit2.launch.py
[0.435s] -- Up-to-date: /home/jaeho/project_ws/install/doosan_m0609_controller/share/doosan_m0609_controller/launch/dsr_controller2.launch.py
[0.435s] -- Up-to-date: /home/jaeho/project_ws/install/doosan_m0609_controller/share/doosan_m0609_controller/launch/dsr_control2.launch.py
[0.435s] -- Up-to-date: /home/jaeho/project_ws/install/doosan_m0609_controller/lib/libdoosan_m0609_controller.so
[0.435s] -- Up-to-date: /home/jaeho/project_ws/install/doosan_m0609_controller/lib/libdsr_joint_trajectory.so
[0.435s] -- Up-to-date: /home/jaeho/project_ws/install/doosan_m0609_controller/share/doosan_m0609_controller/environment/library_path.sh
[0.435s] -- Up-to-date: /home/jaeho/project_ws/install/doosan_m0609_controller/share/doosan_m0609_controller/environment/library_path.dsv
[0.435s] -- Up-to-date: /home/jaeho/project_ws/install/doosan_m0609_controller/share/ament_index/resource_index/package_run_dependencies/doosan_m0609_controller
[0.436s] -- Up-to-date: /home/jaeho/project_ws/install/doosan_m0609_controller/share/ament_index/resource_index/parent_prefix_path/doosan_m0609_controller
[0.436s] -- Up-to-date: /home/jaeho/project_ws/install/doosan_m0609_controller/share/doosan_m0609_controller/environment/ament_prefix_path.sh
[0.436s] -- Up-to-date: /home/jaeho/project_ws/install/doosan_m0609_controller/share/doosan_m0609_controller/environment/ament_prefix_path.dsv
[0.436s] -- Up-to-date: /home/jaeho/project_ws/install/doosan_m0609_controller/share/doosan_m0609_controller/environment/path.sh
[0.436s] -- Up-to-date: /home/jaeho/project_ws/install/doosan_m0609_controller/share/doosan_m0609_controller/environment/path.dsv
[0.436s] -- Up-to-date: /home/jaeho/project_ws/install/doosan_m0609_controller/share/doosan_m0609_controller/local_setup.bash
[0.437s] -- Up-to-date: /home/jaeho/project_ws/install/doosan_m0609_controller/share/doosan_m0609_controller/local_setup.sh
[0.437s] -- Up-to-date: /home/jaeho/project_ws/install/doosan_m0609_controller/share/doosan_m0609_controller/local_setup.zsh
[0.437s] -- Up-to-date: /home/jaeho/project_ws/install/doosan_m0609_controller/share/doosan_m0609_controller/local_setup.dsv
[0.438s] -- Installing: /home/jaeho/project_ws/install/doosan_m0609_controller/share/doosan_m0609_controller/package.dsv
[0.438s] -- Up-to-date: /home/jaeho/project_ws/install/doosan_m0609_controller/share/ament_index/resource_index/packages/doosan_m0609_controller
[0.438s] -- Up-to-date: /home/jaeho/project_ws/install/doosan_m0609_controller/share/ament_index/resource_index/controller_interface__pluginlib__plugin/doosan_m0609_controller
[0.439s] -- Up-to-date: /home/jaeho/project_ws/install/doosan_m0609_controller/share/doosan_m0609_controller/cmake/export_doosan_m0609_controllerExport.cmake
[0.439s] -- Up-to-date: /home/jaeho/project_ws/install/doosan_m0609_controller/share/doosan_m0609_controller/cmake/export_doosan_m0609_controllerExport-noconfig.cmake
[0.439s] -- Up-to-date: /home/jaeho/project_ws/install/doosan_m0609_controller/share/doosan_m0609_controller/cmake/export_dsr_joint_trajectoryExport.cmake
[0.440s] -- Up-to-date: /home/jaeho/project_ws/install/doosan_m0609_controller/share/doosan_m0609_controller/cmake/export_dsr_joint_trajectoryExport-noconfig.cmake
[0.440s] -- Up-to-date: /home/jaeho/project_ws/install/doosan_m0609_controller/share/doosan_m0609_controller/cmake/ament_cmake_export_targets-extras.cmake
[0.440s] -- Up-to-date: /home/jaeho/project_ws/install/doosan_m0609_controller/share/doosan_m0609_controller/cmake/ament_cmake_export_dependencies-extras.cmake
[0.441s] -- Up-to-date: /home/jaeho/project_ws/install/doosan_m0609_controller/share/doosan_m0609_controller/cmake/doosan_m0609_controllerConfig.cmake
[0.441s] -- Up-to-date: /home/jaeho/project_ws/install/doosan_m0609_controller/share/doosan_m0609_controller/cmake/doosan_m0609_controllerConfig-version.cmake
[0.441s] -- Up-to-date: /home/jaeho/project_ws/install/doosan_m0609_controller/share/doosan_m0609_controller/package.xml
[0.444s] Invoked command in '/home/jaeho/project_ws/build/doosan_m0609_controller' returned '0': CMAKE_PREFIX_PATH=/home/jaeho/project_ws/install/doosan_m0609_hardware:/home/jaeho/project_ws/install/doosan_m0609_msgs:/home/jaeho/project_ws/install/sugar_water_experiment:/home/jaeho/project_ws/install/doosan_m0609_description:/home/jaeho/project_ws/install/dsr_common2:/home/jaeho/project_ws/install/precision_liquid_pouring:/home/jaeho/project_ws/install/doosan_m0609_bringup:/home/jaeho/project_ws/install/chemistry_experiment_manager:/home/jaeho/project_ws/install/arduino_loadcell_interface:/opt/ros/humble LD_LIBRARY_PATH=/home/jaeho/project_ws/install/doosan_m0609_hardware/lib:/home/jaeho/project_ws/install/doosan_m0609_msgs/lib:/usr/lib/x86_64-linux-gnu/gazebo-11/plugins:/opt/ros/humble/opt/rviz_ogre_vendor/lib:/opt/ros/humble/lib/x86_64-linux-gnu:/opt/ros/humble/lib /usr/bin/cmake --install /home/jaeho/project_ws/build/doosan_m0609_controller
