running egg_info
creating ../../build/chemistry_experiment_manager/chemistry_experiment_manager.egg-info
writing ../../build/chemistry_experiment_manager/chemistry_experiment_manager.egg-info/PKG-INFO
writing dependency_links to ../../build/chemistry_experiment_manager/chemistry_experiment_manager.egg-info/dependency_links.txt
writing entry points to ../../build/chemistry_experiment_manager/chemistry_experiment_manager.egg-info/entry_points.txt
writing requirements to ../../build/chemistry_experiment_manager/chemistry_experiment_manager.egg-info/requires.txt
writing top-level names to ../../build/chemistry_experiment_manager/chemistry_experiment_manager.egg-info/top_level.txt
writing manifest file '../../build/chemistry_experiment_manager/chemistry_experiment_manager.egg-info/SOURCES.txt'
reading manifest file '../../build/chemistry_experiment_manager/chemistry_experiment_manager.egg-info/SOURCES.txt'
writing manifest file '../../build/chemistry_experiment_manager/chemistry_experiment_manager.egg-info/SOURCES.txt'
running build
running build_py
creating /home/jack/project_ws/build/chemistry_experiment_manager/build
creating /home/jack/project_ws/build/chemistry_experiment_manager/build/lib
creating /home/jack/project_ws/build/chemistry_experiment_manager/build/lib/chemistry_experiment_manager
copying chemistry_experiment_manager/experiment_protoceols.py -> /home/jack/project_ws/build/chemistry_experiment_manager/build/lib/chemistry_experiment_manager
copying chemistry_experiment_manager/result_analyzer.py -> /home/jack/project_ws/build/chemistry_experiment_manager/build/lib/chemistry_experiment_manager
copying chemistry_experiment_manager/main.py -> /home/jack/project_ws/build/chemistry_experiment_manager/build/lib/chemistry_experiment_manager
copying chemistry_experiment_manager/config.py -> /home/jack/project_ws/build/chemistry_experiment_manager/build/lib/chemistry_experiment_manager
copying chemistry_experiment_manager/__init__.py -> /home/jack/project_ws/build/chemistry_experiment_manager/build/lib/chemistry_experiment_manager
copying chemistry_experiment_manager/experiment_runner.py -> /home/jack/project_ws/build/chemistry_experiment_manager/build/lib/chemistry_experiment_manager
copying chemistry_experiment_manager/experiment_logger.py -> /home/jack/project_ws/build/chemistry_experiment_manager/build/lib/chemistry_experiment_manager
running install
running install_lib
creating /home/jack/project_ws/install/chemistry_experiment_manager/lib/python3.10/site-packages/chemistry_experiment_manager
copying /home/jack/project_ws/build/chemistry_experiment_manager/build/lib/chemistry_experiment_manager/experiment_protoceols.py -> /home/jack/project_ws/install/chemistry_experiment_manager/lib/python3.10/site-packages/chemistry_experiment_manager
copying /home/jack/project_ws/build/chemistry_experiment_manager/build/lib/chemistry_experiment_manager/result_analyzer.py -> /home/jack/project_ws/install/chemistry_experiment_manager/lib/python3.10/site-packages/chemistry_experiment_manager
copying /home/jack/project_ws/build/chemistry_experiment_manager/build/lib/chemistry_experiment_manager/main.py -> /home/jack/project_ws/install/chemistry_experiment_manager/lib/python3.10/site-packages/chemistry_experiment_manager
copying /home/jack/project_ws/build/chemistry_experiment_manager/build/lib/chemistry_experiment_manager/config.py -> /home/jack/project_ws/install/chemistry_experiment_manager/lib/python3.10/site-packages/chemistry_experiment_manager
copying /home/jack/project_ws/build/chemistry_experiment_manager/build/lib/chemistry_experiment_manager/__init__.py -> /home/jack/project_ws/install/chemistry_experiment_manager/lib/python3.10/site-packages/chemistry_experiment_manager
copying /home/jack/project_ws/build/chemistry_experiment_manager/build/lib/chemistry_experiment_manager/experiment_runner.py -> /home/jack/project_ws/install/chemistry_experiment_manager/lib/python3.10/site-packages/chemistry_experiment_manager
copying /home/jack/project_ws/build/chemistry_experiment_manager/build/lib/chemistry_experiment_manager/experiment_logger.py -> /home/jack/project_ws/install/chemistry_experiment_manager/lib/python3.10/site-packages/chemistry_experiment_manager
byte-compiling /home/jack/project_ws/install/chemistry_experiment_manager/lib/python3.10/site-packages/chemistry_experiment_manager/experiment_protoceols.py to experiment_protoceols.cpython-310.pyc
byte-compiling /home/jack/project_ws/install/chemistry_experiment_manager/lib/python3.10/site-packages/chemistry_experiment_manager/result_analyzer.py to result_analyzer.cpython-310.pyc
byte-compiling /home/jack/project_ws/install/chemistry_experiment_manager/lib/python3.10/site-packages/chemistry_experiment_manager/main.py to main.cpython-310.pyc
byte-compiling /home/jack/project_ws/install/chemistry_experiment_manager/lib/python3.10/site-packages/chemistry_experiment_manager/config.py to config.cpython-310.pyc
byte-compiling /home/jack/project_ws/install/chemistry_experiment_manager/lib/python3.10/site-packages/chemistry_experiment_manager/__init__.py to __init__.cpython-310.pyc
byte-compiling /home/jack/project_ws/install/chemistry_experiment_manager/lib/python3.10/site-packages/chemistry_experiment_manager/experiment_runner.py to experiment_runner.cpython-310.pyc
byte-compiling /home/jack/project_ws/install/chemistry_experiment_manager/lib/python3.10/site-packages/chemistry_experiment_manager/experiment_logger.py to experiment_logger.cpython-310.pyc
running install_data
creating /home/jack/project_ws/install/chemistry_experiment_manager/share/ament_index
creating /home/jack/project_ws/install/chemistry_experiment_manager/share/ament_index/resource_index
creating /home/jack/project_ws/install/chemistry_experiment_manager/share/ament_index/resource_index/packages
copying resource/chemistry_experiment_manager -> /home/jack/project_ws/install/chemistry_experiment_manager/share/ament_index/resource_index/packages
copying package.xml -> /home/jack/project_ws/install/chemistry_experiment_manager/share/chemistry_experiment_manager
running install_egg_info
Copying ../../build/chemistry_experiment_manager/chemistry_experiment_manager.egg-info to /home/jack/project_ws/install/chemistry_experiment_manager/lib/python3.10/site-packages/chemistry_experiment_manager-0.0.0-py3.10.egg-info
running install_scripts
Installing experiment_coordinator script to /home/jack/project_ws/install/chemistry_experiment_manager/lib/chemistry_experiment_manager
Installing experiment_runner script to /home/jack/project_ws/install/chemistry_experiment_manager/lib/chemistry_experiment_manager
writing list of installed files to '/home/jack/project_ws/build/chemistry_experiment_manager/install.log'
