[0.518s] Invoking command in '/home/jack/project_ws/src/chemistry_experiment_manager': PYTHONPATH=/home/jack/project_ws/build/chemistry_experiment_manager/prefix_override:/usr/lib/python3/dist-packages/colcon_core/task/python/colcon_distutils_commands:/home/jack/project_ws/install/chemistry_experiment_manager/lib/python3.10/site-packages:${PYTHONPATH} /usr/bin/python3 -W ignore:setup.py install is deprecated -W ignore:easy_install command is deprecated setup.py egg_info --egg-base ../../build/chemistry_experiment_manager build --build-base /home/jack/project_ws/build/chemistry_experiment_manager/build install --record /home/jack/project_ws/build/chemistry_experiment_manager/install.log --single-version-externally-managed install_data
[0.731s] running egg_info
[0.732s] creating ../../build/chemistry_experiment_manager/chemistry_experiment_manager.egg-info
[0.732s] writing ../../build/chemistry_experiment_manager/chemistry_experiment_manager.egg-info/PKG-INFO
[0.733s] writing dependency_links to ../../build/chemistry_experiment_manager/chemistry_experiment_manager.egg-info/dependency_links.txt
[0.733s] writing entry points to ../../build/chemistry_experiment_manager/chemistry_experiment_manager.egg-info/entry_points.txt
[0.733s] writing requirements to ../../build/chemistry_experiment_manager/chemistry_experiment_manager.egg-info/requires.txt
[0.733s] writing top-level names to ../../build/chemistry_experiment_manager/chemistry_experiment_manager.egg-info/top_level.txt
[0.733s] writing manifest file '../../build/chemistry_experiment_manager/chemistry_experiment_manager.egg-info/SOURCES.txt'
[0.734s] reading manifest file '../../build/chemistry_experiment_manager/chemistry_experiment_manager.egg-info/SOURCES.txt'
[0.735s] writing manifest file '../../build/chemistry_experiment_manager/chemistry_experiment_manager.egg-info/SOURCES.txt'
[0.735s] running build
[0.735s] running build_py
[0.735s] creating /home/jack/project_ws/build/chemistry_experiment_manager/build
[0.735s] creating /home/jack/project_ws/build/chemistry_experiment_manager/build/lib
[0.736s] creating /home/jack/project_ws/build/chemistry_experiment_manager/build/lib/chemistry_experiment_manager
[0.736s] copying chemistry_experiment_manager/experiment_protoceols.py -> /home/jack/project_ws/build/chemistry_experiment_manager/build/lib/chemistry_experiment_manager
[0.736s] copying chemistry_experiment_manager/result_analyzer.py -> /home/jack/project_ws/build/chemistry_experiment_manager/build/lib/chemistry_experiment_manager
[0.736s] copying chemistry_experiment_manager/main.py -> /home/jack/project_ws/build/chemistry_experiment_manager/build/lib/chemistry_experiment_manager
[0.737s] copying chemistry_experiment_manager/config.py -> /home/jack/project_ws/build/chemistry_experiment_manager/build/lib/chemistry_experiment_manager
[0.737s] copying chemistry_experiment_manager/__init__.py -> /home/jack/project_ws/build/chemistry_experiment_manager/build/lib/chemistry_experiment_manager
[0.737s] copying chemistry_experiment_manager/experiment_runner.py -> /home/jack/project_ws/build/chemistry_experiment_manager/build/lib/chemistry_experiment_manager
[0.737s] copying chemistry_experiment_manager/experiment_logger.py -> /home/jack/project_ws/build/chemistry_experiment_manager/build/lib/chemistry_experiment_manager
[0.738s] running install
[0.738s] running install_lib
[0.739s] creating /home/jack/project_ws/install/chemistry_experiment_manager/lib/python3.10/site-packages/chemistry_experiment_manager
[0.739s] copying /home/jack/project_ws/build/chemistry_experiment_manager/build/lib/chemistry_experiment_manager/experiment_protoceols.py -> /home/jack/project_ws/install/chemistry_experiment_manager/lib/python3.10/site-packages/chemistry_experiment_manager
[0.739s] copying /home/jack/project_ws/build/chemistry_experiment_manager/build/lib/chemistry_experiment_manager/result_analyzer.py -> /home/jack/project_ws/install/chemistry_experiment_manager/lib/python3.10/site-packages/chemistry_experiment_manager
[0.739s] copying /home/jack/project_ws/build/chemistry_experiment_manager/build/lib/chemistry_experiment_manager/main.py -> /home/jack/project_ws/install/chemistry_experiment_manager/lib/python3.10/site-packages/chemistry_experiment_manager
[0.740s] copying /home/jack/project_ws/build/chemistry_experiment_manager/build/lib/chemistry_experiment_manager/config.py -> /home/jack/project_ws/install/chemistry_experiment_manager/lib/python3.10/site-packages/chemistry_experiment_manager
[0.740s] copying /home/jack/project_ws/build/chemistry_experiment_manager/build/lib/chemistry_experiment_manager/__init__.py -> /home/jack/project_ws/install/chemistry_experiment_manager/lib/python3.10/site-packages/chemistry_experiment_manager
[0.740s] copying /home/jack/project_ws/build/chemistry_experiment_manager/build/lib/chemistry_experiment_manager/experiment_runner.py -> /home/jack/project_ws/install/chemistry_experiment_manager/lib/python3.10/site-packages/chemistry_experiment_manager
[0.740s] copying /home/jack/project_ws/build/chemistry_experiment_manager/build/lib/chemistry_experiment_manager/experiment_logger.py -> /home/jack/project_ws/install/chemistry_experiment_manager/lib/python3.10/site-packages/chemistry_experiment_manager
[0.740s] byte-compiling /home/jack/project_ws/install/chemistry_experiment_manager/lib/python3.10/site-packages/chemistry_experiment_manager/experiment_protoceols.py to experiment_protoceols.cpython-310.pyc
[0.741s] byte-compiling /home/jack/project_ws/install/chemistry_experiment_manager/lib/python3.10/site-packages/chemistry_experiment_manager/result_analyzer.py to result_analyzer.cpython-310.pyc
[0.742s] byte-compiling /home/jack/project_ws/install/chemistry_experiment_manager/lib/python3.10/site-packages/chemistry_experiment_manager/main.py to main.cpython-310.pyc
[0.743s] byte-compiling /home/jack/project_ws/install/chemistry_experiment_manager/lib/python3.10/site-packages/chemistry_experiment_manager/config.py to config.cpython-310.pyc
[0.743s] byte-compiling /home/jack/project_ws/install/chemistry_experiment_manager/lib/python3.10/site-packages/chemistry_experiment_manager/__init__.py to __init__.cpython-310.pyc
[0.743s] byte-compiling /home/jack/project_ws/install/chemistry_experiment_manager/lib/python3.10/site-packages/chemistry_experiment_manager/experiment_runner.py to experiment_runner.cpython-310.pyc
[0.743s] byte-compiling /home/jack/project_ws/install/chemistry_experiment_manager/lib/python3.10/site-packages/chemistry_experiment_manager/experiment_logger.py to experiment_logger.cpython-310.pyc
[0.744s] running install_data
[0.744s] creating /home/jack/project_ws/install/chemistry_experiment_manager/share/ament_index
[0.744s] creating /home/jack/project_ws/install/chemistry_experiment_manager/share/ament_index/resource_index
[0.744s] creating /home/jack/project_ws/install/chemistry_experiment_manager/share/ament_index/resource_index/packages
[0.745s] copying resource/chemistry_experiment_manager -> /home/jack/project_ws/install/chemistry_experiment_manager/share/ament_index/resource_index/packages
[0.745s] copying package.xml -> /home/jack/project_ws/install/chemistry_experiment_manager/share/chemistry_experiment_manager
[0.745s] running install_egg_info
[0.746s] Copying ../../build/chemistry_experiment_manager/chemistry_experiment_manager.egg-info to /home/jack/project_ws/install/chemistry_experiment_manager/lib/python3.10/site-packages/chemistry_experiment_manager-0.0.0-py3.10.egg-info
[0.747s] running install_scripts
[0.760s] Installing experiment_coordinator script to /home/jack/project_ws/install/chemistry_experiment_manager/lib/chemistry_experiment_manager
[0.761s] Installing experiment_runner script to /home/jack/project_ws/install/chemistry_experiment_manager/lib/chemistry_experiment_manager
[0.761s] writing list of installed files to '/home/jack/project_ws/build/chemistry_experiment_manager/install.log'
[0.781s] Invoked command in '/home/jack/project_ws/src/chemistry_experiment_manager' returned '0': PYTHONPATH=/home/jack/project_ws/build/chemistry_experiment_manager/prefix_override:/usr/lib/python3/dist-packages/colcon_core/task/python/colcon_distutils_commands:/home/jack/project_ws/install/chemistry_experiment_manager/lib/python3.10/site-packages:${PYTHONPATH} /usr/bin/python3 -W ignore:setup.py install is deprecated -W ignore:easy_install command is deprecated setup.py egg_info --egg-base ../../build/chemistry_experiment_manager build --build-base /home/jack/project_ws/build/chemistry_experiment_manager/build install --record /home/jack/project_ws/build/chemistry_experiment_manager/install.log --single-version-externally-managed install_data
