[0.850s] Invoking command in '/home/jaeho/project_ws/build/doosan_m0609_description': CMAKE_PREFIX_PATH=${CMAKE_PREFIX_PATH}:/opt/ros/humble /usr/bin/cmake --build /home/jaeho/project_ws/build/doosan_m0609_description -- -j8 -l8
[1.397s] Invoked command in '/home/jaeho/project_ws/build/doosan_m0609_description' returned '0': CMAKE_PREFIX_PATH=${CMAKE_PREFIX_PATH}:/opt/ros/humble /usr/bin/cmake --build /home/jaeho/project_ws/build/doosan_m0609_description -- -j8 -l8
[1.416s] Invoking command in '/home/jaeho/project_ws/build/doosan_m0609_description': CMAKE_PREFIX_PATH=${CMAKE_PREFIX_PATH}:/opt/ros/humble /usr/bin/cmake --install /home/jaeho/project_ws/build/doosan_m0609_description
[1.447s] -- Install configuration: "Release"
[1.447s] -- Up-to-date: /home/jaeho/project_ws/install/doosan_m0609_description/share/doosan_m0609_description/meshes
[1.447s] -- Up-to-date: /home/jaeho/project_ws/install/doosan_m0609_description/share/doosan_m0609_description/meshes/h2017_blue
[1.448s] -- Up-to-date: /home/jaeho/project_ws/install/doosan_m0609_description/share/doosan_m0609_description/meshes/h2017_blue/H2017_6_0.dae
[1.448s] -- Up-to-date: /home/jaeho/project_ws/install/doosan_m0609_description/share/doosan_m0609_description/meshes/h2017_blue/H2017_5_0.dae
[1.450s] -- Up-to-date: /home/jaeho/project_ws/install/doosan_m0609_description/share/doosan_m0609_description/meshes/h2017_blue/H2017_2_0.dae
[1.450s] -- Up-to-date: /home/jaeho/project_ws/install/doosan_m0609_description/share/doosan_m0609_description/meshes/h2017_blue/H2017_0_0.dae
[1.450s] -- Up-to-date: /home/jaeho/project_ws/install/doosan_m0609_description/share/doosan_m0609_description/meshes/h2017_blue/H2017_4_0.dae
[1.451s] -- Up-to-date: /home/jaeho/project_ws/install/doosan_m0609_description/share/doosan_m0609_description/meshes/h2017_blue/H2017_2_2.dae
[1.451s] -- Up-to-date: /home/jaeho/project_ws/install/doosan_m0609_description/share/doosan_m0609_description/meshes/h2017_blue/H2017_2_1.dae
[1.451s] -- Up-to-date: /home/jaeho/project_ws/install/doosan_m0609_description/share/doosan_m0609_description/meshes/h2017_blue/H2017_1_0.dae
[1.451s] -- Up-to-date: /home/jaeho/project_ws/install/doosan_m0609_description/share/doosan_m0609_description/meshes/h2017_blue/H2017_4_1.dae
[1.451s] -- Up-to-date: /home/jaeho/project_ws/install/doosan_m0609_description/share/doosan_m0609_description/meshes/h2017_blue/H2017_3_0.dae
[1.451s] -- Up-to-date: /home/jaeho/project_ws/install/doosan_m0609_description/share/doosan_m0609_description/meshes/m1509_white
[1.452s] -- Up-to-date: /home/jaeho/project_ws/install/doosan_m0609_description/share/doosan_m0609_description/meshes/m1509_white/MF1509_3_0.dae
[1.452s] -- Up-to-date: /home/jaeho/project_ws/install/doosan_m0609_description/share/doosan_m0609_description/meshes/m1509_white/MF1509_2_2.dae
[1.452s] -- Up-to-date: /home/jaeho/project_ws/install/doosan_m0609_description/share/doosan_m0609_description/meshes/m1509_white/MF1509_6_0.dae
[1.453s] -- Up-to-date: /home/jaeho/project_ws/install/doosan_m0609_description/share/doosan_m0609_description/meshes/m1509_white/MF1509_2_1.dae
[1.454s] -- Up-to-date: /home/jaeho/project_ws/install/doosan_m0609_description/share/doosan_m0609_description/meshes/m1509_white/MF1509_4_0.dae
[1.455s] -- Up-to-date: /home/jaeho/project_ws/install/doosan_m0609_description/share/doosan_m0609_description/meshes/m1509_white/MF1509_0_0.dae
[1.456s] -- Up-to-date: /home/jaeho/project_ws/install/doosan_m0609_description/share/doosan_m0609_description/meshes/m1509_white/MF1509_4_1.dae
[1.456s] -- Up-to-date: /home/jaeho/project_ws/install/doosan_m0609_description/share/doosan_m0609_description/meshes/m1509_white/MF1509_1_0.dae
[1.456s] -- Up-to-date: /home/jaeho/project_ws/install/doosan_m0609_description/share/doosan_m0609_description/meshes/m1509_white/MF1509_2_0.dae
[1.456s] -- Up-to-date: /home/jaeho/project_ws/install/doosan_m0609_description/share/doosan_m0609_description/meshes/m1509_white/MF1509_5_0.dae
[1.456s] -- Up-to-date: /home/jaeho/project_ws/install/doosan_m0609_description/share/doosan_m0609_description/meshes/m1013_white
[1.457s] -- Up-to-date: /home/jaeho/project_ws/install/doosan_m0609_description/share/doosan_m0609_description/meshes/m1013_white/MF1013_2_0.dae
[1.457s] -- Up-to-date: /home/jaeho/project_ws/install/doosan_m0609_description/share/doosan_m0609_description/meshes/m1013_white/MF1013_4_0.dae
[1.457s] -- Up-to-date: /home/jaeho/project_ws/install/doosan_m0609_description/share/doosan_m0609_description/meshes/m1013_white/MF1013_6_0.dae
[1.457s] -- Up-to-date: /home/jaeho/project_ws/install/doosan_m0609_description/share/doosan_m0609_description/meshes/m1013_white/MF1013_4_1.dae
[1.458s] -- Up-to-date: /home/jaeho/project_ws/install/doosan_m0609_description/share/doosan_m0609_description/meshes/m1013_white/MF1013_1_0.dae
[1.458s] -- Up-to-date: /home/jaeho/project_ws/install/doosan_m0609_description/share/doosan_m0609_description/meshes/m1013_white/MF1013_2_1.dae
[1.458s] -- Up-to-date: /home/jaeho/project_ws/install/doosan_m0609_description/share/doosan_m0609_description/meshes/m1013_white/MF1013_3_0.dae
[1.458s] -- Up-to-date: /home/jaeho/project_ws/install/doosan_m0609_description/share/doosan_m0609_description/meshes/m1013_white/MF1013_0_0.dae
[1.458s] -- Up-to-date: /home/jaeho/project_ws/install/doosan_m0609_description/share/doosan_m0609_description/meshes/m1013_white/MF1013_5_0.dae
[1.458s] -- Up-to-date: /home/jaeho/project_ws/install/doosan_m0609_description/share/doosan_m0609_description/meshes/m1013_white/MF1013_2_2.dae
[1.459s] -- Up-to-date: /home/jaeho/project_ws/install/doosan_m0609_description/share/doosan_m0609_description/meshes/m0609_blue
[1.459s] -- Up-to-date: /home/jaeho/project_ws/install/doosan_m0609_description/share/doosan_m0609_description/meshes/m0609_blue/MF0609_3_0.dae
[1.459s] -- Up-to-date: /home/jaeho/project_ws/install/doosan_m0609_description/share/doosan_m0609_description/meshes/m0609_blue/MF0609_2_2.dae
[1.459s] -- Up-to-date: /home/jaeho/project_ws/install/doosan_m0609_description/share/doosan_m0609_description/meshes/m0609_blue/MF0609_1_0.dae
[1.459s] -- Up-to-date: /home/jaeho/project_ws/install/doosan_m0609_description/share/doosan_m0609_description/meshes/m0609_blue/MF0609_4_1.dae
[1.459s] -- Up-to-date: /home/jaeho/project_ws/install/doosan_m0609_description/share/doosan_m0609_description/meshes/m0609_blue/MF0609_0_0.dae
[1.460s] -- Up-to-date: /home/jaeho/project_ws/install/doosan_m0609_description/share/doosan_m0609_description/meshes/m0609_blue/MF0609_6_0.dae
[1.460s] -- Up-to-date: /home/jaeho/project_ws/install/doosan_m0609_description/share/doosan_m0609_description/meshes/m0609_blue/MF0609_2_0.dae
[1.460s] -- Up-to-date: /home/jaeho/project_ws/install/doosan_m0609_description/share/doosan_m0609_description/meshes/m0609_blue/MF0609_4_0.dae
[1.460s] -- Up-to-date: /home/jaeho/project_ws/install/doosan_m0609_description/share/doosan_m0609_description/meshes/m0609_blue/MF0609_5_0.dae
[1.460s] -- Up-to-date: /home/jaeho/project_ws/install/doosan_m0609_description/share/doosan_m0609_description/meshes/m0609_blue/MF0609_2_1.dae
[1.460s] -- Up-to-date: /home/jaeho/project_ws/install/doosan_m0609_description/share/doosan_m0609_description/meshes/m1013_collision
[1.460s] -- Up-to-date: /home/jaeho/project_ws/install/doosan_m0609_description/share/doosan_m0609_description/meshes/m1013_collision/MF1013_2_0.dae
[1.460s] -- Up-to-date: /home/jaeho/project_ws/install/doosan_m0609_description/share/doosan_m0609_description/meshes/m1013_collision/MF1013_4_0.dae
[1.460s] -- Up-to-date: /home/jaeho/project_ws/install/doosan_m0609_description/share/doosan_m0609_description/meshes/m1013_collision/MF1013_6_0.dae
[1.460s] -- Up-to-date: /home/jaeho/project_ws/install/doosan_m0609_description/share/doosan_m0609_description/meshes/m1013_collision/MF1013_4_1.dae
[1.461s] -- Up-to-date: /home/jaeho/project_ws/install/doosan_m0609_description/share/doosan_m0609_description/meshes/m1013_collision/MF1013_1_0.dae
[1.461s] -- Up-to-date: /home/jaeho/project_ws/install/doosan_m0609_description/share/doosan_m0609_description/meshes/m1013_collision/MF1013_2_1.dae
[1.461s] -- Up-to-date: /home/jaeho/project_ws/install/doosan_m0609_description/share/doosan_m0609_description/meshes/m1013_collision/MF1013_3_0.dae
[1.461s] -- Up-to-date: /home/jaeho/project_ws/install/doosan_m0609_description/share/doosan_m0609_description/meshes/m1013_collision/MF1013_0_0.dae
[1.462s] -- Up-to-date: /home/jaeho/project_ws/install/doosan_m0609_description/share/doosan_m0609_description/meshes/m1013_collision/MF1013_5_0.dae
[1.462s] -- Up-to-date: /home/jaeho/project_ws/install/doosan_m0609_description/share/doosan_m0609_description/meshes/m1013_collision/MF1013_2_2.dae
[1.462s] -- Up-to-date: /home/jaeho/project_ws/install/doosan_m0609_description/share/doosan_m0609_description/meshes/p3020
[1.462s] -- Up-to-date: /home/jaeho/project_ws/install/doosan_m0609_description/share/doosan_m0609_description/meshes/p3020/P3020_2_4.STL
[1.462s] -- Up-to-date: /home/jaeho/project_ws/install/doosan_m0609_description/share/doosan_m0609_description/meshes/p3020/P3020_1_1.STL
[1.463s] -- Up-to-date: /home/jaeho/project_ws/install/doosan_m0609_description/share/doosan_m0609_description/meshes/p3020/P3020_2_5.STL
[1.463s] -- Up-to-date: /home/jaeho/project_ws/install/doosan_m0609_description/share/doosan_m0609_description/meshes/p3020/P3020_2_8.STL
[1.463s] -- Up-to-date: /home/jaeho/project_ws/install/doosan_m0609_description/share/doosan_m0609_description/meshes/p3020/P3020_0_1.STL
[1.463s] -- Up-to-date: /home/jaeho/project_ws/install/doosan_m0609_description/share/doosan_m0609_description/meshes/p3020/P3020_2_7.STL
[1.463s] -- Up-to-date: /home/jaeho/project_ws/install/doosan_m0609_description/share/doosan_m0609_description/meshes/p3020/P3020_6_1.STL
[1.463s] -- Up-to-date: /home/jaeho/project_ws/install/doosan_m0609_description/share/doosan_m0609_description/meshes/p3020/P3020_3_3.STL
[1.464s] -- Up-to-date: /home/jaeho/project_ws/install/doosan_m0609_description/share/doosan_m0609_description/meshes/p3020/P3020_3_4.STL
[1.464s] -- Up-to-date: /home/jaeho/project_ws/install/doosan_m0609_description/share/doosan_m0609_description/meshes/p3020/P3020_1_2.STL
[1.464s] -- Up-to-date: /home/jaeho/project_ws/install/doosan_m0609_description/share/doosan_m0609_description/meshes/p3020/P3020_2_1.STL
[1.464s] -- Up-to-date: /home/jaeho/project_ws/install/doosan_m0609_description/share/doosan_m0609_description/meshes/p3020/P3020_5_3.STL
[1.465s] -- Up-to-date: /home/jaeho/project_ws/install/doosan_m0609_description/share/doosan_m0609_description/meshes/p3020/P3020_5_1.STL
[1.465s] -- Up-to-date: /home/jaeho/project_ws/install/doosan_m0609_description/share/doosan_m0609_description/meshes/p3020/P3020_2_6.STL
[1.466s] -- Up-to-date: /home/jaeho/project_ws/install/doosan_m0609_description/share/doosan_m0609_description/meshes/p3020/P3020_5_2.STL
[1.466s] -- Up-to-date: /home/jaeho/project_ws/install/doosan_m0609_description/share/doosan_m0609_description/meshes/p3020/P3020_1_4.STL
[1.466s] -- Up-to-date: /home/jaeho/project_ws/install/doosan_m0609_description/share/doosan_m0609_description/meshes/p3020/P3020_3_1.STL
[1.466s] -- Up-to-date: /home/jaeho/project_ws/install/doosan_m0609_description/share/doosan_m0609_description/meshes/p3020/P3020_2_2.STL
[1.466s] -- Up-to-date: /home/jaeho/project_ws/install/doosan_m0609_description/share/doosan_m0609_description/meshes/p3020/P3020_1_5.STL
[1.466s] -- Up-to-date: /home/jaeho/project_ws/install/doosan_m0609_description/share/doosan_m0609_description/meshes/p3020/P3020_3_2.STL
[1.467s] -- Up-to-date: /home/jaeho/project_ws/install/doosan_m0609_description/share/doosan_m0609_description/meshes/p3020/P3020_2_3.STL
[1.467s] -- Up-to-date: /home/jaeho/project_ws/install/doosan_m0609_description/share/doosan_m0609_description/meshes/p3020/P3020_1_3.STL
[1.467s] -- Up-to-date: /home/jaeho/project_ws/install/doosan_m0609_description/share/doosan_m0609_description/meshes/h2017_white
[1.468s] -- Up-to-date: /home/jaeho/project_ws/install/doosan_m0609_description/share/doosan_m0609_description/meshes/h2017_white/H2017_6_0.dae
[1.468s] -- Up-to-date: /home/jaeho/project_ws/install/doosan_m0609_description/share/doosan_m0609_description/meshes/h2017_white/H2017_5_0.dae
[1.468s] -- Up-to-date: /home/jaeho/project_ws/install/doosan_m0609_description/share/doosan_m0609_description/meshes/h2017_white/H2017_2_0.dae
[1.468s] -- Up-to-date: /home/jaeho/project_ws/install/doosan_m0609_description/share/doosan_m0609_description/meshes/h2017_white/H2017_0_0.dae
[1.469s] -- Up-to-date: /home/jaeho/project_ws/install/doosan_m0609_description/share/doosan_m0609_description/meshes/h2017_white/H2017_4_0.dae
[1.470s] -- Up-to-date: /home/jaeho/project_ws/install/doosan_m0609_description/share/doosan_m0609_description/meshes/h2017_white/H2017_2_2.dae
[1.470s] -- Up-to-date: /home/jaeho/project_ws/install/doosan_m0609_description/share/doosan_m0609_description/meshes/h2017_white/H2017_2_1.dae
[1.471s] -- Up-to-date: /home/jaeho/project_ws/install/doosan_m0609_description/share/doosan_m0609_description/meshes/h2017_white/H2017_1_0.dae
[1.471s] -- Up-to-date: /home/jaeho/project_ws/install/doosan_m0609_description/share/doosan_m0609_description/meshes/h2017_white/H2017_4_1.dae
[1.471s] -- Up-to-date: /home/jaeho/project_ws/install/doosan_m0609_description/share/doosan_m0609_description/meshes/h2017_white/H2017_3_0.dae
[1.471s] -- Up-to-date: /home/jaeho/project_ws/install/doosan_m0609_description/share/doosan_m0609_description/meshes/p3020_collision
[1.471s] -- Up-to-date: /home/jaeho/project_ws/install/doosan_m0609_description/share/doosan_m0609_description/meshes/p3020_collision/2-2.STL
[1.471s] -- Up-to-date: /home/jaeho/project_ws/install/doosan_m0609_description/share/doosan_m0609_description/meshes/p3020_collision/4-4.STL
[1.472s] -- Up-to-date: /home/jaeho/project_ws/install/doosan_m0609_description/share/doosan_m0609_description/meshes/p3020_collision/3-3.STL
[1.472s] -- Up-to-date: /home/jaeho/project_ws/install/doosan_m0609_description/share/doosan_m0609_description/meshes/p3020_collision/6-1.STL
[1.473s] -- Up-to-date: /home/jaeho/project_ws/install/doosan_m0609_description/share/doosan_m0609_description/meshes/p3020_collision/1.STL
[1.473s] -- Up-to-date: /home/jaeho/project_ws/install/doosan_m0609_description/share/doosan_m0609_description/meshes/p3020_collision/3-1.STL
[1.473s] -- Up-to-date: /home/jaeho/project_ws/install/doosan_m0609_description/share/doosan_m0609_description/meshes/p3020_collision/4-2.STL
[1.473s] -- Up-to-date: /home/jaeho/project_ws/install/doosan_m0609_description/share/doosan_m0609_description/meshes/p3020_collision/2-1.STL
[1.474s] -- Up-to-date: /home/jaeho/project_ws/install/doosan_m0609_description/share/doosan_m0609_description/meshes/p3020_collision/3-5.STL
[1.474s] -- Up-to-date: /home/jaeho/project_ws/install/doosan_m0609_description/share/doosan_m0609_description/meshes/p3020_collision/2-4.STL
[1.474s] -- Up-to-date: /home/jaeho/project_ws/install/doosan_m0609_description/share/doosan_m0609_description/meshes/p3020_collision/6-2.STL
[1.474s] -- Up-to-date: /home/jaeho/project_ws/install/doosan_m0609_description/share/doosan_m0609_description/meshes/p3020_collision/7.STL
[1.475s] -- Up-to-date: /home/jaeho/project_ws/install/doosan_m0609_description/share/doosan_m0609_description/meshes/p3020_collision/3-6.STL
[1.476s] -- Up-to-date: /home/jaeho/project_ws/install/doosan_m0609_description/share/doosan_m0609_description/meshes/p3020_collision/3-4.STL
[1.476s] -- Up-to-date: /home/jaeho/project_ws/install/doosan_m0609_description/share/doosan_m0609_description/meshes/p3020_collision/4-1.STL
[1.477s] -- Up-to-date: /home/jaeho/project_ws/install/doosan_m0609_description/share/doosan_m0609_description/meshes/p3020_collision/3-2.STL
[1.480s] -- Up-to-date: /home/jaeho/project_ws/install/doosan_m0609_description/share/doosan_m0609_description/meshes/p3020_collision/4-3.STL
[1.481s] -- Up-to-date: /home/jaeho/project_ws/install/doosan_m0609_description/share/doosan_m0609_description/meshes/p3020_collision/6-3.STL
[1.482s] -- Up-to-date: /home/jaeho/project_ws/install/doosan_m0609_description/share/doosan_m0609_description/meshes/p3020_collision/3-7.STL
[1.482s] -- Up-to-date: /home/jaeho/project_ws/install/doosan_m0609_description/share/doosan_m0609_description/meshes/p3020_collision/2-3.STL
[1.483s] -- Up-to-date: /home/jaeho/project_ws/install/doosan_m0609_description/share/doosan_m0609_description/meshes/p3020_collision/3-8.STL
[1.484s] -- Up-to-date: /home/jaeho/project_ws/install/doosan_m0609_description/share/doosan_m0609_description/meshes/p3020_collision/2-5.STL
[1.484s] -- Up-to-date: /home/jaeho/project_ws/install/doosan_m0609_description/share/doosan_m0609_description/meshes/a0509_white
[1.484s] -- Up-to-date: /home/jaeho/project_ws/install/doosan_m0609_description/share/doosan_m0609_description/meshes/a0509_white/A0509_4_0.dae
[1.484s] -- Up-to-date: /home/jaeho/project_ws/install/doosan_m0609_description/share/doosan_m0609_description/meshes/a0509_white/A0509_2_2.dae
[1.484s] -- Up-to-date: /home/jaeho/project_ws/install/doosan_m0609_description/share/doosan_m0609_description/meshes/a0509_white/A0509_3_1.dae
[1.485s] -- Up-to-date: /home/jaeho/project_ws/install/doosan_m0609_description/share/doosan_m0609_description/meshes/a0509_white/A0509_1_0.dae
[1.485s] -- Up-to-date: /home/jaeho/project_ws/install/doosan_m0609_description/share/doosan_m0609_description/meshes/a0509_white/A0509_2_0.dae
[1.485s] -- Up-to-date: /home/jaeho/project_ws/install/doosan_m0609_description/share/doosan_m0609_description/meshes/a0509_white/A0509_5_1.dae
[1.485s] -- Up-to-date: /home/jaeho/project_ws/install/doosan_m0609_description/share/doosan_m0609_description/meshes/a0509_white/A0509_6_0.dae
[1.485s] -- Up-to-date: /home/jaeho/project_ws/install/doosan_m0609_description/share/doosan_m0609_description/meshes/a0509_white/A0509_3_0.dae
[1.485s] -- Up-to-date: /home/jaeho/project_ws/install/doosan_m0609_description/share/doosan_m0609_description/meshes/a0509_white/A0509_1_2.dae
[1.486s] -- Up-to-date: /home/jaeho/project_ws/install/doosan_m0609_description/share/doosan_m0609_description/meshes/a0509_white/A0509_5_0.dae
[1.486s] -- Up-to-date: /home/jaeho/project_ws/install/doosan_m0609_description/share/doosan_m0609_description/meshes/a0509_white/A0509_0_0.dae
[1.486s] -- Up-to-date: /home/jaeho/project_ws/install/doosan_m0609_description/share/doosan_m0609_description/meshes/a0509_white/A0509_2_1.dae
[1.486s] -- Up-to-date: /home/jaeho/project_ws/install/doosan_m0609_description/share/doosan_m0609_description/meshes/a0509_white/A0509_4_1.dae
[1.486s] -- Up-to-date: /home/jaeho/project_ws/install/doosan_m0609_description/share/doosan_m0609_description/meshes/a0509_white/A0509_1_1.dae
[1.486s] -- Up-to-date: /home/jaeho/project_ws/install/doosan_m0609_description/share/doosan_m0609_description/meshes/e0509_collision
[1.486s] -- Up-to-date: /home/jaeho/project_ws/install/doosan_m0609_description/share/doosan_m0609_description/meshes/e0509_collision/E0509_2_2.dae
[1.486s] -- Up-to-date: /home/jaeho/project_ws/install/doosan_m0609_description/share/doosan_m0609_description/meshes/e0509_collision/E0509_3_1.dae
[1.487s] -- Up-to-date: /home/jaeho/project_ws/install/doosan_m0609_description/share/doosan_m0609_description/meshes/e0509_collision/E0509_6_1.dae
[1.487s] -- Up-to-date: /home/jaeho/project_ws/install/doosan_m0609_description/share/doosan_m0609_description/meshes/e0509_collision/E0509_4_1.dae
[1.487s] -- Up-to-date: /home/jaeho/project_ws/install/doosan_m0609_description/share/doosan_m0609_description/meshes/e0509_collision/E0509_1_3.dae
[1.487s] -- Up-to-date: /home/jaeho/project_ws/install/doosan_m0609_description/share/doosan_m0609_description/meshes/e0509_collision/E0509_5_2.dae
[1.487s] -- Up-to-date: /home/jaeho/project_ws/install/doosan_m0609_description/share/doosan_m0609_description/meshes/e0509_collision/E0509_2_1.dae
[1.487s] -- Up-to-date: /home/jaeho/project_ws/install/doosan_m0609_description/share/doosan_m0609_description/meshes/e0509_collision/E0509_0_0.dae
[1.487s] -- Up-to-date: /home/jaeho/project_ws/install/doosan_m0609_description/share/doosan_m0609_description/meshes/e0509_collision/E0509_1_4.dae
[1.487s] -- Up-to-date: /home/jaeho/project_ws/install/doosan_m0609_description/share/doosan_m0609_description/meshes/e0509_collision/E0509_4_2.dae
[1.487s] -- Up-to-date: /home/jaeho/project_ws/install/doosan_m0609_description/share/doosan_m0609_description/meshes/e0509_collision/E0509_1_2.dae
[1.488s] -- Up-to-date: /home/jaeho/project_ws/install/doosan_m0609_description/share/doosan_m0609_description/meshes/e0509_collision/E0509_1_1.dae
[1.488s] -- Up-to-date: /home/jaeho/project_ws/install/doosan_m0609_description/share/doosan_m0609_description/meshes/e0509_collision/E0509_3_2.dae
[1.488s] -- Up-to-date: /home/jaeho/project_ws/install/doosan_m0609_description/share/doosan_m0609_description/meshes/e0509_collision/E0509_5_1.dae
[1.488s] -- Up-to-date: /home/jaeho/project_ws/install/doosan_m0609_description/share/doosan_m0609_description/meshes/a0912_white
[1.488s] -- Up-to-date: /home/jaeho/project_ws/install/doosan_m0609_description/share/doosan_m0609_description/meshes/a0912_white/A0912_4_0.dae
[1.488s] -- Up-to-date: /home/jaeho/project_ws/install/doosan_m0609_description/share/doosan_m0609_description/meshes/a0912_white/A0912_3_1.dae
[1.488s] -- Up-to-date: /home/jaeho/project_ws/install/doosan_m0609_description/share/doosan_m0609_description/meshes/a0912_white/A0912_2_1.dae
[1.488s] -- Up-to-date: /home/jaeho/project_ws/install/doosan_m0609_description/share/doosan_m0609_description/meshes/a0912_white/A0912_1_1.dae
[1.488s] -- Up-to-date: /home/jaeho/project_ws/install/doosan_m0609_description/share/doosan_m0609_description/meshes/a0912_white/A0912_1_2.dae
[1.488s] -- Up-to-date: /home/jaeho/project_ws/install/doosan_m0609_description/share/doosan_m0609_description/meshes/a0912_white/A0912_5_0.dae
[1.489s] -- Up-to-date: /home/jaeho/project_ws/install/doosan_m0609_description/share/doosan_m0609_description/meshes/a0912_white/A0912_2_2.dae
[1.489s] -- Up-to-date: /home/jaeho/project_ws/install/doosan_m0609_description/share/doosan_m0609_description/meshes/a0912_white/A0912_2_0.dae
[1.489s] -- Up-to-date: /home/jaeho/project_ws/install/doosan_m0609_description/share/doosan_m0609_description/meshes/a0912_white/A0912_4_1.dae
[1.489s] -- Up-to-date: /home/jaeho/project_ws/install/doosan_m0609_description/share/doosan_m0609_description/meshes/a0912_white/A0912_0_0.dae
[1.489s] -- Up-to-date: /home/jaeho/project_ws/install/doosan_m0609_description/share/doosan_m0609_description/meshes/a0912_white/A0912_5_1.dae
[1.489s] -- Up-to-date: /home/jaeho/project_ws/install/doosan_m0609_description/share/doosan_m0609_description/meshes/a0912_white/A0912_3_0.dae
[1.489s] -- Up-to-date: /home/jaeho/project_ws/install/doosan_m0609_description/share/doosan_m0609_description/meshes/a0912_white/A0912_6_0.dae
[1.489s] -- Up-to-date: /home/jaeho/project_ws/install/doosan_m0609_description/share/doosan_m0609_description/meshes/a0912_white/A0912_1_0.dae
[1.489s] -- Up-to-date: /home/jaeho/project_ws/install/doosan_m0609_description/share/doosan_m0609_description/meshes/m0609_white
[1.490s] -- Up-to-date: /home/jaeho/project_ws/install/doosan_m0609_description/share/doosan_m0609_description/meshes/m0609_white/MF0609_3_0.dae
[1.490s] -- Up-to-date: /home/jaeho/project_ws/install/doosan_m0609_description/share/doosan_m0609_description/meshes/m0609_white/MF0609_2_2.dae
[1.490s] -- Up-to-date: /home/jaeho/project_ws/install/doosan_m0609_description/share/doosan_m0609_description/meshes/m0609_white/MF0609_1_0.dae
[1.490s] -- Up-to-date: /home/jaeho/project_ws/install/doosan_m0609_description/share/doosan_m0609_description/meshes/m0609_white/MF0609_4_1.dae
[1.490s] -- Up-to-date: /home/jaeho/project_ws/install/doosan_m0609_description/share/doosan_m0609_description/meshes/m0609_white/MF0609_0_0.dae
[1.490s] -- Up-to-date: /home/jaeho/project_ws/install/doosan_m0609_description/share/doosan_m0609_description/meshes/m0609_white/MF0609_6_0.dae
[1.490s] -- Up-to-date: /home/jaeho/project_ws/install/doosan_m0609_description/share/doosan_m0609_description/meshes/m0609_white/MF0609_2_0.dae
[1.490s] -- Up-to-date: /home/jaeho/project_ws/install/doosan_m0609_description/share/doosan_m0609_description/meshes/m0609_white/MF0609_4_0.dae
[1.490s] -- Up-to-date: /home/jaeho/project_ws/install/doosan_m0609_description/share/doosan_m0609_description/meshes/m0609_white/MF0609_5_0.dae
[1.491s] -- Up-to-date: /home/jaeho/project_ws/install/doosan_m0609_description/share/doosan_m0609_description/meshes/m0609_white/MF0609_2_1.dae
[1.491s] -- Up-to-date: /home/jaeho/project_ws/install/doosan_m0609_description/share/doosan_m0609_description/meshes/h2515_blue
[1.491s] -- Up-to-date: /home/jaeho/project_ws/install/doosan_m0609_description/share/doosan_m0609_description/meshes/h2515_blue/H2515_0_0.dae
[1.491s] -- Up-to-date: /home/jaeho/project_ws/install/doosan_m0609_description/share/doosan_m0609_description/meshes/h2515_blue/H2515_2_2.dae
[1.491s] -- Up-to-date: /home/jaeho/project_ws/install/doosan_m0609_description/share/doosan_m0609_description/meshes/h2515_blue/H2515_2_1.dae
[1.491s] -- Up-to-date: /home/jaeho/project_ws/install/doosan_m0609_description/share/doosan_m0609_description/meshes/h2515_blue/H2515_4_0.dae
[1.491s] -- Up-to-date: /home/jaeho/project_ws/install/doosan_m0609_description/share/doosan_m0609_description/meshes/h2515_blue/H2515_3_0.dae
[1.491s] -- Up-to-date: /home/jaeho/project_ws/install/doosan_m0609_description/share/doosan_m0609_description/meshes/h2515_blue/H2515_5_0.dae
[1.491s] -- Up-to-date: /home/jaeho/project_ws/install/doosan_m0609_description/share/doosan_m0609_description/meshes/h2515_blue/H2515_2_0.dae
[1.492s] -- Up-to-date: /home/jaeho/project_ws/install/doosan_m0609_description/share/doosan_m0609_description/meshes/h2515_blue/H2515_1_0.dae
[1.492s] -- Up-to-date: /home/jaeho/project_ws/install/doosan_m0609_description/share/doosan_m0609_description/meshes/h2515_blue/H2515_4_1.dae
[1.492s] -- Up-to-date: /home/jaeho/project_ws/install/doosan_m0609_description/share/doosan_m0609_description/meshes/h2515_blue/H2515_6_0.dae
[1.492s] -- Up-to-date: /home/jaeho/project_ws/install/doosan_m0609_description/share/doosan_m0609_description/meshes/a0509_collision
[1.493s] -- Up-to-date: /home/jaeho/project_ws/install/doosan_m0609_description/share/doosan_m0609_description/meshes/a0509_collision/A0509_4_0.dae
[1.497s] -- Up-to-date: /home/jaeho/project_ws/install/doosan_m0609_description/share/doosan_m0609_description/meshes/a0509_collision/A0509_2_2.dae
[1.498s] -- Up-to-date: /home/jaeho/project_ws/install/doosan_m0609_description/share/doosan_m0609_description/meshes/a0509_collision/A0509_3_1.dae
[1.499s] -- Up-to-date: /home/jaeho/project_ws/install/doosan_m0609_description/share/doosan_m0609_description/meshes/a0509_collision/A0509_1_0.dae
[1.501s] -- Up-to-date: /home/jaeho/project_ws/install/doosan_m0609_description/share/doosan_m0609_description/meshes/a0509_collision/A0509_2_0.dae
[1.501s] -- Up-to-date: /home/jaeho/project_ws/install/doosan_m0609_description/share/doosan_m0609_description/meshes/a0509_collision/A0509_5_1.dae
[1.501s] -- Up-to-date: /home/jaeho/project_ws/install/doosan_m0609_description/share/doosan_m0609_description/meshes/a0509_collision/A0509_6_0.dae
[1.501s] -- Up-to-date: /home/jaeho/project_ws/install/doosan_m0609_description/share/doosan_m0609_description/meshes/a0509_collision/A0509_3_0.dae
[1.502s] -- Up-to-date: /home/jaeho/project_ws/install/doosan_m0609_description/share/doosan_m0609_description/meshes/a0509_collision/A0509_1_2.dae
[1.502s] -- Up-to-date: /home/jaeho/project_ws/install/doosan_m0609_description/share/doosan_m0609_description/meshes/a0509_collision/A0509_5_0.dae
[1.502s] -- Up-to-date: /home/jaeho/project_ws/install/doosan_m0609_description/share/doosan_m0609_description/meshes/a0509_collision/A0509_0_0.dae
[1.503s] -- Up-to-date: /home/jaeho/project_ws/install/doosan_m0609_description/share/doosan_m0609_description/meshes/a0509_collision/A0509_2_1.dae
[1.503s] -- Up-to-date: /home/jaeho/project_ws/install/doosan_m0609_description/share/doosan_m0609_description/meshes/a0509_collision/A0509_4_1.dae
[1.503s] -- Up-to-date: /home/jaeho/project_ws/install/doosan_m0609_description/share/doosan_m0609_description/meshes/a0509_collision/A0509_1_1.dae
[1.504s] -- Up-to-date: /home/jaeho/project_ws/install/doosan_m0609_description/share/doosan_m0609_description/meshes/h2515_collision
[1.504s] -- Up-to-date: /home/jaeho/project_ws/install/doosan_m0609_description/share/doosan_m0609_description/meshes/h2515_collision/H2515_0_0.dae
[1.504s] -- Up-to-date: /home/jaeho/project_ws/install/doosan_m0609_description/share/doosan_m0609_description/meshes/h2515_collision/H2515_2_2.dae
[1.504s] -- Up-to-date: /home/jaeho/project_ws/install/doosan_m0609_description/share/doosan_m0609_description/meshes/h2515_collision/H2515_2_1.dae
[1.505s] -- Up-to-date: /home/jaeho/project_ws/install/doosan_m0609_description/share/doosan_m0609_description/meshes/h2515_collision/H2515_4_0.dae
[1.505s] -- Up-to-date: /home/jaeho/project_ws/install/doosan_m0609_description/share/doosan_m0609_description/meshes/h2515_collision/H2515_3_0.dae
[1.505s] -- Up-to-date: /home/jaeho/project_ws/install/doosan_m0609_description/share/doosan_m0609_description/meshes/h2515_collision/H2515_5_0.dae
[1.506s] -- Up-to-date: /home/jaeho/project_ws/install/doosan_m0609_description/share/doosan_m0609_description/meshes/h2515_collision/H2515_2_0.dae
[1.507s] -- Up-to-date: /home/jaeho/project_ws/install/doosan_m0609_description/share/doosan_m0609_description/meshes/h2515_collision/H2515_1_0.dae
[1.507s] -- Up-to-date: /home/jaeho/project_ws/install/doosan_m0609_description/share/doosan_m0609_description/meshes/h2515_collision/H2515_4_1.dae
[1.508s] -- Up-to-date: /home/jaeho/project_ws/install/doosan_m0609_description/share/doosan_m0609_description/meshes/h2515_collision/H2515_6_0.dae
[1.508s] -- Up-to-date: /home/jaeho/project_ws/install/doosan_m0609_description/share/doosan_m0609_description/meshes/a0912_blue
[1.508s] -- Up-to-date: /home/jaeho/project_ws/install/doosan_m0609_description/share/doosan_m0609_description/meshes/a0912_blue/A0912_4_0.dae
[1.509s] -- Up-to-date: /home/jaeho/project_ws/install/doosan_m0609_description/share/doosan_m0609_description/meshes/a0912_blue/A0912_3_1.dae
[1.509s] -- Up-to-date: /home/jaeho/project_ws/install/doosan_m0609_description/share/doosan_m0609_description/meshes/a0912_blue/A0912_2_1.dae
[1.510s] -- Up-to-date: /home/jaeho/project_ws/install/doosan_m0609_description/share/doosan_m0609_description/meshes/a0912_blue/A0912_1_1.dae
[1.512s] -- Up-to-date: /home/jaeho/project_ws/install/doosan_m0609_description/share/doosan_m0609_description/meshes/a0912_blue/A0912_1_2.dae
[1.513s] -- Up-to-date: /home/jaeho/project_ws/install/doosan_m0609_description/share/doosan_m0609_description/meshes/a0912_blue/A0912_5_0.dae
[1.513s] -- Up-to-date: /home/jaeho/project_ws/install/doosan_m0609_description/share/doosan_m0609_description/meshes/a0912_blue/A0912_2_2.dae
[1.513s] -- Up-to-date: /home/jaeho/project_ws/install/doosan_m0609_description/share/doosan_m0609_description/meshes/a0912_blue/A0912_2_0.dae
[1.514s] -- Up-to-date: /home/jaeho/project_ws/install/doosan_m0609_description/share/doosan_m0609_description/meshes/a0912_blue/A0912_4_1.dae
[1.514s] -- Up-to-date: /home/jaeho/project_ws/install/doosan_m0609_description/share/doosan_m0609_description/meshes/a0912_blue/A0912_0_0.dae
[1.514s] -- Up-to-date: /home/jaeho/project_ws/install/doosan_m0609_description/share/doosan_m0609_description/meshes/a0912_blue/A0912_5_1.dae
[1.514s] -- Up-to-date: /home/jaeho/project_ws/install/doosan_m0609_description/share/doosan_m0609_description/meshes/a0912_blue/A0912_3_0.dae
[1.515s] -- Up-to-date: /home/jaeho/project_ws/install/doosan_m0609_description/share/doosan_m0609_description/meshes/a0912_blue/A0912_6_0.dae
[1.516s] -- Up-to-date: /home/jaeho/project_ws/install/doosan_m0609_description/share/doosan_m0609_description/meshes/a0912_blue/A0912_1_0.dae
[1.516s] -- Up-to-date: /home/jaeho/project_ws/install/doosan_m0609_description/share/doosan_m0609_description/meshes/h2017_collision
[1.516s] -- Up-to-date: /home/jaeho/project_ws/install/doosan_m0609_description/share/doosan_m0609_description/meshes/h2017_collision/H2017_6_0.dae
[1.517s] -- Up-to-date: /home/jaeho/project_ws/install/doosan_m0609_description/share/doosan_m0609_description/meshes/h2017_collision/H2017_5_0.dae
[1.517s] -- Up-to-date: /home/jaeho/project_ws/install/doosan_m0609_description/share/doosan_m0609_description/meshes/h2017_collision/H2017_2_0.dae
[1.517s] -- Up-to-date: /home/jaeho/project_ws/install/doosan_m0609_description/share/doosan_m0609_description/meshes/h2017_collision/H2017_0_0.dae
[1.517s] -- Up-to-date: /home/jaeho/project_ws/install/doosan_m0609_description/share/doosan_m0609_description/meshes/h2017_collision/H2017_4_0.dae
[1.518s] -- Up-to-date: /home/jaeho/project_ws/install/doosan_m0609_description/share/doosan_m0609_description/meshes/h2017_collision/H2017_2_2.dae
[1.518s] -- Up-to-date: /home/jaeho/project_ws/install/doosan_m0609_description/share/doosan_m0609_description/meshes/h2017_collision/H2017_2_1.dae
[1.518s] -- Up-to-date: /home/jaeho/project_ws/install/doosan_m0609_description/share/doosan_m0609_description/meshes/h2017_collision/H2017_1_0.dae
[1.518s] -- Up-to-date: /home/jaeho/project_ws/install/doosan_m0609_description/share/doosan_m0609_description/meshes/h2017_collision/H2017_4_1.dae
[1.518s] -- Up-to-date: /home/jaeho/project_ws/install/doosan_m0609_description/share/doosan_m0609_description/meshes/h2017_collision/H2017_3_0.dae
[1.519s] -- Up-to-date: /home/jaeho/project_ws/install/doosan_m0609_description/share/doosan_m0609_description/meshes/m0617_collision
[1.519s] -- Up-to-date: /home/jaeho/project_ws/install/doosan_m0609_description/share/doosan_m0609_description/meshes/m0617_collision/MF0617_2_2.dae
[1.519s] -- Up-to-date: /home/jaeho/project_ws/install/doosan_m0609_description/share/doosan_m0609_description/meshes/m0617_collision/MF0617_0_0.dae
[1.519s] -- Up-to-date: /home/jaeho/project_ws/install/doosan_m0609_description/share/doosan_m0609_description/meshes/m0617_collision/MF0617_5_0.dae
[1.519s] -- Up-to-date: /home/jaeho/project_ws/install/doosan_m0609_description/share/doosan_m0609_description/meshes/m0617_collision/MF0617_1_0.dae
[1.519s] -- Up-to-date: /home/jaeho/project_ws/install/doosan_m0609_description/share/doosan_m0609_description/meshes/m0617_collision/MF0617_3_0.dae
[1.520s] -- Up-to-date: /home/jaeho/project_ws/install/doosan_m0609_description/share/doosan_m0609_description/meshes/m0617_collision/MF0617_6_0.dae
[1.521s] -- Up-to-date: /home/jaeho/project_ws/install/doosan_m0609_description/share/doosan_m0609_description/meshes/m0617_collision/MF0617_4_1.dae
[1.521s] -- Up-to-date: /home/jaeho/project_ws/install/doosan_m0609_description/share/doosan_m0609_description/meshes/m0617_collision/MF0617_2_0.dae
[1.521s] -- Up-to-date: /home/jaeho/project_ws/install/doosan_m0609_description/share/doosan_m0609_description/meshes/m0617_collision/MF0617_2_1.dae
[1.521s] -- Up-to-date: /home/jaeho/project_ws/install/doosan_m0609_description/share/doosan_m0609_description/meshes/m0617_collision/MF0617_4_0.dae
[1.522s] -- Up-to-date: /home/jaeho/project_ws/install/doosan_m0609_description/share/doosan_m0609_description/meshes/m0617_white
[1.522s] -- Up-to-date: /home/jaeho/project_ws/install/doosan_m0609_description/share/doosan_m0609_description/meshes/m0617_white/MF0617_2_2.dae
[1.522s] -- Up-to-date: /home/jaeho/project_ws/install/doosan_m0609_description/share/doosan_m0609_description/meshes/m0617_white/MF0617_0_0.dae
[1.523s] -- Up-to-date: /home/jaeho/project_ws/install/doosan_m0609_description/share/doosan_m0609_description/meshes/m0617_white/MF0617_5_0.dae
[1.523s] -- Up-to-date: /home/jaeho/project_ws/install/doosan_m0609_description/share/doosan_m0609_description/meshes/m0617_white/MF0617_1_0.dae
[1.523s] -- Up-to-date: /home/jaeho/project_ws/install/doosan_m0609_description/share/doosan_m0609_description/meshes/m0617_white/MF0617_3_0.dae
[1.523s] -- Up-to-date: /home/jaeho/project_ws/install/doosan_m0609_description/share/doosan_m0609_description/meshes/m0617_white/MF0617_6_0.dae
[1.524s] -- Up-to-date: /home/jaeho/project_ws/install/doosan_m0609_description/share/doosan_m0609_description/meshes/m0617_white/MF0617_4_1.dae
[1.524s] -- Up-to-date: /home/jaeho/project_ws/install/doosan_m0609_description/share/doosan_m0609_description/meshes/m0617_white/MF0617_2_0.dae
[1.524s] -- Up-to-date: /home/jaeho/project_ws/install/doosan_m0609_description/share/doosan_m0609_description/meshes/m0617_white/MF0617_2_1.dae
[1.524s] -- Up-to-date: /home/jaeho/project_ws/install/doosan_m0609_description/share/doosan_m0609_description/meshes/m0617_white/MF0617_4_0.dae
[1.524s] -- Up-to-date: /home/jaeho/project_ws/install/doosan_m0609_description/share/doosan_m0609_description/meshes/e0509_white
[1.525s] -- Up-to-date: /home/jaeho/project_ws/install/doosan_m0609_description/share/doosan_m0609_description/meshes/e0509_white/E0509_2_2.dae
[1.525s] -- Up-to-date: /home/jaeho/project_ws/install/doosan_m0609_description/share/doosan_m0609_description/meshes/e0509_white/E0509_3_1.dae
[1.528s] -- Up-to-date: /home/jaeho/project_ws/install/doosan_m0609_description/share/doosan_m0609_description/meshes/e0509_white/E0509_6_1.dae
[1.530s] -- Up-to-date: /home/jaeho/project_ws/install/doosan_m0609_description/share/doosan_m0609_description/meshes/e0509_white/E0509_4_1.dae
[1.532s] -- Up-to-date: /home/jaeho/project_ws/install/doosan_m0609_description/share/doosan_m0609_description/meshes/e0509_white/E0509_1_3.dae
[1.534s] -- Up-to-date: /home/jaeho/project_ws/install/doosan_m0609_description/share/doosan_m0609_description/meshes/e0509_white/E0509_5_2.dae
[1.535s] -- Up-to-date: /home/jaeho/project_ws/install/doosan_m0609_description/share/doosan_m0609_description/meshes/e0509_white/E0509_2_1.dae
[1.535s] -- Up-to-date: /home/jaeho/project_ws/install/doosan_m0609_description/share/doosan_m0609_description/meshes/e0509_white/E0509_0_0.dae
[1.536s] -- Up-to-date: /home/jaeho/project_ws/install/doosan_m0609_description/share/doosan_m0609_description/meshes/e0509_white/E0509_1_4.dae
[1.536s] -- Up-to-date: /home/jaeho/project_ws/install/doosan_m0609_description/share/doosan_m0609_description/meshes/e0509_white/E0509_4_2.dae
[1.536s] -- Up-to-date: /home/jaeho/project_ws/install/doosan_m0609_description/share/doosan_m0609_description/meshes/e0509_white/E0509_1_2.dae
[1.536s] -- Up-to-date: /home/jaeho/project_ws/install/doosan_m0609_description/share/doosan_m0609_description/meshes/e0509_white/E0509_1_1.dae
[1.536s] -- Up-to-date: /home/jaeho/project_ws/install/doosan_m0609_description/share/doosan_m0609_description/meshes/e0509_white/E0509_3_2.dae
[1.536s] -- Up-to-date: /home/jaeho/project_ws/install/doosan_m0609_description/share/doosan_m0609_description/meshes/e0509_white/E0509_5_1.dae
[1.537s] -- Up-to-date: /home/jaeho/project_ws/install/doosan_m0609_description/share/doosan_m0609_description/meshes/gripper
[1.537s] -- Up-to-date: /home/jaeho/project_ws/install/doosan_m0609_description/share/doosan_m0609_description/meshes/gripper/robotiq
[1.537s] -- Up-to-date: /home/jaeho/project_ws/install/doosan_m0609_description/share/doosan_m0609_description/meshes/gripper/robotiq/85_2f
[1.537s] -- Up-to-date: /home/jaeho/project_ws/install/doosan_m0609_description/share/doosan_m0609_description/meshes/gripper/robotiq/85_2f/robotiq_85_coupler.stl
[1.537s] -- Up-to-date: /home/jaeho/project_ws/install/doosan_m0609_description/share/doosan_m0609_description/meshes/gripper/robotiq/85_2f/collision
[1.538s] -- Up-to-date: /home/jaeho/project_ws/install/doosan_m0609_description/share/doosan_m0609_description/meshes/gripper/robotiq/85_2f/collision/robotiq_85_finger_tip_link.stl
[1.538s] -- Up-to-date: /home/jaeho/project_ws/install/doosan_m0609_description/share/doosan_m0609_description/meshes/gripper/robotiq/85_2f/collision/robotiq_85_base_link.stl
[1.539s] -- Up-to-date: /home/jaeho/project_ws/install/doosan_m0609_description/share/doosan_m0609_description/meshes/gripper/robotiq/85_2f/collision/robotiq_85_finger_link.stl
[1.539s] -- Up-to-date: /home/jaeho/project_ws/install/doosan_m0609_description/share/doosan_m0609_description/meshes/gripper/robotiq/85_2f/collision/robotiq_85_knuckle_link.stl
[1.539s] -- Up-to-date: /home/jaeho/project_ws/install/doosan_m0609_description/share/doosan_m0609_description/meshes/gripper/robotiq/85_2f/collision/robotiq_85_inner_knuckle_link.stl
[1.540s] -- Up-to-date: /home/jaeho/project_ws/install/doosan_m0609_description/share/doosan_m0609_description/meshes/gripper/robotiq/85_2f/visual
[1.540s] -- Up-to-date: /home/jaeho/project_ws/install/doosan_m0609_description/share/doosan_m0609_description/meshes/gripper/robotiq/85_2f/visual/robotiq_85_knuckle_link.dae
[1.540s] -- Up-to-date: /home/jaeho/project_ws/install/doosan_m0609_description/share/doosan_m0609_description/meshes/gripper/robotiq/85_2f/visual/robotiq_85_finger_link.dae
[1.541s] -- Up-to-date: /home/jaeho/project_ws/install/doosan_m0609_description/share/doosan_m0609_description/meshes/gripper/robotiq/85_2f/visual/robotiq_85_base_link.dae
[1.541s] -- Up-to-date: /home/jaeho/project_ws/install/doosan_m0609_description/share/doosan_m0609_description/meshes/gripper/robotiq/85_2f/visual/robotiq_85_finger_tip_link.dae
[1.541s] -- Up-to-date: /home/jaeho/project_ws/install/doosan_m0609_description/share/doosan_m0609_description/meshes/gripper/robotiq/85_2f/visual/robotiq_85_inner_knuckle_link.dae
[1.541s] -- Up-to-date: /home/jaeho/project_ws/install/doosan_m0609_description/share/doosan_m0609_description/meshes/mobile
[1.541s] -- Up-to-date: /home/jaeho/project_ws/install/doosan_m0609_description/share/doosan_m0609_description/meshes/mobile/top_chassis.stl
[1.542s] -- Up-to-date: /home/jaeho/project_ws/install/doosan_m0609_description/share/doosan_m0609_description/meshes/mobile/top_chassis.dae
[1.542s] -- Up-to-date: /home/jaeho/project_ws/install/doosan_m0609_description/share/doosan_m0609_description/meshes/mobile/top_plate.dae
[1.543s] -- Up-to-date: /home/jaeho/project_ws/install/doosan_m0609_description/share/doosan_m0609_description/meshes/mobile/user_rail.stl
[1.543s] -- Up-to-date: /home/jaeho/project_ws/install/doosan_m0609_description/share/doosan_m0609_description/meshes/mobile/bumper.stl
[1.543s] -- Up-to-date: /home/jaeho/project_ws/install/doosan_m0609_description/share/doosan_m0609_description/meshes/mobile/bumper.dae
[1.544s] -- Up-to-date: /home/jaeho/project_ws/install/doosan_m0609_description/share/doosan_m0609_description/meshes/mobile/top_plate.stl
[1.544s] -- Up-to-date: /home/jaeho/project_ws/install/doosan_m0609_description/share/doosan_m0609_description/meshes/mobile/wheel.stl
[1.545s] -- Up-to-date: /home/jaeho/project_ws/install/doosan_m0609_description/share/doosan_m0609_description/meshes/mobile/large_top_plate_collision.stl
[1.545s] -- Up-to-date: /home/jaeho/project_ws/install/doosan_m0609_description/share/doosan_m0609_description/meshes/mobile/base_link.dae
[1.545s] -- Up-to-date: /home/jaeho/project_ws/install/doosan_m0609_description/share/doosan_m0609_description/meshes/mobile/user_rail.dae
[1.545s] -- Up-to-date: /home/jaeho/project_ws/install/doosan_m0609_description/share/doosan_m0609_description/meshes/mobile/base_link.stl
[1.546s] -- Up-to-date: /home/jaeho/project_ws/install/doosan_m0609_description/share/doosan_m0609_description/meshes/mobile/large_top_plate.dae
[1.546s] -- Up-to-date: /home/jaeho/project_ws/install/doosan_m0609_description/share/doosan_m0609_description/meshes/mobile/wheel.dae
[1.547s] -- Up-to-date: /home/jaeho/project_ws/install/doosan_m0609_description/share/doosan_m0609_description/meshes/m1013_blue
[1.547s] -- Up-to-date: /home/jaeho/project_ws/install/doosan_m0609_description/share/doosan_m0609_description/meshes/m1013_blue/MF1013_2_0.dae
[1.548s] -- Up-to-date: /home/jaeho/project_ws/install/doosan_m0609_description/share/doosan_m0609_description/meshes/m1013_blue/MF1013_4_0.dae
[1.548s] -- Up-to-date: /home/jaeho/project_ws/install/doosan_m0609_description/share/doosan_m0609_description/meshes/m1013_blue/MF1013_6_0.dae
[1.548s] -- Up-to-date: /home/jaeho/project_ws/install/doosan_m0609_description/share/doosan_m0609_description/meshes/m1013_blue/MF1013_4_1.dae
[1.549s] -- Up-to-date: /home/jaeho/project_ws/install/doosan_m0609_description/share/doosan_m0609_description/meshes/m1013_blue/MF1013_1_0.dae
[1.549s] -- Up-to-date: /home/jaeho/project_ws/install/doosan_m0609_description/share/doosan_m0609_description/meshes/m1013_blue/MF1013_2_1.dae
[1.550s] -- Up-to-date: /home/jaeho/project_ws/install/doosan_m0609_description/share/doosan_m0609_description/meshes/m1013_blue/MF1013_3_0.dae
[1.551s] -- Up-to-date: /home/jaeho/project_ws/install/doosan_m0609_description/share/doosan_m0609_description/meshes/m1013_blue/MF1013_0_0.dae
[1.552s] -- Up-to-date: /home/jaeho/project_ws/install/doosan_m0609_description/share/doosan_m0609_description/meshes/m1013_blue/MF1013_5_0.dae
[1.553s] -- Up-to-date: /home/jaeho/project_ws/install/doosan_m0609_description/share/doosan_m0609_description/meshes/m1013_blue/MF1013_2_2.dae
[1.553s] -- Up-to-date: /home/jaeho/project_ws/install/doosan_m0609_description/share/doosan_m0609_description/meshes/m0609_collision
[1.553s] -- Up-to-date: /home/jaeho/project_ws/install/doosan_m0609_description/share/doosan_m0609_description/meshes/m0609_collision/MF0609_3_0.dae
[1.553s] -- Up-to-date: /home/jaeho/project_ws/install/doosan_m0609_description/share/doosan_m0609_description/meshes/m0609_collision/MF0609_2_2.dae
[1.553s] -- Up-to-date: /home/jaeho/project_ws/install/doosan_m0609_description/share/doosan_m0609_description/meshes/m0609_collision/MF0609_1_0.dae
[1.554s] -- Up-to-date: /home/jaeho/project_ws/install/doosan_m0609_description/share/doosan_m0609_description/meshes/m0609_collision/MF0609_4_1.dae
[1.554s] -- Up-to-date: /home/jaeho/project_ws/install/doosan_m0609_description/share/doosan_m0609_description/meshes/m0609_collision/MF0609_0_0.dae
[1.554s] -- Up-to-date: /home/jaeho/project_ws/install/doosan_m0609_description/share/doosan_m0609_description/meshes/m0609_collision/MF0609_6_0.dae
[1.554s] -- Up-to-date: /home/jaeho/project_ws/install/doosan_m0609_description/share/doosan_m0609_description/meshes/m0609_collision/MF0609_2_0.dae
[1.555s] -- Up-to-date: /home/jaeho/project_ws/install/doosan_m0609_description/share/doosan_m0609_description/meshes/m0609_collision/MF0609_4_0.dae
[1.555s] -- Up-to-date: /home/jaeho/project_ws/install/doosan_m0609_description/share/doosan_m0609_description/meshes/m0609_collision/MF0609_5_0.dae
[1.556s] -- Up-to-date: /home/jaeho/project_ws/install/doosan_m0609_description/share/doosan_m0609_description/meshes/m0609_collision/MF0609_2_1.dae
[1.556s] -- Up-to-date: /home/jaeho/project_ws/install/doosan_m0609_description/share/doosan_m0609_description/meshes/a0912_collision
[1.556s] -- Up-to-date: /home/jaeho/project_ws/install/doosan_m0609_description/share/doosan_m0609_description/meshes/a0912_collision/A0912_4_0.dae
[1.556s] -- Up-to-date: /home/jaeho/project_ws/install/doosan_m0609_description/share/doosan_m0609_description/meshes/a0912_collision/A0912_3_1.dae
[1.557s] -- Up-to-date: /home/jaeho/project_ws/install/doosan_m0609_description/share/doosan_m0609_description/meshes/a0912_collision/A0912_2_1.dae
[1.557s] -- Up-to-date: /home/jaeho/project_ws/install/doosan_m0609_description/share/doosan_m0609_description/meshes/a0912_collision/A0912_1_1.dae
[1.557s] -- Up-to-date: /home/jaeho/project_ws/install/doosan_m0609_description/share/doosan_m0609_description/meshes/a0912_collision/A0912_1_2.dae
[1.557s] -- Up-to-date: /home/jaeho/project_ws/install/doosan_m0609_description/share/doosan_m0609_description/meshes/a0912_collision/A0912_5_0.dae
[1.557s] -- Up-to-date: /home/jaeho/project_ws/install/doosan_m0609_description/share/doosan_m0609_description/meshes/a0912_collision/A0912_2_2.dae
[1.557s] -- Up-to-date: /home/jaeho/project_ws/install/doosan_m0609_description/share/doosan_m0609_description/meshes/a0912_collision/A0912_2_0.dae
[1.558s] -- Up-to-date: /home/jaeho/project_ws/install/doosan_m0609_description/share/doosan_m0609_description/meshes/a0912_collision/A0912_4_1.dae
[1.558s] -- Up-to-date: /home/jaeho/project_ws/install/doosan_m0609_description/share/doosan_m0609_description/meshes/a0912_collision/A0912_0_0.dae
[1.558s] -- Up-to-date: /home/jaeho/project_ws/install/doosan_m0609_description/share/doosan_m0609_description/meshes/a0912_collision/A0912_5_1.dae
[1.558s] -- Up-to-date: /home/jaeho/project_ws/install/doosan_m0609_description/share/doosan_m0609_description/meshes/a0912_collision/A0912_3_0.dae
[1.559s] -- Up-to-date: /home/jaeho/project_ws/install/doosan_m0609_description/share/doosan_m0609_description/meshes/a0912_collision/A0912_6_0.dae
[1.559s] -- Up-to-date: /home/jaeho/project_ws/install/doosan_m0609_description/share/doosan_m0609_description/meshes/a0912_collision/A0912_1_0.dae
[1.559s] -- Up-to-date: /home/jaeho/project_ws/install/doosan_m0609_description/share/doosan_m0609_description/meshes/a0509_blue
[1.559s] -- Up-to-date: /home/jaeho/project_ws/install/doosan_m0609_description/share/doosan_m0609_description/meshes/a0509_blue/A0509_4_0.dae
[1.560s] -- Up-to-date: /home/jaeho/project_ws/install/doosan_m0609_description/share/doosan_m0609_description/meshes/a0509_blue/A0509_2_2.dae
[1.560s] -- Up-to-date: /home/jaeho/project_ws/install/doosan_m0609_description/share/doosan_m0609_description/meshes/a0509_blue/A0509_3_1.dae
[1.560s] -- Up-to-date: /home/jaeho/project_ws/install/doosan_m0609_description/share/doosan_m0609_description/meshes/a0509_blue/A0509_1_0.dae
[1.560s] -- Up-to-date: /home/jaeho/project_ws/install/doosan_m0609_description/share/doosan_m0609_description/meshes/a0509_blue/A0509_2_0.dae
[1.560s] -- Up-to-date: /home/jaeho/project_ws/install/doosan_m0609_description/share/doosan_m0609_description/meshes/a0509_blue/A0509_5_1.dae
[1.561s] -- Up-to-date: /home/jaeho/project_ws/install/doosan_m0609_description/share/doosan_m0609_description/meshes/a0509_blue/A0509_6_0.dae
[1.561s] -- Up-to-date: /home/jaeho/project_ws/install/doosan_m0609_description/share/doosan_m0609_description/meshes/a0509_blue/A0509_3_0.dae
[1.561s] -- Up-to-date: /home/jaeho/project_ws/install/doosan_m0609_description/share/doosan_m0609_description/meshes/a0509_blue/A0509_1_2.dae
[1.561s] -- Up-to-date: /home/jaeho/project_ws/install/doosan_m0609_description/share/doosan_m0609_description/meshes/a0509_blue/A0509_5_0.dae
[1.562s] -- Up-to-date: /home/jaeho/project_ws/install/doosan_m0609_description/share/doosan_m0609_description/meshes/a0509_blue/A0509_0_0.dae
[1.562s] -- Up-to-date: /home/jaeho/project_ws/install/doosan_m0609_description/share/doosan_m0609_description/meshes/a0509_blue/A0509_2_1.dae
[1.563s] -- Up-to-date: /home/jaeho/project_ws/install/doosan_m0609_description/share/doosan_m0609_description/meshes/a0509_blue/A0509_4_1.dae
[1.563s] -- Up-to-date: /home/jaeho/project_ws/install/doosan_m0609_description/share/doosan_m0609_description/meshes/a0509_blue/A0509_1_1.dae
[1.564s] -- Up-to-date: /home/jaeho/project_ws/install/doosan_m0609_description/share/doosan_m0609_description/meshes/m1509_blue
[1.564s] -- Up-to-date: /home/jaeho/project_ws/install/doosan_m0609_description/share/doosan_m0609_description/meshes/m1509_blue/MF1509_3_0.dae
[1.565s] -- Up-to-date: /home/jaeho/project_ws/install/doosan_m0609_description/share/doosan_m0609_description/meshes/m1509_blue/MF1509_2_2.dae
[1.565s] -- Up-to-date: /home/jaeho/project_ws/install/doosan_m0609_description/share/doosan_m0609_description/meshes/m1509_blue/MF1509_6_0.dae
[1.566s] -- Up-to-date: /home/jaeho/project_ws/install/doosan_m0609_description/share/doosan_m0609_description/meshes/m1509_blue/MF1509_2_1.dae
[1.568s] -- Up-to-date: /home/jaeho/project_ws/install/doosan_m0609_description/share/doosan_m0609_description/meshes/m1509_blue/MF1509_4_0.dae
[1.568s] -- Up-to-date: /home/jaeho/project_ws/install/doosan_m0609_description/share/doosan_m0609_description/meshes/m1509_blue/MF1509_0_0.dae
[1.569s] -- Up-to-date: /home/jaeho/project_ws/install/doosan_m0609_description/share/doosan_m0609_description/meshes/m1509_blue/MF1509_4_1.dae
[1.569s] -- Up-to-date: /home/jaeho/project_ws/install/doosan_m0609_description/share/doosan_m0609_description/meshes/m1509_blue/MF1509_1_0.dae
[1.570s] -- Up-to-date: /home/jaeho/project_ws/install/doosan_m0609_description/share/doosan_m0609_description/meshes/m1509_blue/MF1509_2_0.dae
[1.571s] -- Up-to-date: /home/jaeho/project_ws/install/doosan_m0609_description/share/doosan_m0609_description/meshes/m1509_blue/MF1509_5_0.dae
[1.571s] -- Up-to-date: /home/jaeho/project_ws/install/doosan_m0609_description/share/doosan_m0609_description/meshes/m1509_collision
[1.572s] -- Up-to-date: /home/jaeho/project_ws/install/doosan_m0609_description/share/doosan_m0609_description/meshes/m1509_collision/MF1509_3_0.dae
[1.572s] -- Up-to-date: /home/jaeho/project_ws/install/doosan_m0609_description/share/doosan_m0609_description/meshes/m1509_collision/MF1509_2_2.dae
[1.572s] -- Up-to-date: /home/jaeho/project_ws/install/doosan_m0609_description/share/doosan_m0609_description/meshes/m1509_collision/MF1509_6_0.dae
[1.572s] -- Up-to-date: /home/jaeho/project_ws/install/doosan_m0609_description/share/doosan_m0609_description/meshes/m1509_collision/MF1509_2_1.dae
[1.573s] -- Up-to-date: /home/jaeho/project_ws/install/doosan_m0609_description/share/doosan_m0609_description/meshes/m1509_collision/MF1509_4_0.dae
[1.573s] -- Up-to-date: /home/jaeho/project_ws/install/doosan_m0609_description/share/doosan_m0609_description/meshes/m1509_collision/MF1509_0_0.dae
[1.573s] -- Up-to-date: /home/jaeho/project_ws/install/doosan_m0609_description/share/doosan_m0609_description/meshes/m1509_collision/MF1509_4_1.dae
[1.573s] -- Up-to-date: /home/jaeho/project_ws/install/doosan_m0609_description/share/doosan_m0609_description/meshes/m1509_collision/MF1509_1_0.dae
[1.573s] -- Up-to-date: /home/jaeho/project_ws/install/doosan_m0609_description/share/doosan_m0609_description/meshes/m1509_collision/MF1509_2_0.dae
[1.573s] -- Up-to-date: /home/jaeho/project_ws/install/doosan_m0609_description/share/doosan_m0609_description/meshes/m1509_collision/MF1509_5_0.dae
[1.574s] -- Up-to-date: /home/jaeho/project_ws/install/doosan_m0609_description/share/doosan_m0609_description/meshes/h2515_white
[1.574s] -- Up-to-date: /home/jaeho/project_ws/install/doosan_m0609_description/share/doosan_m0609_description/meshes/h2515_white/H2515_0_0.dae
[1.574s] -- Up-to-date: /home/jaeho/project_ws/install/doosan_m0609_description/share/doosan_m0609_description/meshes/h2515_white/H2515_2_2.dae
[1.574s] -- Up-to-date: /home/jaeho/project_ws/install/doosan_m0609_description/share/doosan_m0609_description/meshes/h2515_white/H2515_2_1.dae
[1.575s] -- Up-to-date: /home/jaeho/project_ws/install/doosan_m0609_description/share/doosan_m0609_description/meshes/h2515_white/H2515_4_0.dae
[1.575s] -- Up-to-date: /home/jaeho/project_ws/install/doosan_m0609_description/share/doosan_m0609_description/meshes/h2515_white/H2515_3_0.dae
[1.575s] -- Up-to-date: /home/jaeho/project_ws/install/doosan_m0609_description/share/doosan_m0609_description/meshes/h2515_white/H2515_5_0.dae
[1.575s] -- Up-to-date: /home/jaeho/project_ws/install/doosan_m0609_description/share/doosan_m0609_description/meshes/h2515_white/H2515_2_0.dae
[1.575s] -- Up-to-date: /home/jaeho/project_ws/install/doosan_m0609_description/share/doosan_m0609_description/meshes/h2515_white/H2515_1_0.dae
[1.576s] -- Up-to-date: /home/jaeho/project_ws/install/doosan_m0609_description/share/doosan_m0609_description/meshes/h2515_white/H2515_4_1.dae
[1.576s] -- Up-to-date: /home/jaeho/project_ws/install/doosan_m0609_description/share/doosan_m0609_description/meshes/h2515_white/H2515_6_0.dae
[1.576s] -- Up-to-date: /home/jaeho/project_ws/install/doosan_m0609_description/share/doosan_m0609_description/meshes/m0617_blue
[1.576s] -- Up-to-date: /home/jaeho/project_ws/install/doosan_m0609_description/share/doosan_m0609_description/meshes/m0617_blue/MF0617_2_2.dae
[1.576s] -- Up-to-date: /home/jaeho/project_ws/install/doosan_m0609_description/share/doosan_m0609_description/meshes/m0617_blue/MF0617_0_0.dae
[1.577s] -- Up-to-date: /home/jaeho/project_ws/install/doosan_m0609_description/share/doosan_m0609_description/meshes/m0617_blue/MF0617_5_0.dae
[1.577s] -- Up-to-date: /home/jaeho/project_ws/install/doosan_m0609_description/share/doosan_m0609_description/meshes/m0617_blue/MF0617_1_0.dae
[1.577s] -- Up-to-date: /home/jaeho/project_ws/install/doosan_m0609_description/share/doosan_m0609_description/meshes/m0617_blue/MF0617_3_0.dae
[1.577s] -- Up-to-date: /home/jaeho/project_ws/install/doosan_m0609_description/share/doosan_m0609_description/meshes/m0617_blue/MF0617_6_0.dae
[1.577s] -- Up-to-date: /home/jaeho/project_ws/install/doosan_m0609_description/share/doosan_m0609_description/meshes/m0617_blue/MF0617_4_1.dae
[1.578s] -- Up-to-date: /home/jaeho/project_ws/install/doosan_m0609_description/share/doosan_m0609_description/meshes/m0617_blue/MF0617_2_0.dae
[1.578s] -- Up-to-date: /home/jaeho/project_ws/install/doosan_m0609_description/share/doosan_m0609_description/meshes/m0617_blue/MF0617_2_1.dae
[1.579s] -- Up-to-date: /home/jaeho/project_ws/install/doosan_m0609_description/share/doosan_m0609_description/meshes/m0617_blue/MF0617_4_0.dae
[1.579s] -- Up-to-date: /home/jaeho/project_ws/install/doosan_m0609_description/share/doosan_m0609_description/urdf
[1.579s] -- Up-to-date: /home/jaeho/project_ws/install/doosan_m0609_description/share/doosan_m0609_description/urdf/h2017.white.urdf
[1.579s] -- Up-to-date: /home/jaeho/project_ws/install/doosan_m0609_description/share/doosan_m0609_description/urdf/h2017.blue.urdf
[1.581s] -- Up-to-date: /home/jaeho/project_ws/install/doosan_m0609_description/share/doosan_m0609_description/urdf/h2515.urdf
[1.582s] -- Up-to-date: /home/jaeho/project_ws/install/doosan_m0609_description/share/doosan_m0609_description/urdf/a0509.blue.urdf
[1.584s] -- Up-to-date: /home/jaeho/project_ws/install/doosan_m0609_description/share/doosan_m0609_description/urdf/m1013_isaac_sim.urdf
[1.584s] -- Up-to-date: /home/jaeho/project_ws/install/doosan_m0609_description/share/doosan_m0609_description/urdf/m1509.blue.urdf
[1.586s] -- Up-to-date: /home/jaeho/project_ws/install/doosan_m0609_description/share/doosan_m0609_description/urdf/h2017.urdf
[1.586s] -- Up-to-date: /home/jaeho/project_ws/install/doosan_m0609_description/share/doosan_m0609_description/urdf/a0509.white.urdf
[1.587s] -- Up-to-date: /home/jaeho/project_ws/install/doosan_m0609_description/share/doosan_m0609_description/urdf/m1509.urdf
[1.588s] -- Up-to-date: /home/jaeho/project_ws/install/doosan_m0609_description/share/doosan_m0609_description/urdf/h2515.white.urdf
[1.589s] -- Up-to-date: /home/jaeho/project_ws/install/doosan_m0609_description/share/doosan_m0609_description/urdf/m0617.blue.urdf
[1.589s] -- Up-to-date: /home/jaeho/project_ws/install/doosan_m0609_description/share/doosan_m0609_description/urdf/m1509.white.urdf
[1.590s] -- Up-to-date: /home/jaeho/project_ws/install/doosan_m0609_description/share/doosan_m0609_description/urdf/a0912.urdf
[1.590s] -- Up-to-date: /home/jaeho/project_ws/install/doosan_m0609_description/share/doosan_m0609_description/urdf/m1013.white.urdf
[1.591s] -- Up-to-date: /home/jaeho/project_ws/install/doosan_m0609_description/share/doosan_m0609_description/urdf/m0617.urdf
[1.591s] -- Up-to-date: /home/jaeho/project_ws/install/doosan_m0609_description/share/doosan_m0609_description/urdf/m0609.blue.urdf
[1.591s] -- Up-to-date: /home/jaeho/project_ws/install/doosan_m0609_description/share/doosan_m0609_description/urdf/e0509.urdf
[1.591s] -- Up-to-date: /home/jaeho/project_ws/install/doosan_m0609_description/share/doosan_m0609_description/urdf/m0617.white.urdf
[1.592s] -- Up-to-date: /home/jaeho/project_ws/install/doosan_m0609_description/share/doosan_m0609_description/urdf/a0509.urdf
[1.592s] -- Up-to-date: /home/jaeho/project_ws/install/doosan_m0609_description/share/doosan_m0609_description/urdf/a0912.white.urdf
[1.592s] -- Up-to-date: /home/jaeho/project_ws/install/doosan_m0609_description/share/doosan_m0609_description/urdf/m0609.white.urdf
[1.593s] -- Up-to-date: /home/jaeho/project_ws/install/doosan_m0609_description/share/doosan_m0609_description/urdf/e0509.white.urdf
[1.593s] -- Up-to-date: /home/jaeho/project_ws/install/doosan_m0609_description/share/doosan_m0609_description/urdf/m0609_isaac_sim.urdf
[1.593s] -- Up-to-date: /home/jaeho/project_ws/install/doosan_m0609_description/share/doosan_m0609_description/urdf/a0912.blue.urdf
[1.593s] -- Up-to-date: /home/jaeho/project_ws/install/doosan_m0609_description/share/doosan_m0609_description/urdf/p3020.urdf
[1.593s] -- Up-to-date: /home/jaeho/project_ws/install/doosan_m0609_description/share/doosan_m0609_description/urdf/m1013.urdf
[1.594s] -- Up-to-date: /home/jaeho/project_ws/install/doosan_m0609_description/share/doosan_m0609_description/urdf/m1013.blue.urdf
[1.594s] -- Up-to-date: /home/jaeho/project_ws/install/doosan_m0609_description/share/doosan_m0609_description/urdf/m0609.urdf
[1.594s] -- Up-to-date: /home/jaeho/project_ws/install/doosan_m0609_description/share/doosan_m0609_description/urdf/h2515.blue.urdf
[1.594s] -- Up-to-date: /home/jaeho/project_ws/install/doosan_m0609_description/share/doosan_m0609_description/xacro
[1.594s] -- Up-to-date: /home/jaeho/project_ws/install/doosan_m0609_description/share/doosan_m0609_description/xacro/macro.p3020.white.xacro
[1.595s] -- Up-to-date: /home/jaeho/project_ws/install/doosan_m0609_description/share/doosan_m0609_description/xacro/m0617.urdf.xacro
[1.595s] -- Up-to-date: /home/jaeho/project_ws/install/doosan_m0609_description/share/doosan_m0609_description/xacro/macro.a0912.blue.xacro
[1.595s] -- Up-to-date: /home/jaeho/project_ws/install/doosan_m0609_description/share/doosan_m0609_description/xacro/macro.a0509.white.xacro
[1.595s] -- Up-to-date: /home/jaeho/project_ws/install/doosan_m0609_description/share/doosan_m0609_description/xacro/macro.m1013.white.xacro
[1.595s] -- Up-to-date: /home/jaeho/project_ws/install/doosan_m0609_description/share/doosan_m0609_description/xacro/macro.e0509.white.xacro
[1.596s] -- Up-to-date: /home/jaeho/project_ws/install/doosan_m0609_description/share/doosan_m0609_description/xacro/m1013.urdf.xacro
[1.596s] -- Up-to-date: /home/jaeho/project_ws/install/doosan_m0609_description/share/doosan_m0609_description/xacro/macro.h2017.white.xacro
[1.596s] -- Up-to-date: /home/jaeho/project_ws/install/doosan_m0609_description/share/doosan_m0609_description/xacro/h2017.urdf.xacro
[1.596s] -- Up-to-date: /home/jaeho/project_ws/install/doosan_m0609_description/share/doosan_m0609_description/xacro/macro.m0617.blue.xacro
[1.596s] -- Up-to-date: /home/jaeho/project_ws/install/doosan_m0609_description/share/doosan_m0609_description/xacro/m0609.urdf.xacro
[1.596s] -- Up-to-date: /home/jaeho/project_ws/install/doosan_m0609_description/share/doosan_m0609_description/xacro/a0912.urdf.xacro
[1.597s] -- Up-to-date: /home/jaeho/project_ws/install/doosan_m0609_description/share/doosan_m0609_description/xacro/macro.m0609.white.xacro
[1.597s] -- Up-to-date: /home/jaeho/project_ws/install/doosan_m0609_description/share/doosan_m0609_description/xacro/macro.p3020.blue.xacro
[1.597s] -- Up-to-date: /home/jaeho/project_ws/install/doosan_m0609_description/share/doosan_m0609_description/xacro/macro.a0912.white.xacro
[1.597s] -- Up-to-date: /home/jaeho/project_ws/install/doosan_m0609_description/share/doosan_m0609_description/xacro/macro.m1013.blue.xacro
[1.598s] -- Up-to-date: /home/jaeho/project_ws/install/doosan_m0609_description/share/doosan_m0609_description/xacro/p3020.urdf.xacro
[1.598s] -- Up-to-date: /home/jaeho/project_ws/install/doosan_m0609_description/share/doosan_m0609_description/xacro/m1509.urdf.xacro
[1.598s] -- Up-to-date: /home/jaeho/project_ws/install/doosan_m0609_description/share/doosan_m0609_description/xacro/macro.m1509.blue.xacro
[1.598s] -- Up-to-date: /home/jaeho/project_ws/install/doosan_m0609_description/share/doosan_m0609_description/xacro/macro.m1509.white.xacro
[1.598s] -- Up-to-date: /home/jaeho/project_ws/install/doosan_m0609_description/share/doosan_m0609_description/xacro/macro.h2515.white.xacro
[1.598s] -- Up-to-date: /home/jaeho/project_ws/install/doosan_m0609_description/share/doosan_m0609_description/xacro/macro.m0609.blue.xacro
[1.598s] -- Up-to-date: /home/jaeho/project_ws/install/doosan_m0609_description/share/doosan_m0609_description/xacro/e0509.urdf.xacro
[1.599s] -- Up-to-date: /home/jaeho/project_ws/install/doosan_m0609_description/share/doosan_m0609_description/xacro/macro.h2515.blue.xacro
[1.599s] -- Up-to-date: /home/jaeho/project_ws/install/doosan_m0609_description/share/doosan_m0609_description/xacro/macro.a0509.blue.xacro
[1.599s] -- Up-to-date: /home/jaeho/project_ws/install/doosan_m0609_description/share/doosan_m0609_description/xacro/a0509.urdf.xacro
[1.599s] -- Up-to-date: /home/jaeho/project_ws/install/doosan_m0609_description/share/doosan_m0609_description/xacro/h2515.urdf.xacro
[1.599s] -- Up-to-date: /home/jaeho/project_ws/install/doosan_m0609_description/share/doosan_m0609_description/xacro/robotiq_2f85.xacro
[1.600s] -- Up-to-date: /home/jaeho/project_ws/install/doosan_m0609_description/share/doosan_m0609_description/xacro/macro.h2017.blue.xacro
[1.600s] -- Up-to-date: /home/jaeho/project_ws/install/doosan_m0609_description/share/doosan_m0609_description/xacro/macro.m0617.white.xacro
[1.600s] -- Up-to-date: /home/jaeho/project_ws/install/doosan_m0609_description/share/doosan_m0609_description/config
[1.601s] -- Up-to-date: /home/jaeho/project_ws/install/doosan_m0609_description/share/doosan_m0609_description/config/macro.gazebo.xacro
[1.601s] -- Up-to-date: /home/jaeho/project_ws/install/doosan_m0609_description/share/doosan_m0609_description/config/macro.transmission.xacro
[1.601s] -- Up-to-date: /home/jaeho/project_ws/install/doosan_m0609_description/share/doosan_m0609_description/config/macro.wheel.xacro
[1.601s] -- Up-to-date: /home/jaeho/project_ws/install/doosan_m0609_description/share/doosan_m0609_description/config/macro.gazebo.p3020.xacro
[1.602s] -- Up-to-date: /home/jaeho/project_ws/install/doosan_m0609_description/share/doosan_m0609_description/config/macro.decorations.xacro
[1.602s] -- Up-to-date: /home/jaeho/project_ws/install/doosan_m0609_description/share/doosan_m0609_description/config/macro.materials.xacro
[1.603s] -- Up-to-date: /home/jaeho/project_ws/install/doosan_m0609_description/share/doosan_m0609_description/ros2_control
[1.603s] -- Up-to-date: /home/jaeho/project_ws/install/doosan_m0609_description/share/doosan_m0609_description/ros2_control/m1013.gz_ros2_control.xacro
[1.603s] -- Up-to-date: /home/jaeho/project_ws/install/doosan_m0609_description/share/doosan_m0609_description/ros2_control/a0509.mj_ros2_control.xacro
[1.603s] -- Up-to-date: /home/jaeho/project_ws/install/doosan_m0609_description/share/doosan_m0609_description/ros2_control/m0609.mj_ros2_control.xacro
[1.604s] -- Up-to-date: /home/jaeho/project_ws/install/doosan_m0609_description/share/doosan_m0609_description/ros2_control/m0609.gz_ros2_control.xacro
[1.604s] -- Up-to-date: /home/jaeho/project_ws/install/doosan_m0609_description/share/doosan_m0609_description/ros2_control/m0617.gz_ros2_control.xacro
[1.604s] -- Up-to-date: /home/jaeho/project_ws/install/doosan_m0609_description/share/doosan_m0609_description/ros2_control/p3020.ros2_control.xacro
[1.606s] -- Up-to-date: /home/jaeho/project_ws/install/doosan_m0609_description/share/doosan_m0609_description/ros2_control/e0509.ros2_control.xacro
[1.608s] -- Up-to-date: /home/jaeho/project_ws/install/doosan_m0609_description/share/doosan_m0609_description/ros2_control/robotiq_2f85.mj_ros2_control.xacro
[1.610s] -- Up-to-date: /home/jaeho/project_ws/install/doosan_m0609_description/share/doosan_m0609_description/ros2_control/h2515.ros2_control.xacro
[1.610s] -- Up-to-date: /home/jaeho/project_ws/install/doosan_m0609_description/share/doosan_m0609_description/ros2_control/m0617.mj_ros2_control.xacro
[1.612s] -- Up-to-date: /home/jaeho/project_ws/install/doosan_m0609_description/share/doosan_m0609_description/ros2_control/h2017.gz_ros2_control.xacro
[1.612s] -- Up-to-date: /home/jaeho/project_ws/install/doosan_m0609_description/share/doosan_m0609_description/ros2_control/m1013.mj_ros2_control.xacro
[1.612s] -- Up-to-date: /home/jaeho/project_ws/install/doosan_m0609_description/share/doosan_m0609_description/ros2_control/m1509.gz_ros2_control.xacro
[1.613s] -- Up-to-date: /home/jaeho/project_ws/install/doosan_m0609_description/share/doosan_m0609_description/ros2_control/e0509.gz_ros2_control.xacro
[1.613s] -- Up-to-date: /home/jaeho/project_ws/install/doosan_m0609_description/share/doosan_m0609_description/ros2_control/h2017.ros2_control.xacro
[1.613s] -- Up-to-date: /home/jaeho/project_ws/install/doosan_m0609_description/share/doosan_m0609_description/ros2_control/p3020.gz_ros2_control.xacro
[1.613s] -- Up-to-date: /home/jaeho/project_ws/install/doosan_m0609_description/share/doosan_m0609_description/ros2_control/a0509.gz_ros2_control.xacro
[1.614s] -- Up-to-date: /home/jaeho/project_ws/install/doosan_m0609_description/share/doosan_m0609_description/ros2_control/a0912.gz_ros2_control.xacro
[1.614s] -- Up-to-date: /home/jaeho/project_ws/install/doosan_m0609_description/share/doosan_m0609_description/ros2_control/a0912.mj_ros2_control.xacro
[1.614s] -- Up-to-date: /home/jaeho/project_ws/install/doosan_m0609_description/share/doosan_m0609_description/ros2_control/a0509.ros2_control.xacro
[1.614s] -- Up-to-date: /home/jaeho/project_ws/install/doosan_m0609_description/share/doosan_m0609_description/ros2_control/m0609.ros2_control.xacro
[1.615s] -- Up-to-date: /home/jaeho/project_ws/install/doosan_m0609_description/share/doosan_m0609_description/ros2_control/h2515.gz_ros2_control.xacro
[1.615s] -- Up-to-date: /home/jaeho/project_ws/install/doosan_m0609_description/share/doosan_m0609_description/ros2_control/h2515.mj_ros2_control.xacro
[1.615s] -- Up-to-date: /home/jaeho/project_ws/install/doosan_m0609_description/share/doosan_m0609_description/ros2_control/h2017.mj_ros2_control.xacro
[1.615s] -- Up-to-date: /home/jaeho/project_ws/install/doosan_m0609_description/share/doosan_m0609_description/ros2_control/m1509.ros2_control.xacro
[1.615s] -- Up-to-date: /home/jaeho/project_ws/install/doosan_m0609_description/share/doosan_m0609_description/ros2_control/m1013.ros2_control.xacro
[1.615s] -- Up-to-date: /home/jaeho/project_ws/install/doosan_m0609_description/share/doosan_m0609_description/ros2_control/m0617.ros2_control.xacro
[1.616s] -- Up-to-date: /home/jaeho/project_ws/install/doosan_m0609_description/share/doosan_m0609_description/ros2_control/m1509.mj_ros2_control.xacro
[1.616s] -- Up-to-date: /home/jaeho/project_ws/install/doosan_m0609_description/share/doosan_m0609_description/ros2_control/e0509.mj_ros2_control.xacro
[1.616s] -- Up-to-date: /home/jaeho/project_ws/install/doosan_m0609_description/share/doosan_m0609_description/ros2_control/a0912.ros2_control.xacro
[1.616s] -- Up-to-date: /home/jaeho/project_ws/install/doosan_m0609_description/share/doosan_m0609_description/mujoco_models
[1.616s] -- Up-to-date: /home/jaeho/project_ws/install/doosan_m0609_description/share/doosan_m0609_description/mujoco_models/m1013
[1.617s] -- Up-to-date: /home/jaeho/project_ws/install/doosan_m0609_description/share/doosan_m0609_description/mujoco_models/m1013/m1013.xml
[1.618s] -- Up-to-date: /home/jaeho/project_ws/install/doosan_m0609_description/share/doosan_m0609_description/mujoco_models/m1013/assets
[1.619s] -- Up-to-date: /home/jaeho/project_ws/install/doosan_m0609_description/share/doosan_m0609_description/mujoco_models/m1013/assets/MF1013_2_1.stl
[1.619s] -- Up-to-date: /home/jaeho/project_ws/install/doosan_m0609_description/share/doosan_m0609_description/mujoco_models/m1013/assets/MF1013_6_0.stl
[1.619s] -- Up-to-date: /home/jaeho/project_ws/install/doosan_m0609_description/share/doosan_m0609_description/mujoco_models/m1013/assets/MF1013_3_0.stl
[1.619s] -- Up-to-date: /home/jaeho/project_ws/install/doosan_m0609_description/share/doosan_m0609_description/mujoco_models/m1013/assets/MF1013_5_0.stl
[1.620s] -- Up-to-date: /home/jaeho/project_ws/install/doosan_m0609_description/share/doosan_m0609_description/mujoco_models/m1013/assets/MF1013_0_0.stl
[1.620s] -- Up-to-date: /home/jaeho/project_ws/install/doosan_m0609_description/share/doosan_m0609_description/mujoco_models/m1013/assets/MF1013_2_0.stl
[1.620s] -- Up-to-date: /home/jaeho/project_ws/install/doosan_m0609_description/share/doosan_m0609_description/mujoco_models/m1013/assets/MF1013_4_0.stl
[1.621s] -- Up-to-date: /home/jaeho/project_ws/install/doosan_m0609_description/share/doosan_m0609_description/mujoco_models/m1013/assets/MF1013_4_1.stl
[1.621s] -- Up-to-date: /home/jaeho/project_ws/install/doosan_m0609_description/share/doosan_m0609_description/mujoco_models/m1013/assets/MF1013_2_2.stl
[1.622s] -- Up-to-date: /home/jaeho/project_ws/install/doosan_m0609_description/share/doosan_m0609_description/mujoco_models/m1013/assets/MF1013_1_0.stl
[1.622s] -- Up-to-date: /home/jaeho/project_ws/install/doosan_m0609_description/share/doosan_m0609_description/mujoco_models/m1013/scene.xml
[1.623s] -- Up-to-date: /home/jaeho/project_ws/install/doosan_m0609_description/share/doosan_m0609_description/mujoco_models/m0617
[1.624s] -- Up-to-date: /home/jaeho/project_ws/install/doosan_m0609_description/share/doosan_m0609_description/mujoco_models/m0617/assets
[1.625s] -- Up-to-date: /home/jaeho/project_ws/install/doosan_m0609_description/share/doosan_m0609_description/mujoco_models/m0617/assets/MF0617_5_0.stl
[1.625s] -- Up-to-date: /home/jaeho/project_ws/install/doosan_m0609_description/share/doosan_m0609_description/mujoco_models/m0617/assets/MF0617_3_0.stl
[1.625s] -- Up-to-date: /home/jaeho/project_ws/install/doosan_m0609_description/share/doosan_m0609_description/mujoco_models/m0617/assets/MF0617_4_1.stl
[1.626s] -- Up-to-date: /home/jaeho/project_ws/install/doosan_m0609_description/share/doosan_m0609_description/mujoco_models/m0617/assets/MF0617_2_1.stl
[1.626s] -- Up-to-date: /home/jaeho/project_ws/install/doosan_m0609_description/share/doosan_m0609_description/mujoco_models/m0617/assets/MF0617_2_2.stl
[1.627s] -- Up-to-date: /home/jaeho/project_ws/install/doosan_m0609_description/share/doosan_m0609_description/mujoco_models/m0617/assets/MF0617_2_0.stl
[1.627s] -- Up-to-date: /home/jaeho/project_ws/install/doosan_m0609_description/share/doosan_m0609_description/mujoco_models/m0617/assets/MF0617_1_0.stl
[1.627s] -- Up-to-date: /home/jaeho/project_ws/install/doosan_m0609_description/share/doosan_m0609_description/mujoco_models/m0617/assets/MF0617_0_0.stl
[1.627s] -- Up-to-date: /home/jaeho/project_ws/install/doosan_m0609_description/share/doosan_m0609_description/mujoco_models/m0617/assets/MF0617_4_0.stl
[1.627s] -- Up-to-date: /home/jaeho/project_ws/install/doosan_m0609_description/share/doosan_m0609_description/mujoco_models/m0617/assets/MF0617_6_0.stl
[1.628s] -- Up-to-date: /home/jaeho/project_ws/install/doosan_m0609_description/share/doosan_m0609_description/mujoco_models/m0617/scene.xml
[1.628s] -- Up-to-date: /home/jaeho/project_ws/install/doosan_m0609_description/share/doosan_m0609_description/mujoco_models/m0617/m0617.xml
[1.628s] -- Up-to-date: /home/jaeho/project_ws/install/doosan_m0609_description/share/doosan_m0609_description/mujoco_models/h2017
[1.628s] -- Up-to-date: /home/jaeho/project_ws/install/doosan_m0609_description/share/doosan_m0609_description/mujoco_models/h2017/assets
[1.629s] -- Up-to-date: /home/jaeho/project_ws/install/doosan_m0609_description/share/doosan_m0609_description/mujoco_models/h2017/assets/H2017_2_2.stl
[1.630s] -- Up-to-date: /home/jaeho/project_ws/install/doosan_m0609_description/share/doosan_m0609_description/mujoco_models/h2017/assets/H2017_0_0.stl
[1.630s] -- Up-to-date: /home/jaeho/project_ws/install/doosan_m0609_description/share/doosan_m0609_description/mujoco_models/h2017/assets/H2017_6_0.stl
[1.631s] -- Up-to-date: /home/jaeho/project_ws/install/doosan_m0609_description/share/doosan_m0609_description/mujoco_models/h2017/assets/H2017_2_0.stl
[1.632s] -- Up-to-date: /home/jaeho/project_ws/install/doosan_m0609_description/share/doosan_m0609_description/mujoco_models/h2017/assets/H2017_4_1.stl
[1.632s] -- Up-to-date: /home/jaeho/project_ws/install/doosan_m0609_description/share/doosan_m0609_description/mujoco_models/h2017/assets/H2017_3_0.stl
[1.632s] -- Up-to-date: /home/jaeho/project_ws/install/doosan_m0609_description/share/doosan_m0609_description/mujoco_models/h2017/assets/H2017_2_1.stl
[1.632s] -- Up-to-date: /home/jaeho/project_ws/install/doosan_m0609_description/share/doosan_m0609_description/mujoco_models/h2017/assets/H2017_5_0.stl
[1.633s] -- Up-to-date: /home/jaeho/project_ws/install/doosan_m0609_description/share/doosan_m0609_description/mujoco_models/h2017/assets/H2017_1_0.stl
[1.634s] -- Up-to-date: /home/jaeho/project_ws/install/doosan_m0609_description/share/doosan_m0609_description/mujoco_models/h2017/assets/H2017_4_0.stl
[1.637s] -- Up-to-date: /home/jaeho/project_ws/install/doosan_m0609_description/share/doosan_m0609_description/mujoco_models/h2017/scene.xml
[1.637s] -- Up-to-date: /home/jaeho/project_ws/install/doosan_m0609_description/share/doosan_m0609_description/mujoco_models/h2017/h2017.xml
[1.637s] -- Up-to-date: /home/jaeho/project_ws/install/doosan_m0609_description/share/doosan_m0609_description/mujoco_models/h2515
[1.637s] -- Up-to-date: /home/jaeho/project_ws/install/doosan_m0609_description/share/doosan_m0609_description/mujoco_models/h2515/assets
[1.638s] -- Up-to-date: /home/jaeho/project_ws/install/doosan_m0609_description/share/doosan_m0609_description/mujoco_models/h2515/assets/H2515_2_0.stl
[1.638s] -- Up-to-date: /home/jaeho/project_ws/install/doosan_m0609_description/share/doosan_m0609_description/mujoco_models/h2515/assets/H2515_5_0.stl
[1.638s] -- Up-to-date: /home/jaeho/project_ws/install/doosan_m0609_description/share/doosan_m0609_description/mujoco_models/h2515/assets/H2515_1_0.stl
[1.638s] -- Up-to-date: /home/jaeho/project_ws/install/doosan_m0609_description/share/doosan_m0609_description/mujoco_models/h2515/assets/H2515_2_2.stl
[1.638s] -- Up-to-date: /home/jaeho/project_ws/install/doosan_m0609_description/share/doosan_m0609_description/mujoco_models/h2515/assets/H2515_2_1.stl
[1.639s] -- Up-to-date: /home/jaeho/project_ws/install/doosan_m0609_description/share/doosan_m0609_description/mujoco_models/h2515/assets/H2515_4_1.stl
[1.639s] -- Up-to-date: /home/jaeho/project_ws/install/doosan_m0609_description/share/doosan_m0609_description/mujoco_models/h2515/assets/H2515_0_0.stl
[1.639s] -- Up-to-date: /home/jaeho/project_ws/install/doosan_m0609_description/share/doosan_m0609_description/mujoco_models/h2515/assets/H2515_3_0.stl
[1.640s] -- Up-to-date: /home/jaeho/project_ws/install/doosan_m0609_description/share/doosan_m0609_description/mujoco_models/h2515/assets/H2515_4_0.stl
[1.640s] -- Up-to-date: /home/jaeho/project_ws/install/doosan_m0609_description/share/doosan_m0609_description/mujoco_models/h2515/assets/H2515_6_0.stl
[1.640s] -- Up-to-date: /home/jaeho/project_ws/install/doosan_m0609_description/share/doosan_m0609_description/mujoco_models/h2515/scene.xml
[1.640s] -- Up-to-date: /home/jaeho/project_ws/install/doosan_m0609_description/share/doosan_m0609_description/mujoco_models/h2515/h2515.xml
[1.640s] -- Up-to-date: /home/jaeho/project_ws/install/doosan_m0609_description/share/doosan_m0609_description/mujoco_models/a0912
[1.640s] -- Up-to-date: /home/jaeho/project_ws/install/doosan_m0609_description/share/doosan_m0609_description/mujoco_models/a0912/assets
[1.640s] -- Up-to-date: /home/jaeho/project_ws/install/doosan_m0609_description/share/doosan_m0609_description/mujoco_models/a0912/assets/A0912_2_0.stl
[1.641s] -- Up-to-date: /home/jaeho/project_ws/install/doosan_m0609_description/share/doosan_m0609_description/mujoco_models/a0912/assets/A0912_4_0.stl
[1.641s] -- Up-to-date: /home/jaeho/project_ws/install/doosan_m0609_description/share/doosan_m0609_description/mujoco_models/a0912/assets/A0912_0_0.stl
[1.641s] -- Up-to-date: /home/jaeho/project_ws/install/doosan_m0609_description/share/doosan_m0609_description/mujoco_models/a0912/assets/A0912_1_0.stl
[1.641s] -- Up-to-date: /home/jaeho/project_ws/install/doosan_m0609_description/share/doosan_m0609_description/mujoco_models/a0912/assets/A0912_2_1.stl
[1.641s] -- Up-to-date: /home/jaeho/project_ws/install/doosan_m0609_description/share/doosan_m0609_description/mujoco_models/a0912/assets/A0912_6_0.stl
[1.641s] -- Up-to-date: /home/jaeho/project_ws/install/doosan_m0609_description/share/doosan_m0609_description/mujoco_models/a0912/assets/A0912_1_1.stl
[1.641s] -- Up-to-date: /home/jaeho/project_ws/install/doosan_m0609_description/share/doosan_m0609_description/mujoco_models/a0912/assets/A0912_3_1.stl
[1.642s] -- Up-to-date: /home/jaeho/project_ws/install/doosan_m0609_description/share/doosan_m0609_description/mujoco_models/a0912/assets/A0912_4_1.stl
[1.642s] -- Up-to-date: /home/jaeho/project_ws/install/doosan_m0609_description/share/doosan_m0609_description/mujoco_models/a0912/assets/A0912_2_2.stl
[1.642s] -- Up-to-date: /home/jaeho/project_ws/install/doosan_m0609_description/share/doosan_m0609_description/mujoco_models/a0912/assets/A0912_3_0.stl
[1.642s] -- Up-to-date: /home/jaeho/project_ws/install/doosan_m0609_description/share/doosan_m0609_description/mujoco_models/a0912/assets/A0912_1_2.stl
[1.642s] -- Up-to-date: /home/jaeho/project_ws/install/doosan_m0609_description/share/doosan_m0609_description/mujoco_models/a0912/assets/A0912_5_0.stl
[1.642s] -- Up-to-date: /home/jaeho/project_ws/install/doosan_m0609_description/share/doosan_m0609_description/mujoco_models/a0912/assets/A0912_5_1.stl
[1.643s] -- Up-to-date: /home/jaeho/project_ws/install/doosan_m0609_description/share/doosan_m0609_description/mujoco_models/a0912/scene.xml
[1.643s] -- Up-to-date: /home/jaeho/project_ws/install/doosan_m0609_description/share/doosan_m0609_description/mujoco_models/a0912/a0912.xml
[1.643s] -- Up-to-date: /home/jaeho/project_ws/install/doosan_m0609_description/share/doosan_m0609_description/mujoco_models/a0509
[1.643s] -- Up-to-date: /home/jaeho/project_ws/install/doosan_m0609_description/share/doosan_m0609_description/mujoco_models/a0509/assets
[1.644s] -- Up-to-date: /home/jaeho/project_ws/install/doosan_m0609_description/share/doosan_m0609_description/mujoco_models/a0509/assets/A0509_6_0.stl
[1.644s] -- Up-to-date: /home/jaeho/project_ws/install/doosan_m0609_description/share/doosan_m0609_description/mujoco_models/a0509/assets/A0509_4_1.stl
[1.644s] -- Up-to-date: /home/jaeho/project_ws/install/doosan_m0609_description/share/doosan_m0609_description/mujoco_models/a0509/assets/A0509_1_1.stl
[1.644s] -- Up-to-date: /home/jaeho/project_ws/install/doosan_m0609_description/share/doosan_m0609_description/mujoco_models/a0509/assets/A0509_5_0.stl
[1.646s] -- Up-to-date: /home/jaeho/project_ws/install/doosan_m0609_description/share/doosan_m0609_description/mujoco_models/a0509/assets/A0509_3_1.stl
[1.647s] -- Up-to-date: /home/jaeho/project_ws/install/doosan_m0609_description/share/doosan_m0609_description/mujoco_models/a0509/assets/A0509_1_2.stl
[1.647s] -- Up-to-date: /home/jaeho/project_ws/install/doosan_m0609_description/share/doosan_m0609_description/mujoco_models/a0509/assets/A0509_4_0.stl
[1.648s] -- Up-to-date: /home/jaeho/project_ws/install/doosan_m0609_description/share/doosan_m0609_description/mujoco_models/a0509/assets/A0509_2_0.stl
[1.650s] -- Up-to-date: /home/jaeho/project_ws/install/doosan_m0609_description/share/doosan_m0609_description/mujoco_models/a0509/assets/A0509_3_0.stl
[1.650s] -- Up-to-date: /home/jaeho/project_ws/install/doosan_m0609_description/share/doosan_m0609_description/mujoco_models/a0509/assets/A0509_2_1.stl
[1.651s] -- Up-to-date: /home/jaeho/project_ws/install/doosan_m0609_description/share/doosan_m0609_description/mujoco_models/a0509/assets/A0509_5_1.stl
[1.651s] -- Up-to-date: /home/jaeho/project_ws/install/doosan_m0609_description/share/doosan_m0609_description/mujoco_models/a0509/assets/A0509_1_0.stl
[1.651s] -- Up-to-date: /home/jaeho/project_ws/install/doosan_m0609_description/share/doosan_m0609_description/mujoco_models/a0509/assets/A0509_0_0.stl
[1.652s] -- Up-to-date: /home/jaeho/project_ws/install/doosan_m0609_description/share/doosan_m0609_description/mujoco_models/a0509/assets/A0509_2_2.stl
[1.652s] -- Up-to-date: /home/jaeho/project_ws/install/doosan_m0609_description/share/doosan_m0609_description/mujoco_models/a0509/scene.xml
[1.653s] -- Up-to-date: /home/jaeho/project_ws/install/doosan_m0609_description/share/doosan_m0609_description/mujoco_models/a0509/a0509.xml
[1.653s] -- Up-to-date: /home/jaeho/project_ws/install/doosan_m0609_description/share/doosan_m0609_description/mujoco_models/2f85
[1.653s] -- Up-to-date: /home/jaeho/project_ws/install/doosan_m0609_description/share/doosan_m0609_description/mujoco_models/2f85/assets
[1.654s] -- Up-to-date: /home/jaeho/project_ws/install/doosan_m0609_description/share/doosan_m0609_description/mujoco_models/2f85/assets/base.stl
[1.655s] -- Up-to-date: /home/jaeho/project_ws/install/doosan_m0609_description/share/doosan_m0609_description/mujoco_models/2f85/assets/base_mount.stl
[1.656s] -- Up-to-date: /home/jaeho/project_ws/install/doosan_m0609_description/share/doosan_m0609_description/mujoco_models/2f85/assets/follower.stl
[1.656s] -- Up-to-date: /home/jaeho/project_ws/install/doosan_m0609_description/share/doosan_m0609_description/mujoco_models/2f85/assets/coupler.stl
[1.656s] -- Up-to-date: /home/jaeho/project_ws/install/doosan_m0609_description/share/doosan_m0609_description/mujoco_models/2f85/assets/spring_link.stl
[1.657s] -- Up-to-date: /home/jaeho/project_ws/install/doosan_m0609_description/share/doosan_m0609_description/mujoco_models/2f85/assets/driver.stl
[1.657s] -- Up-to-date: /home/jaeho/project_ws/install/doosan_m0609_description/share/doosan_m0609_description/mujoco_models/2f85/assets/silicone_pad.stl
[1.657s] -- Up-to-date: /home/jaeho/project_ws/install/doosan_m0609_description/share/doosan_m0609_description/mujoco_models/2f85/assets/pad.stl
[1.657s] -- Up-to-date: /home/jaeho/project_ws/install/doosan_m0609_description/share/doosan_m0609_description/mujoco_models/2f85/README.md
[1.658s] -- Up-to-date: /home/jaeho/project_ws/install/doosan_m0609_description/share/doosan_m0609_description/mujoco_models/2f85/scene.xml
[1.658s] -- Up-to-date: /home/jaeho/project_ws/install/doosan_m0609_description/share/doosan_m0609_description/mujoco_models/2f85/2f85.xml
[1.658s] -- Up-to-date: /home/jaeho/project_ws/install/doosan_m0609_description/share/doosan_m0609_description/mujoco_models/2f85/LICENSE
[1.658s] -- Up-to-date: /home/jaeho/project_ws/install/doosan_m0609_description/share/doosan_m0609_description/mujoco_models/demo
[1.658s] -- Up-to-date: /home/jaeho/project_ws/install/doosan_m0609_description/share/doosan_m0609_description/mujoco_models/demo/slope_demo_scene.xml
[1.658s] -- Up-to-date: /home/jaeho/project_ws/install/doosan_m0609_description/share/doosan_m0609_description/mujoco_models/demo/assets
[1.658s] -- Up-to-date: /home/jaeho/project_ws/install/doosan_m0609_description/share/doosan_m0609_description/mujoco_models/demo/assets/storage_box.stl
[1.659s] -- Up-to-date: /home/jaeho/project_ws/install/doosan_m0609_description/share/doosan_m0609_description/mujoco_models/demo/assets/left_fence.stl
[1.659s] -- Up-to-date: /home/jaeho/project_ws/install/doosan_m0609_description/share/doosan_m0609_description/mujoco_models/demo/assets/stopper_right.stl
[1.659s] -- Up-to-date: /home/jaeho/project_ws/install/doosan_m0609_description/share/doosan_m0609_description/mujoco_models/demo/assets/bottom_slope.stl
[1.659s] -- Up-to-date: /home/jaeho/project_ws/install/doosan_m0609_description/share/doosan_m0609_description/mujoco_models/demo/assets/stopper.stl
[1.659s] -- Up-to-date: /home/jaeho/project_ws/install/doosan_m0609_description/share/doosan_m0609_description/mujoco_models/demo/assets/bottom_support_left.stl
[1.659s] -- Up-to-date: /home/jaeho/project_ws/install/doosan_m0609_description/share/doosan_m0609_description/mujoco_models/demo/assets/stopper_left.stl
[1.659s] -- Up-to-date: /home/jaeho/project_ws/install/doosan_m0609_description/share/doosan_m0609_description/mujoco_models/demo/assets/bottom_support_right.stl
[1.659s] -- Up-to-date: /home/jaeho/project_ws/install/doosan_m0609_description/share/doosan_m0609_description/mujoco_models/demo/assets/bottom_fence_right.stl
[1.660s] -- Up-to-date: /home/jaeho/project_ws/install/doosan_m0609_description/share/doosan_m0609_description/mujoco_models/demo/assets/bottom_fence_left.stl
[1.660s] -- Up-to-date: /home/jaeho/project_ws/install/doosan_m0609_description/share/doosan_m0609_description/mujoco_models/demo/assets/top_fence_right.stl
[1.660s] -- Up-to-date: /home/jaeho/project_ws/install/doosan_m0609_description/share/doosan_m0609_description/mujoco_models/demo/assets/top_slope.stl
[1.660s] -- Up-to-date: /home/jaeho/project_ws/install/doosan_m0609_description/share/doosan_m0609_description/mujoco_models/demo/assets/top_fence_left.stl
[1.660s] -- Up-to-date: /home/jaeho/project_ws/install/doosan_m0609_description/share/doosan_m0609_description/mujoco_models/m1509
[1.661s] -- Up-to-date: /home/jaeho/project_ws/install/doosan_m0609_description/share/doosan_m0609_description/mujoco_models/m1509/assets
[1.661s] -- Up-to-date: /home/jaeho/project_ws/install/doosan_m0609_description/share/doosan_m0609_description/mujoco_models/m1509/assets/MF1509_2_2.stl
[1.662s] -- Up-to-date: /home/jaeho/project_ws/install/doosan_m0609_description/share/doosan_m0609_description/mujoco_models/m1509/assets/MF1509_1_0.stl
[1.662s] -- Up-to-date: /home/jaeho/project_ws/install/doosan_m0609_description/share/doosan_m0609_description/mujoco_models/m1509/assets/MF1509_4_1.stl
[1.662s] -- Up-to-date: /home/jaeho/project_ws/install/doosan_m0609_description/share/doosan_m0609_description/mujoco_models/m1509/assets/MF1509_6_0.stl
[1.663s] -- Up-to-date: /home/jaeho/project_ws/install/doosan_m0609_description/share/doosan_m0609_description/mujoco_models/m1509/assets/MF1509_5_0.stl
[1.663s] -- Up-to-date: /home/jaeho/project_ws/install/doosan_m0609_description/share/doosan_m0609_description/mujoco_models/m1509/assets/MF1509_3_0.stl
[1.663s] -- Up-to-date: /home/jaeho/project_ws/install/doosan_m0609_description/share/doosan_m0609_description/mujoco_models/m1509/assets/MF1509_2_1.stl
[1.664s] -- Up-to-date: /home/jaeho/project_ws/install/doosan_m0609_description/share/doosan_m0609_description/mujoco_models/m1509/assets/MF1509_0_0.stl
[1.664s] -- Up-to-date: /home/jaeho/project_ws/install/doosan_m0609_description/share/doosan_m0609_description/mujoco_models/m1509/assets/MF1509_4_0.stl
[1.665s] -- Up-to-date: /home/jaeho/project_ws/install/doosan_m0609_description/share/doosan_m0609_description/mujoco_models/m1509/assets/MF1509_2_0.stl
[1.665s] -- Up-to-date: /home/jaeho/project_ws/install/doosan_m0609_description/share/doosan_m0609_description/mujoco_models/m1509/scene.xml
[1.665s] -- Up-to-date: /home/jaeho/project_ws/install/doosan_m0609_description/share/doosan_m0609_description/mujoco_models/m1509/m1509.xml
[1.666s] -- Up-to-date: /home/jaeho/project_ws/install/doosan_m0609_description/share/doosan_m0609_description/mujoco_models/e0509
[1.666s] -- Up-to-date: /home/jaeho/project_ws/install/doosan_m0609_description/share/doosan_m0609_description/mujoco_models/e0509/assets
[1.666s] -- Up-to-date: /home/jaeho/project_ws/install/doosan_m0609_description/share/doosan_m0609_description/mujoco_models/e0509/assets/E0509_4_1.stl
[1.668s] -- Up-to-date: /home/jaeho/project_ws/install/doosan_m0609_description/share/doosan_m0609_description/mujoco_models/e0509/assets/E0509_3_2.stl
[1.669s] -- Up-to-date: /home/jaeho/project_ws/install/doosan_m0609_description/share/doosan_m0609_description/mujoco_models/e0509/assets/E0509_6_1.stl
[1.669s] -- Up-to-date: /home/jaeho/project_ws/install/doosan_m0609_description/share/doosan_m0609_description/mujoco_models/e0509/assets/E0509_5_2.stl
[1.670s] -- Up-to-date: /home/jaeho/project_ws/install/doosan_m0609_description/share/doosan_m0609_description/mujoco_models/e0509/assets/E0509_2_1.stl
[1.670s] -- Up-to-date: /home/jaeho/project_ws/install/doosan_m0609_description/share/doosan_m0609_description/mujoco_models/e0509/assets/E0509_1_4.stl
[1.670s] -- Up-to-date: /home/jaeho/project_ws/install/doosan_m0609_description/share/doosan_m0609_description/mujoco_models/e0509/assets/E0509_0_0.stl
[1.671s] -- Up-to-date: /home/jaeho/project_ws/install/doosan_m0609_description/share/doosan_m0609_description/mujoco_models/e0509/assets/E0509_1_3.stl
[1.671s] -- Up-to-date: /home/jaeho/project_ws/install/doosan_m0609_description/share/doosan_m0609_description/mujoco_models/e0509/assets/E0509_2_2.stl
[1.671s] -- Up-to-date: /home/jaeho/project_ws/install/doosan_m0609_description/share/doosan_m0609_description/mujoco_models/e0509/assets/E0509_5_1.stl
[1.671s] -- Up-to-date: /home/jaeho/project_ws/install/doosan_m0609_description/share/doosan_m0609_description/mujoco_models/e0509/assets/E0509_1_2.stl
[1.671s] -- Up-to-date: /home/jaeho/project_ws/install/doosan_m0609_description/share/doosan_m0609_description/mujoco_models/e0509/assets/E0509_3_1.stl
[1.672s] -- Up-to-date: /home/jaeho/project_ws/install/doosan_m0609_description/share/doosan_m0609_description/mujoco_models/e0509/assets/E0509_4_2.stl
[1.676s] -- Up-to-date: /home/jaeho/project_ws/install/doosan_m0609_description/share/doosan_m0609_description/mujoco_models/e0509/assets/E0509_1_1.stl
[1.676s] -- Up-to-date: /home/jaeho/project_ws/install/doosan_m0609_description/share/doosan_m0609_description/mujoco_models/e0509/scene.xml
[1.677s] -- Up-to-date: /home/jaeho/project_ws/install/doosan_m0609_description/share/doosan_m0609_description/mujoco_models/e0509/e0509.xml
[1.677s] -- Up-to-date: /home/jaeho/project_ws/install/doosan_m0609_description/share/doosan_m0609_description/mujoco_models/m0609
[1.677s] -- Up-to-date: /home/jaeho/project_ws/install/doosan_m0609_description/share/doosan_m0609_description/mujoco_models/m0609/assets
[1.678s] -- Up-to-date: /home/jaeho/project_ws/install/doosan_m0609_description/share/doosan_m0609_description/mujoco_models/m0609/assets/MF0609_2_0.stl
[1.679s] -- Up-to-date: /home/jaeho/project_ws/install/doosan_m0609_description/share/doosan_m0609_description/mujoco_models/m0609/assets/MF0609_5_0.stl
[1.679s] -- Up-to-date: /home/jaeho/project_ws/install/doosan_m0609_description/share/doosan_m0609_description/mujoco_models/m0609/assets/MF0609_2_1.stl
[1.679s] -- Up-to-date: /home/jaeho/project_ws/install/doosan_m0609_description/share/doosan_m0609_description/mujoco_models/m0609/assets/MF0609_3_0.stl
[1.679s] -- Up-to-date: /home/jaeho/project_ws/install/doosan_m0609_description/share/doosan_m0609_description/mujoco_models/m0609/assets/MF0609_4_1.stl
[1.679s] -- Up-to-date: /home/jaeho/project_ws/install/doosan_m0609_description/share/doosan_m0609_description/mujoco_models/m0609/assets/MF0609_2_2.stl
[1.679s] -- Up-to-date: /home/jaeho/project_ws/install/doosan_m0609_description/share/doosan_m0609_description/mujoco_models/m0609/assets/MF0609_4_0.stl
[1.680s] -- Up-to-date: /home/jaeho/project_ws/install/doosan_m0609_description/share/doosan_m0609_description/mujoco_models/m0609/assets/MF0609_1_0.stl
[1.680s] -- Up-to-date: /home/jaeho/project_ws/install/doosan_m0609_description/share/doosan_m0609_description/mujoco_models/m0609/assets/MF0609_6_0.stl
[1.680s] -- Up-to-date: /home/jaeho/project_ws/install/doosan_m0609_description/share/doosan_m0609_description/mujoco_models/m0609/assets/MF0609_0_0.stl
[1.680s] -- Up-to-date: /home/jaeho/project_ws/install/doosan_m0609_description/share/doosan_m0609_description/mujoco_models/m0609/m0609.xml
[1.680s] -- Up-to-date: /home/jaeho/project_ws/install/doosan_m0609_description/share/doosan_m0609_description/mujoco_models/m0609/scene.xml
[1.681s] -- Up-to-date: /home/jaeho/project_ws/install/doosan_m0609_description/share/doosan_m0609_description/launch
[1.681s] -- Up-to-date: /home/jaeho/project_ws/install/doosan_m0609_description/share/doosan_m0609_description/launch/dsr_description.launch.py
[1.681s] -- Up-to-date: /home/jaeho/project_ws/install/doosan_m0609_description/share/doosan_m0609_description/rviz
[1.681s] -- Up-to-date: /home/jaeho/project_ws/install/doosan_m0609_description/share/doosan_m0609_description/rviz/moveit.rviz
[1.681s] -- Up-to-date: /home/jaeho/project_ws/install/doosan_m0609_description/share/doosan_m0609_description/rviz/default.rviz
[1.681s] -- Up-to-date: /home/jaeho/project_ws/install/doosan_m0609_description/share/doosan_m0609_description/environment/doosan_m0609_description_path.dsv
[1.682s] -- Up-to-date: /home/jaeho/project_ws/install/doosan_m0609_description/share/ament_index/resource_index/package_run_dependencies/doosan_m0609_description
[1.682s] -- Up-to-date: /home/jaeho/project_ws/install/doosan_m0609_description/share/ament_index/resource_index/parent_prefix_path/doosan_m0609_description
[1.682s] -- Up-to-date: /home/jaeho/project_ws/install/doosan_m0609_description/share/doosan_m0609_description/environment/ament_prefix_path.sh
[1.682s] -- Up-to-date: /home/jaeho/project_ws/install/doosan_m0609_description/share/doosan_m0609_description/environment/ament_prefix_path.dsv
[1.682s] -- Up-to-date: /home/jaeho/project_ws/install/doosan_m0609_description/share/doosan_m0609_description/environment/path.sh
[1.683s] -- Up-to-date: /home/jaeho/project_ws/install/doosan_m0609_description/share/doosan_m0609_description/environment/path.dsv
[1.683s] -- Up-to-date: /home/jaeho/project_ws/install/doosan_m0609_description/share/doosan_m0609_description/local_setup.bash
[1.683s] -- Up-to-date: /home/jaeho/project_ws/install/doosan_m0609_description/share/doosan_m0609_description/local_setup.sh
[1.684s] -- Up-to-date: /home/jaeho/project_ws/install/doosan_m0609_description/share/doosan_m0609_description/local_setup.zsh
[1.684s] -- Up-to-date: /home/jaeho/project_ws/install/doosan_m0609_description/share/doosan_m0609_description/local_setup.dsv
[1.684s] -- Installing: /home/jaeho/project_ws/install/doosan_m0609_description/share/doosan_m0609_description/package.dsv
[1.685s] -- Up-to-date: /home/jaeho/project_ws/install/doosan_m0609_description/share/ament_index/resource_index/packages/doosan_m0609_description
[1.685s] -- Up-to-date: /home/jaeho/project_ws/install/doosan_m0609_description/share/doosan_m0609_description/cmake/doosan_m0609_descriptionConfig.cmake
[1.685s] -- Up-to-date: /home/jaeho/project_ws/install/doosan_m0609_description/share/doosan_m0609_description/cmake/doosan_m0609_descriptionConfig-version.cmake
[1.685s] -- Up-to-date: /home/jaeho/project_ws/install/doosan_m0609_description/share/doosan_m0609_description/package.xml
[1.686s] Invoked command in '/home/jaeho/project_ws/build/doosan_m0609_description' returned '0': CMAKE_PREFIX_PATH=${CMAKE_PREFIX_PATH}:/opt/ros/humble /usr/bin/cmake --install /home/jaeho/project_ws/build/doosan_m0609_description
