[0.026s] Invoking command in '/home/jaeho/project_ws/build/chemistry_msgs': /usr/bin/cmake /home/jaeho/project_ws/src/chemistry_msgs -DCMAKE_INSTALL_PREFIX=/home/jaeho/project_ws/install/chemistry_msgs
[0.165s] -- The C compiler identification is GNU 11.4.0
[0.523s] -- The CXX compiler identification is GNU 11.4.0
[0.818s] -- Detecting C compiler ABI info
[1.000s] -- Detecting C compiler ABI info - done
[1.008s] -- Check for working C compiler: /usr/bin/cc - skipped
[1.008s] -- Detecting C compile features
[1.009s] -- Detecting C compile features - done
[1.013s] -- Detecting CXX compiler ABI info
[1.240s] -- Detecting CXX compiler ABI info - done
[1.249s] -- Check for working CXX compiler: /usr/bin/c++ - skipped
[1.249s] -- Detecting CXX compile features
[1.250s] -- Detecting CXX compile features - done
[1.253s] -- Found ament_cmake: 1.3.12 (/opt/ros/humble/share/ament_cmake/cmake)
[1.432s] -- Found Python3: /usr/bin/python3 (found version "3.10.12") found components: Interpreter 
[1.538s] -- Found std_msgs: 4.9.0 (/opt/ros/humble/share/std_msgs/cmake)
[1.767s] -- Found rosidl_generator_c: 3.1.7 (/opt/ros/humble/share/rosidl_generator_c/cmake)
[1.776s] -- Found rosidl_adapter: 3.1.7 (/opt/ros/humble/share/rosidl_adapter/cmake)
[1.786s] -- Found rosidl_generator_cpp: 3.1.7 (/opt/ros/humble/share/rosidl_generator_cpp/cmake)
[1.801s] -- Using all available rosidl_typesupport_c: rosidl_typesupport_fastrtps_c;rosidl_typesupport_introspection_c
[1.821s] -- Using all available rosidl_typesupport_cpp: rosidl_typesupport_fastrtps_cpp;rosidl_typesupport_introspection_cpp
[1.854s] -- Found geometry_msgs: 4.9.0 (/opt/ros/humble/share/geometry_msgs/cmake)
[1.870s] -- Found sensor_msgs: 4.9.0 (/opt/ros/humble/share/sensor_msgs/cmake)
[1.896s] -- Found rosidl_default_generators: 1.2.0 (/opt/ros/humble/share/rosidl_default_generators/cmake)
[1.905s] [31mCMake Error at /opt/ros/humble/share/rosidl_cmake/cmake/rosidl_generate_interfaces.cmake:93 (message):
[1.906s]   rosidl_generate_interfaces() the passed file 'msg/ExperimentStatus.msg'
[1.906s]   doesn't exist relative to the CMAKE_CURRENT_SOURCE_DIR
[1.906s]   '/home/jaeho/project_ws/src/chemistry_msgs'
[1.906s] Call Stack (most recent call first):
[1.906s]   CMakeLists.txt:17 (rosidl_generate_interfaces)
[1.906s] 
[1.906s] [0m
[1.906s] -- Configuring incomplete, errors occurred!
[1.906s] See also "/home/jaeho/project_ws/build/chemistry_msgs/CMakeFiles/CMakeOutput.log".
[1.913s] Invoked command in '/home/jaeho/project_ws/build/chemistry_msgs' returned '1': /usr/bin/cmake /home/jaeho/project_ws/src/chemistry_msgs -DCMAKE_INSTALL_PREFIX=/home/jaeho/project_ws/install/chemistry_msgs
