[0.350s] Invoking command in '/home/jack/project_ws/build/doosan_m0609_controller': CMAKE_PREFIX_PATH=/home/jack/project_ws/install/doosan_m0609_hardware:/home/jack/project_ws/install/doosan_m0609_msgs:/home/jack/project_ws/install/dsr_common2:/opt/ros/humble /usr/bin/cmake /home/jack/project_ws/src/doosan_m0609_controller -DCMAKE_BUILD_TYPE=Release -DCMAKE_INSTALL_PREFIX=/home/jack/project_ws/install/doosan_m0609_controller
[0.553s] -- The CXX compiler identification is GNU 10.5.0
[1.236s] -- Detecting CXX compiler ABI info
[1.456s] -- Detecting CXX compiler ABI info - done
[1.459s] -- Check for working CXX compiler: /usr/bin/c++ - skipped
[1.459s] -- Detecting CXX compile features
[1.460s] -- Detecting CXX compile features - done
[1.462s] -- Found ament_cmake: 1.3.12 (/opt/ros/humble/share/ament_cmake/cmake)
[1.571s] -- Found Python3: /usr/bin/python3 (found version "3.10.12") found components: Interpreter 
[1.650s] -- Found forward_command_controller: 2.48.0 (/opt/ros/humble/share/forward_command_controller/cmake)
[1.888s] -- Found rosidl_generator_c: 3.1.7 (/opt/ros/humble/share/rosidl_generator_c/cmake)
[1.892s] -- Found rosidl_adapter: 3.1.7 (/opt/ros/humble/share/rosidl_adapter/cmake)
[1.899s] -- Found rosidl_generator_cpp: 3.1.7 (/opt/ros/humble/share/rosidl_generator_cpp/cmake)
[1.908s] -- Using all available rosidl_typesupport_c: rosidl_typesupport_fastrtps_c;rosidl_typesupport_introspection_c
[1.921s] -- Using all available rosidl_typesupport_cpp: rosidl_typesupport_fastrtps_cpp;rosidl_typesupport_introspection_cpp
[1.955s] -- Found rmw_implementation_cmake: 6.1.2 (/opt/ros/humble/share/rmw_implementation_cmake/cmake)
[1.957s] -- Found rmw_cyclonedds_cpp: 1.3.4 (/opt/ros/humble/share/rmw_cyclonedds_cpp/cmake)
[1.973s] -- Using RMW implementation 'rmw_cyclonedds_cpp' as default
[1.980s] -- Looking for C++ include pthread.h
[2.236s] -- Looking for C++ include pthread.h - found
[2.236s] -- Performing Test CMAKE_HAVE_LIBC_PTHREAD
[2.467s] -- Performing Test CMAKE_HAVE_LIBC_PTHREAD - Success
[2.468s] -- Found Threads: TRUE  
[4.713s] -- Found doosan_m0609_msgs: 1.1.0 (/home/jack/project_ws/install/doosan_m0609_msgs/share/doosan_m0609_msgs/cmake)
[4.724s] -- Found moveit_msgs: 2.2.1 (/opt/ros/humble/share/moveit_msgs/cmake)
[4.783s] -- Found doosan_m0609_hardware: 0.0.0 (/home/jack/project_ws/install/doosan_m0609_hardware/share/doosan_m0609_hardware/cmake)
[4.894s] -- Found eigen3_cmake_module: 0.1.1 (/opt/ros/humble/share/eigen3_cmake_module/cmake)
[4.895s] -- Found Eigen3: TRUE (found version "3.3.7") 
[4.895s] -- Ensuring Eigen3 include directory is part of orocos-kdl CMake target
[4.904s] -- Found rclcpp_components: 16.0.14 (/opt/ros/humble/share/rclcpp_components/cmake)
[4.924s] [0mDRCF_VERSION:2[0m
[4.942s] [31mCMake Error at /opt/ros/humble/share/pluginlib/cmake/pluginlib_export_plugin_description_file.cmake:84 (message):
[4.942s]   Given plugin description file
[4.942s]   '/home/jack/project_ws/src/doosan_m0609_controller/doosan_m0609_controller_plugins.xml'
[4.942s]   does not exist
[4.943s] Call Stack (most recent call first):
[4.943s]   CMakeLists.txt:95 (pluginlib_export_plugin_description_file)
[4.943s] 
[4.943s] [0m
[4.943s] -- Configuring incomplete, errors occurred!
[4.943s] See also "/home/jack/project_ws/build/doosan_m0609_controller/CMakeFiles/CMakeOutput.log".
[4.951s] Invoked command in '/home/jack/project_ws/build/doosan_m0609_controller' returned '1': CMAKE_PREFIX_PATH=/home/jack/project_ws/install/doosan_m0609_hardware:/home/jack/project_ws/install/doosan_m0609_msgs:/home/jack/project_ws/install/dsr_common2:/opt/ros/humble /usr/bin/cmake /home/jack/project_ws/src/doosan_m0609_controller -DCMAKE_BUILD_TYPE=Release -DCMAKE_INSTALL_PREFIX=/home/jack/project_ws/install/doosan_m0609_controller
