[1.021s] Invoking command in '/home/jaeho/project_ws/src/chemistry_experiment_manager': PYTHONPATH=/home/jaeho/project_ws/build/chemistry_experiment_manager/prefix_override:/usr/lib/python3/dist-packages/colcon_core/task/python/colcon_distutils_commands:/home/jaeho/project_ws/install/chemistry_experiment_manager/lib/python3.10/site-packages:${PYTHONPATH} /usr/bin/python3 -W ignore:setup.py install is deprecated -W ignore:easy_install command is deprecated setup.py egg_info --egg-base ../../build/chemistry_experiment_manager build --build-base /home/jaeho/project_ws/build/chemistry_experiment_manager/build install --record /home/jaeho/project_ws/build/chemistry_experiment_manager/install.log --single-version-externally-managed install_data
[1.296s] running egg_info
[1.298s] creating ../../build/chemistry_experiment_manager/chemistry_experiment_manager.egg-info
[1.299s] writing ../../build/chemistry_experiment_manager/chemistry_experiment_manager.egg-info/PKG-INFO
[1.300s] writing dependency_links to ../../build/chemistry_experiment_manager/chemistry_experiment_manager.egg-info/dependency_links.txt
[1.300s] writing entry points to ../../build/chemistry_experiment_manager/chemistry_experiment_manager.egg-info/entry_points.txt
[1.301s] writing requirements to ../../build/chemistry_experiment_manager/chemistry_experiment_manager.egg-info/requires.txt
[1.301s] writing top-level names to ../../build/chemistry_experiment_manager/chemistry_experiment_manager.egg-info/top_level.txt
[1.302s] writing manifest file '../../build/chemistry_experiment_manager/chemistry_experiment_manager.egg-info/SOURCES.txt'
[1.304s] reading manifest file '../../build/chemistry_experiment_manager/chemistry_experiment_manager.egg-info/SOURCES.txt'
[1.305s] writing manifest file '../../build/chemistry_experiment_manager/chemistry_experiment_manager.egg-info/SOURCES.txt'
[1.306s] running build
[1.306s] running build_py
[1.306s] creating /home/jaeho/project_ws/build/chemistry_experiment_manager/build
[1.306s] creating /home/jaeho/project_ws/build/chemistry_experiment_manager/build/lib
[1.307s] creating /home/jaeho/project_ws/build/chemistry_experiment_manager/build/lib/chemistry_experiment_manager
[1.308s] copying chemistry_experiment_manager/experiment_protoceols.py -> /home/jaeho/project_ws/build/chemistry_experiment_manager/build/lib/chemistry_experiment_manager
[1.309s] copying chemistry_experiment_manager/experiment_logger.py -> /home/jaeho/project_ws/build/chemistry_experiment_manager/build/lib/chemistry_experiment_manager
[1.309s] copying chemistry_experiment_manager/experiment_runner.py -> /home/jaeho/project_ws/build/chemistry_experiment_manager/build/lib/chemistry_experiment_manager
[1.310s] copying chemistry_experiment_manager/__init__.py -> /home/jaeho/project_ws/build/chemistry_experiment_manager/build/lib/chemistry_experiment_manager
[1.311s] copying chemistry_experiment_manager/main.py -> /home/jaeho/project_ws/build/chemistry_experiment_manager/build/lib/chemistry_experiment_manager
[1.311s] copying chemistry_experiment_manager/config.py -> /home/jaeho/project_ws/build/chemistry_experiment_manager/build/lib/chemistry_experiment_manager
[1.312s] copying chemistry_experiment_manager/result_analyzer.py -> /home/jaeho/project_ws/build/chemistry_experiment_manager/build/lib/chemistry_experiment_manager
[1.313s] running install
[1.314s] running install_lib
[1.315s] creating /home/jaeho/project_ws/install/chemistry_experiment_manager/lib/python3.10/site-packages/chemistry_experiment_manager
[1.315s] copying /home/jaeho/project_ws/build/chemistry_experiment_manager/build/lib/chemistry_experiment_manager/experiment_protoceols.py -> /home/jaeho/project_ws/install/chemistry_experiment_manager/lib/python3.10/site-packages/chemistry_experiment_manager
[1.315s] copying /home/jaeho/project_ws/build/chemistry_experiment_manager/build/lib/chemistry_experiment_manager/experiment_logger.py -> /home/jaeho/project_ws/install/chemistry_experiment_manager/lib/python3.10/site-packages/chemistry_experiment_manager
[1.316s] copying /home/jaeho/project_ws/build/chemistry_experiment_manager/build/lib/chemistry_experiment_manager/experiment_runner.py -> /home/jaeho/project_ws/install/chemistry_experiment_manager/lib/python3.10/site-packages/chemistry_experiment_manager
[1.316s] copying /home/jaeho/project_ws/build/chemistry_experiment_manager/build/lib/chemistry_experiment_manager/__init__.py -> /home/jaeho/project_ws/install/chemistry_experiment_manager/lib/python3.10/site-packages/chemistry_experiment_manager
[1.317s] copying /home/jaeho/project_ws/build/chemistry_experiment_manager/build/lib/chemistry_experiment_manager/main.py -> /home/jaeho/project_ws/install/chemistry_experiment_manager/lib/python3.10/site-packages/chemistry_experiment_manager
[1.317s] copying /home/jaeho/project_ws/build/chemistry_experiment_manager/build/lib/chemistry_experiment_manager/config.py -> /home/jaeho/project_ws/install/chemistry_experiment_manager/lib/python3.10/site-packages/chemistry_experiment_manager
[1.317s] copying /home/jaeho/project_ws/build/chemistry_experiment_manager/build/lib/chemistry_experiment_manager/result_analyzer.py -> /home/jaeho/project_ws/install/chemistry_experiment_manager/lib/python3.10/site-packages/chemistry_experiment_manager
[1.318s] byte-compiling /home/jaeho/project_ws/install/chemistry_experiment_manager/lib/python3.10/site-packages/chemistry_experiment_manager/experiment_protoceols.py to experiment_protoceols.cpython-310.pyc
[1.320s] byte-compiling /home/jaeho/project_ws/install/chemistry_experiment_manager/lib/python3.10/site-packages/chemistry_experiment_manager/experiment_logger.py to experiment_logger.cpython-310.pyc
[1.322s] byte-compiling /home/jaeho/project_ws/install/chemistry_experiment_manager/lib/python3.10/site-packages/chemistry_experiment_manager/experiment_runner.py to experiment_runner.cpython-310.pyc
[1.323s] byte-compiling /home/jaeho/project_ws/install/chemistry_experiment_manager/lib/python3.10/site-packages/chemistry_experiment_manager/__init__.py to __init__.cpython-310.pyc
[1.323s] byte-compiling /home/jaeho/project_ws/install/chemistry_experiment_manager/lib/python3.10/site-packages/chemistry_experiment_manager/main.py to main.cpython-310.pyc
[1.325s] byte-compiling /home/jaeho/project_ws/install/chemistry_experiment_manager/lib/python3.10/site-packages/chemistry_experiment_manager/config.py to config.cpython-310.pyc
[1.325s] byte-compiling /home/jaeho/project_ws/install/chemistry_experiment_manager/lib/python3.10/site-packages/chemistry_experiment_manager/result_analyzer.py to result_analyzer.cpython-310.pyc
[1.327s] running install_data
[1.327s] creating /home/jaeho/project_ws/install/chemistry_experiment_manager/share/ament_index
[1.330s] creating /home/jaeho/project_ws/install/chemistry_experiment_manager/share/ament_index/resource_index
[1.331s] creating /home/jaeho/project_ws/install/chemistry_experiment_manager/share/ament_index/resource_index/packages
[1.333s] copying resource/chemistry_experiment_manager -> /home/jaeho/project_ws/install/chemistry_experiment_manager/share/ament_index/resource_index/packages
[1.333s] copying package.xml -> /home/jaeho/project_ws/install/chemistry_experiment_manager/share/chemistry_experiment_manager
[1.334s] running install_egg_info
[1.337s] Copying ../../build/chemistry_experiment_manager/chemistry_experiment_manager.egg-info to /home/jaeho/project_ws/install/chemistry_experiment_manager/lib/python3.10/site-packages/chemistry_experiment_manager-0.0.0-py3.10.egg-info
[1.341s] running install_scripts
[1.368s] Installing experiment_coordinator script to /home/jaeho/project_ws/install/chemistry_experiment_manager/lib/chemistry_experiment_manager
[1.370s] Installing experiment_runner script to /home/jaeho/project_ws/install/chemistry_experiment_manager/lib/chemistry_experiment_manager
[1.370s] writing list of installed files to '/home/jaeho/project_ws/build/chemistry_experiment_manager/install.log'
[1.454s] Invoked command in '/home/jaeho/project_ws/src/chemistry_experiment_manager' returned '0': PYTHONPATH=/home/jaeho/project_ws/build/chemistry_experiment_manager/prefix_override:/usr/lib/python3/dist-packages/colcon_core/task/python/colcon_distutils_commands:/home/jaeho/project_ws/install/chemistry_experiment_manager/lib/python3.10/site-packages:${PYTHONPATH} /usr/bin/python3 -W ignore:setup.py install is deprecated -W ignore:easy_install command is deprecated setup.py egg_info --egg-base ../../build/chemistry_experiment_manager build --build-base /home/jaeho/project_ws/build/chemistry_experiment_manager/build install --record /home/jaeho/project_ws/build/chemistry_experiment_manager/install.log --single-version-externally-managed install_data
