running egg_info
writing ../../build/chemistry_experiment_manager/chemistry_experiment_manager.egg-info/PKG-INFO
writing dependency_links to ../../build/chemistry_experiment_manager/chemistry_experiment_manager.egg-info/dependency_links.txt
writing entry points to ../../build/chemistry_experiment_manager/chemistry_experiment_manager.egg-info/entry_points.txt
writing requirements to ../../build/chemistry_experiment_manager/chemistry_experiment_manager.egg-info/requires.txt
writing top-level names to ../../build/chemistry_experiment_manager/chemistry_experiment_manager.egg-info/top_level.txt
reading manifest file '../../build/chemistry_experiment_manager/chemistry_experiment_manager.egg-info/SOURCES.txt'
writing manifest file '../../build/chemistry_experiment_manager/chemistry_experiment_manager.egg-info/SOURCES.txt'
running build
running build_py
running install
running install_lib
running install_data
running install_egg_info
removing '/home/jaeho/project_ws/install/chemistry_experiment_manager/lib/python3.10/site-packages/chemistry_experiment_manager-0.0.0-py3.10.egg-info' (and everything under it)
Copying ../../build/chemistry_experiment_manager/chemistry_experiment_manager.egg-info to /home/jaeho/project_ws/install/chemistry_experiment_manager/lib/python3.10/site-packages/chemistry_experiment_manager-0.0.0-py3.10.egg-info
running install_scripts
Installing experiment_coordinator script to /home/jaeho/project_ws/install/chemistry_experiment_manager/lib/chemistry_experiment_manager
Installing experiment_runner script to /home/jaeho/project_ws/install/chemistry_experiment_manager/lib/chemistry_experiment_manager
writing list of installed files to '/home/jaeho/project_ws/build/chemistry_experiment_manager/install.log'
