[2.222s] Invoking command in '/home/jaeho/project_ws/src/chemistry_experiment_manager': PYTHONPATH=/home/jaeho/project_ws/build/chemistry_experiment_manager/prefix_override:/usr/lib/python3/dist-packages/colcon_core/task/python/colcon_distutils_commands:/home/jaeho/project_ws/install/chemistry_experiment_manager/lib/python3.10/site-packages:${PYTHONPATH} /usr/bin/python3 -W ignore:setup.py install is deprecated -W ignore:easy_install command is deprecated setup.py egg_info --egg-base ../../build/chemistry_experiment_manager build --build-base /home/jaeho/project_ws/build/chemistry_experiment_manager/build install --record /home/jaeho/project_ws/build/chemistry_experiment_manager/install.log --single-version-externally-managed install_data
[2.703s] running egg_info
[2.707s] writing ../../build/chemistry_experiment_manager/chemistry_experiment_manager.egg-info/PKG-INFO
[2.709s] writing dependency_links to ../../build/chemistry_experiment_manager/chemistry_experiment_manager.egg-info/dependency_links.txt
[2.709s] writing entry points to ../../build/chemistry_experiment_manager/chemistry_experiment_manager.egg-info/entry_points.txt
[2.709s] writing requirements to ../../build/chemistry_experiment_manager/chemistry_experiment_manager.egg-info/requires.txt
[2.710s] writing top-level names to ../../build/chemistry_experiment_manager/chemistry_experiment_manager.egg-info/top_level.txt
[2.713s] reading manifest file '../../build/chemistry_experiment_manager/chemistry_experiment_manager.egg-info/SOURCES.txt'
[2.716s] writing manifest file '../../build/chemistry_experiment_manager/chemistry_experiment_manager.egg-info/SOURCES.txt'
[2.717s] running build
[2.717s] running build_py
[2.718s] running install
[2.719s] running install_lib
[2.724s] running install_data
[2.725s] running install_egg_info
[2.728s] removing '/home/jaeho/project_ws/install/chemistry_experiment_manager/lib/python3.10/site-packages/chemistry_experiment_manager-0.0.0-py3.10.egg-info' (and everything under it)
[2.729s] Copying ../../build/chemistry_experiment_manager/chemistry_experiment_manager.egg-info to /home/jaeho/project_ws/install/chemistry_experiment_manager/lib/python3.10/site-packages/chemistry_experiment_manager-0.0.0-py3.10.egg-info
[2.731s] running install_scripts
[2.775s] Installing experiment_coordinator script to /home/jaeho/project_ws/install/chemistry_experiment_manager/lib/chemistry_experiment_manager
[2.776s] Installing experiment_runner script to /home/jaeho/project_ws/install/chemistry_experiment_manager/lib/chemistry_experiment_manager
[2.776s] writing list of installed files to '/home/jaeho/project_ws/build/chemistry_experiment_manager/install.log'
[2.904s] Invoked command in '/home/jaeho/project_ws/src/chemistry_experiment_manager' returned '0': PYTHONPATH=/home/jaeho/project_ws/build/chemistry_experiment_manager/prefix_override:/usr/lib/python3/dist-packages/colcon_core/task/python/colcon_distutils_commands:/home/jaeho/project_ws/install/chemistry_experiment_manager/lib/python3.10/site-packages:${PYTHONPATH} /usr/bin/python3 -W ignore:setup.py install is deprecated -W ignore:easy_install command is deprecated setup.py egg_info --egg-base ../../build/chemistry_experiment_manager build --build-base /home/jaeho/project_ws/build/chemistry_experiment_manager/build install --record /home/jaeho/project_ws/build/chemistry_experiment_manager/install.log --single-version-externally-managed install_data
