[2.896s] Invoking command in '/home/jaeho/project_ws/src/chemistry_experiment_manager': PYTHONPATH=/home/jaeho/project_ws/build/chemistry_experiment_manager/prefix_override:/usr/lib/python3/dist-packages/colcon_core/task/python/colcon_distutils_commands:/home/jaeho/project_ws/install/chemistry_experiment_manager/lib/python3.10/site-packages:${PYTHONPATH} /usr/bin/python3 -W ignore:setup.py install is deprecated -W ignore:easy_install command is deprecated setup.py egg_info --egg-base ../../build/chemistry_experiment_manager build --build-base /home/jaeho/project_ws/build/chemistry_experiment_manager/build install --record /home/jaeho/project_ws/build/chemistry_experiment_manager/install.log --single-version-externally-managed install_data
[3.610s] running egg_info
[3.612s] creating ../../build/chemistry_experiment_manager/chemistry_experiment_manager.egg-info
[3.613s] writing ../../build/chemistry_experiment_manager/chemistry_experiment_manager.egg-info/PKG-INFO
[3.614s] writing dependency_links to ../../build/chemistry_experiment_manager/chemistry_experiment_manager.egg-info/dependency_links.txt
[3.615s] writing entry points to ../../build/chemistry_experiment_manager/chemistry_experiment_manager.egg-info/entry_points.txt
[3.615s] writing requirements to ../../build/chemistry_experiment_manager/chemistry_experiment_manager.egg-info/requires.txt
[3.615s] writing top-level names to ../../build/chemistry_experiment_manager/chemistry_experiment_manager.egg-info/top_level.txt
[3.616s] writing manifest file '../../build/chemistry_experiment_manager/chemistry_experiment_manager.egg-info/SOURCES.txt'
[3.621s] reading manifest file '../../build/chemistry_experiment_manager/chemistry_experiment_manager.egg-info/SOURCES.txt'
[3.622s] writing manifest file '../../build/chemistry_experiment_manager/chemistry_experiment_manager.egg-info/SOURCES.txt'
[3.622s] running build
[3.623s] running build_py
[3.624s] creating /home/jaeho/project_ws/build/chemistry_experiment_manager/build
[3.624s] creating /home/jaeho/project_ws/build/chemistry_experiment_manager/build/lib
[3.624s] creating /home/jaeho/project_ws/build/chemistry_experiment_manager/build/lib/chemistry_experiment_manager
[3.626s] copying chemistry_experiment_manager/experiment_protoceols.py -> /home/jaeho/project_ws/build/chemistry_experiment_manager/build/lib/chemistry_experiment_manager
[3.627s] copying chemistry_experiment_manager/experiment_logger.py -> /home/jaeho/project_ws/build/chemistry_experiment_manager/build/lib/chemistry_experiment_manager
[3.627s] copying chemistry_experiment_manager/experiment_runner.py -> /home/jaeho/project_ws/build/chemistry_experiment_manager/build/lib/chemistry_experiment_manager
[3.627s] copying chemistry_experiment_manager/__init__.py -> /home/jaeho/project_ws/build/chemistry_experiment_manager/build/lib/chemistry_experiment_manager
[3.628s] copying chemistry_experiment_manager/main.py -> /home/jaeho/project_ws/build/chemistry_experiment_manager/build/lib/chemistry_experiment_manager
[3.629s] copying chemistry_experiment_manager/config.py -> /home/jaeho/project_ws/build/chemistry_experiment_manager/build/lib/chemistry_experiment_manager
[3.629s] copying chemistry_experiment_manager/result_analyzer.py -> /home/jaeho/project_ws/build/chemistry_experiment_manager/build/lib/chemistry_experiment_manager
[3.630s] running install
[3.630s] running install_lib
[3.631s] creating /home/jaeho/project_ws/install/chemistry_experiment_manager/lib/python3.10/site-packages/chemistry_experiment_manager
[3.633s] copying /home/jaeho/project_ws/build/chemistry_experiment_manager/build/lib/chemistry_experiment_manager/experiment_protoceols.py -> /home/jaeho/project_ws/install/chemistry_experiment_manager/lib/python3.10/site-packages/chemistry_experiment_manager
[3.634s] copying /home/jaeho/project_ws/build/chemistry_experiment_manager/build/lib/chemistry_experiment_manager/experiment_logger.py -> /home/jaeho/project_ws/install/chemistry_experiment_manager/lib/python3.10/site-packages/chemistry_experiment_manager
[3.634s] copying /home/jaeho/project_ws/build/chemistry_experiment_manager/build/lib/chemistry_experiment_manager/experiment_runner.py -> /home/jaeho/project_ws/install/chemistry_experiment_manager/lib/python3.10/site-packages/chemistry_experiment_manager
[3.634s] copying /home/jaeho/project_ws/build/chemistry_experiment_manager/build/lib/chemistry_experiment_manager/__init__.py -> /home/jaeho/project_ws/install/chemistry_experiment_manager/lib/python3.10/site-packages/chemistry_experiment_manager
[3.636s] copying /home/jaeho/project_ws/build/chemistry_experiment_manager/build/lib/chemistry_experiment_manager/main.py -> /home/jaeho/project_ws/install/chemistry_experiment_manager/lib/python3.10/site-packages/chemistry_experiment_manager
[3.636s] copying /home/jaeho/project_ws/build/chemistry_experiment_manager/build/lib/chemistry_experiment_manager/config.py -> /home/jaeho/project_ws/install/chemistry_experiment_manager/lib/python3.10/site-packages/chemistry_experiment_manager
[3.636s] copying /home/jaeho/project_ws/build/chemistry_experiment_manager/build/lib/chemistry_experiment_manager/result_analyzer.py -> /home/jaeho/project_ws/install/chemistry_experiment_manager/lib/python3.10/site-packages/chemistry_experiment_manager
[3.637s] byte-compiling /home/jaeho/project_ws/install/chemistry_experiment_manager/lib/python3.10/site-packages/chemistry_experiment_manager/experiment_protoceols.py to experiment_protoceols.cpython-310.pyc
[3.641s] byte-compiling /home/jaeho/project_ws/install/chemistry_experiment_manager/lib/python3.10/site-packages/chemistry_experiment_manager/experiment_logger.py to experiment_logger.cpython-310.pyc
[3.642s] byte-compiling /home/jaeho/project_ws/install/chemistry_experiment_manager/lib/python3.10/site-packages/chemistry_experiment_manager/experiment_runner.py to experiment_runner.cpython-310.pyc
[3.644s] byte-compiling /home/jaeho/project_ws/install/chemistry_experiment_manager/lib/python3.10/site-packages/chemistry_experiment_manager/__init__.py to __init__.cpython-310.pyc
[3.644s] byte-compiling /home/jaeho/project_ws/install/chemistry_experiment_manager/lib/python3.10/site-packages/chemistry_experiment_manager/main.py to main.cpython-310.pyc
[3.645s] byte-compiling /home/jaeho/project_ws/install/chemistry_experiment_manager/lib/python3.10/site-packages/chemistry_experiment_manager/config.py to config.cpython-310.pyc
[3.646s] byte-compiling /home/jaeho/project_ws/install/chemistry_experiment_manager/lib/python3.10/site-packages/chemistry_experiment_manager/result_analyzer.py to result_analyzer.cpython-310.pyc
[3.647s] running install_data
[3.649s] creating /home/jaeho/project_ws/install/chemistry_experiment_manager/share/ament_index
[3.649s] creating /home/jaeho/project_ws/install/chemistry_experiment_manager/share/ament_index/resource_index
[3.651s] creating /home/jaeho/project_ws/install/chemistry_experiment_manager/share/ament_index/resource_index/packages
[3.651s] copying resource/chemistry_experiment_manager -> /home/jaeho/project_ws/install/chemistry_experiment_manager/share/ament_index/resource_index/packages
[3.652s] copying package.xml -> /home/jaeho/project_ws/install/chemistry_experiment_manager/share/chemistry_experiment_manager
[3.652s] running install_egg_info
[3.656s] Copying ../../build/chemistry_experiment_manager/chemistry_experiment_manager.egg-info to /home/jaeho/project_ws/install/chemistry_experiment_manager/lib/python3.10/site-packages/chemistry_experiment_manager-0.0.0-py3.10.egg-info
[3.659s] running install_scripts
[3.715s] Installing experiment_coordinator script to /home/jaeho/project_ws/install/chemistry_experiment_manager/lib/chemistry_experiment_manager
[3.716s] Installing experiment_runner script to /home/jaeho/project_ws/install/chemistry_experiment_manager/lib/chemistry_experiment_manager
[3.717s] writing list of installed files to '/home/jaeho/project_ws/build/chemistry_experiment_manager/install.log'
[3.794s] Invoked command in '/home/jaeho/project_ws/src/chemistry_experiment_manager' returned '0': PYTHONPATH=/home/jaeho/project_ws/build/chemistry_experiment_manager/prefix_override:/usr/lib/python3/dist-packages/colcon_core/task/python/colcon_distutils_commands:/home/jaeho/project_ws/install/chemistry_experiment_manager/lib/python3.10/site-packages:${PYTHONPATH} /usr/bin/python3 -W ignore:setup.py install is deprecated -W ignore:easy_install command is deprecated setup.py egg_info --egg-base ../../build/chemistry_experiment_manager build --build-base /home/jaeho/project_ws/build/chemistry_experiment_manager/build install --record /home/jaeho/project_ws/build/chemistry_experiment_manager/install.log --single-version-externally-managed install_data
