/home/jack/project_ws/install/chemistry_experiment_manager/lib/python3.10/site-packages/chemistry_experiment_manager/experiment_protoceols.py
/home/jack/project_ws/install/chemistry_experiment_manager/lib/python3.10/site-packages/chemistry_experiment_manager/result_analyzer.py
/home/jack/project_ws/install/chemistry_experiment_manager/lib/python3.10/site-packages/chemistry_experiment_manager/main.py
/home/jack/project_ws/install/chemistry_experiment_manager/lib/python3.10/site-packages/chemistry_experiment_manager/config.py
/home/jack/project_ws/install/chemistry_experiment_manager/lib/python3.10/site-packages/chemistry_experiment_manager/__init__.py
/home/jack/project_ws/install/chemistry_experiment_manager/lib/python3.10/site-packages/chemistry_experiment_manager/experiment_runner.py
/home/jack/project_ws/install/chemistry_experiment_manager/lib/python3.10/site-packages/chemistry_experiment_manager/experiment_logger.py
/home/jack/project_ws/install/chemistry_experiment_manager/lib/python3.10/site-packages/chemistry_experiment_manager/__pycache__/experiment_protoceols.cpython-310.pyc
/home/jack/project_ws/install/chemistry_experiment_manager/lib/python3.10/site-packages/chemistry_experiment_manager/__pycache__/result_analyzer.cpython-310.pyc
/home/jack/project_ws/install/chemistry_experiment_manager/lib/python3.10/site-packages/chemistry_experiment_manager/__pycache__/main.cpython-310.pyc
/home/jack/project_ws/install/chemistry_experiment_manager/lib/python3.10/site-packages/chemistry_experiment_manager/__pycache__/config.cpython-310.pyc
/home/jack/project_ws/install/chemistry_experiment_manager/lib/python3.10/site-packages/chemistry_experiment_manager/__pycache__/__init__.cpython-310.pyc
/home/jack/project_ws/install/chemistry_experiment_manager/lib/python3.10/site-packages/chemistry_experiment_manager/__pycache__/experiment_runner.cpython-310.pyc
/home/jack/project_ws/install/chemistry_experiment_manager/lib/python3.10/site-packages/chemistry_experiment_manager/__pycache__/experiment_logger.cpython-310.pyc
/home/jack/project_ws/install/chemistry_experiment_manager/share/ament_index/resource_index/packages/chemistry_experiment_manager
/home/jack/project_ws/install/chemistry_experiment_manager/share/chemistry_experiment_manager/package.xml
/home/jack/project_ws/install/chemistry_experiment_manager/lib/python3.10/site-packages/chemistry_experiment_manager-0.0.0-py3.10.egg-info/requires.txt
/home/jack/project_ws/install/chemistry_experiment_manager/lib/python3.10/site-packages/chemistry_experiment_manager-0.0.0-py3.10.egg-info/dependency_links.txt
/home/jack/project_ws/install/chemistry_experiment_manager/lib/python3.10/site-packages/chemistry_experiment_manager-0.0.0-py3.10.egg-info/entry_points.txt
/home/jack/project_ws/install/chemistry_experiment_manager/lib/python3.10/site-packages/chemistry_experiment_manager-0.0.0-py3.10.egg-info/top_level.txt
/home/jack/project_ws/install/chemistry_experiment_manager/lib/python3.10/site-packages/chemistry_experiment_manager-0.0.0-py3.10.egg-info/PKG-INFO
/home/jack/project_ws/install/chemistry_experiment_manager/lib/python3.10/site-packages/chemistry_experiment_manager-0.0.0-py3.10.egg-info/zip-safe
/home/jack/project_ws/install/chemistry_experiment_manager/lib/python3.10/site-packages/chemistry_experiment_manager-0.0.0-py3.10.egg-info/SOURCES.txt
/home/jack/project_ws/install/chemistry_experiment_manager/lib/chemistry_experiment_manager/experiment_coordinator
/home/jack/project_ws/install/chemistry_experiment_manager/lib/chemistry_experiment_manager/experiment_runner
