[35m[1mConsolidate compiler generated dependencies of target doosan_m0609_hardware[0m
[100%] Built target doosan_m0609_hardware
-- Install configuration: ""
-- Up-to-date: /home/jaeho/project_ws/install/doosan_m0609_hardware/share/doosan_m0609_hardware/doosan_m0609_hardware.xml
-- Up-to-date: /home/jaeho/project_ws/install/doosan_m0609_hardware/share/doosan_m0609_hardware/doosan_m0609_hardware.xml
-- Up-to-date: /home/jaeho/project_ws/install/doosan_m0609_hardware/include/doosan_m0609_hardware
-- Up-to-date: /home/jaeho/project_ws/install/doosan_m0609_hardware/include/doosan_m0609_hardware/dsr_hardware2
-- Up-to-date: /home/jaeho/project_ws/install/doosan_m0609_hardware/include/doosan_m0609_hardware/dsr_hardware2/util.hpp
-- Up-to-date: /home/jaeho/project_ws/install/doosan_m0609_hardware/include/doosan_m0609_hardware/dsr_hardware2/dsr_hw_interface2.h
-- Up-to-date: /home/jaeho/project_ws/install/doosan_m0609_hardware/lib/libdoosan_m0609_hardware.so
-- Up-to-date: /home/jaeho/project_ws/install/doosan_m0609_hardware/share/doosan_m0609_hardware/environment/library_path.sh
-- Up-to-date: /home/jaeho/project_ws/install/doosan_m0609_hardware/share/doosan_m0609_hardware/environment/library_path.dsv
-- Up-to-date: /home/jaeho/project_ws/install/doosan_m0609_hardware/share/ament_index/resource_index/package_run_dependencies/doosan_m0609_hardware
-- Up-to-date: /home/jaeho/project_ws/install/doosan_m0609_hardware/share/ament_index/resource_index/parent_prefix_path/doosan_m0609_hardware
-- Up-to-date: /home/jaeho/project_ws/install/doosan_m0609_hardware/share/doosan_m0609_hardware/environment/ament_prefix_path.sh
-- Up-to-date: /home/jaeho/project_ws/install/doosan_m0609_hardware/share/doosan_m0609_hardware/environment/ament_prefix_path.dsv
-- Up-to-date: /home/jaeho/project_ws/install/doosan_m0609_hardware/share/doosan_m0609_hardware/environment/path.sh
-- Up-to-date: /home/jaeho/project_ws/install/doosan_m0609_hardware/share/doosan_m0609_hardware/environment/path.dsv
-- Up-to-date: /home/jaeho/project_ws/install/doosan_m0609_hardware/share/doosan_m0609_hardware/local_setup.bash
-- Up-to-date: /home/jaeho/project_ws/install/doosan_m0609_hardware/share/doosan_m0609_hardware/local_setup.sh
-- Up-to-date: /home/jaeho/project_ws/install/doosan_m0609_hardware/share/doosan_m0609_hardware/local_setup.zsh
-- Up-to-date: /home/jaeho/project_ws/install/doosan_m0609_hardware/share/doosan_m0609_hardware/local_setup.dsv
-- Installing: /home/jaeho/project_ws/install/doosan_m0609_hardware/share/doosan_m0609_hardware/package.dsv
-- Up-to-date: /home/jaeho/project_ws/install/doosan_m0609_hardware/share/ament_index/resource_index/packages/doosan_m0609_hardware
-- Up-to-date: /home/jaeho/project_ws/install/doosan_m0609_hardware/share/ament_index/resource_index/hardware_interface__pluginlib__plugin/doosan_m0609_hardware
-- Up-to-date: /home/jaeho/project_ws/install/doosan_m0609_hardware/share/ament_index/resource_index/controller_interface__pluginlib__plugin/doosan_m0609_hardware
-- Up-to-date: /home/jaeho/project_ws/install/doosan_m0609_hardware/share/doosan_m0609_hardware/cmake/export_doosan_m0609_hardwareExport.cmake
-- Up-to-date: /home/jaeho/project_ws/install/doosan_m0609_hardware/share/doosan_m0609_hardware/cmake/export_doosan_m0609_hardwareExport-noconfig.cmake
-- Up-to-date: /home/jaeho/project_ws/install/doosan_m0609_hardware/share/doosan_m0609_hardware/cmake/ament_cmake_export_targets-extras.cmake
-- Up-to-date: /home/jaeho/project_ws/install/doosan_m0609_hardware/share/doosan_m0609_hardware/cmake/ament_cmake_export_dependencies-extras.cmake
-- Up-to-date: /home/jaeho/project_ws/install/doosan_m0609_hardware/share/doosan_m0609_hardware/cmake/doosan_m0609_hardwareConfig.cmake
-- Up-to-date: /home/jaeho/project_ws/install/doosan_m0609_hardware/share/doosan_m0609_hardware/cmake/doosan_m0609_hardwareConfig-version.cmake
-- Up-to-date: /home/jaeho/project_ws/install/doosan_m0609_hardware/share/doosan_m0609_hardware/package.xml
