[0.177s] Invoking command in '/home/jaeho/project_ws/build/doosan_m0609_hardware': CMAKE_PREFIX_PATH=/home/jaeho/project_ws/install/doosan_m0609_msgs:/home/jaeho/project_ws/install/sugar_water_experiment:/home/jaeho/project_ws/install/doosan_m0609_hardware:/home/jaeho/project_ws/install/doosan_m0609_description:/home/jaeho/project_ws/install/dsr_common2:/home/jaeho/project_ws/install/precision_liquid_pouring:/home/jaeho/project_ws/install/doosan_m0609_bringup:/home/jaeho/project_ws/install/chemistry_experiment_manager:/home/jaeho/project_ws/install/arduino_loadcell_interface:/opt/ros/humble /usr/bin/cmake --build /home/jaeho/project_ws/build/doosan_m0609_hardware -- -j8 -l8
[0.262s] [35m[1mConsolidate compiler generated dependencies of target doosan_m0609_hardware[0m
[0.310s] [100%] Built target doosan_m0609_hardware
[0.702s] Invoked command in '/home/jaeho/project_ws/build/doosan_m0609_hardware' returned '0': CMAKE_PREFIX_PATH=/home/jaeho/project_ws/install/doosan_m0609_msgs:/home/jaeho/project_ws/install/sugar_water_experiment:/home/jaeho/project_ws/install/doosan_m0609_hardware:/home/jaeho/project_ws/install/doosan_m0609_description:/home/jaeho/project_ws/install/dsr_common2:/home/jaeho/project_ws/install/precision_liquid_pouring:/home/jaeho/project_ws/install/doosan_m0609_bringup:/home/jaeho/project_ws/install/chemistry_experiment_manager:/home/jaeho/project_ws/install/arduino_loadcell_interface:/opt/ros/humble /usr/bin/cmake --build /home/jaeho/project_ws/build/doosan_m0609_hardware -- -j8 -l8
[0.705s] Invoking command in '/home/jaeho/project_ws/build/doosan_m0609_hardware': CMAKE_PREFIX_PATH=/home/jaeho/project_ws/install/doosan_m0609_msgs:/home/jaeho/project_ws/install/sugar_water_experiment:/home/jaeho/project_ws/install/doosan_m0609_hardware:/home/jaeho/project_ws/install/doosan_m0609_description:/home/jaeho/project_ws/install/dsr_common2:/home/jaeho/project_ws/install/precision_liquid_pouring:/home/jaeho/project_ws/install/doosan_m0609_bringup:/home/jaeho/project_ws/install/chemistry_experiment_manager:/home/jaeho/project_ws/install/arduino_loadcell_interface:/opt/ros/humble /usr/bin/cmake --install /home/jaeho/project_ws/build/doosan_m0609_hardware
[0.746s] -- Install configuration: ""
[0.746s] -- Up-to-date: /home/jaeho/project_ws/install/doosan_m0609_hardware/share/doosan_m0609_hardware/doosan_m0609_hardware.xml
[0.747s] -- Up-to-date: /home/jaeho/project_ws/install/doosan_m0609_hardware/share/doosan_m0609_hardware/doosan_m0609_hardware.xml
[0.747s] -- Up-to-date: /home/jaeho/project_ws/install/doosan_m0609_hardware/include/doosan_m0609_hardware
[0.747s] -- Up-to-date: /home/jaeho/project_ws/install/doosan_m0609_hardware/include/doosan_m0609_hardware/dsr_hardware2
[0.747s] -- Up-to-date: /home/jaeho/project_ws/install/doosan_m0609_hardware/include/doosan_m0609_hardware/dsr_hardware2/util.hpp
[0.748s] -- Up-to-date: /home/jaeho/project_ws/install/doosan_m0609_hardware/include/doosan_m0609_hardware/dsr_hardware2/dsr_hw_interface2.h
[0.748s] -- Up-to-date: /home/jaeho/project_ws/install/doosan_m0609_hardware/lib/libdoosan_m0609_hardware.so
[0.748s] -- Up-to-date: /home/jaeho/project_ws/install/doosan_m0609_hardware/share/doosan_m0609_hardware/environment/library_path.sh
[0.748s] -- Up-to-date: /home/jaeho/project_ws/install/doosan_m0609_hardware/share/doosan_m0609_hardware/environment/library_path.dsv
[0.749s] -- Up-to-date: /home/jaeho/project_ws/install/doosan_m0609_hardware/share/ament_index/resource_index/package_run_dependencies/doosan_m0609_hardware
[0.749s] -- Up-to-date: /home/jaeho/project_ws/install/doosan_m0609_hardware/share/ament_index/resource_index/parent_prefix_path/doosan_m0609_hardware
[0.749s] -- Up-to-date: /home/jaeho/project_ws/install/doosan_m0609_hardware/share/doosan_m0609_hardware/environment/ament_prefix_path.sh
[0.749s] -- Up-to-date: /home/jaeho/project_ws/install/doosan_m0609_hardware/share/doosan_m0609_hardware/environment/ament_prefix_path.dsv
[0.749s] -- Up-to-date: /home/jaeho/project_ws/install/doosan_m0609_hardware/share/doosan_m0609_hardware/environment/path.sh
[0.749s] -- Up-to-date: /home/jaeho/project_ws/install/doosan_m0609_hardware/share/doosan_m0609_hardware/environment/path.dsv
[0.750s] -- Up-to-date: /home/jaeho/project_ws/install/doosan_m0609_hardware/share/doosan_m0609_hardware/local_setup.bash
[0.750s] -- Up-to-date: /home/jaeho/project_ws/install/doosan_m0609_hardware/share/doosan_m0609_hardware/local_setup.sh
[0.750s] -- Up-to-date: /home/jaeho/project_ws/install/doosan_m0609_hardware/share/doosan_m0609_hardware/local_setup.zsh
[0.750s] -- Up-to-date: /home/jaeho/project_ws/install/doosan_m0609_hardware/share/doosan_m0609_hardware/local_setup.dsv
[0.751s] -- Installing: /home/jaeho/project_ws/install/doosan_m0609_hardware/share/doosan_m0609_hardware/package.dsv
[0.751s] -- Up-to-date: /home/jaeho/project_ws/install/doosan_m0609_hardware/share/ament_index/resource_index/packages/doosan_m0609_hardware
[0.751s] -- Up-to-date: /home/jaeho/project_ws/install/doosan_m0609_hardware/share/ament_index/resource_index/hardware_interface__pluginlib__plugin/doosan_m0609_hardware
[0.751s] -- Up-to-date: /home/jaeho/project_ws/install/doosan_m0609_hardware/share/ament_index/resource_index/controller_interface__pluginlib__plugin/doosan_m0609_hardware
[0.751s] -- Up-to-date: /home/jaeho/project_ws/install/doosan_m0609_hardware/share/doosan_m0609_hardware/cmake/export_doosan_m0609_hardwareExport.cmake
[0.752s] -- Up-to-date: /home/jaeho/project_ws/install/doosan_m0609_hardware/share/doosan_m0609_hardware/cmake/export_doosan_m0609_hardwareExport-noconfig.cmake
[0.752s] -- Up-to-date: /home/jaeho/project_ws/install/doosan_m0609_hardware/share/doosan_m0609_hardware/cmake/ament_cmake_export_targets-extras.cmake
[0.752s] -- Up-to-date: /home/jaeho/project_ws/install/doosan_m0609_hardware/share/doosan_m0609_hardware/cmake/ament_cmake_export_dependencies-extras.cmake
[0.752s] -- Up-to-date: /home/jaeho/project_ws/install/doosan_m0609_hardware/share/doosan_m0609_hardware/cmake/doosan_m0609_hardwareConfig.cmake
[0.752s] -- Up-to-date: /home/jaeho/project_ws/install/doosan_m0609_hardware/share/doosan_m0609_hardware/cmake/doosan_m0609_hardwareConfig-version.cmake
[0.752s] -- Up-to-date: /home/jaeho/project_ws/install/doosan_m0609_hardware/share/doosan_m0609_hardware/package.xml
[0.767s] Invoked command in '/home/jaeho/project_ws/build/doosan_m0609_hardware' returned '0': CMAKE_PREFIX_PATH=/home/jaeho/project_ws/install/doosan_m0609_msgs:/home/jaeho/project_ws/install/sugar_water_experiment:/home/jaeho/project_ws/install/doosan_m0609_hardware:/home/jaeho/project_ws/install/doosan_m0609_description:/home/jaeho/project_ws/install/dsr_common2:/home/jaeho/project_ws/install/precision_liquid_pouring:/home/jaeho/project_ws/install/doosan_m0609_bringup:/home/jaeho/project_ws/install/chemistry_experiment_manager:/home/jaeho/project_ws/install/arduino_loadcell_interface:/opt/ros/humble /usr/bin/cmake --install /home/jaeho/project_ws/build/doosan_m0609_hardware
