running egg_info
writing ../../build/precision_liquid_pouring/precision_liquid_pouring.egg-info/PKG-INFO
writing dependency_links to ../../build/precision_liquid_pouring/precision_liquid_pouring.egg-info/dependency_links.txt
writing entry points to ../../build/precision_liquid_pouring/precision_liquid_pouring.egg-info/entry_points.txt
writing requirements to ../../build/precision_liquid_pouring/precision_liquid_pouring.egg-info/requires.txt
writing top-level names to ../../build/precision_liquid_pouring/precision_liquid_pouring.egg-info/top_level.txt
reading manifest file '../../build/precision_liquid_pouring/precision_liquid_pouring.egg-info/SOURCES.txt'
writing manifest file '../../build/precision_liquid_pouring/precision_liquid_pouring.egg-info/SOURCES.txt'
running build
running build_py
running install
running install_lib
running install_data
running install_egg_info
removing '/home/jaeho/project_ws/install/precision_liquid_pouring/lib/python3.10/site-packages/precision_liquid_pouring-0.0.0-py3.10.egg-info' (and everything under it)
Copying ../../build/precision_liquid_pouring/precision_liquid_pouring.egg-info to /home/jaeho/project_ws/install/precision_liquid_pouring/lib/python3.10/site-packages/precision_liquid_pouring-0.0.0-py3.10.egg-info
running install_scripts
Installing concentration_test script to /home/jaeho/project_ws/install/precision_liquid_pouring/lib/precision_liquid_pouring
Installing pour_control_node script to /home/jaeho/project_ws/install/precision_liquid_pouring/lib/precision_liquid_pouring
writing list of installed files to '/home/jaeho/project_ws/build/precision_liquid_pouring/install.log'
