[2.207s] Invoking command in '/home/jaeho/project_ws/src/precision_liquid_pouring': PYTHONPATH=/home/jaeho/project_ws/build/precision_liquid_pouring/prefix_override:/usr/lib/python3/dist-packages/colcon_core/task/python/colcon_distutils_commands:/home/jaeho/project_ws/install/precision_liquid_pouring/lib/python3.10/site-packages:${PYTHONPATH} /usr/bin/python3 -W ignore:setup.py install is deprecated -W ignore:easy_install command is deprecated setup.py egg_info --egg-base ../../build/precision_liquid_pouring build --build-base /home/jaeho/project_ws/build/precision_liquid_pouring/build install --record /home/jaeho/project_ws/build/precision_liquid_pouring/install.log --single-version-externally-managed install_data
[2.704s] running egg_info
[2.707s] writing ../../build/precision_liquid_pouring/precision_liquid_pouring.egg-info/PKG-INFO
[2.709s] writing dependency_links to ../../build/precision_liquid_pouring/precision_liquid_pouring.egg-info/dependency_links.txt
[2.709s] writing entry points to ../../build/precision_liquid_pouring/precision_liquid_pouring.egg-info/entry_points.txt
[2.709s] writing requirements to ../../build/precision_liquid_pouring/precision_liquid_pouring.egg-info/requires.txt
[2.710s] writing top-level names to ../../build/precision_liquid_pouring/precision_liquid_pouring.egg-info/top_level.txt
[2.713s] reading manifest file '../../build/precision_liquid_pouring/precision_liquid_pouring.egg-info/SOURCES.txt'
[2.716s] writing manifest file '../../build/precision_liquid_pouring/precision_liquid_pouring.egg-info/SOURCES.txt'
[2.716s] running build
[2.717s] running build_py
[2.719s] running install
[2.720s] running install_lib
[2.725s] running install_data
[2.725s] running install_egg_info
[2.728s] removing '/home/jaeho/project_ws/install/precision_liquid_pouring/lib/python3.10/site-packages/precision_liquid_pouring-0.0.0-py3.10.egg-info' (and everything under it)
[2.730s] Copying ../../build/precision_liquid_pouring/precision_liquid_pouring.egg-info to /home/jaeho/project_ws/install/precision_liquid_pouring/lib/python3.10/site-packages/precision_liquid_pouring-0.0.0-py3.10.egg-info
[2.732s] running install_scripts
[2.777s] Installing concentration_test script to /home/jaeho/project_ws/install/precision_liquid_pouring/lib/precision_liquid_pouring
[2.778s] Installing pour_control_node script to /home/jaeho/project_ws/install/precision_liquid_pouring/lib/precision_liquid_pouring
[2.779s] writing list of installed files to '/home/jaeho/project_ws/build/precision_liquid_pouring/install.log'
[2.925s] Invoked command in '/home/jaeho/project_ws/src/precision_liquid_pouring' returned '0': PYTHONPATH=/home/jaeho/project_ws/build/precision_liquid_pouring/prefix_override:/usr/lib/python3/dist-packages/colcon_core/task/python/colcon_distutils_commands:/home/jaeho/project_ws/install/precision_liquid_pouring/lib/python3.10/site-packages:${PYTHONPATH} /usr/bin/python3 -W ignore:setup.py install is deprecated -W ignore:easy_install command is deprecated setup.py egg_info --egg-base ../../build/precision_liquid_pouring build --build-base /home/jaeho/project_ws/build/precision_liquid_pouring/build install --record /home/jaeho/project_ws/build/precision_liquid_pouring/install.log --single-version-externally-managed install_data
