-- Found ament_cmake: 1.3.12 (/opt/ros/humble/share/ament_cmake/cmake)
-- Found pluginlib: 5.1.0 (/opt/ros/humble/share/pluginlib/cmake)
-- Found hardware_interface: 2.51.0 (/opt/ros/humble/share/hardware_interface/cmake)
-- Found rosidl_generator_c: 3.1.7 (/opt/ros/humble/share/rosidl_generator_c/cmake)
-- Found rosidl_adapter: 3.1.7 (/opt/ros/humble/share/rosidl_adapter/cmake)
-- Found rosidl_generator_cpp: 3.1.7 (/opt/ros/humble/share/rosidl_generator_cpp/cmake)
-- Using all available rosidl_typesupport_c: rosidl_typesupport_fastrtps_c;rosidl_typesupport_introspection_c
-- Using all available rosidl_typesupport_cpp: rosidl_typesupport_fastrtps_cpp;rosidl_typesupport_introspection_cpp
-- Found rmw_implementation_cmake: 6.1.2 (/opt/ros/humble/share/rmw_implementation_cmake/cmake)
-- Found rmw_cyclonedds_cpp: 1.3.4 (/opt/ros/humble/share/rmw_cyclonedds_cpp/cmake)
-- Using RMW implementation 'rmw_cyclonedds_cpp' as default
-- Found doosan_m0609_msgs: 1.1.0 (/home/jack/project_ws/install/doosan_m0609_msgs/share/doosan_m0609_msgs/cmake)
-- Found moveit_msgs: 2.2.1 (/opt/ros/humble/share/moveit_msgs/cmake)
-- Found controller_manager: 2.51.0 (/opt/ros/humble/share/controller_manager/cmake)
-- Found kdl_parser: 2.6.4 (/opt/ros/humble/share/kdl_parser/cmake)
-- Found eigen3_cmake_module: 0.1.1 (/opt/ros/humble/share/eigen3_cmake_module/cmake)
-- Ensuring Eigen3 include directory is part of orocos-kdl CMake target
[0mDRCF_VERSION:2[0m
-- Found ament_cmake_pytest: 1.3.12 (/opt/ros/humble/share/ament_cmake_pytest/cmake)
-- Configuring done
-- Generating done
-- Build files have been written to: /home/jack/project_ws/build/doosan_m0609_hardware
[35m[1mConsolidate compiler generated dependencies of target doosan_m0609_hardware[0m
[100%] Built target doosan_m0609_hardware
-- Install configuration: ""
-- Up-to-date: /home/jack/project_ws/install/doosan_m0609_hardware/share/doosan_m0609_hardware/doosan_m0609_hardware.xml
-- Up-to-date: /home/jack/project_ws/install/doosan_m0609_hardware/share/doosan_m0609_hardware/doosan_m0609_hardware.xml
-- Up-to-date: /home/jack/project_ws/install/doosan_m0609_hardware/include/doosan_m0609_hardware
-- Up-to-date: /home/jack/project_ws/install/doosan_m0609_hardware/include/doosan_m0609_hardware/dsr_hardware2
-- Up-to-date: /home/jack/project_ws/install/doosan_m0609_hardware/include/doosan_m0609_hardware/dsr_hardware2/util.hpp
-- Up-to-date: /home/jack/project_ws/install/doosan_m0609_hardware/include/doosan_m0609_hardware/dsr_hardware2/dsr_hw_interface2.h
-- Up-to-date: /home/jack/project_ws/install/doosan_m0609_hardware/lib/libdoosan_m0609_hardware.so
-- Up-to-date: /home/jack/project_ws/install/doosan_m0609_hardware/share/doosan_m0609_hardware/environment/library_path.sh
-- Installing: /home/jack/project_ws/install/doosan_m0609_hardware/share/doosan_m0609_hardware/environment/library_path.dsv
-- Up-to-date: /home/jack/project_ws/install/doosan_m0609_hardware/share/ament_index/resource_index/package_run_dependencies/doosan_m0609_hardware
-- Installing: /home/jack/project_ws/install/doosan_m0609_hardware/share/ament_index/resource_index/parent_prefix_path/doosan_m0609_hardware
-- Up-to-date: /home/jack/project_ws/install/doosan_m0609_hardware/share/doosan_m0609_hardware/environment/ament_prefix_path.sh
-- Installing: /home/jack/project_ws/install/doosan_m0609_hardware/share/doosan_m0609_hardware/environment/ament_prefix_path.dsv
-- Up-to-date: /home/jack/project_ws/install/doosan_m0609_hardware/share/doosan_m0609_hardware/environment/path.sh
-- Installing: /home/jack/project_ws/install/doosan_m0609_hardware/share/doosan_m0609_hardware/environment/path.dsv
-- Up-to-date: /home/jack/project_ws/install/doosan_m0609_hardware/share/doosan_m0609_hardware/local_setup.bash
-- Up-to-date: /home/jack/project_ws/install/doosan_m0609_hardware/share/doosan_m0609_hardware/local_setup.sh
-- Up-to-date: /home/jack/project_ws/install/doosan_m0609_hardware/share/doosan_m0609_hardware/local_setup.zsh
-- Installing: /home/jack/project_ws/install/doosan_m0609_hardware/share/doosan_m0609_hardware/local_setup.dsv
-- Installing: /home/jack/project_ws/install/doosan_m0609_hardware/share/doosan_m0609_hardware/package.dsv
-- Up-to-date: /home/jack/project_ws/install/doosan_m0609_hardware/share/ament_index/resource_index/packages/doosan_m0609_hardware
-- Up-to-date: /home/jack/project_ws/install/doosan_m0609_hardware/share/ament_index/resource_index/hardware_interface__pluginlib__plugin/doosan_m0609_hardware
-- Up-to-date: /home/jack/project_ws/install/doosan_m0609_hardware/share/ament_index/resource_index/controller_interface__pluginlib__plugin/doosan_m0609_hardware
-- Up-to-date: /home/jack/project_ws/install/doosan_m0609_hardware/share/doosan_m0609_hardware/cmake/export_doosan_m0609_hardwareExport.cmake
-- Up-to-date: /home/jack/project_ws/install/doosan_m0609_hardware/share/doosan_m0609_hardware/cmake/export_doosan_m0609_hardwareExport-noconfig.cmake
-- Up-to-date: /home/jack/project_ws/install/doosan_m0609_hardware/share/doosan_m0609_hardware/cmake/ament_cmake_export_targets-extras.cmake
-- Up-to-date: /home/jack/project_ws/install/doosan_m0609_hardware/share/doosan_m0609_hardware/cmake/ament_cmake_export_dependencies-extras.cmake
-- Up-to-date: /home/jack/project_ws/install/doosan_m0609_hardware/share/doosan_m0609_hardware/cmake/doosan_m0609_hardwareConfig.cmake
-- Up-to-date: /home/jack/project_ws/install/doosan_m0609_hardware/share/doosan_m0609_hardware/cmake/doosan_m0609_hardwareConfig-version.cmake
-- Up-to-date: /home/jack/project_ws/install/doosan_m0609_hardware/share/doosan_m0609_hardware/package.xml
