[0.169s] Invoking command in '/home/jack/project_ws/build/doosan_m0609_hardware': CMAKE_PREFIX_PATH=/home/jack/project_ws/install/doosan_m0609_msgs:/home/jack/project_ws/install/dsr_common2:/home/jack/project_ws/install/doosan_m0609_hardware:/opt/ros/humble LD_LIBRARY_PATH=/home/jack/project_ws/install/doosan_m0609_msgs/lib:/home/jack/project_ws/install/doosan_m0609_hardware/lib:/usr/local/lib:/usr/lib/x86_64-linux-gnu/gazebo-11/plugins:/opt/ros/humble/opt/rviz_ogre_vendor/lib:/opt/ros/humble/lib/x86_64-linux-gnu:/opt/ros/humble/lib /usr/bin/cmake /home/jack/project_ws/src/doosan_m0609_hardware -DCMAKE_INSTALL_PREFIX=/home/jack/project_ws/install/doosan_m0609_hardware
[0.176s] -- Found ament_cmake: 1.3.12 (/opt/ros/humble/share/ament_cmake/cmake)
[0.260s] -- Found pluginlib: 5.1.0 (/opt/ros/humble/share/pluginlib/cmake)
[2.680s] -- Found hardware_interface: 2.51.0 (/opt/ros/humble/share/hardware_interface/cmake)
[2.691s] -- Found rosidl_generator_c: 3.1.7 (/opt/ros/humble/share/rosidl_generator_c/cmake)
[2.693s] -- Found rosidl_adapter: 3.1.7 (/opt/ros/humble/share/rosidl_adapter/cmake)
[2.697s] -- Found rosidl_generator_cpp: 3.1.7 (/opt/ros/humble/share/rosidl_generator_cpp/cmake)
[2.703s] -- Using all available rosidl_typesupport_c: rosidl_typesupport_fastrtps_c;rosidl_typesupport_introspection_c
[2.709s] -- Using all available rosidl_typesupport_cpp: rosidl_typesupport_fastrtps_cpp;rosidl_typesupport_introspection_cpp
[2.812s] -- Found rmw_implementation_cmake: 6.1.2 (/opt/ros/humble/share/rmw_implementation_cmake/cmake)
[2.813s] -- Found rmw_cyclonedds_cpp: 1.3.4 (/opt/ros/humble/share/rmw_cyclonedds_cpp/cmake)
[2.826s] -- Using RMW implementation 'rmw_cyclonedds_cpp' as default
[2.864s] -- Found doosan_m0609_msgs: 1.1.0 (/home/jack/project_ws/install/doosan_m0609_msgs/share/doosan_m0609_msgs/cmake)
[2.877s] -- Found moveit_msgs: 2.2.1 (/opt/ros/humble/share/moveit_msgs/cmake)
[2.951s] -- Found controller_manager: 2.51.0 (/opt/ros/humble/share/controller_manager/cmake)
[2.982s] -- Found kdl_parser: 2.6.4 (/opt/ros/humble/share/kdl_parser/cmake)
[2.982s] -- Found eigen3_cmake_module: 0.1.1 (/opt/ros/humble/share/eigen3_cmake_module/cmake)
[2.983s] -- Ensuring Eigen3 include directory is part of orocos-kdl CMake target
[2.985s] [0mDRCF_VERSION:2[0m
[3.007s] -- Found ament_cmake_pytest: 1.3.12 (/opt/ros/humble/share/ament_cmake_pytest/cmake)
[3.055s] -- Configuring done
[3.082s] -- Generating done
[3.087s] -- Build files have been written to: /home/jack/project_ws/build/doosan_m0609_hardware
[3.096s] Invoked command in '/home/jack/project_ws/build/doosan_m0609_hardware' returned '0': CMAKE_PREFIX_PATH=/home/jack/project_ws/install/doosan_m0609_msgs:/home/jack/project_ws/install/dsr_common2:/home/jack/project_ws/install/doosan_m0609_hardware:/opt/ros/humble LD_LIBRARY_PATH=/home/jack/project_ws/install/doosan_m0609_msgs/lib:/home/jack/project_ws/install/doosan_m0609_hardware/lib:/usr/local/lib:/usr/lib/x86_64-linux-gnu/gazebo-11/plugins:/opt/ros/humble/opt/rviz_ogre_vendor/lib:/opt/ros/humble/lib/x86_64-linux-gnu:/opt/ros/humble/lib /usr/bin/cmake /home/jack/project_ws/src/doosan_m0609_hardware -DCMAKE_INSTALL_PREFIX=/home/jack/project_ws/install/doosan_m0609_hardware
[3.098s] Invoking command in '/home/jack/project_ws/build/doosan_m0609_hardware': CMAKE_PREFIX_PATH=/home/jack/project_ws/install/doosan_m0609_msgs:/home/jack/project_ws/install/dsr_common2:/home/jack/project_ws/install/doosan_m0609_hardware:/opt/ros/humble LD_LIBRARY_PATH=/home/jack/project_ws/install/doosan_m0609_msgs/lib:/home/jack/project_ws/install/doosan_m0609_hardware/lib:/usr/local/lib:/usr/lib/x86_64-linux-gnu/gazebo-11/plugins:/opt/ros/humble/opt/rviz_ogre_vendor/lib:/opt/ros/humble/lib/x86_64-linux-gnu:/opt/ros/humble/lib /usr/bin/cmake --build /home/jack/project_ws/build/doosan_m0609_hardware -- -j6 -l6
[3.127s] [35m[1mConsolidate compiler generated dependencies of target doosan_m0609_hardware[0m
[3.152s] [100%] Built target doosan_m0609_hardware
[3.160s] Invoked command in '/home/jack/project_ws/build/doosan_m0609_hardware' returned '0': CMAKE_PREFIX_PATH=/home/jack/project_ws/install/doosan_m0609_msgs:/home/jack/project_ws/install/dsr_common2:/home/jack/project_ws/install/doosan_m0609_hardware:/opt/ros/humble LD_LIBRARY_PATH=/home/jack/project_ws/install/doosan_m0609_msgs/lib:/home/jack/project_ws/install/doosan_m0609_hardware/lib:/usr/local/lib:/usr/lib/x86_64-linux-gnu/gazebo-11/plugins:/opt/ros/humble/opt/rviz_ogre_vendor/lib:/opt/ros/humble/lib/x86_64-linux-gnu:/opt/ros/humble/lib /usr/bin/cmake --build /home/jack/project_ws/build/doosan_m0609_hardware -- -j6 -l6
[3.168s] Invoking command in '/home/jack/project_ws/build/doosan_m0609_hardware': CMAKE_PREFIX_PATH=/home/jack/project_ws/install/doosan_m0609_msgs:/home/jack/project_ws/install/dsr_common2:/home/jack/project_ws/install/doosan_m0609_hardware:/opt/ros/humble LD_LIBRARY_PATH=/home/jack/project_ws/install/doosan_m0609_msgs/lib:/home/jack/project_ws/install/doosan_m0609_hardware/lib:/usr/local/lib:/usr/lib/x86_64-linux-gnu/gazebo-11/plugins:/opt/ros/humble/opt/rviz_ogre_vendor/lib:/opt/ros/humble/lib/x86_64-linux-gnu:/opt/ros/humble/lib /usr/bin/cmake --install /home/jack/project_ws/build/doosan_m0609_hardware
[3.173s] -- Install configuration: ""
[3.173s] -- Up-to-date: /home/jack/project_ws/install/doosan_m0609_hardware/share/doosan_m0609_hardware/doosan_m0609_hardware.xml
[3.173s] -- Up-to-date: /home/jack/project_ws/install/doosan_m0609_hardware/share/doosan_m0609_hardware/doosan_m0609_hardware.xml
[3.173s] -- Up-to-date: /home/jack/project_ws/install/doosan_m0609_hardware/include/doosan_m0609_hardware
[3.173s] -- Up-to-date: /home/jack/project_ws/install/doosan_m0609_hardware/include/doosan_m0609_hardware/dsr_hardware2
[3.173s] -- Up-to-date: /home/jack/project_ws/install/doosan_m0609_hardware/include/doosan_m0609_hardware/dsr_hardware2/util.hpp
[3.173s] -- Up-to-date: /home/jack/project_ws/install/doosan_m0609_hardware/include/doosan_m0609_hardware/dsr_hardware2/dsr_hw_interface2.h
[3.173s] -- Up-to-date: /home/jack/project_ws/install/doosan_m0609_hardware/lib/libdoosan_m0609_hardware.so
[3.173s] -- Up-to-date: /home/jack/project_ws/install/doosan_m0609_hardware/share/doosan_m0609_hardware/environment/library_path.sh
[3.174s] -- Installing: /home/jack/project_ws/install/doosan_m0609_hardware/share/doosan_m0609_hardware/environment/library_path.dsv
[3.174s] -- Up-to-date: /home/jack/project_ws/install/doosan_m0609_hardware/share/ament_index/resource_index/package_run_dependencies/doosan_m0609_hardware
[3.174s] -- Installing: /home/jack/project_ws/install/doosan_m0609_hardware/share/ament_index/resource_index/parent_prefix_path/doosan_m0609_hardware
[3.174s] -- Up-to-date: /home/jack/project_ws/install/doosan_m0609_hardware/share/doosan_m0609_hardware/environment/ament_prefix_path.sh
[3.174s] -- Installing: /home/jack/project_ws/install/doosan_m0609_hardware/share/doosan_m0609_hardware/environment/ament_prefix_path.dsv
[3.174s] -- Up-to-date: /home/jack/project_ws/install/doosan_m0609_hardware/share/doosan_m0609_hardware/environment/path.sh
[3.174s] -- Installing: /home/jack/project_ws/install/doosan_m0609_hardware/share/doosan_m0609_hardware/environment/path.dsv
[3.174s] -- Up-to-date: /home/jack/project_ws/install/doosan_m0609_hardware/share/doosan_m0609_hardware/local_setup.bash
[3.174s] -- Up-to-date: /home/jack/project_ws/install/doosan_m0609_hardware/share/doosan_m0609_hardware/local_setup.sh
[3.174s] -- Up-to-date: /home/jack/project_ws/install/doosan_m0609_hardware/share/doosan_m0609_hardware/local_setup.zsh
[3.174s] -- Installing: /home/jack/project_ws/install/doosan_m0609_hardware/share/doosan_m0609_hardware/local_setup.dsv
[3.175s] -- Installing: /home/jack/project_ws/install/doosan_m0609_hardware/share/doosan_m0609_hardware/package.dsv
[3.175s] -- Up-to-date: /home/jack/project_ws/install/doosan_m0609_hardware/share/ament_index/resource_index/packages/doosan_m0609_hardware
[3.175s] -- Up-to-date: /home/jack/project_ws/install/doosan_m0609_hardware/share/ament_index/resource_index/hardware_interface__pluginlib__plugin/doosan_m0609_hardware
[3.175s] -- Up-to-date: /home/jack/project_ws/install/doosan_m0609_hardware/share/ament_index/resource_index/controller_interface__pluginlib__plugin/doosan_m0609_hardware
[3.175s] -- Up-to-date: /home/jack/project_ws/install/doosan_m0609_hardware/share/doosan_m0609_hardware/cmake/export_doosan_m0609_hardwareExport.cmake
[3.175s] -- Up-to-date: /home/jack/project_ws/install/doosan_m0609_hardware/share/doosan_m0609_hardware/cmake/export_doosan_m0609_hardwareExport-noconfig.cmake
[3.175s] -- Up-to-date: /home/jack/project_ws/install/doosan_m0609_hardware/share/doosan_m0609_hardware/cmake/ament_cmake_export_targets-extras.cmake
[3.175s] -- Up-to-date: /home/jack/project_ws/install/doosan_m0609_hardware/share/doosan_m0609_hardware/cmake/ament_cmake_export_dependencies-extras.cmake
[3.175s] -- Up-to-date: /home/jack/project_ws/install/doosan_m0609_hardware/share/doosan_m0609_hardware/cmake/doosan_m0609_hardwareConfig.cmake
[3.175s] -- Up-to-date: /home/jack/project_ws/install/doosan_m0609_hardware/share/doosan_m0609_hardware/cmake/doosan_m0609_hardwareConfig-version.cmake
[3.175s] -- Up-to-date: /home/jack/project_ws/install/doosan_m0609_hardware/share/doosan_m0609_hardware/package.xml
[3.178s] Invoked command in '/home/jack/project_ws/build/doosan_m0609_hardware' returned '0': CMAKE_PREFIX_PATH=/home/jack/project_ws/install/doosan_m0609_msgs:/home/jack/project_ws/install/dsr_common2:/home/jack/project_ws/install/doosan_m0609_hardware:/opt/ros/humble LD_LIBRARY_PATH=/home/jack/project_ws/install/doosan_m0609_msgs/lib:/home/jack/project_ws/install/doosan_m0609_hardware/lib:/usr/local/lib:/usr/lib/x86_64-linux-gnu/gazebo-11/plugins:/opt/ros/humble/opt/rviz_ogre_vendor/lib:/opt/ros/humble/lib/x86_64-linux-gnu:/opt/ros/humble/lib /usr/bin/cmake --install /home/jack/project_ws/build/doosan_m0609_hardware
