[0.012s] Invoking command in '/home/jaeho/project_ws/build/simple_dsr_move': CMAKE_PREFIX_PATH=${CMAKE_PREFIX_PATH}:/opt/ros/humble /usr/bin/cmake --build /home/jaeho/project_ws/build/simple_dsr_move -- -j8 -l8
[0.032s] -- Found ament_cmake: 1.3.12 (/opt/ros/humble/share/ament_cmake/cmake)
[0.144s] -- Found rclcpp: 16.0.14 (/opt/ros/humble/share/rclcpp/cmake)
[0.332s] -- Found rosidl_generator_c: 3.1.7 (/opt/ros/humble/share/rosidl_generator_c/cmake)
[0.337s] -- Found rosidl_adapter: 3.1.7 (/opt/ros/humble/share/rosidl_adapter/cmake)
[0.351s] -- Found rosidl_generator_cpp: 3.1.7 (/opt/ros/humble/share/rosidl_generator_cpp/cmake)
[0.370s] -- Using all available rosidl_typesupport_c: rosidl_typesupport_fastrtps_c;rosidl_typesupport_introspection_c
[0.396s] -- Using all available rosidl_typesupport_cpp: rosidl_typesupport_fastrtps_cpp;rosidl_typesupport_introspection_cpp
[0.468s] -- Found rmw_implementation_cmake: 6.1.2 (/opt/ros/humble/share/rmw_implementation_cmake/cmake)
[0.473s] -- Found rmw_fastrtps_cpp: 6.2.8 (/opt/ros/humble/share/rmw_fastrtps_cpp/cmake)
[5.194s] -- Using RMW implementation 'rmw_fastrtps_cpp' as default
[5.341s] -- Configuring done
[5.353s] -- Generating done
[5.356s] -- Build files have been written to: /home/jaeho/project_ws/build/simple_dsr_move
[5.378s] [35m[1mConsolidate compiler generated dependencies of target simple_move_node[0m
[5.382s] gmake[2]: *** No rule to make target '/home/jaeho/project_ws/src/simple_dsr_node/../../dsr_common2/lib/humble/x86_64/libDRFL.a', needed by 'simple_move_node'.  Stop.
[5.382s] gmake[2]: *** Waiting for unfinished jobs....
[5.389s] [ 50%] [32mBuilding CXX object CMakeFiles/simple_move_node.dir/src/simple_move_node.cpp.o[0m
[5.484s] [01m[K/home/jaeho/project_ws/src/simple_dsr_node/src/simple_move_node.cpp:10:10:[m[K [01;31m[Kfatal error: [m[KDRFL.h: No such file or directory
[5.484s]    10 | #include [01;31m[K"DRFL.h"[m[K
[5.484s]       |          [01;31m[K^~~~~~~~[m[K
[5.484s] compilation terminated.
[5.486s] gmake[2]: *** [CMakeFiles/simple_move_node.dir/build.make:76: CMakeFiles/simple_move_node.dir/src/simple_move_node.cpp.o] Error 1
[5.486s] gmake[1]: *** [CMakeFiles/Makefile2:137: CMakeFiles/simple_move_node.dir/all] Error 2
[5.487s] gmake: *** [Makefile:146: all] Error 2
[5.489s] Invoked command in '/home/jaeho/project_ws/build/simple_dsr_move' returned '2': CMAKE_PREFIX_PATH=${CMAKE_PREFIX_PATH}:/opt/ros/humble /usr/bin/cmake --build /home/jaeho/project_ws/build/simple_dsr_move -- -j8 -l8
