[0.021s] Invoking command in '/home/jaeho/project_ws/build/dsr_common2': CMAKE_PREFIX_PATH=${CMAKE_PREFIX_PATH}:/home/jaeho/project_ws/install/precision_liquid_pouring:/home/jaeho/project_ws/install/doosan_m0609_bringup:/home/jaeho/project_ws/install/chemistry_experiment_manager:/home/jaeho/project_ws/install/arduino_loadcell_interface:/opt/ros/humble /usr/bin/cmake /home/jaeho/project_ws/src/dsr_common2 -DCMAKE_INSTALL_PREFIX=/home/jaeho/project_ws/install/dsr_common2
[0.446s] -- The C compiler identification is GNU 11.4.0
[1.303s] -- The CXX compiler identification is GNU 11.4.0
[1.871s] -- Detecting C compiler ABI info
[2.188s] -- Detecting C compiler ABI info - done
[2.198s] -- Check for working C compiler: /usr/bin/cc - skipped
[2.198s] -- Detecting C compile features
[2.199s] -- Detecting C compile features - done
[2.203s] -- Detecting CXX compiler ABI info
[2.519s] -- Detecting CXX compiler ABI info - done
[2.529s] -- Check for working CXX compiler: /usr/bin/c++ - skipped
[2.529s] -- Detecting CXX compile features
[2.529s] -- Detecting CXX compile features - done
[2.538s] -- Found ament_cmake: 1.3.12 (/opt/ros/humble/share/ament_cmake/cmake)
[2.730s] -- Found Python3: /usr/bin/python3 (found version "3.10.12") found components: Interpreter 
[2.931s] -- Configuring done
[2.937s] -- Generating done
[2.941s] -- Build files have been written to: /home/jaeho/project_ws/build/dsr_common2
[2.947s] Invoked command in '/home/jaeho/project_ws/build/dsr_common2' returned '0': CMAKE_PREFIX_PATH=${CMAKE_PREFIX_PATH}:/home/jaeho/project_ws/install/precision_liquid_pouring:/home/jaeho/project_ws/install/doosan_m0609_bringup:/home/jaeho/project_ws/install/chemistry_experiment_manager:/home/jaeho/project_ws/install/arduino_loadcell_interface:/opt/ros/humble /usr/bin/cmake /home/jaeho/project_ws/src/dsr_common2 -DCMAKE_INSTALL_PREFIX=/home/jaeho/project_ws/install/dsr_common2
[2.950s] Invoking command in '/home/jaeho/project_ws/build/dsr_common2': CMAKE_PREFIX_PATH=${CMAKE_PREFIX_PATH}:/home/jaeho/project_ws/install/precision_liquid_pouring:/home/jaeho/project_ws/install/doosan_m0609_bringup:/home/jaeho/project_ws/install/chemistry_experiment_manager:/home/jaeho/project_ws/install/arduino_loadcell_interface:/opt/ros/humble /usr/bin/cmake --build /home/jaeho/project_ws/build/dsr_common2 -- -j8 -l8
[2.996s] Invoked command in '/home/jaeho/project_ws/build/dsr_common2' returned '0': CMAKE_PREFIX_PATH=${CMAKE_PREFIX_PATH}:/home/jaeho/project_ws/install/precision_liquid_pouring:/home/jaeho/project_ws/install/doosan_m0609_bringup:/home/jaeho/project_ws/install/chemistry_experiment_manager:/home/jaeho/project_ws/install/arduino_loadcell_interface:/opt/ros/humble /usr/bin/cmake --build /home/jaeho/project_ws/build/dsr_common2 -- -j8 -l8
[3.010s] Invoking command in '/home/jaeho/project_ws/build/dsr_common2': CMAKE_PREFIX_PATH=${CMAKE_PREFIX_PATH}:/home/jaeho/project_ws/install/precision_liquid_pouring:/home/jaeho/project_ws/install/doosan_m0609_bringup:/home/jaeho/project_ws/install/chemistry_experiment_manager:/home/jaeho/project_ws/install/arduino_loadcell_interface:/opt/ros/humble /usr/bin/cmake --install /home/jaeho/project_ws/build/dsr_common2
[3.018s] -- Install configuration: ""
[3.020s] -- Installing: /home/jaeho/project_ws/install/dsr_common2/share/ament_index/resource_index/package_run_dependencies/dsr_common2
[3.020s] -- Installing: /home/jaeho/project_ws/install/dsr_common2/share/ament_index/resource_index/parent_prefix_path/dsr_common2
[3.021s] -- Installing: /home/jaeho/project_ws/install/dsr_common2/share/dsr_common2/environment/ament_prefix_path.sh
[3.021s] -- Installing: /home/jaeho/project_ws/install/dsr_common2/share/dsr_common2/environment/ament_prefix_path.dsv
[3.021s] -- Installing: /home/jaeho/project_ws/install/dsr_common2/share/dsr_common2/environment/path.sh
[3.022s] -- Installing: /home/jaeho/project_ws/install/dsr_common2/share/dsr_common2/environment/path.dsv
[3.022s] -- Installing: /home/jaeho/project_ws/install/dsr_common2/share/dsr_common2/local_setup.bash
[3.022s] -- Installing: /home/jaeho/project_ws/install/dsr_common2/share/dsr_common2/local_setup.sh
[3.022s] -- Installing: /home/jaeho/project_ws/install/dsr_common2/share/dsr_common2/local_setup.zsh
[3.023s] -- Installing: /home/jaeho/project_ws/install/dsr_common2/share/dsr_common2/local_setup.dsv
[3.023s] -- Installing: /home/jaeho/project_ws/install/dsr_common2/share/dsr_common2/package.dsv
[3.023s] -- Installing: /home/jaeho/project_ws/install/dsr_common2/share/ament_index/resource_index/packages/dsr_common2
[3.024s] -- Installing: /home/jaeho/project_ws/install/dsr_common2/share/dsr_common2/cmake/dsr_common2Config.cmake
[3.024s] -- Installing: /home/jaeho/project_ws/install/dsr_common2/share/dsr_common2/cmake/dsr_common2Config-version.cmake
[3.024s] -- Installing: /home/jaeho/project_ws/install/dsr_common2/share/dsr_common2/package.xml
[3.024s] -- Installing: /home/jaeho/project_ws/install/dsr_common2/share/dsr_common2/bin
[3.025s] -- Installing: /home/jaeho/project_ws/install/dsr_common2/share/dsr_common2/bin/run_drcf.sh
[3.025s] -- Installing: /home/jaeho/project_ws/install/dsr_common2/share/dsr_common2/bin/common2
[3.025s] -- Installing: /home/jaeho/project_ws/install/dsr_common2/lib/dsr_common2/imp
[3.026s] -- Installing: /home/jaeho/project_ws/install/dsr_common2/lib/dsr_common2/imp/DR_tcp_client2.py
[3.026s] -- Installing: /home/jaeho/project_ws/install/dsr_common2/lib/dsr_common2/imp/DR_common2.py
[3.026s] -- Installing: /home/jaeho/project_ws/install/dsr_common2/lib/dsr_common2/imp/DSR_util2.py
[3.027s] -- Installing: /home/jaeho/project_ws/install/dsr_common2/lib/dsr_common2/imp/DR_init.py
[3.027s] -- Installing: /home/jaeho/project_ws/install/dsr_common2/lib/dsr_common2/imp/__init__.py
[3.027s] -- Installing: /home/jaeho/project_ws/install/dsr_common2/lib/dsr_common2/imp/DR_tcp_server2.py
[3.027s] -- Installing: /home/jaeho/project_ws/install/dsr_common2/lib/dsr_common2/imp/DSR_ROBOT2.py
[3.032s] -- Installing: /home/jaeho/project_ws/install/dsr_common2/lib/dsr_common2/imp/DR_error2.py
[3.032s] -- Installing: /home/jaeho/project_ws/install/dsr_common2/lib/dsr_common2/imp/DRFC.py
[3.036s] Invoked command in '/home/jaeho/project_ws/build/dsr_common2' returned '0': CMAKE_PREFIX_PATH=${CMAKE_PREFIX_PATH}:/home/jaeho/project_ws/install/precision_liquid_pouring:/home/jaeho/project_ws/install/doosan_m0609_bringup:/home/jaeho/project_ws/install/chemistry_experiment_manager:/home/jaeho/project_ws/install/arduino_loadcell_interface:/opt/ros/humble /usr/bin/cmake --install /home/jaeho/project_ws/build/dsr_common2
