[0.848s] Invoking command in '/home/jaeho/project_ws/build/dsr_common2': CMAKE_PREFIX_PATH=${CMAKE_PREFIX_PATH}:/opt/ros/humble /usr/bin/cmake /home/jaeho/project_ws/src/dsr_common2 -DCMAKE_BUILD_TYPE=Release -DCMAKE_INSTALL_PREFIX=/home/jaeho/project_ws/install/dsr_common2
[1.375s] -- The C compiler identification is GNU 11.4.0
[2.248s] -- The CXX compiler identification is GNU 11.4.0
[3.218s] -- Detecting C compiler ABI info
[3.604s] -- Detecting C compiler ABI info - done
[3.631s] -- Check for working C compiler: /usr/bin/cc - skipped
[3.631s] -- Detecting C compile features
[3.631s] -- Detecting C compile features - done
[3.638s] -- Detecting CXX compiler ABI info
[3.975s] -- Detecting CXX compiler ABI info - done
[3.991s] -- Check for working CXX compiler: /usr/bin/c++ - skipped
[3.991s] -- Detecting CXX compile features
[3.992s] -- Detecting CXX compile features - done
[3.996s] -- Found ament_cmake: 1.3.12 (/opt/ros/humble/share/ament_cmake/cmake)
[4.303s] -- Found Python3: /usr/bin/python3 (found version "3.10.12") found components: Interpreter 
[4.611s] -- Configuring done
[4.622s] -- Generating done
[4.625s] -- Build files have been written to: /home/jaeho/project_ws/build/dsr_common2
[4.633s] Invoked command in '/home/jaeho/project_ws/build/dsr_common2' returned '0': CMAKE_PREFIX_PATH=${CMAKE_PREFIX_PATH}:/opt/ros/humble /usr/bin/cmake /home/jaeho/project_ws/src/dsr_common2 -DCMAKE_BUILD_TYPE=Release -DCMAKE_INSTALL_PREFIX=/home/jaeho/project_ws/install/dsr_common2
[4.636s] Invoking command in '/home/jaeho/project_ws/build/dsr_common2': CMAKE_PREFIX_PATH=${CMAKE_PREFIX_PATH}:/opt/ros/humble /usr/bin/cmake --build /home/jaeho/project_ws/build/dsr_common2 -- -j8 -l8
[4.702s] Invoked command in '/home/jaeho/project_ws/build/dsr_common2' returned '0': CMAKE_PREFIX_PATH=${CMAKE_PREFIX_PATH}:/opt/ros/humble /usr/bin/cmake --build /home/jaeho/project_ws/build/dsr_common2 -- -j8 -l8
[4.705s] Invoking command in '/home/jaeho/project_ws/build/dsr_common2': CMAKE_PREFIX_PATH=${CMAKE_PREFIX_PATH}:/opt/ros/humble /usr/bin/cmake --install /home/jaeho/project_ws/build/dsr_common2
[4.717s] -- Install configuration: "Release"
[4.718s] -- Installing: /home/jaeho/project_ws/install/dsr_common2/share/ament_index/resource_index/package_run_dependencies/dsr_common2
[4.719s] -- Installing: /home/jaeho/project_ws/install/dsr_common2/share/ament_index/resource_index/parent_prefix_path/dsr_common2
[4.720s] -- Installing: /home/jaeho/project_ws/install/dsr_common2/share/dsr_common2/environment/ament_prefix_path.sh
[4.721s] -- Installing: /home/jaeho/project_ws/install/dsr_common2/share/dsr_common2/environment/ament_prefix_path.dsv
[4.721s] -- Installing: /home/jaeho/project_ws/install/dsr_common2/share/dsr_common2/environment/path.sh
[4.721s] -- Installing: /home/jaeho/project_ws/install/dsr_common2/share/dsr_common2/environment/path.dsv
[4.722s] -- Installing: /home/jaeho/project_ws/install/dsr_common2/share/dsr_common2/local_setup.bash
[4.722s] -- Installing: /home/jaeho/project_ws/install/dsr_common2/share/dsr_common2/local_setup.sh
[4.722s] -- Installing: /home/jaeho/project_ws/install/dsr_common2/share/dsr_common2/local_setup.zsh
[4.723s] -- Installing: /home/jaeho/project_ws/install/dsr_common2/share/dsr_common2/local_setup.dsv
[4.723s] -- Installing: /home/jaeho/project_ws/install/dsr_common2/share/dsr_common2/package.dsv
[4.723s] -- Installing: /home/jaeho/project_ws/install/dsr_common2/share/ament_index/resource_index/packages/dsr_common2
[4.724s] -- Installing: /home/jaeho/project_ws/install/dsr_common2/share/dsr_common2/cmake/dsr_common2Config.cmake
[4.725s] -- Installing: /home/jaeho/project_ws/install/dsr_common2/share/dsr_common2/cmake/dsr_common2Config-version.cmake
[4.725s] -- Installing: /home/jaeho/project_ws/install/dsr_common2/share/dsr_common2/package.xml
[4.725s] -- Installing: /home/jaeho/project_ws/install/dsr_common2/share/dsr_common2/bin
[4.726s] -- Installing: /home/jaeho/project_ws/install/dsr_common2/share/dsr_common2/bin/run_drcf.sh
[4.726s] -- Installing: /home/jaeho/project_ws/install/dsr_common2/share/dsr_common2/bin/common2
[4.726s] -- Installing: /home/jaeho/project_ws/install/dsr_common2/lib/dsr_common2/imp
[4.728s] -- Installing: /home/jaeho/project_ws/install/dsr_common2/lib/dsr_common2/imp/DR_tcp_client2.py
[4.729s] -- Installing: /home/jaeho/project_ws/install/dsr_common2/lib/dsr_common2/imp/DR_common2.py
[4.732s] -- Installing: /home/jaeho/project_ws/install/dsr_common2/lib/dsr_common2/imp/DSR_util2.py
[4.732s] -- Installing: /home/jaeho/project_ws/install/dsr_common2/lib/dsr_common2/imp/DR_init.py
[4.733s] -- Installing: /home/jaeho/project_ws/install/dsr_common2/lib/dsr_common2/imp/__init__.py
[4.733s] -- Installing: /home/jaeho/project_ws/install/dsr_common2/lib/dsr_common2/imp/DR_tcp_server2.py
[4.734s] -- Installing: /home/jaeho/project_ws/install/dsr_common2/lib/dsr_common2/imp/DSR_ROBOT2.py
[4.743s] -- Installing: /home/jaeho/project_ws/install/dsr_common2/lib/dsr_common2/imp/DR_error2.py
[4.743s] -- Installing: /home/jaeho/project_ws/install/dsr_common2/lib/dsr_common2/imp/DRFC.py
[4.748s] Invoked command in '/home/jaeho/project_ws/build/dsr_common2' returned '0': CMAKE_PREFIX_PATH=${CMAKE_PREFIX_PATH}:/opt/ros/humble /usr/bin/cmake --install /home/jaeho/project_ws/build/dsr_common2
