[0.170s] Invoking command in '/home/jack/project_ws/build/doosan_m0609_hardware': CMAKE_PREFIX_PATH=/home/jack/project_ws/install/doosan_m0609_msgs:/opt/ros/humble /usr/bin/cmake /home/jack/project_ws/src/doosan_m0609_hardware -DDRCF_VER=2 -DCMAKE_INSTALL_PREFIX=/home/jack/project_ws/install/doosan_m0609_hardware
[0.178s] -- Found ament_cmake: 1.3.12 (/opt/ros/humble/share/ament_cmake/cmake)
[0.268s] -- Found pluginlib: 5.1.0 (/opt/ros/humble/share/pluginlib/cmake)
[2.709s] -- Found hardware_interface: 2.51.0 (/opt/ros/humble/share/hardware_interface/cmake)
[2.720s] -- Found rosidl_generator_c: 3.1.7 (/opt/ros/humble/share/rosidl_generator_c/cmake)
[2.722s] -- Found rosidl_adapter: 3.1.7 (/opt/ros/humble/share/rosidl_adapter/cmake)
[2.726s] -- Found rosidl_generator_cpp: 3.1.7 (/opt/ros/humble/share/rosidl_generator_cpp/cmake)
[2.732s] -- Using all available rosidl_typesupport_c: rosidl_typesupport_fastrtps_c;rosidl_typesupport_introspection_c
[2.739s] -- Using all available rosidl_typesupport_cpp: rosidl_typesupport_fastrtps_cpp;rosidl_typesupport_introspection_cpp
[2.846s] -- Found rmw_implementation_cmake: 6.1.2 (/opt/ros/humble/share/rmw_implementation_cmake/cmake)
[2.847s] -- Found rmw_cyclonedds_cpp: 1.3.4 (/opt/ros/humble/share/rmw_cyclonedds_cpp/cmake)
[2.863s] -- Using RMW implementation 'rmw_cyclonedds_cpp' as default
[2.895s] -- Found doosan_m0609_msgs: 1.1.0 (/home/jack/project_ws/install/doosan_m0609_msgs/share/doosan_m0609_msgs/cmake)
[2.904s] -- Found moveit_msgs: 2.2.1 (/opt/ros/humble/share/moveit_msgs/cmake)
[2.958s] -- Found controller_manager: 2.51.0 (/opt/ros/humble/share/controller_manager/cmake)
[2.983s] -- Found kdl_parser: 2.6.4 (/opt/ros/humble/share/kdl_parser/cmake)
[2.984s] -- Found eigen3_cmake_module: 0.1.1 (/opt/ros/humble/share/eigen3_cmake_module/cmake)
[2.985s] -- Ensuring Eigen3 include directory is part of orocos-kdl CMake target
[2.986s] [0mDRCF_VERSION:2[0m
[3.006s] -- Found ament_cmake_pytest: 1.3.12 (/opt/ros/humble/share/ament_cmake_pytest/cmake)
[3.056s] -- Configuring done
[3.124s] -- Generating done
[3.130s] -- Build files have been written to: /home/jack/project_ws/build/doosan_m0609_hardware
[3.141s] Invoked command in '/home/jack/project_ws/build/doosan_m0609_hardware' returned '0': CMAKE_PREFIX_PATH=/home/jack/project_ws/install/doosan_m0609_msgs:/opt/ros/humble /usr/bin/cmake /home/jack/project_ws/src/doosan_m0609_hardware -DDRCF_VER=2 -DCMAKE_INSTALL_PREFIX=/home/jack/project_ws/install/doosan_m0609_hardware
[3.142s] Invoking command in '/home/jack/project_ws/build/doosan_m0609_hardware': CMAKE_PREFIX_PATH=/home/jack/project_ws/install/doosan_m0609_msgs:/opt/ros/humble /usr/bin/cmake --build /home/jack/project_ws/build/doosan_m0609_hardware -- -j6 -l6
[3.180s] [ 50%] [32mBuilding CXX object CMakeFiles/doosan_m0609_hardware.dir/src/dsr_hw_interface2.cpp.o[0m
[4.807s] In file included from [01m[K/usr/include/boost/smart_ptr/detail/sp_thread_sleep.hpp:22[m[K,
[4.807s]                  from [01m[K/usr/include/boost/smart_ptr/detail/yield_k.hpp:23[m[K,
[4.807s]                  from [01m[K/usr/include/boost/smart_ptr/detail/spinlock_gcc_atomic.hpp:14[m[K,
[4.807s]                  from [01m[K/usr/include/boost/smart_ptr/detail/spinlock.hpp:42[m[K,
[4.807s]                  from [01m[K/usr/include/boost/smart_ptr/detail/spinlock_pool.hpp:25[m[K,
[4.807s]                  from [01m[K/usr/include/boost/smart_ptr/shared_ptr.hpp:29[m[K,
[4.807s]                  from [01m[K/usr/include/boost/shared_ptr.hpp:17[m[K,
[4.807s]                  from [01m[K/usr/include/boost/date_time/time_clock.hpp:17[m[K,
[4.807s]                  from [01m[K/usr/include/boost/thread/thread_time.hpp:9[m[K,
[4.807s]                  from [01m[K/usr/include/boost/thread/lock_types.hpp:18[m[K,
[4.807s]                  from [01m[K/usr/include/boost/thread/pthread/thread_data.hpp:12[m[K,
[4.807s]                  from [01m[K/usr/include/boost/thread/thread_only.hpp:17[m[K,
[4.807s]                  from [01m[K/usr/include/boost/thread/thread.hpp:12[m[K,
[4.807s]                  from [01m[K/home/jack/project_ws/src/doosan_m0609_hardware/src/dsr_hw_interface2.cpp:8[m[K:
[4.807s] [01m[K/usr/include/boost/bind.hpp:36:1:[m[K [01;36m[Knote: [m[K‘[01m[K#pragma message: The practice of declaring the Bind placeholders (_1, _2, ...) in the global namespace is deprecated. Please use <boost/bind/bind.hpp> + using namespace boost::placeholders, or define BOOST_BIND_GLOBAL_PLACEHOLDERS to retain the current behavior.[m[K’
[4.807s]    36 | [01;36m[KBOOST_PRAGMA_MESSAGE[m[K(
[4.807s]       | [01;36m[K^~~~~~~~~~~~~~~~~~~~[m[K
[8.084s] [100%] [32m[1mLinking CXX shared library libdoosan_m0609_hardware.so[0m
[8.602s] [100%] Built target doosan_m0609_hardware
[8.611s] Invoked command in '/home/jack/project_ws/build/doosan_m0609_hardware' returned '0': CMAKE_PREFIX_PATH=/home/jack/project_ws/install/doosan_m0609_msgs:/opt/ros/humble /usr/bin/cmake --build /home/jack/project_ws/build/doosan_m0609_hardware -- -j6 -l6
[8.618s] Invoking command in '/home/jack/project_ws/build/doosan_m0609_hardware': CMAKE_PREFIX_PATH=/home/jack/project_ws/install/doosan_m0609_msgs:/opt/ros/humble /usr/bin/cmake --install /home/jack/project_ws/build/doosan_m0609_hardware
[8.623s] -- Install configuration: ""
[8.623s] -- Installing: /home/jack/project_ws/install/doosan_m0609_hardware/share/doosan_m0609_hardware/doosan_m0609_hardware.xml
[8.623s] -- Up-to-date: /home/jack/project_ws/install/doosan_m0609_hardware/share/doosan_m0609_hardware/doosan_m0609_hardware.xml
[8.623s] -- Installing: /home/jack/project_ws/install/doosan_m0609_hardware/include/doosan_m0609_hardware
[8.624s] -- Installing: /home/jack/project_ws/install/doosan_m0609_hardware/include/doosan_m0609_hardware/dsr_hardware2
[8.624s] -- Installing: /home/jack/project_ws/install/doosan_m0609_hardware/include/doosan_m0609_hardware/dsr_hardware2/util.hpp
[8.624s] -- Installing: /home/jack/project_ws/install/doosan_m0609_hardware/include/doosan_m0609_hardware/dsr_hardware2/dsr_hw_interface2.h
[8.624s] -- Installing: /home/jack/project_ws/install/doosan_m0609_hardware/lib/libdoosan_m0609_hardware.so
[8.626s] -- Set runtime path of "/home/jack/project_ws/install/doosan_m0609_hardware/lib/libdoosan_m0609_hardware.so" to ""
[8.627s] -- Installing: /home/jack/project_ws/install/doosan_m0609_hardware/share/doosan_m0609_hardware/environment/library_path.sh
[8.627s] -- Installing: /home/jack/project_ws/install/doosan_m0609_hardware/share/doosan_m0609_hardware/environment/library_path.dsv
[8.627s] -- Installing: /home/jack/project_ws/install/doosan_m0609_hardware/share/ament_index/resource_index/package_run_dependencies/doosan_m0609_hardware
[8.627s] -- Installing: /home/jack/project_ws/install/doosan_m0609_hardware/share/ament_index/resource_index/parent_prefix_path/doosan_m0609_hardware
[8.628s] -- Installing: /home/jack/project_ws/install/doosan_m0609_hardware/share/doosan_m0609_hardware/environment/ament_prefix_path.sh
[8.628s] -- Installing: /home/jack/project_ws/install/doosan_m0609_hardware/share/doosan_m0609_hardware/environment/ament_prefix_path.dsv
[8.628s] -- Installing: /home/jack/project_ws/install/doosan_m0609_hardware/share/doosan_m0609_hardware/environment/path.sh
[8.628s] -- Installing: /home/jack/project_ws/install/doosan_m0609_hardware/share/doosan_m0609_hardware/environment/path.dsv
[8.628s] -- Installing: /home/jack/project_ws/install/doosan_m0609_hardware/share/doosan_m0609_hardware/local_setup.bash
[8.628s] -- Installing: /home/jack/project_ws/install/doosan_m0609_hardware/share/doosan_m0609_hardware/local_setup.sh
[8.629s] -- Installing: /home/jack/project_ws/install/doosan_m0609_hardware/share/doosan_m0609_hardware/local_setup.zsh
[8.629s] -- Installing: /home/jack/project_ws/install/doosan_m0609_hardware/share/doosan_m0609_hardware/local_setup.dsv
[8.629s] -- Installing: /home/jack/project_ws/install/doosan_m0609_hardware/share/doosan_m0609_hardware/package.dsv
[8.629s] -- Installing: /home/jack/project_ws/install/doosan_m0609_hardware/share/ament_index/resource_index/packages/doosan_m0609_hardware
[8.630s] -- Installing: /home/jack/project_ws/install/doosan_m0609_hardware/share/ament_index/resource_index/hardware_interface__pluginlib__plugin/doosan_m0609_hardware
[8.630s] -- Installing: /home/jack/project_ws/install/doosan_m0609_hardware/share/ament_index/resource_index/controller_interface__pluginlib__plugin/doosan_m0609_hardware
[8.631s] -- Installing: /home/jack/project_ws/install/doosan_m0609_hardware/share/doosan_m0609_hardware/cmake/export_doosan_m0609_hardwareExport.cmake
[8.631s] -- Installing: /home/jack/project_ws/install/doosan_m0609_hardware/share/doosan_m0609_hardware/cmake/export_doosan_m0609_hardwareExport-noconfig.cmake
[8.631s] -- Installing: /home/jack/project_ws/install/doosan_m0609_hardware/share/doosan_m0609_hardware/cmake/ament_cmake_export_targets-extras.cmake
[8.631s] -- Installing: /home/jack/project_ws/install/doosan_m0609_hardware/share/doosan_m0609_hardware/cmake/ament_cmake_export_dependencies-extras.cmake
[8.631s] -- Installing: /home/jack/project_ws/install/doosan_m0609_hardware/share/doosan_m0609_hardware/cmake/doosan_m0609_hardwareConfig.cmake
[8.631s] -- Installing: /home/jack/project_ws/install/doosan_m0609_hardware/share/doosan_m0609_hardware/cmake/doosan_m0609_hardwareConfig-version.cmake
[8.631s] -- Installing: /home/jack/project_ws/install/doosan_m0609_hardware/share/doosan_m0609_hardware/package.xml
[8.633s] Invoked command in '/home/jack/project_ws/build/doosan_m0609_hardware' returned '0': CMAKE_PREFIX_PATH=/home/jack/project_ws/install/doosan_m0609_msgs:/opt/ros/humble /usr/bin/cmake --install /home/jack/project_ws/build/doosan_m0609_hardware
