[-14.533s] DEBUG:colcon:Command line arguments: ['/usr/bin/colcon', 'build', '--packages-select', 'sugar_water_experiment']
[-14.533s] DEBUG:colcon:Parsed command line arguments: Namespace(log_base=None, log_level=None, verb_name='build', build_base='build', install_base='install', merge_install=False, symlink_install=False, test_result_base=None, continue_on_error=False, executor='parallel', parallel_workers=6, event_handlers=None, ignore_user_meta=False, metas=['./colcon.meta'], base_paths=['.'], packages_ignore=None, packages_ignore_regex=None, paths=None, packages_up_to=None, packages_up_to_regex=None, packages_above=None, packages_above_and_dependencies=None, packages_above_depth=None, packages_select_by_dep=None, packages_skip_by_dep=None, packages_skip_up_to=None, packages_select_build_failed=False, packages_skip_build_finished=False, packages_select_test_failures=False, packages_skip_test_passed=False, packages_select=['sugar_water_experiment'], packages_skip=None, packages_select_regex=None, packages_skip_regex=None, packages_start=None, packages_end=None, allow_overriding=[], cmake_args=None, cmake_target=None, cmake_target_skip_unavailable=False, cmake_clean_cache=False, cmake_clean_first=False, cmake_force_configure=False, ament_cmake_args=None, catkin_cmake_args=None, catkin_skip_building_tests=False, verb_parser=<colcon_defaults.argument_parser.defaults.DefaultArgumentsDecorator object at 0x7fa0d055c850>, verb_extension=<colcon_core.verb.build.BuildVerb object at 0x7fa0d04dece0>, main=<bound method BuildVerb.main of <colcon_core.verb.build.BuildVerb object at 0x7fa0d04dece0>>)
[-14.386s] Level 1:colcon.colcon_core.package_discovery:discover_packages(colcon_meta) check parameters
[-14.386s] Level 1:colcon.colcon_core.package_discovery:discover_packages(recursive) check parameters
[-14.386s] Level 1:colcon.colcon_core.package_discovery:discover_packages(ignore) check parameters
[-14.386s] Level 1:colcon.colcon_core.package_discovery:discover_packages(path) check parameters
[-14.386s] Level 1:colcon.colcon_core.package_discovery:discover_packages(colcon_meta) discover
[-14.386s] Level 1:colcon.colcon_core.package_discovery:discover_packages(recursive) discover
[-14.386s] INFO:colcon.colcon_core.package_discovery:Crawling recursively for packages in '/home/jack/project_ws'
[-14.386s] Level 1:colcon.colcon_core.package_identification:_identify(.) by extensions ['ignore', 'ignore_ament_install']
[-14.385s] Level 1:colcon.colcon_core.package_identification:_identify(.) by extension 'ignore'
[-14.385s] Level 1:colcon.colcon_core.package_identification:_identify(.) by extension 'ignore_ament_install'
[-14.385s] Level 1:colcon.colcon_core.package_identification:_identify(.) by extensions ['colcon_pkg']
[-14.385s] Level 1:colcon.colcon_core.package_identification:_identify(.) by extension 'colcon_pkg'
[-14.385s] Level 1:colcon.colcon_core.package_identification:_identify(.) by extensions ['colcon_meta']
[-14.385s] Level 1:colcon.colcon_core.package_identification:_identify(.) by extension 'colcon_meta'
[-14.385s] Level 1:colcon.colcon_core.package_identification:_identify(.) by extensions ['ros']
[-14.385s] Level 1:colcon.colcon_core.package_identification:_identify(.) by extension 'ros'
[-14.378s] Level 1:colcon.colcon_core.package_identification:_identify(.) by extensions ['cmake', 'python']
[-14.378s] Level 1:colcon.colcon_core.package_identification:_identify(.) by extension 'cmake'
[-14.378s] Level 1:colcon.colcon_core.package_identification:_identify(.) by extension 'python'
[-14.378s] Level 1:colcon.colcon_core.package_identification:_identify(.) by extensions ['python_setup_py']
[-14.378s] Level 1:colcon.colcon_core.package_identification:_identify(.) by extension 'python_setup_py'
[-14.378s] Level 1:colcon.colcon_core.package_identification:_identify(build) by extensions ['ignore', 'ignore_ament_install']
[-14.378s] Level 1:colcon.colcon_core.package_identification:_identify(build) by extension 'ignore'
[-14.378s] Level 1:colcon.colcon_core.package_identification:_identify(build) ignored
[-14.378s] Level 1:colcon.colcon_core.package_identification:_identify(development) by extensions ['ignore', 'ignore_ament_install']
[-14.378s] Level 1:colcon.colcon_core.package_identification:_identify(development) by extension 'ignore'
[-14.378s] Level 1:colcon.colcon_core.package_identification:_identify(development) by extension 'ignore_ament_install'
[-14.378s] Level 1:colcon.colcon_core.package_identification:_identify(development) by extensions ['colcon_pkg']
[-14.378s] Level 1:colcon.colcon_core.package_identification:_identify(development) by extension 'colcon_pkg'
[-14.378s] Level 1:colcon.colcon_core.package_identification:_identify(development) by extensions ['colcon_meta']
[-14.378s] Level 1:colcon.colcon_core.package_identification:_identify(development) by extension 'colcon_meta'
[-14.377s] Level 1:colcon.colcon_core.package_identification:_identify(development) by extensions ['ros']
[-14.377s] Level 1:colcon.colcon_core.package_identification:_identify(development) by extension 'ros'
[-14.377s] Level 1:colcon.colcon_core.package_identification:_identify(development) by extensions ['cmake', 'python']
[-14.377s] Level 1:colcon.colcon_core.package_identification:_identify(development) by extension 'cmake'
[-14.377s] Level 1:colcon.colcon_core.package_identification:_identify(development) by extension 'python'
[-14.377s] Level 1:colcon.colcon_core.package_identification:_identify(development) by extensions ['python_setup_py']
[-14.377s] Level 1:colcon.colcon_core.package_identification:_identify(development) by extension 'python_setup_py'
[-14.377s] Level 1:colcon.colcon_core.package_identification:_identify(development/scripts) by extensions ['ignore', 'ignore_ament_install']
[-14.377s] Level 1:colcon.colcon_core.package_identification:_identify(development/scripts) by extension 'ignore'
[-14.377s] Level 1:colcon.colcon_core.package_identification:_identify(development/scripts) by extension 'ignore_ament_install'
[-14.377s] Level 1:colcon.colcon_core.package_identification:_identify(development/scripts) by extensions ['colcon_pkg']
[-14.377s] Level 1:colcon.colcon_core.package_identification:_identify(development/scripts) by extension 'colcon_pkg'
[-14.377s] Level 1:colcon.colcon_core.package_identification:_identify(development/scripts) by extensions ['colcon_meta']
[-14.377s] Level 1:colcon.colcon_core.package_identification:_identify(development/scripts) by extension 'colcon_meta'
[-14.377s] Level 1:colcon.colcon_core.package_identification:_identify(development/scripts) by extensions ['ros']
[-14.377s] Level 1:colcon.colcon_core.package_identification:_identify(development/scripts) by extension 'ros'
[-14.377s] Level 1:colcon.colcon_core.package_identification:_identify(development/scripts) by extensions ['cmake', 'python']
[-14.377s] Level 1:colcon.colcon_core.package_identification:_identify(development/scripts) by extension 'cmake'
[-14.377s] Level 1:colcon.colcon_core.package_identification:_identify(development/scripts) by extension 'python'
[-14.377s] Level 1:colcon.colcon_core.package_identification:_identify(development/scripts) by extensions ['python_setup_py']
[-14.377s] Level 1:colcon.colcon_core.package_identification:_identify(development/scripts) by extension 'python_setup_py'
[-14.376s] Level 1:colcon.colcon_core.package_identification:_identify(install) by extensions ['ignore', 'ignore_ament_install']
[-14.376s] Level 1:colcon.colcon_core.package_identification:_identify(install) by extension 'ignore'
[-14.376s] Level 1:colcon.colcon_core.package_identification:_identify(install) ignored
[-14.376s] Level 1:colcon.colcon_core.package_identification:_identify(log) by extensions ['ignore', 'ignore_ament_install']
[-14.376s] Level 1:colcon.colcon_core.package_identification:_identify(log) by extension 'ignore'
[-14.376s] Level 1:colcon.colcon_core.package_identification:_identify(log) ignored
[-14.376s] Level 1:colcon.colcon_core.package_identification:_identify(src) by extensions ['ignore', 'ignore_ament_install']
[-14.376s] Level 1:colcon.colcon_core.package_identification:_identify(src) by extension 'ignore'
[-14.376s] Level 1:colcon.colcon_core.package_identification:_identify(src) by extension 'ignore_ament_install'
[-14.376s] Level 1:colcon.colcon_core.package_identification:_identify(src) by extensions ['colcon_pkg']
[-14.376s] Level 1:colcon.colcon_core.package_identification:_identify(src) by extension 'colcon_pkg'
[-14.376s] Level 1:colcon.colcon_core.package_identification:_identify(src) by extensions ['colcon_meta']
[-14.376s] Level 1:colcon.colcon_core.package_identification:_identify(src) by extension 'colcon_meta'
[-14.376s] Level 1:colcon.colcon_core.package_identification:_identify(src) by extensions ['ros']
[-14.376s] Level 1:colcon.colcon_core.package_identification:_identify(src) by extension 'ros'
[-14.376s] Level 1:colcon.colcon_core.package_identification:_identify(src) by extensions ['cmake', 'python']
[-14.376s] Level 1:colcon.colcon_core.package_identification:_identify(src) by extension 'cmake'
[-14.376s] Level 1:colcon.colcon_core.package_identification:_identify(src) by extension 'python'
[-14.376s] Level 1:colcon.colcon_core.package_identification:_identify(src) by extensions ['python_setup_py']
[-14.375s] Level 1:colcon.colcon_core.package_identification:_identify(src) by extension 'python_setup_py'
[-14.375s] Level 1:colcon.colcon_core.package_identification:_identify(src/arduino_loadcell_interface) by extensions ['ignore', 'ignore_ament_install']
[-14.375s] Level 1:colcon.colcon_core.package_identification:_identify(src/arduino_loadcell_interface) by extension 'ignore'
[-14.375s] Level 1:colcon.colcon_core.package_identification:_identify(src/arduino_loadcell_interface) by extension 'ignore_ament_install'
[-14.375s] Level 1:colcon.colcon_core.package_identification:_identify(src/arduino_loadcell_interface) by extensions ['colcon_pkg']
[-14.375s] Level 1:colcon.colcon_core.package_identification:_identify(src/arduino_loadcell_interface) by extension 'colcon_pkg'
[-14.375s] Level 1:colcon.colcon_core.package_identification:_identify(src/arduino_loadcell_interface) by extensions ['colcon_meta']
[-14.375s] Level 1:colcon.colcon_core.package_identification:_identify(src/arduino_loadcell_interface) by extension 'colcon_meta'
[-14.375s] Level 1:colcon.colcon_core.package_identification:_identify(src/arduino_loadcell_interface) by extensions ['ros']
[-14.375s] Level 1:colcon.colcon_core.package_identification:_identify(src/arduino_loadcell_interface) by extension 'ros'
[-14.374s] DEBUG:colcon.colcon_core.package_identification:Package 'src/arduino_loadcell_interface' with type 'ros.ament_python' and name 'arduino_loadcell_interface'
[-14.373s] Level 1:colcon.colcon_core.package_identification:_identify(src/chemistry_experiment_manager) by extensions ['ignore', 'ignore_ament_install']
[-14.373s] Level 1:colcon.colcon_core.package_identification:_identify(src/chemistry_experiment_manager) by extension 'ignore'
[-14.373s] Level 1:colcon.colcon_core.package_identification:_identify(src/chemistry_experiment_manager) by extension 'ignore_ament_install'
[-14.373s] Level 1:colcon.colcon_core.package_identification:_identify(src/chemistry_experiment_manager) by extensions ['colcon_pkg']
[-14.373s] Level 1:colcon.colcon_core.package_identification:_identify(src/chemistry_experiment_manager) by extension 'colcon_pkg'
[-14.373s] Level 1:colcon.colcon_core.package_identification:_identify(src/chemistry_experiment_manager) by extensions ['colcon_meta']
[-14.373s] Level 1:colcon.colcon_core.package_identification:_identify(src/chemistry_experiment_manager) by extension 'colcon_meta'
[-14.373s] Level 1:colcon.colcon_core.package_identification:_identify(src/chemistry_experiment_manager) by extensions ['ros']
[-14.373s] Level 1:colcon.colcon_core.package_identification:_identify(src/chemistry_experiment_manager) by extension 'ros'
[-14.373s] DEBUG:colcon.colcon_core.package_identification:Package 'src/chemistry_experiment_manager' with type 'ros.ament_python' and name 'chemistry_experiment_manager'
[-14.373s] Level 1:colcon.colcon_core.package_identification:_identify(src/doosan_m0609_bringup) by extensions ['ignore', 'ignore_ament_install']
[-14.372s] Level 1:colcon.colcon_core.package_identification:_identify(src/doosan_m0609_bringup) by extension 'ignore'
[-14.372s] Level 1:colcon.colcon_core.package_identification:_identify(src/doosan_m0609_bringup) by extension 'ignore_ament_install'
[-14.372s] Level 1:colcon.colcon_core.package_identification:_identify(src/doosan_m0609_bringup) by extensions ['colcon_pkg']
[-14.372s] Level 1:colcon.colcon_core.package_identification:_identify(src/doosan_m0609_bringup) by extension 'colcon_pkg'
[-14.372s] Level 1:colcon.colcon_core.package_identification:_identify(src/doosan_m0609_bringup) by extensions ['colcon_meta']
[-14.372s] Level 1:colcon.colcon_core.package_identification:_identify(src/doosan_m0609_bringup) by extension 'colcon_meta'
[-14.372s] Level 1:colcon.colcon_core.package_identification:_identify(src/doosan_m0609_bringup) by extensions ['ros']
[-14.372s] Level 1:colcon.colcon_core.package_identification:_identify(src/doosan_m0609_bringup) by extension 'ros'
[-14.372s] DEBUG:colcon.colcon_core.package_identification:Package 'src/doosan_m0609_bringup' with type 'ros.ament_python' and name 'doosan_m0609_bringup'
[-14.372s] Level 1:colcon.colcon_core.package_identification:_identify(src/doosan_m0609_controller) by extensions ['ignore', 'ignore_ament_install']
[-14.372s] Level 1:colcon.colcon_core.package_identification:_identify(src/doosan_m0609_controller) by extension 'ignore'
[-14.372s] Level 1:colcon.colcon_core.package_identification:_identify(src/doosan_m0609_controller) by extension 'ignore_ament_install'
[-14.372s] Level 1:colcon.colcon_core.package_identification:_identify(src/doosan_m0609_controller) by extensions ['colcon_pkg']
[-14.372s] Level 1:colcon.colcon_core.package_identification:_identify(src/doosan_m0609_controller) by extension 'colcon_pkg'
[-14.372s] Level 1:colcon.colcon_core.package_identification:_identify(src/doosan_m0609_controller) by extensions ['colcon_meta']
[-14.371s] Level 1:colcon.colcon_core.package_identification:_identify(src/doosan_m0609_controller) by extension 'colcon_meta'
[-14.371s] Level 1:colcon.colcon_core.package_identification:_identify(src/doosan_m0609_controller) by extensions ['ros']
[-14.371s] Level 1:colcon.colcon_core.package_identification:_identify(src/doosan_m0609_controller) by extension 'ros'
[-14.370s] DEBUG:colcon.colcon_core.package_identification:Package 'src/doosan_m0609_controller' with type 'ros.ament_cmake' and name 'doosan_m0609_controller'
[-14.370s] Level 1:colcon.colcon_core.package_identification:_identify(src/doosan_m0609_description) by extensions ['ignore', 'ignore_ament_install']
[-14.370s] Level 1:colcon.colcon_core.package_identification:_identify(src/doosan_m0609_description) by extension 'ignore'
[-14.370s] Level 1:colcon.colcon_core.package_identification:_identify(src/doosan_m0609_description) by extension 'ignore_ament_install'
[-14.370s] Level 1:colcon.colcon_core.package_identification:_identify(src/doosan_m0609_description) by extensions ['colcon_pkg']
[-14.370s] Level 1:colcon.colcon_core.package_identification:_identify(src/doosan_m0609_description) by extension 'colcon_pkg'
[-14.370s] Level 1:colcon.colcon_core.package_identification:_identify(src/doosan_m0609_description) by extensions ['colcon_meta']
[-14.370s] Level 1:colcon.colcon_core.package_identification:_identify(src/doosan_m0609_description) by extension 'colcon_meta'
[-14.370s] Level 1:colcon.colcon_core.package_identification:_identify(src/doosan_m0609_description) by extensions ['ros']
[-14.370s] Level 1:colcon.colcon_core.package_identification:_identify(src/doosan_m0609_description) by extension 'ros'
[-14.370s] DEBUG:colcon.colcon_core.package_identification:Package 'src/doosan_m0609_description' with type 'ros.ament_cmake' and name 'doosan_m0609_description'
[-14.369s] Level 1:colcon.colcon_core.package_identification:_identify(src/doosan_m0609_hardware) by extensions ['ignore', 'ignore_ament_install']
[-14.369s] Level 1:colcon.colcon_core.package_identification:_identify(src/doosan_m0609_hardware) by extension 'ignore'
[-14.369s] Level 1:colcon.colcon_core.package_identification:_identify(src/doosan_m0609_hardware) by extension 'ignore_ament_install'
[-14.369s] Level 1:colcon.colcon_core.package_identification:_identify(src/doosan_m0609_hardware) by extensions ['colcon_pkg']
[-14.369s] Level 1:colcon.colcon_core.package_identification:_identify(src/doosan_m0609_hardware) by extension 'colcon_pkg'
[-14.369s] Level 1:colcon.colcon_core.package_identification:_identify(src/doosan_m0609_hardware) by extensions ['colcon_meta']
[-14.369s] Level 1:colcon.colcon_core.package_identification:_identify(src/doosan_m0609_hardware) by extension 'colcon_meta'
[-14.369s] Level 1:colcon.colcon_core.package_identification:_identify(src/doosan_m0609_hardware) by extensions ['ros']
[-14.369s] Level 1:colcon.colcon_core.package_identification:_identify(src/doosan_m0609_hardware) by extension 'ros'
[-14.368s] DEBUG:colcon.colcon_core.package_identification:Package 'src/doosan_m0609_hardware' with type 'ros.ament_cmake' and name 'doosan_m0609_hardware'
[-14.368s] Level 1:colcon.colcon_core.package_identification:_identify(src/doosan_m0609_msgs) by extensions ['ignore', 'ignore_ament_install']
[-14.368s] Level 1:colcon.colcon_core.package_identification:_identify(src/doosan_m0609_msgs) by extension 'ignore'
[-14.368s] Level 1:colcon.colcon_core.package_identification:_identify(src/doosan_m0609_msgs) by extension 'ignore_ament_install'
[-14.368s] Level 1:colcon.colcon_core.package_identification:_identify(src/doosan_m0609_msgs) by extensions ['colcon_pkg']
[-14.368s] Level 1:colcon.colcon_core.package_identification:_identify(src/doosan_m0609_msgs) by extension 'colcon_pkg'
[-14.368s] Level 1:colcon.colcon_core.package_identification:_identify(src/doosan_m0609_msgs) by extensions ['colcon_meta']
[-14.367s] Level 1:colcon.colcon_core.package_identification:_identify(src/doosan_m0609_msgs) by extension 'colcon_meta'
[-14.367s] Level 1:colcon.colcon_core.package_identification:_identify(src/doosan_m0609_msgs) by extensions ['ros']
[-14.367s] Level 1:colcon.colcon_core.package_identification:_identify(src/doosan_m0609_msgs) by extension 'ros'
[-14.367s] DEBUG:colcon.colcon_core.package_identification:Package 'src/doosan_m0609_msgs' with type 'ros.ament_cmake' and name 'doosan_m0609_msgs'
[-14.367s] Level 1:colcon.colcon_core.package_identification:_identify(src/dsr_common2) by extensions ['ignore', 'ignore_ament_install']
[-14.367s] Level 1:colcon.colcon_core.package_identification:_identify(src/dsr_common2) by extension 'ignore'
[-14.367s] Level 1:colcon.colcon_core.package_identification:_identify(src/dsr_common2) by extension 'ignore_ament_install'
[-14.367s] Level 1:colcon.colcon_core.package_identification:_identify(src/dsr_common2) by extensions ['colcon_pkg']
[-14.367s] Level 1:colcon.colcon_core.package_identification:_identify(src/dsr_common2) by extension 'colcon_pkg'
[-14.367s] Level 1:colcon.colcon_core.package_identification:_identify(src/dsr_common2) by extensions ['colcon_meta']
[-14.367s] Level 1:colcon.colcon_core.package_identification:_identify(src/dsr_common2) by extension 'colcon_meta'
[-14.367s] Level 1:colcon.colcon_core.package_identification:_identify(src/dsr_common2) by extensions ['ros']
[-14.366s] Level 1:colcon.colcon_core.package_identification:_identify(src/dsr_common2) by extension 'ros'
[-14.366s] DEBUG:colcon.colcon_core.package_identification:Package 'src/dsr_common2' with type 'ros.ament_cmake' and name 'dsr_common2'
[-14.366s] Level 1:colcon.colcon_core.package_identification:_identify(src/precision_liquid_pouring) by extensions ['ignore', 'ignore_ament_install']
[-14.366s] Level 1:colcon.colcon_core.package_identification:_identify(src/precision_liquid_pouring) by extension 'ignore'
[-14.366s] Level 1:colcon.colcon_core.package_identification:_identify(src/precision_liquid_pouring) by extension 'ignore_ament_install'
[-14.366s] Level 1:colcon.colcon_core.package_identification:_identify(src/precision_liquid_pouring) by extensions ['colcon_pkg']
[-14.366s] Level 1:colcon.colcon_core.package_identification:_identify(src/precision_liquid_pouring) by extension 'colcon_pkg'
[-14.366s] Level 1:colcon.colcon_core.package_identification:_identify(src/precision_liquid_pouring) by extensions ['colcon_meta']
[-14.366s] Level 1:colcon.colcon_core.package_identification:_identify(src/precision_liquid_pouring) by extension 'colcon_meta'
[-14.366s] Level 1:colcon.colcon_core.package_identification:_identify(src/precision_liquid_pouring) by extensions ['ros']
[-14.366s] Level 1:colcon.colcon_core.package_identification:_identify(src/precision_liquid_pouring) by extension 'ros'
[-14.365s] DEBUG:colcon.colcon_core.package_identification:Package 'src/precision_liquid_pouring' with type 'ros.ament_python' and name 'precision_liquid_pouring'
[-14.365s] Level 1:colcon.colcon_core.package_identification:_identify(src/sugar_water_experiment) by extensions ['ignore', 'ignore_ament_install']
[-14.365s] Level 1:colcon.colcon_core.package_identification:_identify(src/sugar_water_experiment) by extension 'ignore'
[-14.365s] Level 1:colcon.colcon_core.package_identification:_identify(src/sugar_water_experiment) by extension 'ignore_ament_install'
[-14.365s] Level 1:colcon.colcon_core.package_identification:_identify(src/sugar_water_experiment) by extensions ['colcon_pkg']
[-14.365s] Level 1:colcon.colcon_core.package_identification:_identify(src/sugar_water_experiment) by extension 'colcon_pkg'
[-14.365s] Level 1:colcon.colcon_core.package_identification:_identify(src/sugar_water_experiment) by extensions ['colcon_meta']
[-14.365s] Level 1:colcon.colcon_core.package_identification:_identify(src/sugar_water_experiment) by extension 'colcon_meta'
[-14.365s] Level 1:colcon.colcon_core.package_identification:_identify(src/sugar_water_experiment) by extensions ['ros']
[-14.365s] Level 1:colcon.colcon_core.package_identification:_identify(src/sugar_water_experiment) by extension 'ros'
[-14.364s] DEBUG:colcon.colcon_core.package_identification:Package 'src/sugar_water_experiment' with type 'ros.ament_cmake' and name 'sugar_water_experiment'
[-14.364s] Level 1:colcon.colcon_core.package_discovery:discover_packages(recursive) using defaults
[-14.364s] Level 1:colcon.colcon_core.package_discovery:discover_packages(ignore) discover
[-14.364s] Level 1:colcon.colcon_core.package_discovery:discover_packages(ignore) using defaults
[-14.364s] Level 1:colcon.colcon_core.package_discovery:discover_packages(path) discover
[-14.364s] Level 1:colcon.colcon_core.package_discovery:discover_packages(path) using defaults
[-14.352s] INFO:colcon.colcon_core.package_selection:Skipping not selected package 'arduino_loadcell_interface' in 'src/arduino_loadcell_interface'
[-14.352s] INFO:colcon.colcon_core.package_selection:Skipping not selected package 'chemistry_experiment_manager' in 'src/chemistry_experiment_manager'
[-14.352s] INFO:colcon.colcon_core.package_selection:Skipping not selected package 'doosan_m0609_description' in 'src/doosan_m0609_description'
[-14.352s] INFO:colcon.colcon_core.package_selection:Skipping not selected package 'doosan_m0609_msgs' in 'src/doosan_m0609_msgs'
[-14.352s] INFO:colcon.colcon_core.package_selection:Skipping not selected package 'dsr_common2' in 'src/dsr_common2'
[-14.352s] INFO:colcon.colcon_core.package_selection:Skipping not selected package 'precision_liquid_pouring' in 'src/precision_liquid_pouring'
[-14.352s] INFO:colcon.colcon_core.package_selection:Skipping not selected package 'doosan_m0609_bringup' in 'src/doosan_m0609_bringup'
[-14.352s] INFO:colcon.colcon_core.package_selection:Skipping not selected package 'doosan_m0609_hardware' in 'src/doosan_m0609_hardware'
[-14.352s] INFO:colcon.colcon_core.package_selection:Skipping not selected package 'doosan_m0609_controller' in 'src/doosan_m0609_controller'
[-14.351s] Level 1:colcon.colcon_core.package_discovery:discover_packages(prefix_path) check parameters
[-14.351s] Level 1:colcon.colcon_core.package_discovery:discover_packages(prefix_path) discover
[-14.350s] DEBUG:colcon.colcon_installed_package_information.package_discovery:Found 3 installed packages in /home/jack/project_ws/install
[-14.349s] DEBUG:colcon.colcon_installed_package_information.package_discovery:Found 381 installed packages in /opt/ros/humble
[-14.348s] Level 1:colcon.colcon_core.package_discovery:discover_packages(prefix_path) using defaults
[-14.317s] Level 5:colcon.colcon_core.verb:set package 'sugar_water_experiment' build argument 'cmake_args' from command line to 'None'
[-14.317s] Level 5:colcon.colcon_core.verb:set package 'sugar_water_experiment' build argument 'cmake_target' from command line to 'None'
[-14.317s] Level 5:colcon.colcon_core.verb:set package 'sugar_water_experiment' build argument 'cmake_target_skip_unavailable' from command line to 'False'
[-14.317s] Level 5:colcon.colcon_core.verb:set package 'sugar_water_experiment' build argument 'cmake_clean_cache' from command line to 'False'
[-14.317s] Level 5:colcon.colcon_core.verb:set package 'sugar_water_experiment' build argument 'cmake_clean_first' from command line to 'False'
[-14.317s] Level 5:colcon.colcon_core.verb:set package 'sugar_water_experiment' build argument 'cmake_force_configure' from command line to 'False'
[-14.317s] Level 5:colcon.colcon_core.verb:set package 'sugar_water_experiment' build argument 'ament_cmake_args' from command line to 'None'
[-14.317s] Level 5:colcon.colcon_core.verb:set package 'sugar_water_experiment' build argument 'catkin_cmake_args' from command line to 'None'
[-14.317s] Level 5:colcon.colcon_core.verb:set package 'sugar_water_experiment' build argument 'catkin_skip_building_tests' from command line to 'False'
[-14.317s] DEBUG:colcon.colcon_core.verb:Building package 'sugar_water_experiment' with the following arguments: {'ament_cmake_args': None, 'build_base': '/home/jack/project_ws/build/sugar_water_experiment', 'catkin_cmake_args': None, 'catkin_skip_building_tests': False, 'cmake_args': None, 'cmake_clean_cache': False, 'cmake_clean_first': False, 'cmake_force_configure': False, 'cmake_target': None, 'cmake_target_skip_unavailable': False, 'install_base': '/home/jack/project_ws/install/sugar_water_experiment', 'merge_install': False, 'path': '/home/jack/project_ws/src/sugar_water_experiment', 'symlink_install': False, 'test_result_base': None}
[-14.317s] INFO:colcon.colcon_core.executor:Executing jobs using 'parallel' executor
[-14.316s] DEBUG:colcon.colcon_parallel_executor.executor.parallel:run_until_complete
[-14.316s] INFO:colcon.colcon_ros.task.ament_cmake.build:Building ROS package in '/home/jack/project_ws/src/sugar_water_experiment' with build type 'ament_cmake'
[-14.316s] INFO:colcon.colcon_cmake.task.cmake.build:Building CMake package in '/home/jack/project_ws/src/sugar_water_experiment'
[-14.314s] INFO:colcon.colcon_core.plugin_system:Skipping extension 'colcon_core.shell.bat': Not used on non-Windows systems
[-14.314s] INFO:colcon.colcon_core.shell:Skip shell extension 'powershell' for command environment: Not usable outside of PowerShell
[-14.314s] DEBUG:colcon.colcon_core.shell:Skip shell extension 'dsv' for command environment
[-14.304s] DEBUG:colcon.colcon_core.event_handler.log_command:Invoking command in '/home/jack/project_ws/build/sugar_water_experiment': /usr/bin/cmake /home/jack/project_ws/src/sugar_water_experiment -DCMAKE_INSTALL_PREFIX=/home/jack/project_ws/install/sugar_water_experiment
[-10.859s] DEBUG:colcon.colcon_core.event_handler.log_command:Invoked command in '/home/jack/project_ws/build/sugar_water_experiment' returned '0': /usr/bin/cmake /home/jack/project_ws/src/sugar_water_experiment -DCMAKE_INSTALL_PREFIX=/home/jack/project_ws/install/sugar_water_experiment
[-10.858s] DEBUG:colcon.colcon_core.event_handler.log_command:Invoking command in '/home/jack/project_ws/build/sugar_water_experiment': /usr/bin/cmake --build /home/jack/project_ws/build/sugar_water_experiment -- -j6 -l6
[-5.638s] DEBUG:colcon.colcon_core.event_handler.log_command:Invoked command in '/home/jack/project_ws/build/sugar_water_experiment' returned '2': /usr/bin/cmake --build /home/jack/project_ws/build/sugar_water_experiment -- -j6 -l6
[-5.637s] Level 1:colcon.colcon_core.environment:create_environment_scripts_only(sugar_water_experiment)
[-5.635s] Level 1:colcon.colcon_core.environment:checking '/home/jack/project_ws/install/sugar_water_experiment' for CMake module files
[-5.635s] Level 1:colcon.colcon_core.environment:checking '/home/jack/project_ws/install/sugar_water_experiment' for CMake config files
[-5.635s] Level 1:colcon.colcon_core.environment:checking '/home/jack/project_ws/install/sugar_water_experiment/bin'
[-5.635s] Level 1:colcon.colcon_core.environment:checking '/home/jack/project_ws/install/sugar_water_experiment/lib/pkgconfig/sugar_water_experiment.pc'
[-5.634s] Level 1:colcon.colcon_core.environment:checking '/home/jack/project_ws/install/sugar_water_experiment/lib/python3.10/site-packages'
[-5.634s] Level 1:colcon.colcon_core.environment:checking '/home/jack/project_ws/install/sugar_water_experiment/bin'
[-5.634s] INFO:colcon.colcon_core.shell:Creating package script '/home/jack/project_ws/install/sugar_water_experiment/share/sugar_water_experiment/package.ps1'
[-5.632s] INFO:colcon.colcon_core.shell:Creating package descriptor '/home/jack/project_ws/install/sugar_water_experiment/share/sugar_water_experiment/package.dsv'
[-5.632s] INFO:colcon.colcon_core.shell:Creating package script '/home/jack/project_ws/install/sugar_water_experiment/share/sugar_water_experiment/package.sh'
[-5.631s] INFO:colcon.colcon_core.shell:Creating package script '/home/jack/project_ws/install/sugar_water_experiment/share/sugar_water_experiment/package.bash'
[-5.631s] INFO:colcon.colcon_core.shell:Creating package script '/home/jack/project_ws/install/sugar_water_experiment/share/sugar_water_experiment/package.zsh'
[-5.630s] Level 1:colcon.colcon_core.environment:create_file_with_runtime_dependencies(/home/jack/project_ws/install/sugar_water_experiment/share/colcon-core/packages/sugar_water_experiment)
[-5.619s] DEBUG:colcon.colcon_parallel_executor.executor.parallel:closing loop
[-5.619s] DEBUG:colcon.colcon_parallel_executor.executor.parallel:loop closed
[-5.619s] DEBUG:colcon.colcon_parallel_executor.executor.parallel:run_until_complete finished with '2'
[-5.619s] DEBUG:colcon.colcon_core.event_reactor:joining thread
[-5.543s] INFO:colcon.colcon_core.plugin_system:Skipping extension 'colcon_notification.desktop_notification.notify_send': Could not find 'notify-send'
[-5.543s] INFO:colcon.colcon_core.plugin_system:Skipping extension 'colcon_notification.desktop_notification.terminal_notifier': Not used on non-Darwin systems
[-5.542s] INFO:colcon.colcon_core.plugin_system:Skipping extension 'colcon_notification.desktop_notification.win32': Not used on non-Windows systems
[-5.542s] INFO:colcon.colcon_notification.desktop_notification:Sending desktop notification using 'notify2'
[-5.541s] DEBUG:colcon.colcon_notification.desktop_notification.notify2:Failed to initialize notify2: org.freedesktop.DBus.Error.ServiceUnknown: The name org.freedesktop.Notifications was not provided by any .service files
[-5.541s] DEBUG:colcon.colcon_core.event_reactor:joined thread
[-5.541s] INFO:colcon.colcon_core.shell:Creating prefix script '/home/jack/project_ws/install/local_setup.ps1'
[-5.540s] INFO:colcon.colcon_core.shell:Creating prefix util module '/home/jack/project_ws/install/_local_setup_util_ps1.py'
[-5.539s] INFO:colcon.colcon_core.shell:Creating prefix chain script '/home/jack/project_ws/install/setup.ps1'
[-5.538s] INFO:colcon.colcon_core.shell:Creating prefix script '/home/jack/project_ws/install/local_setup.sh'
[-5.538s] INFO:colcon.colcon_core.shell:Creating prefix util module '/home/jack/project_ws/install/_local_setup_util_sh.py'
[-5.538s] INFO:colcon.colcon_core.shell:Creating prefix chain script '/home/jack/project_ws/install/setup.sh'
[-5.537s] INFO:colcon.colcon_core.shell:Creating prefix script '/home/jack/project_ws/install/local_setup.bash'
[-5.537s] INFO:colcon.colcon_core.shell:Creating prefix chain script '/home/jack/project_ws/install/setup.bash'
[-5.536s] INFO:colcon.colcon_core.shell:Creating prefix script '/home/jack/project_ws/install/local_setup.zsh'
[-5.535s] INFO:colcon.colcon_core.shell:Creating prefix chain script '/home/jack/project_ws/install/setup.zsh'
