[0.617s] Invoking command in '/home/jaeho/project_ws/build/dsr_common2': CMAKE_PREFIX_PATH=${CMAKE_PREFIX_PATH}:/home/jaeho/project_ws/install/precision_liquid_pouring:/home/jaeho/project_ws/install/doosan_m0609_bringup:/home/jaeho/project_ws/install/chemistry_experiment_manager:/home/jaeho/project_ws/install/arduino_loadcell_interface:/opt/ros/humble /usr/bin/cmake --build /home/jaeho/project_ws/build/dsr_common2 -- -j8 -l8
[0.880s] Invoked command in '/home/jaeho/project_ws/build/dsr_common2' returned '0': CMAKE_PREFIX_PATH=${CMAKE_PREFIX_PATH}:/home/jaeho/project_ws/install/precision_liquid_pouring:/home/jaeho/project_ws/install/doosan_m0609_bringup:/home/jaeho/project_ws/install/chemistry_experiment_manager:/home/jaeho/project_ws/install/arduino_loadcell_interface:/opt/ros/humble /usr/bin/cmake --build /home/jaeho/project_ws/build/dsr_common2 -- -j8 -l8
[0.889s] Invoking command in '/home/jaeho/project_ws/build/dsr_common2': CMAKE_PREFIX_PATH=${CMAKE_PREFIX_PATH}:/home/jaeho/project_ws/install/precision_liquid_pouring:/home/jaeho/project_ws/install/doosan_m0609_bringup:/home/jaeho/project_ws/install/chemistry_experiment_manager:/home/jaeho/project_ws/install/arduino_loadcell_interface:/opt/ros/humble /usr/bin/cmake --install /home/jaeho/project_ws/build/dsr_common2
[0.902s] -- Install configuration: "Release"
[0.903s] -- Up-to-date: /home/jaeho/project_ws/install/dsr_common2/share/ament_index/resource_index/package_run_dependencies/dsr_common2
[0.903s] -- Up-to-date: /home/jaeho/project_ws/install/dsr_common2/share/ament_index/resource_index/parent_prefix_path/dsr_common2
[0.903s] -- Up-to-date: /home/jaeho/project_ws/install/dsr_common2/share/dsr_common2/environment/ament_prefix_path.sh
[0.904s] -- Up-to-date: /home/jaeho/project_ws/install/dsr_common2/share/dsr_common2/environment/ament_prefix_path.dsv
[0.904s] -- Up-to-date: /home/jaeho/project_ws/install/dsr_common2/share/dsr_common2/environment/path.sh
[0.904s] -- Up-to-date: /home/jaeho/project_ws/install/dsr_common2/share/dsr_common2/environment/path.dsv
[0.905s] -- Up-to-date: /home/jaeho/project_ws/install/dsr_common2/share/dsr_common2/local_setup.bash
[0.905s] -- Up-to-date: /home/jaeho/project_ws/install/dsr_common2/share/dsr_common2/local_setup.sh
[0.906s] -- Up-to-date: /home/jaeho/project_ws/install/dsr_common2/share/dsr_common2/local_setup.zsh
[0.906s] -- Up-to-date: /home/jaeho/project_ws/install/dsr_common2/share/dsr_common2/local_setup.dsv
[0.906s] -- Up-to-date: /home/jaeho/project_ws/install/dsr_common2/share/dsr_common2/package.dsv
[0.907s] -- Up-to-date: /home/jaeho/project_ws/install/dsr_common2/share/ament_index/resource_index/packages/dsr_common2
[0.907s] -- Up-to-date: /home/jaeho/project_ws/install/dsr_common2/share/dsr_common2/cmake/dsr_common2Config.cmake
[0.907s] -- Up-to-date: /home/jaeho/project_ws/install/dsr_common2/share/dsr_common2/cmake/dsr_common2Config-version.cmake
[0.907s] -- Up-to-date: /home/jaeho/project_ws/install/dsr_common2/share/dsr_common2/package.xml
[0.907s] -- Up-to-date: /home/jaeho/project_ws/install/dsr_common2/share/dsr_common2/bin
[0.908s] -- Up-to-date: /home/jaeho/project_ws/install/dsr_common2/share/dsr_common2/bin/run_drcf.sh
[0.908s] -- Up-to-date: /home/jaeho/project_ws/install/dsr_common2/share/dsr_common2/bin/common2
[0.908s] -- Up-to-date: /home/jaeho/project_ws/install/dsr_common2/lib/dsr_common2/imp
[0.908s] -- Up-to-date: /home/jaeho/project_ws/install/dsr_common2/lib/dsr_common2/imp/DR_tcp_client2.py
[0.908s] -- Up-to-date: /home/jaeho/project_ws/install/dsr_common2/lib/dsr_common2/imp/DR_common2.py
[0.908s] -- Up-to-date: /home/jaeho/project_ws/install/dsr_common2/lib/dsr_common2/imp/DSR_util2.py
[0.909s] -- Up-to-date: /home/jaeho/project_ws/install/dsr_common2/lib/dsr_common2/imp/DR_init.py
[0.909s] -- Up-to-date: /home/jaeho/project_ws/install/dsr_common2/lib/dsr_common2/imp/__init__.py
[0.909s] -- Up-to-date: /home/jaeho/project_ws/install/dsr_common2/lib/dsr_common2/imp/DR_tcp_server2.py
[0.909s] -- Up-to-date: /home/jaeho/project_ws/install/dsr_common2/lib/dsr_common2/imp/DSR_ROBOT2.py
[0.909s] -- Up-to-date: /home/jaeho/project_ws/install/dsr_common2/lib/dsr_common2/imp/DR_error2.py
[0.910s] -- Up-to-date: /home/jaeho/project_ws/install/dsr_common2/lib/dsr_common2/imp/DRFC.py
[1.610s] Invoked command in '/home/jaeho/project_ws/build/dsr_common2' returned '0': CMAKE_PREFIX_PATH=${CMAKE_PREFIX_PATH}:/home/jaeho/project_ws/install/precision_liquid_pouring:/home/jaeho/project_ws/install/doosan_m0609_bringup:/home/jaeho/project_ws/install/chemistry_experiment_manager:/home/jaeho/project_ws/install/arduino_loadcell_interface:/opt/ros/humble /usr/bin/cmake --install /home/jaeho/project_ws/build/dsr_common2
