[0.529s] Invoking command in '/home/jack/project_ws/src/precision_liquid_pouring': PYTHONPATH=/home/jack/project_ws/build/precision_liquid_pouring/prefix_override:/usr/lib/python3/dist-packages/colcon_core/task/python/colcon_distutils_commands:/home/jack/project_ws/install/precision_liquid_pouring/lib/python3.10/site-packages:${PYTHONPATH} /usr/bin/python3 -W ignore:setup.py install is deprecated -W ignore:easy_install command is deprecated setup.py egg_info --egg-base ../../build/precision_liquid_pouring build --build-base /home/jack/project_ws/build/precision_liquid_pouring/build install --record /home/jack/project_ws/build/precision_liquid_pouring/install.log --single-version-externally-managed install_data
[0.734s] running egg_info
[0.734s] creating ../../build/precision_liquid_pouring/precision_liquid_pouring.egg-info
[0.735s] writing ../../build/precision_liquid_pouring/precision_liquid_pouring.egg-info/PKG-INFO
[0.735s] writing dependency_links to ../../build/precision_liquid_pouring/precision_liquid_pouring.egg-info/dependency_links.txt
[0.735s] writing entry points to ../../build/precision_liquid_pouring/precision_liquid_pouring.egg-info/entry_points.txt
[0.735s] writing requirements to ../../build/precision_liquid_pouring/precision_liquid_pouring.egg-info/requires.txt
[0.735s] writing top-level names to ../../build/precision_liquid_pouring/precision_liquid_pouring.egg-info/top_level.txt
[0.735s] writing manifest file '../../build/precision_liquid_pouring/precision_liquid_pouring.egg-info/SOURCES.txt'
[0.736s] reading manifest file '../../build/precision_liquid_pouring/precision_liquid_pouring.egg-info/SOURCES.txt'
[0.737s] writing manifest file '../../build/precision_liquid_pouring/precision_liquid_pouring.egg-info/SOURCES.txt'
[0.737s] running build
[0.737s] running build_py
[0.737s] creating /home/jack/project_ws/build/precision_liquid_pouring/build
[0.737s] creating /home/jack/project_ws/build/precision_liquid_pouring/build/lib
[0.738s] creating /home/jack/project_ws/build/precision_liquid_pouring/build/lib/precision_liquid_pouring
[0.738s] copying precision_liquid_pouring/concentration_calculator.py -> /home/jack/project_ws/build/precision_liquid_pouring/build/lib/precision_liquid_pouring
[0.739s] copying precision_liquid_pouring/scale_interface.py -> /home/jack/project_ws/build/precision_liquid_pouring/build/lib/precision_liquid_pouring
[0.739s] copying precision_liquid_pouring/main.py -> /home/jack/project_ws/build/precision_liquid_pouring/build/lib/precision_liquid_pouring
[0.739s] copying precision_liquid_pouring/utils.py -> /home/jack/project_ws/build/precision_liquid_pouring/build/lib/precision_liquid_pouring
[0.740s] copying precision_liquid_pouring/config.py -> /home/jack/project_ws/build/precision_liquid_pouring/build/lib/precision_liquid_pouring
[0.740s] copying precision_liquid_pouring/__init__.py -> /home/jack/project_ws/build/precision_liquid_pouring/build/lib/precision_liquid_pouring
[0.740s] copying precision_liquid_pouring/pouring_controller.py -> /home/jack/project_ws/build/precision_liquid_pouring/build/lib/precision_liquid_pouring
[0.741s] running install
[0.741s] running install_lib
[0.741s] creating /home/jack/project_ws/install/precision_liquid_pouring/lib/python3.10/site-packages/precision_liquid_pouring
[0.742s] copying /home/jack/project_ws/build/precision_liquid_pouring/build/lib/precision_liquid_pouring/concentration_calculator.py -> /home/jack/project_ws/install/precision_liquid_pouring/lib/python3.10/site-packages/precision_liquid_pouring
[0.742s] copying /home/jack/project_ws/build/precision_liquid_pouring/build/lib/precision_liquid_pouring/scale_interface.py -> /home/jack/project_ws/install/precision_liquid_pouring/lib/python3.10/site-packages/precision_liquid_pouring
[0.742s] copying /home/jack/project_ws/build/precision_liquid_pouring/build/lib/precision_liquid_pouring/main.py -> /home/jack/project_ws/install/precision_liquid_pouring/lib/python3.10/site-packages/precision_liquid_pouring
[0.742s] copying /home/jack/project_ws/build/precision_liquid_pouring/build/lib/precision_liquid_pouring/utils.py -> /home/jack/project_ws/install/precision_liquid_pouring/lib/python3.10/site-packages/precision_liquid_pouring
[0.742s] copying /home/jack/project_ws/build/precision_liquid_pouring/build/lib/precision_liquid_pouring/config.py -> /home/jack/project_ws/install/precision_liquid_pouring/lib/python3.10/site-packages/precision_liquid_pouring
[0.742s] copying /home/jack/project_ws/build/precision_liquid_pouring/build/lib/precision_liquid_pouring/__init__.py -> /home/jack/project_ws/install/precision_liquid_pouring/lib/python3.10/site-packages/precision_liquid_pouring
[0.742s] copying /home/jack/project_ws/build/precision_liquid_pouring/build/lib/precision_liquid_pouring/pouring_controller.py -> /home/jack/project_ws/install/precision_liquid_pouring/lib/python3.10/site-packages/precision_liquid_pouring
[0.743s] byte-compiling /home/jack/project_ws/install/precision_liquid_pouring/lib/python3.10/site-packages/precision_liquid_pouring/concentration_calculator.py to concentration_calculator.cpython-310.pyc
[0.744s] byte-compiling /home/jack/project_ws/install/precision_liquid_pouring/lib/python3.10/site-packages/precision_liquid_pouring/scale_interface.py to scale_interface.cpython-310.pyc
[0.744s] byte-compiling /home/jack/project_ws/install/precision_liquid_pouring/lib/python3.10/site-packages/precision_liquid_pouring/main.py to main.cpython-310.pyc
[0.745s] byte-compiling /home/jack/project_ws/install/precision_liquid_pouring/lib/python3.10/site-packages/precision_liquid_pouring/utils.py to utils.cpython-310.pyc
[0.745s] byte-compiling /home/jack/project_ws/install/precision_liquid_pouring/lib/python3.10/site-packages/precision_liquid_pouring/config.py to config.cpython-310.pyc
[0.746s] byte-compiling /home/jack/project_ws/install/precision_liquid_pouring/lib/python3.10/site-packages/precision_liquid_pouring/__init__.py to __init__.cpython-310.pyc
[0.746s] byte-compiling /home/jack/project_ws/install/precision_liquid_pouring/lib/python3.10/site-packages/precision_liquid_pouring/pouring_controller.py to pouring_controller.cpython-310.pyc
[0.746s] running install_data
[0.746s] creating /home/jack/project_ws/install/precision_liquid_pouring/share/ament_index
[0.747s] creating /home/jack/project_ws/install/precision_liquid_pouring/share/ament_index/resource_index
[0.747s] creating /home/jack/project_ws/install/precision_liquid_pouring/share/ament_index/resource_index/packages
[0.747s] copying resource/precision_liquid_pouring -> /home/jack/project_ws/install/precision_liquid_pouring/share/ament_index/resource_index/packages
[0.748s] copying package.xml -> /home/jack/project_ws/install/precision_liquid_pouring/share/precision_liquid_pouring
[0.748s] running install_egg_info
[0.749s] Copying ../../build/precision_liquid_pouring/precision_liquid_pouring.egg-info to /home/jack/project_ws/install/precision_liquid_pouring/lib/python3.10/site-packages/precision_liquid_pouring-0.0.0-py3.10.egg-info
[0.750s] running install_scripts
[0.763s] Installing concentration_test script to /home/jack/project_ws/install/precision_liquid_pouring/lib/precision_liquid_pouring
[0.764s] Installing pour_control_node script to /home/jack/project_ws/install/precision_liquid_pouring/lib/precision_liquid_pouring
[0.764s] writing list of installed files to '/home/jack/project_ws/build/precision_liquid_pouring/install.log'
[0.781s] Invoked command in '/home/jack/project_ws/src/precision_liquid_pouring' returned '0': PYTHONPATH=/home/jack/project_ws/build/precision_liquid_pouring/prefix_override:/usr/lib/python3/dist-packages/colcon_core/task/python/colcon_distutils_commands:/home/jack/project_ws/install/precision_liquid_pouring/lib/python3.10/site-packages:${PYTHONPATH} /usr/bin/python3 -W ignore:setup.py install is deprecated -W ignore:easy_install command is deprecated setup.py egg_info --egg-base ../../build/precision_liquid_pouring build --build-base /home/jack/project_ws/build/precision_liquid_pouring/build install --record /home/jack/project_ws/build/precision_liquid_pouring/install.log --single-version-externally-managed install_data
