[0.721s] DEBUG:colcon:Command line arguments: ['/usr/bin/colcon', 'build', '--packages-select', 'dsr_common2']
[0.721s] DEBUG:colcon:Parsed command line arguments: Namespace(log_base=None, log_level=None, verb_name='build', build_base='build', install_base='install', merge_install=False, symlink_install=False, test_result_base=None, continue_on_error=False, executor='parallel', parallel_workers=8, event_handlers=None, ignore_user_meta=False, metas=['./colcon.meta'], base_paths=['.'], packages_ignore=None, packages_ignore_regex=None, paths=None, packages_up_to=None, packages_up_to_regex=None, packages_above=None, packages_above_and_dependencies=None, packages_above_depth=None, packages_select_by_dep=None, packages_skip_by_dep=None, packages_skip_up_to=None, packages_select_build_failed=False, packages_skip_build_finished=False, packages_select_test_failures=False, packages_skip_test_passed=False, packages_select=['dsr_common2'], packages_skip=None, packages_select_regex=None, packages_skip_regex=None, packages_start=None, packages_end=None, allow_overriding=[], cmake_args=None, cmake_target=None, cmake_target_skip_unavailable=False, cmake_clean_cache=False, cmake_clean_first=False, cmake_force_configure=False, ament_cmake_args=None, catkin_cmake_args=None, catkin_skip_building_tests=False, verb_parser=<colcon_defaults.argument_parser.defaults.DefaultArgumentsDecorator object at 0x793d47a70e80>, verb_extension=<colcon_core.verb.build.BuildVerb object at 0x793d47bfe9b0>, main=<bound method BuildVerb.main of <colcon_core.verb.build.BuildVerb object at 0x793d47bfe9b0>>)
[1.027s] Level 1:colcon.colcon_core.package_discovery:discover_packages(colcon_meta) check parameters
[1.027s] Level 1:colcon.colcon_core.package_discovery:discover_packages(recursive) check parameters
[1.027s] Level 1:colcon.colcon_core.package_discovery:discover_packages(ignore) check parameters
[1.027s] Level 1:colcon.colcon_core.package_discovery:discover_packages(path) check parameters
[1.027s] Level 1:colcon.colcon_core.package_discovery:discover_packages(colcon_meta) discover
[1.027s] Level 1:colcon.colcon_core.package_discovery:discover_packages(recursive) discover
[1.027s] INFO:colcon.colcon_core.package_discovery:Crawling recursively for packages in '/home/jaeho/project_ws'
[1.028s] Level 1:colcon.colcon_core.package_identification:_identify(.) by extensions ['ignore', 'ignore_ament_install']
[1.028s] Level 1:colcon.colcon_core.package_identification:_identify(.) by extension 'ignore'
[1.028s] Level 1:colcon.colcon_core.package_identification:_identify(.) by extension 'ignore_ament_install'
[1.028s] Level 1:colcon.colcon_core.package_identification:_identify(.) by extensions ['colcon_pkg']
[1.028s] Level 1:colcon.colcon_core.package_identification:_identify(.) by extension 'colcon_pkg'
[1.028s] Level 1:colcon.colcon_core.package_identification:_identify(.) by extensions ['colcon_meta']
[1.028s] Level 1:colcon.colcon_core.package_identification:_identify(.) by extension 'colcon_meta'
[1.028s] Level 1:colcon.colcon_core.package_identification:_identify(.) by extensions ['ros']
[1.028s] Level 1:colcon.colcon_core.package_identification:_identify(.) by extension 'ros'
[1.055s] Level 1:colcon.colcon_core.package_identification:_identify(.) by extensions ['cmake', 'python']
[1.055s] Level 1:colcon.colcon_core.package_identification:_identify(.) by extension 'cmake'
[1.055s] Level 1:colcon.colcon_core.package_identification:_identify(.) by extension 'python'
[1.055s] Level 1:colcon.colcon_core.package_identification:_identify(.) by extensions ['python_setup_py']
[1.055s] Level 1:colcon.colcon_core.package_identification:_identify(.) by extension 'python_setup_py'
[1.056s] Level 1:colcon.colcon_core.package_identification:_identify(build) by extensions ['ignore', 'ignore_ament_install']
[1.056s] Level 1:colcon.colcon_core.package_identification:_identify(build) by extension 'ignore'
[1.056s] Level 1:colcon.colcon_core.package_identification:_identify(build) ignored
[1.056s] Level 1:colcon.colcon_core.package_identification:_identify(development) by extensions ['ignore', 'ignore_ament_install']
[1.056s] Level 1:colcon.colcon_core.package_identification:_identify(development) by extension 'ignore'
[1.056s] Level 1:colcon.colcon_core.package_identification:_identify(development) by extension 'ignore_ament_install'
[1.056s] Level 1:colcon.colcon_core.package_identification:_identify(development) by extensions ['colcon_pkg']
[1.056s] Level 1:colcon.colcon_core.package_identification:_identify(development) by extension 'colcon_pkg'
[1.057s] Level 1:colcon.colcon_core.package_identification:_identify(development) by extensions ['colcon_meta']
[1.057s] Level 1:colcon.colcon_core.package_identification:_identify(development) by extension 'colcon_meta'
[1.057s] Level 1:colcon.colcon_core.package_identification:_identify(development) by extensions ['ros']
[1.057s] Level 1:colcon.colcon_core.package_identification:_identify(development) by extension 'ros'
[1.057s] Level 1:colcon.colcon_core.package_identification:_identify(development) by extensions ['cmake', 'python']
[1.057s] Level 1:colcon.colcon_core.package_identification:_identify(development) by extension 'cmake'
[1.057s] Level 1:colcon.colcon_core.package_identification:_identify(development) by extension 'python'
[1.057s] Level 1:colcon.colcon_core.package_identification:_identify(development) by extensions ['python_setup_py']
[1.057s] Level 1:colcon.colcon_core.package_identification:_identify(development) by extension 'python_setup_py'
[1.057s] Level 1:colcon.colcon_core.package_identification:_identify(development/scripts) by extensions ['ignore', 'ignore_ament_install']
[1.057s] Level 1:colcon.colcon_core.package_identification:_identify(development/scripts) by extension 'ignore'
[1.057s] Level 1:colcon.colcon_core.package_identification:_identify(development/scripts) by extension 'ignore_ament_install'
[1.057s] Level 1:colcon.colcon_core.package_identification:_identify(development/scripts) by extensions ['colcon_pkg']
[1.057s] Level 1:colcon.colcon_core.package_identification:_identify(development/scripts) by extension 'colcon_pkg'
[1.057s] Level 1:colcon.colcon_core.package_identification:_identify(development/scripts) by extensions ['colcon_meta']
[1.057s] Level 1:colcon.colcon_core.package_identification:_identify(development/scripts) by extension 'colcon_meta'
[1.057s] Level 1:colcon.colcon_core.package_identification:_identify(development/scripts) by extensions ['ros']
[1.057s] Level 1:colcon.colcon_core.package_identification:_identify(development/scripts) by extension 'ros'
[1.058s] Level 1:colcon.colcon_core.package_identification:_identify(development/scripts) by extensions ['cmake', 'python']
[1.058s] Level 1:colcon.colcon_core.package_identification:_identify(development/scripts) by extension 'cmake'
[1.058s] Level 1:colcon.colcon_core.package_identification:_identify(development/scripts) by extension 'python'
[1.058s] Level 1:colcon.colcon_core.package_identification:_identify(development/scripts) by extensions ['python_setup_py']
[1.058s] Level 1:colcon.colcon_core.package_identification:_identify(development/scripts) by extension 'python_setup_py'
[1.058s] Level 1:colcon.colcon_core.package_identification:_identify(fix_script) by extensions ['ignore', 'ignore_ament_install']
[1.058s] Level 1:colcon.colcon_core.package_identification:_identify(fix_script) by extension 'ignore'
[1.058s] Level 1:colcon.colcon_core.package_identification:_identify(fix_script) by extension 'ignore_ament_install'
[1.058s] Level 1:colcon.colcon_core.package_identification:_identify(fix_script) by extensions ['colcon_pkg']
[1.058s] Level 1:colcon.colcon_core.package_identification:_identify(fix_script) by extension 'colcon_pkg'
[1.059s] Level 1:colcon.colcon_core.package_identification:_identify(fix_script) by extensions ['colcon_meta']
[1.059s] Level 1:colcon.colcon_core.package_identification:_identify(fix_script) by extension 'colcon_meta'
[1.059s] Level 1:colcon.colcon_core.package_identification:_identify(fix_script) by extensions ['ros']
[1.059s] Level 1:colcon.colcon_core.package_identification:_identify(fix_script) by extension 'ros'
[1.059s] Level 1:colcon.colcon_core.package_identification:_identify(fix_script) by extensions ['cmake', 'python']
[1.059s] Level 1:colcon.colcon_core.package_identification:_identify(fix_script) by extension 'cmake'
[1.059s] Level 1:colcon.colcon_core.package_identification:_identify(fix_script) by extension 'python'
[1.059s] Level 1:colcon.colcon_core.package_identification:_identify(fix_script) by extensions ['python_setup_py']
[1.059s] Level 1:colcon.colcon_core.package_identification:_identify(fix_script) by extension 'python_setup_py'
[1.059s] Level 1:colcon.colcon_core.package_identification:_identify(install) by extensions ['ignore', 'ignore_ament_install']
[1.060s] Level 1:colcon.colcon_core.package_identification:_identify(install) by extension 'ignore'
[1.060s] Level 1:colcon.colcon_core.package_identification:_identify(install) ignored
[1.061s] Level 1:colcon.colcon_core.package_identification:_identify(log) by extensions ['ignore', 'ignore_ament_install']
[1.061s] Level 1:colcon.colcon_core.package_identification:_identify(log) by extension 'ignore'
[1.061s] Level 1:colcon.colcon_core.package_identification:_identify(log) ignored
[1.061s] Level 1:colcon.colcon_core.package_identification:_identify(src) by extensions ['ignore', 'ignore_ament_install']
[1.061s] Level 1:colcon.colcon_core.package_identification:_identify(src) by extension 'ignore'
[1.061s] Level 1:colcon.colcon_core.package_identification:_identify(src) by extension 'ignore_ament_install'
[1.061s] Level 1:colcon.colcon_core.package_identification:_identify(src) by extensions ['colcon_pkg']
[1.062s] Level 1:colcon.colcon_core.package_identification:_identify(src) by extension 'colcon_pkg'
[1.062s] Level 1:colcon.colcon_core.package_identification:_identify(src) by extensions ['colcon_meta']
[1.062s] Level 1:colcon.colcon_core.package_identification:_identify(src) by extension 'colcon_meta'
[1.062s] Level 1:colcon.colcon_core.package_identification:_identify(src) by extensions ['ros']
[1.062s] Level 1:colcon.colcon_core.package_identification:_identify(src) by extension 'ros'
[1.062s] Level 1:colcon.colcon_core.package_identification:_identify(src) by extensions ['cmake', 'python']
[1.062s] Level 1:colcon.colcon_core.package_identification:_identify(src) by extension 'cmake'
[1.062s] Level 1:colcon.colcon_core.package_identification:_identify(src) by extension 'python'
[1.062s] Level 1:colcon.colcon_core.package_identification:_identify(src) by extensions ['python_setup_py']
[1.062s] Level 1:colcon.colcon_core.package_identification:_identify(src) by extension 'python_setup_py'
[1.062s] Level 1:colcon.colcon_core.package_identification:_identify(src/arduino_loadcell_interface) by extensions ['ignore', 'ignore_ament_install']
[1.062s] Level 1:colcon.colcon_core.package_identification:_identify(src/arduino_loadcell_interface) by extension 'ignore'
[1.062s] Level 1:colcon.colcon_core.package_identification:_identify(src/arduino_loadcell_interface) by extension 'ignore_ament_install'
[1.062s] Level 1:colcon.colcon_core.package_identification:_identify(src/arduino_loadcell_interface) by extensions ['colcon_pkg']
[1.062s] Level 1:colcon.colcon_core.package_identification:_identify(src/arduino_loadcell_interface) by extension 'colcon_pkg'
[1.062s] Level 1:colcon.colcon_core.package_identification:_identify(src/arduino_loadcell_interface) by extensions ['colcon_meta']
[1.062s] Level 1:colcon.colcon_core.package_identification:_identify(src/arduino_loadcell_interface) by extension 'colcon_meta'
[1.063s] Level 1:colcon.colcon_core.package_identification:_identify(src/arduino_loadcell_interface) by extensions ['ros']
[1.063s] Level 1:colcon.colcon_core.package_identification:_identify(src/arduino_loadcell_interface) by extension 'ros'
[1.067s] DEBUG:colcon.colcon_core.package_identification:Package 'src/arduino_loadcell_interface' with type 'ros.ament_python' and name 'arduino_loadcell_interface'
[1.067s] Level 1:colcon.colcon_core.package_identification:_identify(src/chemistry_experiment_manager) by extensions ['ignore', 'ignore_ament_install']
[1.067s] Level 1:colcon.colcon_core.package_identification:_identify(src/chemistry_experiment_manager) by extension 'ignore'
[1.067s] Level 1:colcon.colcon_core.package_identification:_identify(src/chemistry_experiment_manager) by extension 'ignore_ament_install'
[1.067s] Level 1:colcon.colcon_core.package_identification:_identify(src/chemistry_experiment_manager) by extensions ['colcon_pkg']
[1.067s] Level 1:colcon.colcon_core.package_identification:_identify(src/chemistry_experiment_manager) by extension 'colcon_pkg'
[1.067s] Level 1:colcon.colcon_core.package_identification:_identify(src/chemistry_experiment_manager) by extensions ['colcon_meta']
[1.068s] Level 1:colcon.colcon_core.package_identification:_identify(src/chemistry_experiment_manager) by extension 'colcon_meta'
[1.068s] Level 1:colcon.colcon_core.package_identification:_identify(src/chemistry_experiment_manager) by extensions ['ros']
[1.068s] Level 1:colcon.colcon_core.package_identification:_identify(src/chemistry_experiment_manager) by extension 'ros'
[1.069s] DEBUG:colcon.colcon_core.package_identification:Package 'src/chemistry_experiment_manager' with type 'ros.ament_python' and name 'chemistry_experiment_manager'
[1.070s] Level 1:colcon.colcon_core.package_identification:_identify(src/doosan_m0609_bringup) by extensions ['ignore', 'ignore_ament_install']
[1.070s] Level 1:colcon.colcon_core.package_identification:_identify(src/doosan_m0609_bringup) by extension 'ignore'
[1.070s] Level 1:colcon.colcon_core.package_identification:_identify(src/doosan_m0609_bringup) by extension 'ignore_ament_install'
[1.070s] Level 1:colcon.colcon_core.package_identification:_identify(src/doosan_m0609_bringup) by extensions ['colcon_pkg']
[1.070s] Level 1:colcon.colcon_core.package_identification:_identify(src/doosan_m0609_bringup) by extension 'colcon_pkg'
[1.070s] Level 1:colcon.colcon_core.package_identification:_identify(src/doosan_m0609_bringup) by extensions ['colcon_meta']
[1.070s] Level 1:colcon.colcon_core.package_identification:_identify(src/doosan_m0609_bringup) by extension 'colcon_meta'
[1.070s] Level 1:colcon.colcon_core.package_identification:_identify(src/doosan_m0609_bringup) by extensions ['ros']
[1.070s] Level 1:colcon.colcon_core.package_identification:_identify(src/doosan_m0609_bringup) by extension 'ros'
[1.071s] DEBUG:colcon.colcon_core.package_identification:Package 'src/doosan_m0609_bringup' with type 'ros.ament_python' and name 'doosan_m0609_bringup'
[1.071s] Level 1:colcon.colcon_core.package_identification:_identify(src/doosan_m0609_controller) by extensions ['ignore', 'ignore_ament_install']
[1.071s] Level 1:colcon.colcon_core.package_identification:_identify(src/doosan_m0609_controller) by extension 'ignore'
[1.072s] Level 1:colcon.colcon_core.package_identification:_identify(src/doosan_m0609_controller) by extension 'ignore_ament_install'
[1.072s] Level 1:colcon.colcon_core.package_identification:_identify(src/doosan_m0609_controller) by extensions ['colcon_pkg']
[1.072s] Level 1:colcon.colcon_core.package_identification:_identify(src/doosan_m0609_controller) by extension 'colcon_pkg'
[1.072s] Level 1:colcon.colcon_core.package_identification:_identify(src/doosan_m0609_controller) by extensions ['colcon_meta']
[1.072s] Level 1:colcon.colcon_core.package_identification:_identify(src/doosan_m0609_controller) by extension 'colcon_meta'
[1.072s] Level 1:colcon.colcon_core.package_identification:_identify(src/doosan_m0609_controller) by extensions ['ros']
[1.072s] Level 1:colcon.colcon_core.package_identification:_identify(src/doosan_m0609_controller) by extension 'ros'
[1.073s] DEBUG:colcon.colcon_core.package_identification:Package 'src/doosan_m0609_controller' with type 'ros.ament_cmake' and name 'doosan_m0609_controller'
[1.073s] Level 1:colcon.colcon_core.package_identification:_identify(src/doosan_m0609_description) by extensions ['ignore', 'ignore_ament_install']
[1.073s] Level 1:colcon.colcon_core.package_identification:_identify(src/doosan_m0609_description) by extension 'ignore'
[1.073s] Level 1:colcon.colcon_core.package_identification:_identify(src/doosan_m0609_description) by extension 'ignore_ament_install'
[1.073s] Level 1:colcon.colcon_core.package_identification:_identify(src/doosan_m0609_description) by extensions ['colcon_pkg']
[1.073s] Level 1:colcon.colcon_core.package_identification:_identify(src/doosan_m0609_description) by extension 'colcon_pkg'
[1.073s] Level 1:colcon.colcon_core.package_identification:_identify(src/doosan_m0609_description) by extensions ['colcon_meta']
[1.073s] Level 1:colcon.colcon_core.package_identification:_identify(src/doosan_m0609_description) by extension 'colcon_meta'
[1.073s] Level 1:colcon.colcon_core.package_identification:_identify(src/doosan_m0609_description) by extensions ['ros']
[1.073s] Level 1:colcon.colcon_core.package_identification:_identify(src/doosan_m0609_description) by extension 'ros'
[1.074s] DEBUG:colcon.colcon_core.package_identification:Package 'src/doosan_m0609_description' with type 'ros.ament_cmake' and name 'doosan_m0609_description'
[1.074s] Level 1:colcon.colcon_core.package_identification:_identify(src/doosan_m0609_hardware) by extensions ['ignore', 'ignore_ament_install']
[1.074s] Level 1:colcon.colcon_core.package_identification:_identify(src/doosan_m0609_hardware) by extension 'ignore'
[1.075s] Level 1:colcon.colcon_core.package_identification:_identify(src/doosan_m0609_hardware) by extension 'ignore_ament_install'
[1.075s] Level 1:colcon.colcon_core.package_identification:_identify(src/doosan_m0609_hardware) by extensions ['colcon_pkg']
[1.075s] Level 1:colcon.colcon_core.package_identification:_identify(src/doosan_m0609_hardware) by extension 'colcon_pkg'
[1.075s] Level 1:colcon.colcon_core.package_identification:_identify(src/doosan_m0609_hardware) by extensions ['colcon_meta']
[1.075s] Level 1:colcon.colcon_core.package_identification:_identify(src/doosan_m0609_hardware) by extension 'colcon_meta'
[1.075s] Level 1:colcon.colcon_core.package_identification:_identify(src/doosan_m0609_hardware) by extensions ['ros']
[1.075s] Level 1:colcon.colcon_core.package_identification:_identify(src/doosan_m0609_hardware) by extension 'ros'
[1.077s] DEBUG:colcon.colcon_core.package_identification:Package 'src/doosan_m0609_hardware' with type 'ros.ament_cmake' and name 'doosan_m0609_hardware'
[1.078s] Level 1:colcon.colcon_core.package_identification:_identify(src/doosan_m0609_msgs) by extensions ['ignore', 'ignore_ament_install']
[1.078s] Level 1:colcon.colcon_core.package_identification:_identify(src/doosan_m0609_msgs) by extension 'ignore'
[1.078s] Level 1:colcon.colcon_core.package_identification:_identify(src/doosan_m0609_msgs) by extension 'ignore_ament_install'
[1.078s] Level 1:colcon.colcon_core.package_identification:_identify(src/doosan_m0609_msgs) by extensions ['colcon_pkg']
[1.078s] Level 1:colcon.colcon_core.package_identification:_identify(src/doosan_m0609_msgs) by extension 'colcon_pkg'
[1.078s] Level 1:colcon.colcon_core.package_identification:_identify(src/doosan_m0609_msgs) by extensions ['colcon_meta']
[1.078s] Level 1:colcon.colcon_core.package_identification:_identify(src/doosan_m0609_msgs) by extension 'colcon_meta'
[1.078s] Level 1:colcon.colcon_core.package_identification:_identify(src/doosan_m0609_msgs) by extensions ['ros']
[1.078s] Level 1:colcon.colcon_core.package_identification:_identify(src/doosan_m0609_msgs) by extension 'ros'
[1.079s] DEBUG:colcon.colcon_core.package_identification:Package 'src/doosan_m0609_msgs' with type 'ros.ament_cmake' and name 'doosan_m0609_msgs'
[1.079s] Level 1:colcon.colcon_core.package_identification:_identify(src/dsr_common2) by extensions ['ignore', 'ignore_ament_install']
[1.080s] Level 1:colcon.colcon_core.package_identification:_identify(src/dsr_common2) by extension 'ignore'
[1.080s] Level 1:colcon.colcon_core.package_identification:_identify(src/dsr_common2) by extension 'ignore_ament_install'
[1.080s] Level 1:colcon.colcon_core.package_identification:_identify(src/dsr_common2) by extensions ['colcon_pkg']
[1.080s] Level 1:colcon.colcon_core.package_identification:_identify(src/dsr_common2) by extension 'colcon_pkg'
[1.080s] Level 1:colcon.colcon_core.package_identification:_identify(src/dsr_common2) by extensions ['colcon_meta']
[1.080s] Level 1:colcon.colcon_core.package_identification:_identify(src/dsr_common2) by extension 'colcon_meta'
[1.080s] Level 1:colcon.colcon_core.package_identification:_identify(src/dsr_common2) by extensions ['ros']
[1.080s] Level 1:colcon.colcon_core.package_identification:_identify(src/dsr_common2) by extension 'ros'
[1.081s] DEBUG:colcon.colcon_core.package_identification:Package 'src/dsr_common2' with type 'ros.ament_cmake' and name 'dsr_common2'
[1.081s] Level 1:colcon.colcon_core.package_identification:_identify(src/precision_liquid_pouring) by extensions ['ignore', 'ignore_ament_install']
[1.081s] Level 1:colcon.colcon_core.package_identification:_identify(src/precision_liquid_pouring) by extension 'ignore'
[1.081s] Level 1:colcon.colcon_core.package_identification:_identify(src/precision_liquid_pouring) by extension 'ignore_ament_install'
[1.081s] Level 1:colcon.colcon_core.package_identification:_identify(src/precision_liquid_pouring) by extensions ['colcon_pkg']
[1.081s] Level 1:colcon.colcon_core.package_identification:_identify(src/precision_liquid_pouring) by extension 'colcon_pkg'
[1.082s] Level 1:colcon.colcon_core.package_identification:_identify(src/precision_liquid_pouring) by extensions ['colcon_meta']
[1.082s] Level 1:colcon.colcon_core.package_identification:_identify(src/precision_liquid_pouring) by extension 'colcon_meta'
[1.082s] Level 1:colcon.colcon_core.package_identification:_identify(src/precision_liquid_pouring) by extensions ['ros']
[1.082s] Level 1:colcon.colcon_core.package_identification:_identify(src/precision_liquid_pouring) by extension 'ros'
[1.082s] DEBUG:colcon.colcon_core.package_identification:Package 'src/precision_liquid_pouring' with type 'ros.ament_python' and name 'precision_liquid_pouring'
[1.083s] Level 1:colcon.colcon_core.package_identification:_identify(src/sugar_water_experiment) by extensions ['ignore', 'ignore_ament_install']
[1.083s] Level 1:colcon.colcon_core.package_identification:_identify(src/sugar_water_experiment) by extension 'ignore'
[1.083s] Level 1:colcon.colcon_core.package_identification:_identify(src/sugar_water_experiment) by extension 'ignore_ament_install'
[1.083s] Level 1:colcon.colcon_core.package_identification:_identify(src/sugar_water_experiment) by extensions ['colcon_pkg']
[1.083s] Level 1:colcon.colcon_core.package_identification:_identify(src/sugar_water_experiment) by extension 'colcon_pkg'
[1.083s] Level 1:colcon.colcon_core.package_identification:_identify(src/sugar_water_experiment) by extensions ['colcon_meta']
[1.083s] Level 1:colcon.colcon_core.package_identification:_identify(src/sugar_water_experiment) by extension 'colcon_meta'
[1.083s] Level 1:colcon.colcon_core.package_identification:_identify(src/sugar_water_experiment) by extensions ['ros']
[1.083s] Level 1:colcon.colcon_core.package_identification:_identify(src/sugar_water_experiment) by extension 'ros'
[1.084s] DEBUG:colcon.colcon_core.package_identification:Package 'src/sugar_water_experiment' with type 'ros.ament_cmake' and name 'sugar_water_experiment'
[1.085s] Level 1:colcon.colcon_core.package_discovery:discover_packages(recursive) using defaults
[1.085s] Level 1:colcon.colcon_core.package_discovery:discover_packages(ignore) discover
[1.085s] Level 1:colcon.colcon_core.package_discovery:discover_packages(ignore) using defaults
[1.085s] Level 1:colcon.colcon_core.package_discovery:discover_packages(path) discover
[1.085s] Level 1:colcon.colcon_core.package_discovery:discover_packages(path) using defaults
[1.150s] INFO:colcon.colcon_core.package_selection:Skipping not selected package 'arduino_loadcell_interface' in 'src/arduino_loadcell_interface'
[1.150s] INFO:colcon.colcon_core.package_selection:Skipping not selected package 'chemistry_experiment_manager' in 'src/chemistry_experiment_manager'
[1.150s] INFO:colcon.colcon_core.package_selection:Skipping not selected package 'doosan_m0609_controller' in 'src/doosan_m0609_controller'
[1.150s] INFO:colcon.colcon_core.package_selection:Skipping not selected package 'doosan_m0609_description' in 'src/doosan_m0609_description'
[1.150s] INFO:colcon.colcon_core.package_selection:Skipping not selected package 'doosan_m0609_msgs' in 'src/doosan_m0609_msgs'
[1.150s] INFO:colcon.colcon_core.package_selection:Skipping not selected package 'precision_liquid_pouring' in 'src/precision_liquid_pouring'
[1.150s] INFO:colcon.colcon_core.package_selection:Skipping not selected package 'sugar_water_experiment' in 'src/sugar_water_experiment'
[1.150s] INFO:colcon.colcon_core.package_selection:Skipping not selected package 'doosan_m0609_bringup' in 'src/doosan_m0609_bringup'
[1.150s] INFO:colcon.colcon_core.package_selection:Skipping not selected package 'doosan_m0609_hardware' in 'src/doosan_m0609_hardware'
[1.151s] Level 1:colcon.colcon_core.package_discovery:discover_packages(prefix_path) check parameters
[1.151s] Level 1:colcon.colcon_core.package_discovery:discover_packages(prefix_path) discover
[1.155s] WARNING:colcon.colcon_ros.prefix_path.ament:The path '/home/jaeho/project_ws/install/sugar_water_experiment' in the environment variable AMENT_PREFIX_PATH doesn't exist
[1.155s] WARNING:colcon.colcon_ros.prefix_path.ament:The path '/home/jaeho/project_ws/install/precision_liquid_pouring' in the environment variable AMENT_PREFIX_PATH doesn't exist
[1.155s] WARNING:colcon.colcon_ros.prefix_path.ament:The path '/home/jaeho/project_ws/install/doosan_m0609_bringup' in the environment variable AMENT_PREFIX_PATH doesn't exist
[1.155s] WARNING:colcon.colcon_ros.prefix_path.ament:The path '/home/jaeho/project_ws/install/doosan_m0609_msgs' in the environment variable AMENT_PREFIX_PATH doesn't exist
[1.155s] WARNING:colcon.colcon_ros.prefix_path.ament:The path '/home/jaeho/project_ws/install/doosan_m0609_hardware' in the environment variable AMENT_PREFIX_PATH doesn't exist
[1.155s] WARNING:colcon.colcon_ros.prefix_path.ament:The path '/home/jaeho/project_ws/install/doosan_m0609_description' in the environment variable AMENT_PREFIX_PATH doesn't exist
[1.155s] WARNING:colcon.colcon_ros.prefix_path.ament:The path '/home/jaeho/project_ws/install/chemistry_experiment_manager' in the environment variable AMENT_PREFIX_PATH doesn't exist
[1.155s] WARNING:colcon.colcon_ros.prefix_path.ament:The path '/home/jaeho/project_ws/install/arduino_loadcell_interface' in the environment variable AMENT_PREFIX_PATH doesn't exist
[1.155s] WARNING:colcon.colcon_ros.prefix_path.ament:The path '/home/jaeho/project_ws/install/dsr_common2' in the environment variable AMENT_PREFIX_PATH doesn't exist
[1.156s] WARNING:colcon.colcon_ros.prefix_path.catkin:The path '/home/jaeho/project_ws/install/sugar_water_experiment' in the environment variable CMAKE_PREFIX_PATH doesn't exist
[1.156s] WARNING:colcon.colcon_ros.prefix_path.catkin:The path '/home/jaeho/project_ws/install/doosan_m0609_msgs' in the environment variable CMAKE_PREFIX_PATH doesn't exist
[1.156s] WARNING:colcon.colcon_ros.prefix_path.catkin:The path '/home/jaeho/project_ws/install/doosan_m0609_hardware' in the environment variable CMAKE_PREFIX_PATH doesn't exist
[1.156s] WARNING:colcon.colcon_ros.prefix_path.catkin:The path '/home/jaeho/project_ws/install/doosan_m0609_description' in the environment variable CMAKE_PREFIX_PATH doesn't exist
[1.156s] WARNING:colcon.colcon_ros.prefix_path.catkin:The path '/home/jaeho/project_ws/install/dsr_common2' in the environment variable CMAKE_PREFIX_PATH doesn't exist
[1.157s] DEBUG:colcon.colcon_installed_package_information.package_discovery:Found 0 installed packages in /home/jaeho/project_ws/install
[1.160s] DEBUG:colcon.colcon_installed_package_information.package_discovery:Found 407 installed packages in /opt/ros/humble
[1.170s] Level 1:colcon.colcon_core.package_discovery:discover_packages(prefix_path) using defaults
[1.285s] Level 5:colcon.colcon_core.verb:set package 'dsr_common2' build argument 'cmake_args' from command line to 'None'
[1.285s] Level 5:colcon.colcon_core.verb:set package 'dsr_common2' build argument 'cmake_target' from command line to 'None'
[1.285s] Level 5:colcon.colcon_core.verb:set package 'dsr_common2' build argument 'cmake_target_skip_unavailable' from command line to 'False'
[1.285s] Level 5:colcon.colcon_core.verb:set package 'dsr_common2' build argument 'cmake_clean_cache' from command line to 'False'
[1.285s] Level 5:colcon.colcon_core.verb:set package 'dsr_common2' build argument 'cmake_clean_first' from command line to 'False'
[1.285s] Level 5:colcon.colcon_core.verb:set package 'dsr_common2' build argument 'cmake_force_configure' from command line to 'False'
[1.285s] Level 5:colcon.colcon_core.verb:set package 'dsr_common2' build argument 'ament_cmake_args' from command line to 'None'
[1.285s] Level 5:colcon.colcon_core.verb:set package 'dsr_common2' build argument 'catkin_cmake_args' from command line to 'None'
[1.285s] Level 5:colcon.colcon_core.verb:set package 'dsr_common2' build argument 'catkin_skip_building_tests' from command line to 'False'
[1.285s] DEBUG:colcon.colcon_core.verb:Building package 'dsr_common2' with the following arguments: {'ament_cmake_args': None, 'build_base': '/home/jaeho/project_ws/build/dsr_common2', 'catkin_cmake_args': None, 'catkin_skip_building_tests': False, 'cmake_args': None, 'cmake_clean_cache': False, 'cmake_clean_first': False, 'cmake_force_configure': False, 'cmake_target': None, 'cmake_target_skip_unavailable': False, 'install_base': '/home/jaeho/project_ws/install/dsr_common2', 'merge_install': False, 'path': '/home/jaeho/project_ws/src/dsr_common2', 'symlink_install': False, 'test_result_base': None}
[1.285s] INFO:colcon.colcon_core.executor:Executing jobs using 'parallel' executor
[1.287s] DEBUG:colcon.colcon_parallel_executor.executor.parallel:run_until_complete
[1.287s] INFO:colcon.colcon_ros.task.ament_cmake.build:Building ROS package in '/home/jaeho/project_ws/src/dsr_common2' with build type 'ament_cmake'
[1.287s] INFO:colcon.colcon_cmake.task.cmake.build:Building CMake package in '/home/jaeho/project_ws/src/dsr_common2'
[1.293s] INFO:colcon.colcon_core.plugin_system:Skipping extension 'colcon_core.shell.bat': Not used on non-Windows systems
[1.294s] INFO:colcon.colcon_core.shell:Skip shell extension 'powershell' for command environment: Not usable outside of PowerShell
[1.294s] DEBUG:colcon.colcon_core.shell:Skip shell extension 'dsv' for command environment
[1.311s] DEBUG:colcon.colcon_core.event_handler.log_command:Invoking command in '/home/jaeho/project_ws/build/dsr_common2': CMAKE_PREFIX_PATH=${CMAKE_PREFIX_PATH}:/home/jaeho/project_ws/install/precision_liquid_pouring:/home/jaeho/project_ws/install/doosan_m0609_bringup:/home/jaeho/project_ws/install/chemistry_experiment_manager:/home/jaeho/project_ws/install/arduino_loadcell_interface:/opt/ros/humble /usr/bin/cmake /home/jaeho/project_ws/src/dsr_common2 -DCMAKE_INSTALL_PREFIX=/home/jaeho/project_ws/install/dsr_common2
[4.236s] DEBUG:colcon.colcon_core.event_handler.log_command:Invoked command in '/home/jaeho/project_ws/build/dsr_common2' returned '0': CMAKE_PREFIX_PATH=${CMAKE_PREFIX_PATH}:/home/jaeho/project_ws/install/precision_liquid_pouring:/home/jaeho/project_ws/install/doosan_m0609_bringup:/home/jaeho/project_ws/install/chemistry_experiment_manager:/home/jaeho/project_ws/install/arduino_loadcell_interface:/opt/ros/humble /usr/bin/cmake /home/jaeho/project_ws/src/dsr_common2 -DCMAKE_INSTALL_PREFIX=/home/jaeho/project_ws/install/dsr_common2
[4.239s] DEBUG:colcon.colcon_core.event_handler.log_command:Invoking command in '/home/jaeho/project_ws/build/dsr_common2': CMAKE_PREFIX_PATH=${CMAKE_PREFIX_PATH}:/home/jaeho/project_ws/install/precision_liquid_pouring:/home/jaeho/project_ws/install/doosan_m0609_bringup:/home/jaeho/project_ws/install/chemistry_experiment_manager:/home/jaeho/project_ws/install/arduino_loadcell_interface:/opt/ros/humble /usr/bin/cmake --build /home/jaeho/project_ws/build/dsr_common2 -- -j8 -l8
[4.286s] DEBUG:colcon.colcon_core.event_handler.log_command:Invoked command in '/home/jaeho/project_ws/build/dsr_common2' returned '0': CMAKE_PREFIX_PATH=${CMAKE_PREFIX_PATH}:/home/jaeho/project_ws/install/precision_liquid_pouring:/home/jaeho/project_ws/install/doosan_m0609_bringup:/home/jaeho/project_ws/install/chemistry_experiment_manager:/home/jaeho/project_ws/install/arduino_loadcell_interface:/opt/ros/humble /usr/bin/cmake --build /home/jaeho/project_ws/build/dsr_common2 -- -j8 -l8
[4.299s] DEBUG:colcon.colcon_core.event_handler.log_command:Invoking command in '/home/jaeho/project_ws/build/dsr_common2': CMAKE_PREFIX_PATH=${CMAKE_PREFIX_PATH}:/home/jaeho/project_ws/install/precision_liquid_pouring:/home/jaeho/project_ws/install/doosan_m0609_bringup:/home/jaeho/project_ws/install/chemistry_experiment_manager:/home/jaeho/project_ws/install/arduino_loadcell_interface:/opt/ros/humble /usr/bin/cmake --install /home/jaeho/project_ws/build/dsr_common2
[4.325s] Level 1:colcon.colcon_core.environment:create_environment_scripts_only(dsr_common2)
[4.326s] DEBUG:colcon.colcon_core.event_handler.log_command:Invoked command in '/home/jaeho/project_ws/build/dsr_common2' returned '0': CMAKE_PREFIX_PATH=${CMAKE_PREFIX_PATH}:/home/jaeho/project_ws/install/precision_liquid_pouring:/home/jaeho/project_ws/install/doosan_m0609_bringup:/home/jaeho/project_ws/install/chemistry_experiment_manager:/home/jaeho/project_ws/install/arduino_loadcell_interface:/opt/ros/humble /usr/bin/cmake --install /home/jaeho/project_ws/build/dsr_common2
[4.330s] Level 1:colcon.colcon_core.environment:checking '/home/jaeho/project_ws/install/dsr_common2' for CMake module files
[4.331s] Level 1:colcon.colcon_core.environment:checking '/home/jaeho/project_ws/install/dsr_common2' for CMake config files
[4.332s] Level 1:colcon.colcon_core.shell:create_environment_hook('dsr_common2', 'cmake_prefix_path')
[4.332s] INFO:colcon.colcon_core.shell:Creating environment hook '/home/jaeho/project_ws/install/dsr_common2/share/dsr_common2/hook/cmake_prefix_path.ps1'
[4.333s] INFO:colcon.colcon_core.shell:Creating environment descriptor '/home/jaeho/project_ws/install/dsr_common2/share/dsr_common2/hook/cmake_prefix_path.dsv'
[4.334s] INFO:colcon.colcon_core.shell:Creating environment hook '/home/jaeho/project_ws/install/dsr_common2/share/dsr_common2/hook/cmake_prefix_path.sh'
[4.335s] Level 1:colcon.colcon_core.environment:checking '/home/jaeho/project_ws/install/dsr_common2/lib'
[4.335s] Level 1:colcon.colcon_core.environment:checking '/home/jaeho/project_ws/install/dsr_common2/bin'
[4.336s] Level 1:colcon.colcon_core.environment:checking '/home/jaeho/project_ws/install/dsr_common2/lib/pkgconfig/dsr_common2.pc'
[4.336s] Level 1:colcon.colcon_core.environment:checking '/home/jaeho/project_ws/install/dsr_common2/lib/python3.10/site-packages'
[4.336s] Level 1:colcon.colcon_core.environment:checking '/home/jaeho/project_ws/install/dsr_common2/bin'
[4.336s] INFO:colcon.colcon_core.shell:Creating package script '/home/jaeho/project_ws/install/dsr_common2/share/dsr_common2/package.ps1'
[4.338s] INFO:colcon.colcon_core.shell:Creating package descriptor '/home/jaeho/project_ws/install/dsr_common2/share/dsr_common2/package.dsv'
[4.338s] INFO:colcon.colcon_core.shell:Creating package script '/home/jaeho/project_ws/install/dsr_common2/share/dsr_common2/package.sh'
[4.339s] INFO:colcon.colcon_core.shell:Creating package script '/home/jaeho/project_ws/install/dsr_common2/share/dsr_common2/package.bash'
[4.340s] INFO:colcon.colcon_core.shell:Creating package script '/home/jaeho/project_ws/install/dsr_common2/share/dsr_common2/package.zsh'
[4.341s] Level 1:colcon.colcon_core.environment:create_file_with_runtime_dependencies(/home/jaeho/project_ws/install/dsr_common2/share/colcon-core/packages/dsr_common2)
[4.343s] Level 1:colcon.colcon_core.environment:create_environment_scripts_only(dsr_common2)
[4.343s] Level 1:colcon.colcon_core.environment:checking '/home/jaeho/project_ws/install/dsr_common2' for CMake module files
[4.343s] Level 1:colcon.colcon_core.environment:checking '/home/jaeho/project_ws/install/dsr_common2' for CMake config files
[4.344s] Level 1:colcon.colcon_core.shell:create_environment_hook('dsr_common2', 'cmake_prefix_path')
[4.344s] INFO:colcon.colcon_core.shell:Creating environment hook '/home/jaeho/project_ws/install/dsr_common2/share/dsr_common2/hook/cmake_prefix_path.ps1'
[4.345s] INFO:colcon.colcon_core.shell:Creating environment descriptor '/home/jaeho/project_ws/install/dsr_common2/share/dsr_common2/hook/cmake_prefix_path.dsv'
[4.346s] INFO:colcon.colcon_core.shell:Creating environment hook '/home/jaeho/project_ws/install/dsr_common2/share/dsr_common2/hook/cmake_prefix_path.sh'
[4.347s] Level 1:colcon.colcon_core.environment:checking '/home/jaeho/project_ws/install/dsr_common2/lib'
[4.347s] Level 1:colcon.colcon_core.environment:checking '/home/jaeho/project_ws/install/dsr_common2/bin'
[4.347s] Level 1:colcon.colcon_core.environment:checking '/home/jaeho/project_ws/install/dsr_common2/lib/pkgconfig/dsr_common2.pc'
[4.347s] Level 1:colcon.colcon_core.environment:checking '/home/jaeho/project_ws/install/dsr_common2/lib/python3.10/site-packages'
[4.347s] Level 1:colcon.colcon_core.environment:checking '/home/jaeho/project_ws/install/dsr_common2/bin'
[4.348s] INFO:colcon.colcon_core.shell:Creating package script '/home/jaeho/project_ws/install/dsr_common2/share/dsr_common2/package.ps1'
[4.348s] INFO:colcon.colcon_core.shell:Creating package descriptor '/home/jaeho/project_ws/install/dsr_common2/share/dsr_common2/package.dsv'
[4.349s] INFO:colcon.colcon_core.shell:Creating package script '/home/jaeho/project_ws/install/dsr_common2/share/dsr_common2/package.sh'
[4.350s] INFO:colcon.colcon_core.shell:Creating package script '/home/jaeho/project_ws/install/dsr_common2/share/dsr_common2/package.bash'
[4.350s] INFO:colcon.colcon_core.shell:Creating package script '/home/jaeho/project_ws/install/dsr_common2/share/dsr_common2/package.zsh'
[4.351s] Level 1:colcon.colcon_core.environment:create_file_with_runtime_dependencies(/home/jaeho/project_ws/install/dsr_common2/share/colcon-core/packages/dsr_common2)
[4.351s] DEBUG:colcon.colcon_parallel_executor.executor.parallel:closing loop
[4.352s] DEBUG:colcon.colcon_parallel_executor.executor.parallel:loop closed
[4.352s] DEBUG:colcon.colcon_parallel_executor.executor.parallel:run_until_complete finished with '0'
[4.352s] DEBUG:colcon.colcon_core.event_reactor:joining thread
[4.428s] INFO:colcon.colcon_core.plugin_system:Skipping extension 'colcon_notification.desktop_notification.notify_send': Could not find 'notify-send'
[4.428s] INFO:colcon.colcon_core.plugin_system:Skipping extension 'colcon_notification.desktop_notification.terminal_notifier': Not used on non-Darwin systems
[4.428s] INFO:colcon.colcon_core.plugin_system:Skipping extension 'colcon_notification.desktop_notification.win32': Not used on non-Windows systems
[4.428s] INFO:colcon.colcon_notification.desktop_notification:Sending desktop notification using 'notify2'
[4.434s] DEBUG:colcon.colcon_notification.desktop_notification.notify2:Failed to initialize notify2: org.freedesktop.DBus.Error.ServiceUnknown: The name org.freedesktop.Notifications was not provided by any .service files
[4.435s] DEBUG:colcon.colcon_core.event_reactor:joined thread
[4.435s] INFO:colcon.colcon_core.shell:Creating prefix script '/home/jaeho/project_ws/install/local_setup.ps1'
[4.436s] INFO:colcon.colcon_core.shell:Creating prefix util module '/home/jaeho/project_ws/install/_local_setup_util_ps1.py'
[4.438s] INFO:colcon.colcon_core.shell:Creating prefix chain script '/home/jaeho/project_ws/install/setup.ps1'
[4.440s] INFO:colcon.colcon_core.shell:Creating prefix script '/home/jaeho/project_ws/install/local_setup.sh'
[4.440s] INFO:colcon.colcon_core.shell:Creating prefix util module '/home/jaeho/project_ws/install/_local_setup_util_sh.py'
[4.441s] INFO:colcon.colcon_core.shell:Creating prefix chain script '/home/jaeho/project_ws/install/setup.sh'
[4.442s] INFO:colcon.colcon_core.shell:Creating prefix script '/home/jaeho/project_ws/install/local_setup.bash'
[4.443s] INFO:colcon.colcon_core.shell:Creating prefix chain script '/home/jaeho/project_ws/install/setup.bash'
[4.444s] INFO:colcon.colcon_core.shell:Creating prefix script '/home/jaeho/project_ws/install/local_setup.zsh'
[4.445s] INFO:colcon.colcon_core.shell:Creating prefix chain script '/home/jaeho/project_ws/install/setup.zsh'
