[15.193s] DEBUG:colcon:Command line arguments: ['/usr/bin/colcon', 'build', '--packages-select', 'doosan_m0609_hardware', '--cmake-args', '-DDRCF_VER=2']
[15.193s] DEBUG:colcon:Parsed command line arguments: Namespace(log_base=None, log_level=None, verb_name='build', build_base='build', install_base='install', merge_install=False, symlink_install=False, test_result_base=None, continue_on_error=False, executor='parallel', parallel_workers=6, event_handlers=None, ignore_user_meta=False, metas=['./colcon.meta'], base_paths=['.'], packages_ignore=None, packages_ignore_regex=None, paths=None, packages_up_to=None, packages_up_to_regex=None, packages_above=None, packages_above_and_dependencies=None, packages_above_depth=None, packages_select_by_dep=None, packages_skip_by_dep=None, packages_skip_up_to=None, packages_select_build_failed=False, packages_skip_build_finished=False, packages_select_test_failures=False, packages_skip_test_passed=False, packages_select=['doosan_m0609_hardware'], packages_skip=None, packages_select_regex=None, packages_skip_regex=None, packages_start=None, packages_end=None, allow_overriding=[], cmake_args=['-DDRCF_VER=2'], cmake_target=None, cmake_target_skip_unavailable=False, cmake_clean_cache=False, cmake_clean_first=False, cmake_force_configure=False, ament_cmake_args=None, catkin_cmake_args=None, catkin_skip_building_tests=False, verb_parser=<colcon_defaults.argument_parser.defaults.DefaultArgumentsDecorator object at 0x7fad95720880>, verb_extension=<colcon_core.verb.build.BuildVerb object at 0x7fad956a2d10>, main=<bound method BuildVerb.main of <colcon_core.verb.build.BuildVerb object at 0x7fad956a2d10>>)
[15.363s] Level 1:colcon.colcon_core.package_discovery:discover_packages(colcon_meta) check parameters
[15.363s] Level 1:colcon.colcon_core.package_discovery:discover_packages(recursive) check parameters
[15.363s] Level 1:colcon.colcon_core.package_discovery:discover_packages(ignore) check parameters
[15.363s] Level 1:colcon.colcon_core.package_discovery:discover_packages(path) check parameters
[15.363s] Level 1:colcon.colcon_core.package_discovery:discover_packages(colcon_meta) discover
[15.363s] Level 1:colcon.colcon_core.package_discovery:discover_packages(recursive) discover
[15.363s] INFO:colcon.colcon_core.package_discovery:Crawling recursively for packages in '/home/jack/project_ws'
[15.363s] Level 1:colcon.colcon_core.package_identification:_identify(.) by extensions ['ignore', 'ignore_ament_install']
[15.363s] Level 1:colcon.colcon_core.package_identification:_identify(.) by extension 'ignore'
[15.363s] Level 1:colcon.colcon_core.package_identification:_identify(.) by extension 'ignore_ament_install'
[15.363s] Level 1:colcon.colcon_core.package_identification:_identify(.) by extensions ['colcon_pkg']
[15.364s] Level 1:colcon.colcon_core.package_identification:_identify(.) by extension 'colcon_pkg'
[15.364s] Level 1:colcon.colcon_core.package_identification:_identify(.) by extensions ['colcon_meta']
[15.364s] Level 1:colcon.colcon_core.package_identification:_identify(.) by extension 'colcon_meta'
[15.364s] Level 1:colcon.colcon_core.package_identification:_identify(.) by extensions ['ros']
[15.364s] Level 1:colcon.colcon_core.package_identification:_identify(.) by extension 'ros'
[15.371s] Level 1:colcon.colcon_core.package_identification:_identify(.) by extensions ['cmake', 'python']
[15.371s] Level 1:colcon.colcon_core.package_identification:_identify(.) by extension 'cmake'
[15.371s] Level 1:colcon.colcon_core.package_identification:_identify(.) by extension 'python'
[15.372s] Level 1:colcon.colcon_core.package_identification:_identify(.) by extensions ['python_setup_py']
[15.372s] Level 1:colcon.colcon_core.package_identification:_identify(.) by extension 'python_setup_py'
[15.372s] Level 1:colcon.colcon_core.package_identification:_identify(build) by extensions ['ignore', 'ignore_ament_install']
[15.372s] Level 1:colcon.colcon_core.package_identification:_identify(build) by extension 'ignore'
[15.372s] Level 1:colcon.colcon_core.package_identification:_identify(build) ignored
[15.372s] Level 1:colcon.colcon_core.package_identification:_identify(development) by extensions ['ignore', 'ignore_ament_install']
[15.372s] Level 1:colcon.colcon_core.package_identification:_identify(development) by extension 'ignore'
[15.372s] Level 1:colcon.colcon_core.package_identification:_identify(development) by extension 'ignore_ament_install'
[15.372s] Level 1:colcon.colcon_core.package_identification:_identify(development) by extensions ['colcon_pkg']
[15.372s] Level 1:colcon.colcon_core.package_identification:_identify(development) by extension 'colcon_pkg'
[15.372s] Level 1:colcon.colcon_core.package_identification:_identify(development) by extensions ['colcon_meta']
[15.372s] Level 1:colcon.colcon_core.package_identification:_identify(development) by extension 'colcon_meta'
[15.372s] Level 1:colcon.colcon_core.package_identification:_identify(development) by extensions ['ros']
[15.372s] Level 1:colcon.colcon_core.package_identification:_identify(development) by extension 'ros'
[15.372s] Level 1:colcon.colcon_core.package_identification:_identify(development) by extensions ['cmake', 'python']
[15.372s] Level 1:colcon.colcon_core.package_identification:_identify(development) by extension 'cmake'
[15.372s] Level 1:colcon.colcon_core.package_identification:_identify(development) by extension 'python'
[15.372s] Level 1:colcon.colcon_core.package_identification:_identify(development) by extensions ['python_setup_py']
[15.373s] Level 1:colcon.colcon_core.package_identification:_identify(development) by extension 'python_setup_py'
[15.373s] Level 1:colcon.colcon_core.package_identification:_identify(development/scripts) by extensions ['ignore', 'ignore_ament_install']
[15.373s] Level 1:colcon.colcon_core.package_identification:_identify(development/scripts) by extension 'ignore'
[15.373s] Level 1:colcon.colcon_core.package_identification:_identify(development/scripts) by extension 'ignore_ament_install'
[15.373s] Level 1:colcon.colcon_core.package_identification:_identify(development/scripts) by extensions ['colcon_pkg']
[15.373s] Level 1:colcon.colcon_core.package_identification:_identify(development/scripts) by extension 'colcon_pkg'
[15.373s] Level 1:colcon.colcon_core.package_identification:_identify(development/scripts) by extensions ['colcon_meta']
[15.373s] Level 1:colcon.colcon_core.package_identification:_identify(development/scripts) by extension 'colcon_meta'
[15.373s] Level 1:colcon.colcon_core.package_identification:_identify(development/scripts) by extensions ['ros']
[15.373s] Level 1:colcon.colcon_core.package_identification:_identify(development/scripts) by extension 'ros'
[15.373s] Level 1:colcon.colcon_core.package_identification:_identify(development/scripts) by extensions ['cmake', 'python']
[15.373s] Level 1:colcon.colcon_core.package_identification:_identify(development/scripts) by extension 'cmake'
[15.373s] Level 1:colcon.colcon_core.package_identification:_identify(development/scripts) by extension 'python'
[15.373s] Level 1:colcon.colcon_core.package_identification:_identify(development/scripts) by extensions ['python_setup_py']
[15.373s] Level 1:colcon.colcon_core.package_identification:_identify(development/scripts) by extension 'python_setup_py'
[15.373s] Level 1:colcon.colcon_core.package_identification:_identify(install) by extensions ['ignore', 'ignore_ament_install']
[15.373s] Level 1:colcon.colcon_core.package_identification:_identify(install) by extension 'ignore'
[15.373s] Level 1:colcon.colcon_core.package_identification:_identify(install) ignored
[15.374s] Level 1:colcon.colcon_core.package_identification:_identify(log) by extensions ['ignore', 'ignore_ament_install']
[15.374s] Level 1:colcon.colcon_core.package_identification:_identify(log) by extension 'ignore'
[15.374s] Level 1:colcon.colcon_core.package_identification:_identify(log) ignored
[15.374s] Level 1:colcon.colcon_core.package_identification:_identify(src) by extensions ['ignore', 'ignore_ament_install']
[15.374s] Level 1:colcon.colcon_core.package_identification:_identify(src) by extension 'ignore'
[15.374s] Level 1:colcon.colcon_core.package_identification:_identify(src) by extension 'ignore_ament_install'
[15.374s] Level 1:colcon.colcon_core.package_identification:_identify(src) by extensions ['colcon_pkg']
[15.374s] Level 1:colcon.colcon_core.package_identification:_identify(src) by extension 'colcon_pkg'
[15.374s] Level 1:colcon.colcon_core.package_identification:_identify(src) by extensions ['colcon_meta']
[15.374s] Level 1:colcon.colcon_core.package_identification:_identify(src) by extension 'colcon_meta'
[15.374s] Level 1:colcon.colcon_core.package_identification:_identify(src) by extensions ['ros']
[15.374s] Level 1:colcon.colcon_core.package_identification:_identify(src) by extension 'ros'
[15.374s] Level 1:colcon.colcon_core.package_identification:_identify(src) by extensions ['cmake', 'python']
[15.374s] Level 1:colcon.colcon_core.package_identification:_identify(src) by extension 'cmake'
[15.374s] Level 1:colcon.colcon_core.package_identification:_identify(src) by extension 'python'
[15.374s] Level 1:colcon.colcon_core.package_identification:_identify(src) by extensions ['python_setup_py']
[15.374s] Level 1:colcon.colcon_core.package_identification:_identify(src) by extension 'python_setup_py'
[15.374s] Level 1:colcon.colcon_core.package_identification:_identify(src/arduino_loadcell_interface) by extensions ['ignore', 'ignore_ament_install']
[15.375s] Level 1:colcon.colcon_core.package_identification:_identify(src/arduino_loadcell_interface) by extension 'ignore'
[15.375s] Level 1:colcon.colcon_core.package_identification:_identify(src/arduino_loadcell_interface) by extension 'ignore_ament_install'
[15.375s] Level 1:colcon.colcon_core.package_identification:_identify(src/arduino_loadcell_interface) by extensions ['colcon_pkg']
[15.375s] Level 1:colcon.colcon_core.package_identification:_identify(src/arduino_loadcell_interface) by extension 'colcon_pkg'
[15.375s] Level 1:colcon.colcon_core.package_identification:_identify(src/arduino_loadcell_interface) by extensions ['colcon_meta']
[15.375s] Level 1:colcon.colcon_core.package_identification:_identify(src/arduino_loadcell_interface) by extension 'colcon_meta'
[15.375s] Level 1:colcon.colcon_core.package_identification:_identify(src/arduino_loadcell_interface) by extensions ['ros']
[15.375s] Level 1:colcon.colcon_core.package_identification:_identify(src/arduino_loadcell_interface) by extension 'ros'
[15.377s] DEBUG:colcon.colcon_core.package_identification:Package 'src/arduino_loadcell_interface' with type 'ros.ament_python' and name 'arduino_loadcell_interface'
[15.377s] Level 1:colcon.colcon_core.package_identification:_identify(src/chemistry_experiment_manager) by extensions ['ignore', 'ignore_ament_install']
[15.377s] Level 1:colcon.colcon_core.package_identification:_identify(src/chemistry_experiment_manager) by extension 'ignore'
[15.377s] Level 1:colcon.colcon_core.package_identification:_identify(src/chemistry_experiment_manager) by extension 'ignore_ament_install'
[15.377s] Level 1:colcon.colcon_core.package_identification:_identify(src/chemistry_experiment_manager) by extensions ['colcon_pkg']
[15.377s] Level 1:colcon.colcon_core.package_identification:_identify(src/chemistry_experiment_manager) by extension 'colcon_pkg'
[15.377s] Level 1:colcon.colcon_core.package_identification:_identify(src/chemistry_experiment_manager) by extensions ['colcon_meta']
[15.377s] Level 1:colcon.colcon_core.package_identification:_identify(src/chemistry_experiment_manager) by extension 'colcon_meta'
[15.377s] Level 1:colcon.colcon_core.package_identification:_identify(src/chemistry_experiment_manager) by extensions ['ros']
[15.377s] Level 1:colcon.colcon_core.package_identification:_identify(src/chemistry_experiment_manager) by extension 'ros'
[15.378s] DEBUG:colcon.colcon_core.package_identification:Package 'src/chemistry_experiment_manager' with type 'ros.ament_python' and name 'chemistry_experiment_manager'
[15.378s] Level 1:colcon.colcon_core.package_identification:_identify(src/doosan_m0609_bringup) by extensions ['ignore', 'ignore_ament_install']
[15.378s] Level 1:colcon.colcon_core.package_identification:_identify(src/doosan_m0609_bringup) by extension 'ignore'
[15.378s] Level 1:colcon.colcon_core.package_identification:_identify(src/doosan_m0609_bringup) by extension 'ignore_ament_install'
[15.378s] Level 1:colcon.colcon_core.package_identification:_identify(src/doosan_m0609_bringup) by extensions ['colcon_pkg']
[15.378s] Level 1:colcon.colcon_core.package_identification:_identify(src/doosan_m0609_bringup) by extension 'colcon_pkg'
[15.378s] Level 1:colcon.colcon_core.package_identification:_identify(src/doosan_m0609_bringup) by extensions ['colcon_meta']
[15.378s] Level 1:colcon.colcon_core.package_identification:_identify(src/doosan_m0609_bringup) by extension 'colcon_meta'
[15.378s] Level 1:colcon.colcon_core.package_identification:_identify(src/doosan_m0609_bringup) by extensions ['ros']
[15.378s] Level 1:colcon.colcon_core.package_identification:_identify(src/doosan_m0609_bringup) by extension 'ros'
[15.379s] DEBUG:colcon.colcon_core.package_identification:Package 'src/doosan_m0609_bringup' with type 'ros.ament_python' and name 'doosan_m0609_bringup'
[15.379s] Level 1:colcon.colcon_core.package_identification:_identify(src/doosan_m0609_controller) by extensions ['ignore', 'ignore_ament_install']
[15.379s] Level 1:colcon.colcon_core.package_identification:_identify(src/doosan_m0609_controller) by extension 'ignore'
[15.379s] Level 1:colcon.colcon_core.package_identification:_identify(src/doosan_m0609_controller) by extension 'ignore_ament_install'
[15.379s] Level 1:colcon.colcon_core.package_identification:_identify(src/doosan_m0609_controller) by extensions ['colcon_pkg']
[15.379s] Level 1:colcon.colcon_core.package_identification:_identify(src/doosan_m0609_controller) by extension 'colcon_pkg'
[15.379s] Level 1:colcon.colcon_core.package_identification:_identify(src/doosan_m0609_controller) by extensions ['colcon_meta']
[15.379s] Level 1:colcon.colcon_core.package_identification:_identify(src/doosan_m0609_controller) by extension 'colcon_meta'
[15.379s] Level 1:colcon.colcon_core.package_identification:_identify(src/doosan_m0609_controller) by extensions ['ros']
[15.379s] Level 1:colcon.colcon_core.package_identification:_identify(src/doosan_m0609_controller) by extension 'ros'
[15.381s] DEBUG:colcon.colcon_core.package_identification:Package 'src/doosan_m0609_controller' with type 'ros.ament_cmake' and name 'doosan_m0609_controller'
[15.381s] Level 1:colcon.colcon_core.package_identification:_identify(src/doosan_m0609_description) by extensions ['ignore', 'ignore_ament_install']
[15.381s] Level 1:colcon.colcon_core.package_identification:_identify(src/doosan_m0609_description) by extension 'ignore'
[15.381s] Level 1:colcon.colcon_core.package_identification:_identify(src/doosan_m0609_description) by extension 'ignore_ament_install'
[15.381s] Level 1:colcon.colcon_core.package_identification:_identify(src/doosan_m0609_description) by extensions ['colcon_pkg']
[15.381s] Level 1:colcon.colcon_core.package_identification:_identify(src/doosan_m0609_description) by extension 'colcon_pkg'
[15.381s] Level 1:colcon.colcon_core.package_identification:_identify(src/doosan_m0609_description) by extensions ['colcon_meta']
[15.381s] Level 1:colcon.colcon_core.package_identification:_identify(src/doosan_m0609_description) by extension 'colcon_meta'
[15.381s] Level 1:colcon.colcon_core.package_identification:_identify(src/doosan_m0609_description) by extensions ['ros']
[15.381s] Level 1:colcon.colcon_core.package_identification:_identify(src/doosan_m0609_description) by extension 'ros'
[15.382s] DEBUG:colcon.colcon_core.package_identification:Package 'src/doosan_m0609_description' with type 'ros.ament_cmake' and name 'doosan_m0609_description'
[15.382s] Level 1:colcon.colcon_core.package_identification:_identify(src/doosan_m0609_hardware) by extensions ['ignore', 'ignore_ament_install']
[15.382s] Level 1:colcon.colcon_core.package_identification:_identify(src/doosan_m0609_hardware) by extension 'ignore'
[15.382s] Level 1:colcon.colcon_core.package_identification:_identify(src/doosan_m0609_hardware) by extension 'ignore_ament_install'
[15.382s] Level 1:colcon.colcon_core.package_identification:_identify(src/doosan_m0609_hardware) by extensions ['colcon_pkg']
[15.382s] Level 1:colcon.colcon_core.package_identification:_identify(src/doosan_m0609_hardware) by extension 'colcon_pkg'
[15.382s] Level 1:colcon.colcon_core.package_identification:_identify(src/doosan_m0609_hardware) by extensions ['colcon_meta']
[15.382s] Level 1:colcon.colcon_core.package_identification:_identify(src/doosan_m0609_hardware) by extension 'colcon_meta'
[15.382s] Level 1:colcon.colcon_core.package_identification:_identify(src/doosan_m0609_hardware) by extensions ['ros']
[15.382s] Level 1:colcon.colcon_core.package_identification:_identify(src/doosan_m0609_hardware) by extension 'ros'
[15.383s] DEBUG:colcon.colcon_core.package_identification:Package 'src/doosan_m0609_hardware' with type 'ros.ament_cmake' and name 'doosan_m0609_hardware'
[15.383s] Level 1:colcon.colcon_core.package_identification:_identify(src/doosan_m0609_msgs) by extensions ['ignore', 'ignore_ament_install']
[15.383s] Level 1:colcon.colcon_core.package_identification:_identify(src/doosan_m0609_msgs) by extension 'ignore'
[15.383s] Level 1:colcon.colcon_core.package_identification:_identify(src/doosan_m0609_msgs) by extension 'ignore_ament_install'
[15.384s] Level 1:colcon.colcon_core.package_identification:_identify(src/doosan_m0609_msgs) by extensions ['colcon_pkg']
[15.384s] Level 1:colcon.colcon_core.package_identification:_identify(src/doosan_m0609_msgs) by extension 'colcon_pkg'
[15.384s] Level 1:colcon.colcon_core.package_identification:_identify(src/doosan_m0609_msgs) by extensions ['colcon_meta']
[15.384s] Level 1:colcon.colcon_core.package_identification:_identify(src/doosan_m0609_msgs) by extension 'colcon_meta'
[15.384s] Level 1:colcon.colcon_core.package_identification:_identify(src/doosan_m0609_msgs) by extensions ['ros']
[15.384s] Level 1:colcon.colcon_core.package_identification:_identify(src/doosan_m0609_msgs) by extension 'ros'
[15.384s] DEBUG:colcon.colcon_core.package_identification:Package 'src/doosan_m0609_msgs' with type 'ros.ament_cmake' and name 'doosan_m0609_msgs'
[15.384s] Level 1:colcon.colcon_core.package_identification:_identify(src/dsr_common2) by extensions ['ignore', 'ignore_ament_install']
[15.384s] Level 1:colcon.colcon_core.package_identification:_identify(src/dsr_common2) by extension 'ignore'
[15.384s] Level 1:colcon.colcon_core.package_identification:_identify(src/dsr_common2) by extension 'ignore_ament_install'
[15.385s] Level 1:colcon.colcon_core.package_identification:_identify(src/dsr_common2) by extensions ['colcon_pkg']
[15.385s] Level 1:colcon.colcon_core.package_identification:_identify(src/dsr_common2) by extension 'colcon_pkg'
[15.385s] Level 1:colcon.colcon_core.package_identification:_identify(src/dsr_common2) by extensions ['colcon_meta']
[15.385s] Level 1:colcon.colcon_core.package_identification:_identify(src/dsr_common2) by extension 'colcon_meta'
[15.385s] Level 1:colcon.colcon_core.package_identification:_identify(src/dsr_common2) by extensions ['ros']
[15.385s] Level 1:colcon.colcon_core.package_identification:_identify(src/dsr_common2) by extension 'ros'
[15.385s] DEBUG:colcon.colcon_core.package_identification:Package 'src/dsr_common2' with type 'ros.ament_cmake' and name 'dsr_common2'
[15.385s] Level 1:colcon.colcon_core.package_identification:_identify(src/precision_liquid_pouring) by extensions ['ignore', 'ignore_ament_install']
[15.385s] Level 1:colcon.colcon_core.package_identification:_identify(src/precision_liquid_pouring) by extension 'ignore'
[15.385s] Level 1:colcon.colcon_core.package_identification:_identify(src/precision_liquid_pouring) by extension 'ignore_ament_install'
[15.385s] Level 1:colcon.colcon_core.package_identification:_identify(src/precision_liquid_pouring) by extensions ['colcon_pkg']
[15.385s] Level 1:colcon.colcon_core.package_identification:_identify(src/precision_liquid_pouring) by extension 'colcon_pkg'
[15.385s] Level 1:colcon.colcon_core.package_identification:_identify(src/precision_liquid_pouring) by extensions ['colcon_meta']
[15.385s] Level 1:colcon.colcon_core.package_identification:_identify(src/precision_liquid_pouring) by extension 'colcon_meta'
[15.386s] Level 1:colcon.colcon_core.package_identification:_identify(src/precision_liquid_pouring) by extensions ['ros']
[15.386s] Level 1:colcon.colcon_core.package_identification:_identify(src/precision_liquid_pouring) by extension 'ros'
[15.386s] DEBUG:colcon.colcon_core.package_identification:Package 'src/precision_liquid_pouring' with type 'ros.ament_python' and name 'precision_liquid_pouring'
[15.386s] Level 1:colcon.colcon_core.package_discovery:discover_packages(recursive) using defaults
[15.386s] Level 1:colcon.colcon_core.package_discovery:discover_packages(ignore) discover
[15.386s] Level 1:colcon.colcon_core.package_discovery:discover_packages(ignore) using defaults
[15.386s] Level 1:colcon.colcon_core.package_discovery:discover_packages(path) discover
[15.386s] Level 1:colcon.colcon_core.package_discovery:discover_packages(path) using defaults
[0.461s] INFO:colcon.colcon_core.package_selection:Skipping not selected package 'arduino_loadcell_interface' in 'src/arduino_loadcell_interface'
[0.462s] INFO:colcon.colcon_core.package_selection:Skipping not selected package 'chemistry_experiment_manager' in 'src/chemistry_experiment_manager'
[0.462s] INFO:colcon.colcon_core.package_selection:Skipping not selected package 'doosan_m0609_description' in 'src/doosan_m0609_description'
[0.462s] INFO:colcon.colcon_core.package_selection:Skipping not selected package 'doosan_m0609_msgs' in 'src/doosan_m0609_msgs'
[0.462s] INFO:colcon.colcon_core.package_selection:Skipping not selected package 'dsr_common2' in 'src/dsr_common2'
[0.462s] INFO:colcon.colcon_core.package_selection:Skipping not selected package 'precision_liquid_pouring' in 'src/precision_liquid_pouring'
[0.462s] INFO:colcon.colcon_core.package_selection:Skipping not selected package 'doosan_m0609_bringup' in 'src/doosan_m0609_bringup'
[0.462s] INFO:colcon.colcon_core.package_selection:Skipping not selected package 'doosan_m0609_controller' in 'src/doosan_m0609_controller'
[0.462s] Level 1:colcon.colcon_core.package_discovery:discover_packages(prefix_path) check parameters
[0.462s] Level 1:colcon.colcon_core.package_discovery:discover_packages(prefix_path) discover
[0.464s] DEBUG:colcon.colcon_installed_package_information.package_discovery:Found 3 installed packages in /home/jack/project_ws/install
[0.465s] DEBUG:colcon.colcon_installed_package_information.package_discovery:Found 381 installed packages in /opt/ros/humble
[0.467s] Level 1:colcon.colcon_core.package_discovery:discover_packages(prefix_path) using defaults
[0.499s] Level 5:colcon.colcon_core.verb:set package 'doosan_m0609_hardware' build argument 'cmake_args' from command line to '['-DDRCF_VER=2']'
[0.500s] Level 5:colcon.colcon_core.verb:set package 'doosan_m0609_hardware' build argument 'cmake_target' from command line to 'None'
[0.500s] Level 5:colcon.colcon_core.verb:set package 'doosan_m0609_hardware' build argument 'cmake_target_skip_unavailable' from command line to 'False'
[0.500s] Level 5:colcon.colcon_core.verb:set package 'doosan_m0609_hardware' build argument 'cmake_clean_cache' from command line to 'False'
[0.500s] Level 5:colcon.colcon_core.verb:set package 'doosan_m0609_hardware' build argument 'cmake_clean_first' from command line to 'False'
[0.500s] Level 5:colcon.colcon_core.verb:set package 'doosan_m0609_hardware' build argument 'cmake_force_configure' from command line to 'False'
[0.500s] Level 5:colcon.colcon_core.verb:set package 'doosan_m0609_hardware' build argument 'ament_cmake_args' from command line to 'None'
[0.500s] Level 5:colcon.colcon_core.verb:set package 'doosan_m0609_hardware' build argument 'catkin_cmake_args' from command line to 'None'
[0.500s] Level 5:colcon.colcon_core.verb:set package 'doosan_m0609_hardware' build argument 'catkin_skip_building_tests' from command line to 'False'
[0.500s] DEBUG:colcon.colcon_core.verb:Building package 'doosan_m0609_hardware' with the following arguments: {'ament_cmake_args': None, 'build_base': '/home/jack/project_ws/build/doosan_m0609_hardware', 'catkin_cmake_args': None, 'catkin_skip_building_tests': False, 'cmake_args': ['-DDRCF_VER=2'], 'cmake_clean_cache': False, 'cmake_clean_first': False, 'cmake_force_configure': False, 'cmake_target': None, 'cmake_target_skip_unavailable': False, 'install_base': '/home/jack/project_ws/install/doosan_m0609_hardware', 'merge_install': False, 'path': '/home/jack/project_ws/src/doosan_m0609_hardware', 'symlink_install': False, 'test_result_base': None}
[0.500s] INFO:colcon.colcon_core.executor:Executing jobs using 'parallel' executor
[0.501s] DEBUG:colcon.colcon_parallel_executor.executor.parallel:run_until_complete
[0.501s] INFO:colcon.colcon_ros.task.ament_cmake.build:Building ROS package in '/home/jack/project_ws/src/doosan_m0609_hardware' with build type 'ament_cmake'
[0.501s] INFO:colcon.colcon_cmake.task.cmake.build:Building CMake package in '/home/jack/project_ws/src/doosan_m0609_hardware'
[0.503s] INFO:colcon.colcon_core.plugin_system:Skipping extension 'colcon_core.shell.bat': Not used on non-Windows systems
[0.503s] INFO:colcon.colcon_core.shell:Skip shell extension 'powershell' for command environment: Not usable outside of PowerShell
[0.503s] DEBUG:colcon.colcon_core.shell:Skip shell extension 'dsv' for command environment
[0.672s] DEBUG:colcon.colcon_core.event_handler.log_command:Invoking command in '/home/jack/project_ws/build/doosan_m0609_hardware': CMAKE_PREFIX_PATH=/home/jack/project_ws/install/doosan_m0609_msgs:/opt/ros/humble /usr/bin/cmake /home/jack/project_ws/src/doosan_m0609_hardware -DDRCF_VER=2 -DCMAKE_INSTALL_PREFIX=/home/jack/project_ws/install/doosan_m0609_hardware
[3.643s] DEBUG:colcon.colcon_core.event_handler.log_command:Invoked command in '/home/jack/project_ws/build/doosan_m0609_hardware' returned '0': CMAKE_PREFIX_PATH=/home/jack/project_ws/install/doosan_m0609_msgs:/opt/ros/humble /usr/bin/cmake /home/jack/project_ws/src/doosan_m0609_hardware -DDRCF_VER=2 -DCMAKE_INSTALL_PREFIX=/home/jack/project_ws/install/doosan_m0609_hardware
[3.644s] DEBUG:colcon.colcon_core.event_handler.log_command:Invoking command in '/home/jack/project_ws/build/doosan_m0609_hardware': CMAKE_PREFIX_PATH=/home/jack/project_ws/install/doosan_m0609_msgs:/opt/ros/humble /usr/bin/cmake --build /home/jack/project_ws/build/doosan_m0609_hardware -- -j6 -l6
[9.121s] DEBUG:colcon.colcon_core.event_handler.log_command:Invoked command in '/home/jack/project_ws/build/doosan_m0609_hardware' returned '0': CMAKE_PREFIX_PATH=/home/jack/project_ws/install/doosan_m0609_msgs:/opt/ros/humble /usr/bin/cmake --build /home/jack/project_ws/build/doosan_m0609_hardware -- -j6 -l6
[9.128s] DEBUG:colcon.colcon_core.event_handler.log_command:Invoking command in '/home/jack/project_ws/build/doosan_m0609_hardware': CMAKE_PREFIX_PATH=/home/jack/project_ws/install/doosan_m0609_msgs:/opt/ros/humble /usr/bin/cmake --install /home/jack/project_ws/build/doosan_m0609_hardware
[9.143s] Level 1:colcon.colcon_core.environment:create_environment_scripts_only(doosan_m0609_hardware)
[9.144s] DEBUG:colcon.colcon_core.event_handler.log_command:Invoked command in '/home/jack/project_ws/build/doosan_m0609_hardware' returned '0': CMAKE_PREFIX_PATH=/home/jack/project_ws/install/doosan_m0609_msgs:/opt/ros/humble /usr/bin/cmake --install /home/jack/project_ws/build/doosan_m0609_hardware
[9.145s] Level 1:colcon.colcon_core.environment:checking '/home/jack/project_ws/install/doosan_m0609_hardware' for CMake module files
[9.146s] Level 1:colcon.colcon_core.environment:checking '/home/jack/project_ws/install/doosan_m0609_hardware' for CMake config files
[9.146s] Level 1:colcon.colcon_core.shell:create_environment_hook('doosan_m0609_hardware', 'cmake_prefix_path')
[9.146s] INFO:colcon.colcon_core.shell:Creating environment hook '/home/jack/project_ws/install/doosan_m0609_hardware/share/doosan_m0609_hardware/hook/cmake_prefix_path.ps1'
[9.147s] INFO:colcon.colcon_core.shell:Creating environment descriptor '/home/jack/project_ws/install/doosan_m0609_hardware/share/doosan_m0609_hardware/hook/cmake_prefix_path.dsv'
[9.147s] INFO:colcon.colcon_core.shell:Creating environment hook '/home/jack/project_ws/install/doosan_m0609_hardware/share/doosan_m0609_hardware/hook/cmake_prefix_path.sh'
[9.148s] Level 1:colcon.colcon_core.environment:checking '/home/jack/project_ws/install/doosan_m0609_hardware/lib'
[9.148s] Level 1:colcon.colcon_core.shell:create_environment_hook('doosan_m0609_hardware', 'ld_library_path_lib')
[9.148s] INFO:colcon.colcon_core.shell:Creating environment hook '/home/jack/project_ws/install/doosan_m0609_hardware/share/doosan_m0609_hardware/hook/ld_library_path_lib.ps1'
[9.149s] INFO:colcon.colcon_core.shell:Creating environment descriptor '/home/jack/project_ws/install/doosan_m0609_hardware/share/doosan_m0609_hardware/hook/ld_library_path_lib.dsv'
[9.149s] INFO:colcon.colcon_core.shell:Creating environment hook '/home/jack/project_ws/install/doosan_m0609_hardware/share/doosan_m0609_hardware/hook/ld_library_path_lib.sh'
[9.149s] Level 1:colcon.colcon_core.environment:checking '/home/jack/project_ws/install/doosan_m0609_hardware/bin'
[9.149s] Level 1:colcon.colcon_core.environment:checking '/home/jack/project_ws/install/doosan_m0609_hardware/lib/pkgconfig/doosan_m0609_hardware.pc'
[9.149s] Level 1:colcon.colcon_core.environment:checking '/home/jack/project_ws/install/doosan_m0609_hardware/lib/python3.10/site-packages'
[9.150s] Level 1:colcon.colcon_core.environment:checking '/home/jack/project_ws/install/doosan_m0609_hardware/bin'
[9.150s] INFO:colcon.colcon_core.shell:Creating package script '/home/jack/project_ws/install/doosan_m0609_hardware/share/doosan_m0609_hardware/package.ps1'
[9.150s] INFO:colcon.colcon_core.shell:Creating package descriptor '/home/jack/project_ws/install/doosan_m0609_hardware/share/doosan_m0609_hardware/package.dsv'
[9.151s] INFO:colcon.colcon_core.shell:Creating package script '/home/jack/project_ws/install/doosan_m0609_hardware/share/doosan_m0609_hardware/package.sh'
[9.151s] INFO:colcon.colcon_core.shell:Creating package script '/home/jack/project_ws/install/doosan_m0609_hardware/share/doosan_m0609_hardware/package.bash'
[9.152s] INFO:colcon.colcon_core.shell:Creating package script '/home/jack/project_ws/install/doosan_m0609_hardware/share/doosan_m0609_hardware/package.zsh'
[9.152s] Level 1:colcon.colcon_core.environment:create_file_with_runtime_dependencies(/home/jack/project_ws/install/doosan_m0609_hardware/share/colcon-core/packages/doosan_m0609_hardware)
[9.153s] Level 1:colcon.colcon_core.environment:create_environment_scripts_only(doosan_m0609_hardware)
[9.153s] Level 1:colcon.colcon_core.environment:checking '/home/jack/project_ws/install/doosan_m0609_hardware' for CMake module files
[9.153s] Level 1:colcon.colcon_core.environment:checking '/home/jack/project_ws/install/doosan_m0609_hardware' for CMake config files
[9.154s] Level 1:colcon.colcon_core.shell:create_environment_hook('doosan_m0609_hardware', 'cmake_prefix_path')
[9.154s] INFO:colcon.colcon_core.shell:Creating environment hook '/home/jack/project_ws/install/doosan_m0609_hardware/share/doosan_m0609_hardware/hook/cmake_prefix_path.ps1'
[9.154s] INFO:colcon.colcon_core.shell:Creating environment descriptor '/home/jack/project_ws/install/doosan_m0609_hardware/share/doosan_m0609_hardware/hook/cmake_prefix_path.dsv'
[9.154s] INFO:colcon.colcon_core.shell:Creating environment hook '/home/jack/project_ws/install/doosan_m0609_hardware/share/doosan_m0609_hardware/hook/cmake_prefix_path.sh'
[9.155s] Level 1:colcon.colcon_core.environment:checking '/home/jack/project_ws/install/doosan_m0609_hardware/lib'
[9.155s] Level 1:colcon.colcon_core.shell:create_environment_hook('doosan_m0609_hardware', 'ld_library_path_lib')
[9.155s] INFO:colcon.colcon_core.shell:Creating environment hook '/home/jack/project_ws/install/doosan_m0609_hardware/share/doosan_m0609_hardware/hook/ld_library_path_lib.ps1'
[9.155s] INFO:colcon.colcon_core.shell:Creating environment descriptor '/home/jack/project_ws/install/doosan_m0609_hardware/share/doosan_m0609_hardware/hook/ld_library_path_lib.dsv'
[9.156s] INFO:colcon.colcon_core.shell:Creating environment hook '/home/jack/project_ws/install/doosan_m0609_hardware/share/doosan_m0609_hardware/hook/ld_library_path_lib.sh'
[9.156s] Level 1:colcon.colcon_core.environment:checking '/home/jack/project_ws/install/doosan_m0609_hardware/bin'
[9.156s] Level 1:colcon.colcon_core.environment:checking '/home/jack/project_ws/install/doosan_m0609_hardware/lib/pkgconfig/doosan_m0609_hardware.pc'
[9.156s] Level 1:colcon.colcon_core.environment:checking '/home/jack/project_ws/install/doosan_m0609_hardware/lib/python3.10/site-packages'
[9.156s] Level 1:colcon.colcon_core.environment:checking '/home/jack/project_ws/install/doosan_m0609_hardware/bin'
[9.157s] INFO:colcon.colcon_core.shell:Creating package script '/home/jack/project_ws/install/doosan_m0609_hardware/share/doosan_m0609_hardware/package.ps1'
[9.157s] INFO:colcon.colcon_core.shell:Creating package descriptor '/home/jack/project_ws/install/doosan_m0609_hardware/share/doosan_m0609_hardware/package.dsv'
[9.157s] INFO:colcon.colcon_core.shell:Creating package script '/home/jack/project_ws/install/doosan_m0609_hardware/share/doosan_m0609_hardware/package.sh'
[9.158s] INFO:colcon.colcon_core.shell:Creating package script '/home/jack/project_ws/install/doosan_m0609_hardware/share/doosan_m0609_hardware/package.bash'
[9.158s] INFO:colcon.colcon_core.shell:Creating package script '/home/jack/project_ws/install/doosan_m0609_hardware/share/doosan_m0609_hardware/package.zsh'
[9.158s] Level 1:colcon.colcon_core.environment:create_file_with_runtime_dependencies(/home/jack/project_ws/install/doosan_m0609_hardware/share/colcon-core/packages/doosan_m0609_hardware)
[9.159s] DEBUG:colcon.colcon_parallel_executor.executor.parallel:closing loop
[9.159s] DEBUG:colcon.colcon_parallel_executor.executor.parallel:loop closed
[9.159s] DEBUG:colcon.colcon_parallel_executor.executor.parallel:run_until_complete finished with '0'
[9.159s] DEBUG:colcon.colcon_core.event_reactor:joining thread
[9.241s] INFO:colcon.colcon_core.plugin_system:Skipping extension 'colcon_notification.desktop_notification.notify_send': Could not find 'notify-send'
[9.241s] INFO:colcon.colcon_core.plugin_system:Skipping extension 'colcon_notification.desktop_notification.terminal_notifier': Not used on non-Darwin systems
[9.242s] INFO:colcon.colcon_core.plugin_system:Skipping extension 'colcon_notification.desktop_notification.win32': Not used on non-Windows systems
[9.242s] INFO:colcon.colcon_notification.desktop_notification:Sending desktop notification using 'notify2'
[9.242s] DEBUG:colcon.colcon_notification.desktop_notification.notify2:Failed to initialize notify2: org.freedesktop.DBus.Error.ServiceUnknown: The name org.freedesktop.Notifications was not provided by any .service files
[9.243s] DEBUG:colcon.colcon_core.event_reactor:joined thread
[9.243s] INFO:colcon.colcon_core.shell:Creating prefix script '/home/jack/project_ws/install/local_setup.ps1'
[9.244s] INFO:colcon.colcon_core.shell:Creating prefix util module '/home/jack/project_ws/install/_local_setup_util_ps1.py'
[9.245s] INFO:colcon.colcon_core.shell:Creating prefix chain script '/home/jack/project_ws/install/setup.ps1'
[9.246s] INFO:colcon.colcon_core.shell:Creating prefix script '/home/jack/project_ws/install/local_setup.sh'
[9.246s] INFO:colcon.colcon_core.shell:Creating prefix util module '/home/jack/project_ws/install/_local_setup_util_sh.py'
[9.247s] INFO:colcon.colcon_core.shell:Creating prefix chain script '/home/jack/project_ws/install/setup.sh'
[9.247s] INFO:colcon.colcon_core.shell:Creating prefix script '/home/jack/project_ws/install/local_setup.bash'
[9.248s] INFO:colcon.colcon_core.shell:Creating prefix chain script '/home/jack/project_ws/install/setup.bash'
[9.248s] INFO:colcon.colcon_core.shell:Creating prefix script '/home/jack/project_ws/install/local_setup.zsh'
[9.249s] INFO:colcon.colcon_core.shell:Creating prefix chain script '/home/jack/project_ws/install/setup.zsh'
