[2.878s] Invoking command in '/home/jaeho/project_ws/src/precision_liquid_pouring': PYTHONPATH=/home/jaeho/project_ws/build/precision_liquid_pouring/prefix_override:/usr/lib/python3/dist-packages/colcon_core/task/python/colcon_distutils_commands:/home/jaeho/project_ws/install/precision_liquid_pouring/lib/python3.10/site-packages:${PYTHONPATH} /usr/bin/python3 -W ignore:setup.py install is deprecated -W ignore:easy_install command is deprecated setup.py egg_info --egg-base ../../build/precision_liquid_pouring build --build-base /home/jaeho/project_ws/build/precision_liquid_pouring/build install --record /home/jaeho/project_ws/build/precision_liquid_pouring/install.log --single-version-externally-managed install_data
[3.594s] running egg_info
[3.599s] creating ../../build/precision_liquid_pouring/precision_liquid_pouring.egg-info
[3.599s] writing ../../build/precision_liquid_pouring/precision_liquid_pouring.egg-info/PKG-INFO
[3.599s] writing dependency_links to ../../build/precision_liquid_pouring/precision_liquid_pouring.egg-info/dependency_links.txt
[3.599s] writing entry points to ../../build/precision_liquid_pouring/precision_liquid_pouring.egg-info/entry_points.txt
[3.599s] writing requirements to ../../build/precision_liquid_pouring/precision_liquid_pouring.egg-info/requires.txt
[3.600s] writing top-level names to ../../build/precision_liquid_pouring/precision_liquid_pouring.egg-info/top_level.txt
[3.600s] writing manifest file '../../build/precision_liquid_pouring/precision_liquid_pouring.egg-info/SOURCES.txt'
[3.604s] reading manifest file '../../build/precision_liquid_pouring/precision_liquid_pouring.egg-info/SOURCES.txt'
[3.605s] writing manifest file '../../build/precision_liquid_pouring/precision_liquid_pouring.egg-info/SOURCES.txt'
[3.605s] running build
[3.605s] running build_py
[3.605s] creating /home/jaeho/project_ws/build/precision_liquid_pouring/build
[3.606s] creating /home/jaeho/project_ws/build/precision_liquid_pouring/build/lib
[3.607s] creating /home/jaeho/project_ws/build/precision_liquid_pouring/build/lib/precision_liquid_pouring
[3.609s] copying precision_liquid_pouring/concentration_calculator.py -> /home/jaeho/project_ws/build/precision_liquid_pouring/build/lib/precision_liquid_pouring
[3.609s] copying precision_liquid_pouring/pouring_controller.py -> /home/jaeho/project_ws/build/precision_liquid_pouring/build/lib/precision_liquid_pouring
[3.609s] copying precision_liquid_pouring/scale_interface.py -> /home/jaeho/project_ws/build/precision_liquid_pouring/build/lib/precision_liquid_pouring
[3.611s] copying precision_liquid_pouring/__init__.py -> /home/jaeho/project_ws/build/precision_liquid_pouring/build/lib/precision_liquid_pouring
[3.612s] copying precision_liquid_pouring/main.py -> /home/jaeho/project_ws/build/precision_liquid_pouring/build/lib/precision_liquid_pouring
[3.612s] copying precision_liquid_pouring/config.py -> /home/jaeho/project_ws/build/precision_liquid_pouring/build/lib/precision_liquid_pouring
[3.617s] copying precision_liquid_pouring/utils.py -> /home/jaeho/project_ws/build/precision_liquid_pouring/build/lib/precision_liquid_pouring
[3.617s] running install
[3.617s] running install_lib
[3.617s] creating /home/jaeho/project_ws/install/precision_liquid_pouring/lib/python3.10/site-packages/precision_liquid_pouring
[3.617s] copying /home/jaeho/project_ws/build/precision_liquid_pouring/build/lib/precision_liquid_pouring/concentration_calculator.py -> /home/jaeho/project_ws/install/precision_liquid_pouring/lib/python3.10/site-packages/precision_liquid_pouring
[3.618s] copying /home/jaeho/project_ws/build/precision_liquid_pouring/build/lib/precision_liquid_pouring/pouring_controller.py -> /home/jaeho/project_ws/install/precision_liquid_pouring/lib/python3.10/site-packages/precision_liquid_pouring
[3.618s] copying /home/jaeho/project_ws/build/precision_liquid_pouring/build/lib/precision_liquid_pouring/scale_interface.py -> /home/jaeho/project_ws/install/precision_liquid_pouring/lib/python3.10/site-packages/precision_liquid_pouring
[3.618s] copying /home/jaeho/project_ws/build/precision_liquid_pouring/build/lib/precision_liquid_pouring/__init__.py -> /home/jaeho/project_ws/install/precision_liquid_pouring/lib/python3.10/site-packages/precision_liquid_pouring
[3.618s] copying /home/jaeho/project_ws/build/precision_liquid_pouring/build/lib/precision_liquid_pouring/main.py -> /home/jaeho/project_ws/install/precision_liquid_pouring/lib/python3.10/site-packages/precision_liquid_pouring
[3.618s] copying /home/jaeho/project_ws/build/precision_liquid_pouring/build/lib/precision_liquid_pouring/config.py -> /home/jaeho/project_ws/install/precision_liquid_pouring/lib/python3.10/site-packages/precision_liquid_pouring
[3.618s] copying /home/jaeho/project_ws/build/precision_liquid_pouring/build/lib/precision_liquid_pouring/utils.py -> /home/jaeho/project_ws/install/precision_liquid_pouring/lib/python3.10/site-packages/precision_liquid_pouring
[3.619s] byte-compiling /home/jaeho/project_ws/install/precision_liquid_pouring/lib/python3.10/site-packages/precision_liquid_pouring/concentration_calculator.py to concentration_calculator.cpython-310.pyc
[3.621s] byte-compiling /home/jaeho/project_ws/install/precision_liquid_pouring/lib/python3.10/site-packages/precision_liquid_pouring/pouring_controller.py to pouring_controller.cpython-310.pyc
[3.624s] byte-compiling /home/jaeho/project_ws/install/precision_liquid_pouring/lib/python3.10/site-packages/precision_liquid_pouring/scale_interface.py to scale_interface.cpython-310.pyc
[3.626s] byte-compiling /home/jaeho/project_ws/install/precision_liquid_pouring/lib/python3.10/site-packages/precision_liquid_pouring/__init__.py to __init__.cpython-310.pyc
[3.630s] byte-compiling /home/jaeho/project_ws/install/precision_liquid_pouring/lib/python3.10/site-packages/precision_liquid_pouring/main.py to main.cpython-310.pyc
[3.630s] byte-compiling /home/jaeho/project_ws/install/precision_liquid_pouring/lib/python3.10/site-packages/precision_liquid_pouring/config.py to config.cpython-310.pyc
[3.631s] byte-compiling /home/jaeho/project_ws/install/precision_liquid_pouring/lib/python3.10/site-packages/precision_liquid_pouring/utils.py to utils.cpython-310.pyc
[3.632s] running install_data
[3.632s] creating /home/jaeho/project_ws/install/precision_liquid_pouring/share/ament_index
[3.633s] creating /home/jaeho/project_ws/install/precision_liquid_pouring/share/ament_index/resource_index
[3.634s] creating /home/jaeho/project_ws/install/precision_liquid_pouring/share/ament_index/resource_index/packages
[3.635s] copying resource/precision_liquid_pouring -> /home/jaeho/project_ws/install/precision_liquid_pouring/share/ament_index/resource_index/packages
[3.636s] copying package.xml -> /home/jaeho/project_ws/install/precision_liquid_pouring/share/precision_liquid_pouring
[3.636s] running install_egg_info
[3.643s] Copying ../../build/precision_liquid_pouring/precision_liquid_pouring.egg-info to /home/jaeho/project_ws/install/precision_liquid_pouring/lib/python3.10/site-packages/precision_liquid_pouring-0.0.0-py3.10.egg-info
[3.646s] running install_scripts
[3.702s] Installing concentration_test script to /home/jaeho/project_ws/install/precision_liquid_pouring/lib/precision_liquid_pouring
[3.706s] Installing pour_control_node script to /home/jaeho/project_ws/install/precision_liquid_pouring/lib/precision_liquid_pouring
[3.707s] writing list of installed files to '/home/jaeho/project_ws/build/precision_liquid_pouring/install.log'
[3.791s] Invoked command in '/home/jaeho/project_ws/src/precision_liquid_pouring' returned '0': PYTHONPATH=/home/jaeho/project_ws/build/precision_liquid_pouring/prefix_override:/usr/lib/python3/dist-packages/colcon_core/task/python/colcon_distutils_commands:/home/jaeho/project_ws/install/precision_liquid_pouring/lib/python3.10/site-packages:${PYTHONPATH} /usr/bin/python3 -W ignore:setup.py install is deprecated -W ignore:easy_install command is deprecated setup.py egg_info --egg-base ../../build/precision_liquid_pouring build --build-base /home/jaeho/project_ws/build/precision_liquid_pouring/build install --record /home/jaeho/project_ws/build/precision_liquid_pouring/install.log --single-version-externally-managed install_data
