running egg_info
writing ../../build/arduino_loadcell_interface/arduino_loadcell_interface.egg-info/PKG-INFO
writing dependency_links to ../../build/arduino_loadcell_interface/arduino_loadcell_interface.egg-info/dependency_links.txt
writing entry points to ../../build/arduino_loadcell_interface/arduino_loadcell_interface.egg-info/entry_points.txt
writing requirements to ../../build/arduino_loadcell_interface/arduino_loadcell_interface.egg-info/requires.txt
writing top-level names to ../../build/arduino_loadcell_interface/arduino_loadcell_interface.egg-info/top_level.txt
reading manifest file '../../build/arduino_loadcell_interface/arduino_loadcell_interface.egg-info/SOURCES.txt'
writing manifest file '../../build/arduino_loadcell_interface/arduino_loadcell_interface.egg-info/SOURCES.txt'
running build
running build_py
running install
running install_lib
running install_data
running install_egg_info
removing '/home/jaeho/project_ws/install/arduino_loadcell_interface/lib/python3.10/site-packages/arduino_loadcell_interface-0.0.0-py3.10.egg-info' (and everything under it)
Copying ../../build/arduino_loadcell_interface/arduino_loadcell_interface.egg-info to /home/jaeho/project_ws/install/arduino_loadcell_interface/lib/python3.10/site-packages/arduino_loadcell_interface-0.0.0-py3.10.egg-info
running install_scripts
Installing loadcell_node script to /home/jaeho/project_ws/install/arduino_loadcell_interface/lib/arduino_loadcell_interface
Installing loadcell_test script to /home/jaeho/project_ws/install/arduino_loadcell_interface/lib/arduino_loadcell_interface
writing list of installed files to '/home/jaeho/project_ws/build/arduino_loadcell_interface/install.log'
