[2.221s] Invoking command in '/home/jaeho/project_ws/src/arduino_loadcell_interface': PYTHONPATH=/home/jaeho/project_ws/build/arduino_loadcell_interface/prefix_override:/usr/lib/python3/dist-packages/colcon_core/task/python/colcon_distutils_commands:/home/jaeho/project_ws/install/arduino_loadcell_interface/lib/python3.10/site-packages:${PYTHONPATH} /usr/bin/python3 -W ignore:setup.py install is deprecated -W ignore:easy_install command is deprecated setup.py egg_info --egg-base ../../build/arduino_loadcell_interface build --build-base /home/jaeho/project_ws/build/arduino_loadcell_interface/build install --record /home/jaeho/project_ws/build/arduino_loadcell_interface/install.log --single-version-externally-managed install_data
[2.720s] running egg_info
[2.721s] writing ../../build/arduino_loadcell_interface/arduino_loadcell_interface.egg-info/PKG-INFO
[2.722s] writing dependency_links to ../../build/arduino_loadcell_interface/arduino_loadcell_interface.egg-info/dependency_links.txt
[2.722s] writing entry points to ../../build/arduino_loadcell_interface/arduino_loadcell_interface.egg-info/entry_points.txt
[2.723s] writing requirements to ../../build/arduino_loadcell_interface/arduino_loadcell_interface.egg-info/requires.txt
[2.723s] writing top-level names to ../../build/arduino_loadcell_interface/arduino_loadcell_interface.egg-info/top_level.txt
[2.727s] reading manifest file '../../build/arduino_loadcell_interface/arduino_loadcell_interface.egg-info/SOURCES.txt'
[2.730s] writing manifest file '../../build/arduino_loadcell_interface/arduino_loadcell_interface.egg-info/SOURCES.txt'
[2.731s] running build
[2.731s] running build_py
[2.732s] running install
[2.733s] running install_lib
[2.735s] running install_data
[2.736s] running install_egg_info
[2.740s] removing '/home/jaeho/project_ws/install/arduino_loadcell_interface/lib/python3.10/site-packages/arduino_loadcell_interface-0.0.0-py3.10.egg-info' (and everything under it)
[2.742s] Copying ../../build/arduino_loadcell_interface/arduino_loadcell_interface.egg-info to /home/jaeho/project_ws/install/arduino_loadcell_interface/lib/python3.10/site-packages/arduino_loadcell_interface-0.0.0-py3.10.egg-info
[2.745s] running install_scripts
[2.785s] Installing loadcell_node script to /home/jaeho/project_ws/install/arduino_loadcell_interface/lib/arduino_loadcell_interface
[2.785s] Installing loadcell_test script to /home/jaeho/project_ws/install/arduino_loadcell_interface/lib/arduino_loadcell_interface
[2.786s] writing list of installed files to '/home/jaeho/project_ws/build/arduino_loadcell_interface/install.log'
[2.931s] Invoked command in '/home/jaeho/project_ws/src/arduino_loadcell_interface' returned '0': PYTHONPATH=/home/jaeho/project_ws/build/arduino_loadcell_interface/prefix_override:/usr/lib/python3/dist-packages/colcon_core/task/python/colcon_distutils_commands:/home/jaeho/project_ws/install/arduino_loadcell_interface/lib/python3.10/site-packages:${PYTHONPATH} /usr/bin/python3 -W ignore:setup.py install is deprecated -W ignore:easy_install command is deprecated setup.py egg_info --egg-base ../../build/arduino_loadcell_interface build --build-base /home/jaeho/project_ws/build/arduino_loadcell_interface/build install --record /home/jaeho/project_ws/build/arduino_loadcell_interface/install.log --single-version-externally-managed install_data
