[0.865s] Invoking command in '/home/jaeho/project_ws/build/sugar_water_experiment': CMAKE_PREFIX_PATH=${CMAKE_PREFIX_PATH}:/home/jaeho/project_ws/install/precision_liquid_pouring:/home/jaeho/project_ws/install/doosan_m0609_bringup:/home/jaeho/project_ws/install/chemistry_experiment_manager:/home/jaeho/project_ws/install/arduino_loadcell_interface:/opt/ros/humble /usr/bin/cmake /home/jaeho/project_ws/src/sugar_water_experiment -DCMAKE_INSTALL_PREFIX=/home/jaeho/project_ws/install/sugar_water_experiment
[0.886s] -- Found ament_cmake: 1.3.12 (/opt/ros/humble/share/ament_cmake/cmake)
[2.027s] -- Found rclcpp: 16.0.14 (/opt/ros/humble/share/rclcpp/cmake)
[2.111s] -- Found rosidl_generator_c: 3.1.7 (/opt/ros/humble/share/rosidl_generator_c/cmake)
[2.113s] -- Found rosidl_adapter: 3.1.7 (/opt/ros/humble/share/rosidl_adapter/cmake)
[2.117s] -- Found rosidl_generator_cpp: 3.1.7 (/opt/ros/humble/share/rosidl_generator_cpp/cmake)
[2.125s] -- Using all available rosidl_typesupport_c: rosidl_typesupport_fastrtps_c;rosidl_typesupport_introspection_c
[2.134s] -- Using all available rosidl_typesupport_cpp: rosidl_typesupport_fastrtps_cpp;rosidl_typesupport_introspection_cpp
[2.158s] -- Found rmw_implementation_cmake: 6.1.2 (/opt/ros/humble/share/rmw_implementation_cmake/cmake)
[2.159s] -- Found rmw_fastrtps_cpp: 6.2.8 (/opt/ros/humble/share/rmw_fastrtps_cpp/cmake)
[7.942s] -- Using RMW implementation 'rmw_fastrtps_cpp' as default
[7.979s] -- Found geometry_msgs: 4.9.0 (/opt/ros/humble/share/geometry_msgs/cmake)
[7.988s] -- Found sensor_msgs: 4.9.0 (/opt/ros/humble/share/sensor_msgs/cmake)
[8.007s] -- Found ament_lint_auto: 0.12.14 (/opt/ros/humble/share/ament_lint_auto/cmake)
[8.073s] -- Added test 'copyright' to check source files copyright and LICENSE
[8.076s] -- Added test 'cppcheck' to perform static code analysis on C / C++ code
[8.076s] -- Configured cppcheck include dirs: /home/jaeho/project_ws/src/sugar_water_experiment/include
[8.076s] -- Configured cppcheck exclude dirs and/or files: 
[8.077s] -- Added test 'cpplint' to check C / C++ code against the Google style
[8.077s] -- Configured cpplint exclude dirs and/or files: 
[8.077s] -- Added test 'flake8' to check Python code syntax and style conventions
[8.078s] -- Added test 'lint_cmake' to check CMake code style
[8.079s] -- Added test 'pep257' to check Python code against some of the docstring style conventions in PEP 257
[8.079s] -- Added test 'uncrustify' to check C / C++ code style
[8.080s] -- Configured uncrustify additional arguments: 
[8.080s] -- Added test 'xmllint' to check XML markup files
[8.082s] -- Configuring done
[8.104s] -- Generating done
[8.114s] -- Build files have been written to: /home/jaeho/project_ws/build/sugar_water_experiment
[8.123s] Invoked command in '/home/jaeho/project_ws/build/sugar_water_experiment' returned '0': CMAKE_PREFIX_PATH=${CMAKE_PREFIX_PATH}:/home/jaeho/project_ws/install/precision_liquid_pouring:/home/jaeho/project_ws/install/doosan_m0609_bringup:/home/jaeho/project_ws/install/chemistry_experiment_manager:/home/jaeho/project_ws/install/arduino_loadcell_interface:/opt/ros/humble /usr/bin/cmake /home/jaeho/project_ws/src/sugar_water_experiment -DCMAKE_INSTALL_PREFIX=/home/jaeho/project_ws/install/sugar_water_experiment
[8.124s] Invoking command in '/home/jaeho/project_ws/build/sugar_water_experiment': CMAKE_PREFIX_PATH=${CMAKE_PREFIX_PATH}:/home/jaeho/project_ws/install/precision_liquid_pouring:/home/jaeho/project_ws/install/doosan_m0609_bringup:/home/jaeho/project_ws/install/chemistry_experiment_manager:/home/jaeho/project_ws/install/arduino_loadcell_interface:/opt/ros/humble /usr/bin/cmake --build /home/jaeho/project_ws/build/sugar_water_experiment -- -j8 -l8
[8.161s] [35m[1mConsolidate compiler generated dependencies of target simple_sequence_controller[0m
[8.165s] [35m[1mConsolidate compiler generated dependencies of target sugar_water_experimenter_node[0m
[8.177s] [ 28%] Built target simple_sequence_controller
[8.184s] [100%] Built target sugar_water_experimenter_node
[8.194s] Invoked command in '/home/jaeho/project_ws/build/sugar_water_experiment' returned '0': CMAKE_PREFIX_PATH=${CMAKE_PREFIX_PATH}:/home/jaeho/project_ws/install/precision_liquid_pouring:/home/jaeho/project_ws/install/doosan_m0609_bringup:/home/jaeho/project_ws/install/chemistry_experiment_manager:/home/jaeho/project_ws/install/arduino_loadcell_interface:/opt/ros/humble /usr/bin/cmake --build /home/jaeho/project_ws/build/sugar_water_experiment -- -j8 -l8
[8.195s] Invoking command in '/home/jaeho/project_ws/build/sugar_water_experiment': CMAKE_PREFIX_PATH=${CMAKE_PREFIX_PATH}:/home/jaeho/project_ws/install/precision_liquid_pouring:/home/jaeho/project_ws/install/doosan_m0609_bringup:/home/jaeho/project_ws/install/chemistry_experiment_manager:/home/jaeho/project_ws/install/arduino_loadcell_interface:/opt/ros/humble /usr/bin/cmake --install /home/jaeho/project_ws/build/sugar_water_experiment
[8.202s] -- Install configuration: "Release"
[8.203s] -- Installing: /home/jaeho/project_ws/install/sugar_water_experiment/lib/sugar_water_experiment/sugar_water_experimenter_node
[8.245s] -- Set runtime path of "/home/jaeho/project_ws/install/sugar_water_experiment/lib/sugar_water_experiment/sugar_water_experimenter_node" to ""
[8.245s] -- Installing: /home/jaeho/project_ws/install/sugar_water_experiment/lib/sugar_water_experiment/simple_sequence_controller
[8.256s] -- Set runtime path of "/home/jaeho/project_ws/install/sugar_water_experiment/lib/sugar_water_experiment/simple_sequence_controller" to ""
[8.256s] -- Installing: /home/jaeho/project_ws/install/sugar_water_experiment/share/sugar_water_experiment//launch
[8.256s] -- Installing: /home/jaeho/project_ws/install/sugar_water_experiment/share/sugar_water_experiment//launch/sugar_water_experiment.launch.py
[8.256s] -- Up-to-date: /home/jaeho/project_ws/install/sugar_water_experiment/share/ament_index/resource_index/package_run_dependencies/sugar_water_experiment
[8.256s] -- Installing: /home/jaeho/project_ws/install/sugar_water_experiment/share/ament_index/resource_index/parent_prefix_path/sugar_water_experiment
[8.257s] -- Up-to-date: /home/jaeho/project_ws/install/sugar_water_experiment/share/sugar_water_experiment/environment/ament_prefix_path.sh
[8.257s] -- Installing: /home/jaeho/project_ws/install/sugar_water_experiment/share/sugar_water_experiment/environment/ament_prefix_path.dsv
[8.257s] -- Up-to-date: /home/jaeho/project_ws/install/sugar_water_experiment/share/sugar_water_experiment/environment/path.sh
[8.257s] -- Installing: /home/jaeho/project_ws/install/sugar_water_experiment/share/sugar_water_experiment/environment/path.dsv
[8.259s] -- Up-to-date: /home/jaeho/project_ws/install/sugar_water_experiment/share/sugar_water_experiment/local_setup.bash
[8.259s] -- Up-to-date: /home/jaeho/project_ws/install/sugar_water_experiment/share/sugar_water_experiment/local_setup.sh
[8.259s] -- Up-to-date: /home/jaeho/project_ws/install/sugar_water_experiment/share/sugar_water_experiment/local_setup.zsh
[8.259s] -- Installing: /home/jaeho/project_ws/install/sugar_water_experiment/share/sugar_water_experiment/local_setup.dsv
[8.259s] -- Installing: /home/jaeho/project_ws/install/sugar_water_experiment/share/sugar_water_experiment/package.dsv
[8.259s] -- Up-to-date: /home/jaeho/project_ws/install/sugar_water_experiment/share/ament_index/resource_index/packages/sugar_water_experiment
[8.259s] -- Up-to-date: /home/jaeho/project_ws/install/sugar_water_experiment/share/sugar_water_experiment/cmake/sugar_water_experimentConfig.cmake
[8.259s] -- Up-to-date: /home/jaeho/project_ws/install/sugar_water_experiment/share/sugar_water_experiment/cmake/sugar_water_experimentConfig-version.cmake
[8.259s] -- Up-to-date: /home/jaeho/project_ws/install/sugar_water_experiment/share/sugar_water_experiment/package.xml
[8.263s] Invoked command in '/home/jaeho/project_ws/build/sugar_water_experiment' returned '0': CMAKE_PREFIX_PATH=${CMAKE_PREFIX_PATH}:/home/jaeho/project_ws/install/precision_liquid_pouring:/home/jaeho/project_ws/install/doosan_m0609_bringup:/home/jaeho/project_ws/install/chemistry_experiment_manager:/home/jaeho/project_ws/install/arduino_loadcell_interface:/opt/ros/humble /usr/bin/cmake --install /home/jaeho/project_ws/build/sugar_water_experiment
