[0.008s] Invoking command in '/home/jack/project_ws/build/dsr_common2': /usr/bin/cmake /home/jack/project_ws/src/dsr_common2 -DCMAKE_INSTALL_PREFIX=/home/jack/project_ws/install/dsr_common2
[0.201s] -- The C compiler identification is GNU 10.5.0
[1.043s] -- The CXX compiler identification is GNU 10.5.0
[1.684s] -- Detecting C compiler ABI info
[1.887s] -- Detecting C compiler ABI info - done
[1.892s] -- Check for working C compiler: /usr/bin/cc - skipped
[1.892s] -- Detecting C compile features
[1.892s] -- Detecting C compile features - done
[1.894s] -- Detecting CXX compiler ABI info
[2.113s] -- Detecting CXX compiler ABI info - done
[2.121s] -- Check for working CXX compiler: /usr/bin/c++ - skipped
[2.121s] -- Detecting CXX compile features
[2.121s] -- Detecting CXX compile features - done
[2.123s] -- Found ament_cmake: 1.3.12 (/opt/ros/humble/share/ament_cmake/cmake)
[2.235s] -- Found Python3: /usr/bin/python3 (found version "3.10.12") found components: Interpreter 
[2.339s] -- Configuring done
[2.344s] -- Generating done
[2.345s] -- Build files have been written to: /home/jack/project_ws/build/dsr_common2
[2.349s] Invoked command in '/home/jack/project_ws/build/dsr_common2' returned '0': /usr/bin/cmake /home/jack/project_ws/src/dsr_common2 -DCMAKE_INSTALL_PREFIX=/home/jack/project_ws/install/dsr_common2
[2.350s] Invoking command in '/home/jack/project_ws/build/dsr_common2': /usr/bin/cmake --build /home/jack/project_ws/build/dsr_common2 -- -j6 -l6
[2.373s] Invoked command in '/home/jack/project_ws/build/dsr_common2' returned '0': /usr/bin/cmake --build /home/jack/project_ws/build/dsr_common2 -- -j6 -l6
[2.379s] Invoking command in '/home/jack/project_ws/build/dsr_common2': /usr/bin/cmake --install /home/jack/project_ws/build/dsr_common2
[2.382s] -- Install configuration: ""
[2.384s] -- Installing: /home/jack/project_ws/install/dsr_common2/share/ament_index/resource_index/package_run_dependencies/dsr_common2
[2.384s] -- Installing: /home/jack/project_ws/install/dsr_common2/share/ament_index/resource_index/parent_prefix_path/dsr_common2
[2.385s] -- Installing: /home/jack/project_ws/install/dsr_common2/share/dsr_common2/environment/ament_prefix_path.sh
[2.385s] -- Installing: /home/jack/project_ws/install/dsr_common2/share/dsr_common2/environment/ament_prefix_path.dsv
[2.385s] -- Installing: /home/jack/project_ws/install/dsr_common2/share/dsr_common2/environment/path.sh
[2.386s] -- Installing: /home/jack/project_ws/install/dsr_common2/share/dsr_common2/environment/path.dsv
[2.386s] -- Installing: /home/jack/project_ws/install/dsr_common2/share/dsr_common2/local_setup.bash
[2.386s] -- Installing: /home/jack/project_ws/install/dsr_common2/share/dsr_common2/local_setup.sh
[2.386s] -- Installing: /home/jack/project_ws/install/dsr_common2/share/dsr_common2/local_setup.zsh
[2.386s] -- Installing: /home/jack/project_ws/install/dsr_common2/share/dsr_common2/local_setup.dsv
[2.386s] -- Installing: /home/jack/project_ws/install/dsr_common2/share/dsr_common2/package.dsv
[2.387s] -- Installing: /home/jack/project_ws/install/dsr_common2/share/ament_index/resource_index/packages/dsr_common2
[2.387s] -- Installing: /home/jack/project_ws/install/dsr_common2/share/dsr_common2/cmake/dsr_common2Config.cmake
[2.387s] -- Installing: /home/jack/project_ws/install/dsr_common2/share/dsr_common2/cmake/dsr_common2Config-version.cmake
[2.387s] -- Installing: /home/jack/project_ws/install/dsr_common2/share/dsr_common2/package.xml
[2.387s] -- Installing: /home/jack/project_ws/install/dsr_common2/share/dsr_common2/bin
[2.388s] -- Installing: /home/jack/project_ws/install/dsr_common2/share/dsr_common2/bin/common2
[2.388s] -- Installing: /home/jack/project_ws/install/dsr_common2/share/dsr_common2/bin/run_drcf.sh
[2.388s] -- Installing: /home/jack/project_ws/install/dsr_common2/lib/dsr_common2/imp
[2.389s] -- Installing: /home/jack/project_ws/install/dsr_common2/lib/dsr_common2/imp/DRFC.py
[2.389s] -- Installing: /home/jack/project_ws/install/dsr_common2/lib/dsr_common2/imp/DR_tcp_client2.py
[2.390s] -- Installing: /home/jack/project_ws/install/dsr_common2/lib/dsr_common2/imp/DR_error2.py
[2.390s] -- Installing: /home/jack/project_ws/install/dsr_common2/lib/dsr_common2/imp/DR_init.py
[2.390s] -- Installing: /home/jack/project_ws/install/dsr_common2/lib/dsr_common2/imp/DSR_ROBOT2.py
[2.392s] -- Installing: /home/jack/project_ws/install/dsr_common2/lib/dsr_common2/imp/DSR_util2.py
[2.392s] -- Installing: /home/jack/project_ws/install/dsr_common2/lib/dsr_common2/imp/__init__.py
[2.393s] -- Installing: /home/jack/project_ws/install/dsr_common2/lib/dsr_common2/imp/DR_common2.py
[2.393s] -- Installing: /home/jack/project_ws/install/dsr_common2/lib/dsr_common2/imp/DR_tcp_server2.py
[2.394s] Invoked command in '/home/jack/project_ws/build/dsr_common2' returned '0': /usr/bin/cmake --install /home/jack/project_ws/build/dsr_common2
