[0.011s] Invoking command in '/home/jaeho/project_ws/build/dsr_common2': CMAKE_PREFIX_PATH=/opt/ros/humble /usr/bin/cmake /home/jaeho/project_ws/src/dsr_common2 -DAMENT_CMAKE_SYMLINK_INSTALL=1 -DCMAKE_INSTALL_PREFIX=/home/jaeho/project_ws/install/dsr_common2
[0.022s] -- Found ament_cmake: 1.3.12 (/opt/ros/humble/share/ament_cmake/cmake)
[0.116s] -- Override CMake install command with custom implementation using symlinks instead of copying resources
[0.180s] -- Configuring done
[0.182s] -- Generating done
[0.184s] -- Build files have been written to: /home/jaeho/project_ws/build/dsr_common2
[0.186s] Invoked command in '/home/jaeho/project_ws/build/dsr_common2' returned '0': CMAKE_PREFIX_PATH=/opt/ros/humble /usr/bin/cmake /home/jaeho/project_ws/src/dsr_common2 -DAMENT_CMAKE_SYMLINK_INSTALL=1 -DCMAKE_INSTALL_PREFIX=/home/jaeho/project_ws/install/dsr_common2
[0.189s] Invoking command in '/home/jaeho/project_ws/build/dsr_common2': CMAKE_PREFIX_PATH=/opt/ros/humble /usr/bin/cmake --build /home/jaeho/project_ws/build/dsr_common2 -- -j8 -l8
[0.219s] Invoked command in '/home/jaeho/project_ws/build/dsr_common2' returned '0': CMAKE_PREFIX_PATH=/opt/ros/humble /usr/bin/cmake --build /home/jaeho/project_ws/build/dsr_common2 -- -j8 -l8
[0.226s] Invoking command in '/home/jaeho/project_ws/build/dsr_common2': CMAKE_PREFIX_PATH=/opt/ros/humble /usr/bin/cmake --install /home/jaeho/project_ws/build/dsr_common2
[0.233s] -- Install configuration: ""
[0.233s] -- Execute custom install script
[0.233s] -- Symlinking: /home/jaeho/project_ws/install/dsr_common2/share/ament_index/resource_index/package_run_dependencies/dsr_common2
[0.242s] -- Symlinking: /home/jaeho/project_ws/install/dsr_common2/share/ament_index/resource_index/parent_prefix_path/dsr_common2
[0.249s] -- Symlinking: /home/jaeho/project_ws/install/dsr_common2/share/dsr_common2/environment/ament_prefix_path.sh
[0.258s] -- Symlinking: /home/jaeho/project_ws/install/dsr_common2/share/dsr_common2/environment/ament_prefix_path.dsv
[0.265s] -- Symlinking: /home/jaeho/project_ws/install/dsr_common2/share/dsr_common2/environment/path.sh
[0.272s] -- Symlinking: /home/jaeho/project_ws/install/dsr_common2/share/dsr_common2/environment/path.dsv
[0.281s] -- Symlinking: /home/jaeho/project_ws/install/dsr_common2/share/dsr_common2/local_setup.bash
[0.288s] -- Symlinking: /home/jaeho/project_ws/install/dsr_common2/share/dsr_common2/local_setup.sh
[0.295s] -- Symlinking: /home/jaeho/project_ws/install/dsr_common2/share/dsr_common2/local_setup.zsh
[0.303s] -- Symlinking: /home/jaeho/project_ws/install/dsr_common2/share/dsr_common2/local_setup.dsv
[0.310s] -- Symlinking: /home/jaeho/project_ws/install/dsr_common2/share/dsr_common2/package.dsv
[0.317s] -- Symlinking: /home/jaeho/project_ws/install/dsr_common2/share/ament_index/resource_index/packages/dsr_common2
[0.325s] -- Symlinking: /home/jaeho/project_ws/install/dsr_common2/share/dsr_common2/cmake/dsr_common2Config.cmake
[0.331s] -- Symlinking: /home/jaeho/project_ws/install/dsr_common2/share/dsr_common2/cmake/dsr_common2Config-version.cmake
[0.338s] -- Symlinking: /home/jaeho/project_ws/install/dsr_common2/share/dsr_common2/package.xml
[0.345s] -- Up-to-date: /home/jaeho/project_ws/install/dsr_common2/share/dsr_common2/bin
[0.345s] -- Up-to-date: /home/jaeho/project_ws/install/dsr_common2/share/dsr_common2/bin/run_drcf.sh
[0.346s] -- Up-to-date: /home/jaeho/project_ws/install/dsr_common2/share/dsr_common2/bin/common2
[0.346s] -- Up-to-date: /home/jaeho/project_ws/install/dsr_common2/lib/dsr_common2/imp
[0.346s] -- Up-to-date: /home/jaeho/project_ws/install/dsr_common2/lib/dsr_common2/imp/DR_tcp_client2.py
[0.346s] -- Up-to-date: /home/jaeho/project_ws/install/dsr_common2/lib/dsr_common2/imp/DR_common2.py
[0.346s] -- Up-to-date: /home/jaeho/project_ws/install/dsr_common2/lib/dsr_common2/imp/DSR_util2.py
[0.346s] -- Up-to-date: /home/jaeho/project_ws/install/dsr_common2/lib/dsr_common2/imp/DR_init.py
[0.346s] -- Up-to-date: /home/jaeho/project_ws/install/dsr_common2/lib/dsr_common2/imp/__init__.py
[0.346s] -- Up-to-date: /home/jaeho/project_ws/install/dsr_common2/lib/dsr_common2/imp/DR_tcp_server2.py
[0.346s] -- Up-to-date: /home/jaeho/project_ws/install/dsr_common2/lib/dsr_common2/imp/DSR_ROBOT2.py
[0.346s] -- Up-to-date: /home/jaeho/project_ws/install/dsr_common2/lib/dsr_common2/imp/DR_error2.py
[0.346s] -- Up-to-date: /home/jaeho/project_ws/install/dsr_common2/lib/dsr_common2/imp/DRFC.py
[0.348s] Invoked command in '/home/jaeho/project_ws/build/dsr_common2' returned '0': CMAKE_PREFIX_PATH=/opt/ros/humble /usr/bin/cmake --install /home/jaeho/project_ws/build/dsr_common2
