[01m[K/home/jaeho/project_ws/src/doosan_m0609_controller/src/drfl_dummy.cpp:10:10:[m[K [01;31m[Kfatal error: [m[KPoco/Net/TCPSocket.h: No such file or directory
   10 | #include [01;31m[K<Poco/Net/TCPSocket.h>[m[K
      |          [01;31m[K^~~~~~~~~~~~~~~~~~~~~~[m[K
compilation terminated.
gmake[2]: *** [CMakeFiles/doosan_controller_node.dir/build.make:104: CMakeFiles/doosan_controller_node.dir/src/drfl_dummy.cpp.o] Error 1
gmake[2]: *** Waiting for unfinished jobs....
[01m[K/home/jaeho/project_ws/src/doosan_m0609_controller/src/doosan_robot_controller.cpp:[m[K In member function ‘[01m[Kvoid DoosanRobotController::publishJointStates()[m[K’:
[01m[K/home/jaeho/project_ws/src/doosan_m0609_controller/src/doosan_robot_controller.cpp:108:31:[m[K [01;31m[Kerror: [m[Kno match for ‘[01m[Koperator=[m[K’ (operand types are ‘[01m[Kdoosan_m0609_controller::msg::JointState_<std::allocator<void> >::_position_type[m[K’ {aka ‘[01m[Kstd::array<double, 6>[m[K’} and ‘[01m[Kstd::vector<double, std::allocator<double> >[m[K’)
  108 |         custom_msg.position = [01;31m[Kjoint_positions[m[K;
      |                               [01;31m[K^~~~~~~~~~~~~~~[m[K
In file included from [01m[K/usr/include/c++/11/tuple:39[m[K,
                 from [01m[K/usr/include/c++/11/bits/unique_ptr.h:37[m[K,
                 from [01m[K/usr/include/c++/11/memory:76[m[K,
                 from [01m[K/opt/ros/humble/include/rclcpp/rclcpp/rclcpp.hpp:153[m[K,
                 from [01m[K/home/jaeho/project_ws/src/doosan_m0609_controller/include/doosan_m0609_controller/doosan_robot_controller.hpp:4[m[K,
                 from [01m[K/home/jaeho/project_ws/src/doosan_m0609_controller/src/doosan_robot_controller.cpp:1[m[K:
[01m[K/usr/include/c++/11/array:95:12:[m[K [01;36m[Knote: [m[Kcandidate: ‘[01m[Kconstexpr std::array<double, 6>& std::array<double, 6>::operator=(const std::array<double, 6>&)[m[K’
   95 |     struct [01;36m[Karray[m[K
      |            [01;36m[K^~~~~[m[K
[01m[K/usr/include/c++/11/array:95:12:[m[K [01;36m[Knote: [m[K  no known conversion for argument 1 from ‘[01m[Kstd::vector<double, std::allocator<double> >[m[K’ to ‘[01m[Kconst std::array<double, 6>&[m[K’
[01m[K/usr/include/c++/11/array:95:12:[m[K [01;36m[Knote: [m[Kcandidate: ‘[01m[Kconstexpr std::array<double, 6>& std::array<double, 6>::operator=(std::array<double, 6>&&)[m[K’
[01m[K/usr/include/c++/11/array:95:12:[m[K [01;36m[Knote: [m[K  no known conversion for argument 1 from ‘[01m[Kstd::vector<double, std::allocator<double> >[m[K’ to ‘[01m[Kstd::array<double, 6>&&[m[K’
[01m[K/home/jaeho/project_ws/src/doosan_m0609_controller/src/doosan_robot_controller.cpp:119:39:[m[K [01;31m[Kerror: [m[Kno match for ‘[01m[Koperator=[m[K’ (operand types are ‘[01m[Ksensor_msgs::msg::JointState_<std::allocator<void> >::_velocity_type[m[K’ {aka ‘[01m[Kstd::vector<double, std::allocator<double> >[m[K’} and ‘[01m[Kdoosan_m0609_controller::msg::JointState_<std::allocator<void> >::_velocity_type[m[K’ {aka ‘[01m[Kstd::array<double, 6>[m[K’})
  119 |         std_msg.velocity = custom_msg.[01;31m[Kvelocity[m[K;
      |                                       [01;31m[K^~~~~~~~[m[K
In file included from [01m[K/usr/include/c++/11/vector:72[m[K,
                 from [01m[K/usr/include/c++/11/functional:62[m[K,
                 from [01m[K/usr/include/c++/11/pstl/glue_algorithm_defs.h:13[m[K,
                 from [01m[K/usr/include/c++/11/algorithm:74[m[K,
                 from [01m[K/opt/ros/humble/include/rclcpp/rclcpp/executor.hpp:18[m[K,
                 from [01m[K/opt/ros/humble/include/rclcpp/rclcpp/executors/multi_threaded_executor.hpp:25[m[K,
                 from [01m[K/opt/ros/humble/include/rclcpp/rclcpp/executors.hpp:21[m[K,
                 from [01m[K/opt/ros/humble/include/rclcpp/rclcpp/rclcpp.hpp:155[m[K,
                 from [01m[K/home/jaeho/project_ws/src/doosan_m0609_controller/include/doosan_m0609_controller/doosan_robot_controller.hpp:4[m[K,
                 from [01m[K/home/jaeho/project_ws/src/doosan_m0609_controller/src/doosan_robot_controller.cpp:1[m[K:
[01m[K/usr/include/c++/11/bits/vector.tcc:198:5:[m[K [01;36m[Knote: [m[Kcandidate: ‘[01m[Kstd::vector<_Tp, _Alloc>& std::vector<_Tp, _Alloc>::operator=(const std::vector<_Tp, _Alloc>&) [with _Tp = double; _Alloc = std::allocator<double>][m[K’
  198 |     [01;36m[Kvector<_Tp, _Alloc>[m[K::
      |     [01;36m[K^~~~~~~~~~~~~~~~~~~[m[K
[01m[K/usr/include/c++/11/bits/vector.tcc:199:42:[m[K [01;36m[Knote: [m[K  no known conversion for argument 1 from ‘[01m[Kdoosan_m0609_controller::msg::JointState_<std::allocator<void> >::_velocity_type[m[K’ {aka ‘[01m[Kstd::array<double, 6>[m[K’} to ‘[01m[Kconst std::vector<double, std::allocator<double> >&[m[K’
  199 |     operator=([01;36m[Kconst vector<_Tp, _Alloc>& __x[m[K)
      |               [01;36m[K~~~~~~~~~~~~~~~~~~~~~~~~~~~^~~[m[K
In file included from [01m[K/usr/include/c++/11/vector:67[m[K,
                 from [01m[K/usr/include/c++/11/functional:62[m[K,
                 from [01m[K/usr/include/c++/11/pstl/glue_algorithm_defs.h:13[m[K,
                 from [01m[K/usr/include/c++/11/algorithm:74[m[K,
                 from [01m[K/opt/ros/humble/include/rclcpp/rclcpp/executor.hpp:18[m[K,
                 from [01m[K/opt/ros/humble/include/rclcpp/rclcpp/executors/multi_threaded_executor.hpp:25[m[K,
                 from [01m[K/opt/ros/humble/include/rclcpp/rclcpp/executors.hpp:21[m[K,
                 from [01m[K/opt/ros/humble/include/rclcpp/rclcpp/rclcpp.hpp:155[m[K,
                 from [01m[K/home/jaeho/project_ws/src/doosan_m0609_controller/include/doosan_m0609_controller/doosan_robot_controller.hpp:4[m[K,
                 from [01m[K/home/jaeho/project_ws/src/doosan_m0609_controller/src/doosan_robot_controller.cpp:1[m[K:
[01m[K/usr/include/c++/11/bits/stl_vector.h:709:7:[m[K [01;36m[Knote: [m[Kcandidate: ‘[01m[Kstd::vector<_Tp, _Alloc>& std::vector<_Tp, _Alloc>::operator=(std::vector<_Tp, _Alloc>&&) [with _Tp = double; _Alloc = std::allocator<double>][m[K’
  709 |       [01;36m[Koperator[m[K=(vector&& __x) noexcept(_Alloc_traits::_S_nothrow_move())
      |       [01;36m[K^~~~~~~~[m[K
[01m[K/usr/include/c++/11/bits/stl_vector.h:709:26:[m[K [01;36m[Knote: [m[K  no known conversion for argument 1 from ‘[01m[Kdoosan_m0609_controller::msg::JointState_<std::allocator<void> >::_velocity_type[m[K’ {aka ‘[01m[Kstd::array<double, 6>[m[K’} to ‘[01m[Kstd::vector<double, std::allocator<double> >&&[m[K’
  709 |       operator=([01;36m[Kvector&& __x[m[K) noexcept(_Alloc_traits::_S_nothrow_move())
      |                 [01;36m[K~~~~~~~~~^~~[m[K
[01m[K/usr/include/c++/11/bits/stl_vector.h:730:7:[m[K [01;36m[Knote: [m[Kcandidate: ‘[01m[Kstd::vector<_Tp, _Alloc>& std::vector<_Tp, _Alloc>::operator=(std::initializer_list<_Tp>) [with _Tp = double; _Alloc = std::allocator<double>][m[K’
  730 |       [01;36m[Koperator[m[K=(initializer_list<value_type> __l)
      |       [01;36m[K^~~~~~~~[m[K
[01m[K/usr/include/c++/11/bits/stl_vector.h:730:46:[m[K [01;36m[Knote: [m[K  no known conversion for argument 1 from ‘[01m[Kdoosan_m0609_controller::msg::JointState_<std::allocator<void> >::_velocity_type[m[K’ {aka ‘[01m[Kstd::array<double, 6>[m[K’} to ‘[01m[Kstd::initializer_list<double>[m[K’
  730 |       operator=([01;36m[Kinitializer_list<value_type> __l[m[K)
      |                 [01;36m[K~~~~~~~~~~~~~~~~~~~~~~~~~~~~~^~~[m[K
[01m[K/home/jaeho/project_ws/src/doosan_m0609_controller/src/doosan_robot_controller.cpp:120:37:[m[K [01;31m[Kerror: [m[Kno match for ‘[01m[Koperator=[m[K’ (operand types are ‘[01m[Ksensor_msgs::msg::JointState_<std::allocator<void> >::_effort_type[m[K’ {aka ‘[01m[Kstd::vector<double, std::allocator<double> >[m[K’} and ‘[01m[Kdoosan_m0609_controller::msg::JointState_<std::allocator<void> >::_effort_type[m[K’ {aka ‘[01m[Kstd::array<double, 6>[m[K’})
  120 |         std_msg.effort = custom_msg.[01;31m[Keffort[m[K;
      |                                     [01;31m[K^~~~~~[m[K
In file included from [01m[K/usr/include/c++/11/vector:72[m[K,
                 from [01m[K/usr/include/c++/11/functional:62[m[K,
                 from [01m[K/usr/include/c++/11/pstl/glue_algorithm_defs.h:13[m[K,
                 from [01m[K/usr/include/c++/11/algorithm:74[m[K,
                 from [01m[K/opt/ros/humble/include/rclcpp/rclcpp/executor.hpp:18[m[K,
                 from [01m[K/opt/ros/humble/include/rclcpp/rclcpp/executors/multi_threaded_executor.hpp:25[m[K,
                 from [01m[K/opt/ros/humble/include/rclcpp/rclcpp/executors.hpp:21[m[K,
                 from [01m[K/opt/ros/humble/include/rclcpp/rclcpp/rclcpp.hpp:155[m[K,
                 from [01m[K/home/jaeho/project_ws/src/doosan_m0609_controller/include/doosan_m0609_controller/doosan_robot_controller.hpp:4[m[K,
                 from [01m[K/home/jaeho/project_ws/src/doosan_m0609_controller/src/doosan_robot_controller.cpp:1[m[K:
[01m[K/usr/include/c++/11/bits/vector.tcc:198:5:[m[K [01;36m[Knote: [m[Kcandidate: ‘[01m[Kstd::vector<_Tp, _Alloc>& std::vector<_Tp, _Alloc>::operator=(const std::vector<_Tp, _Alloc>&) [with _Tp = double; _Alloc = std::allocator<double>][m[K’
  198 |     [01;36m[Kvector<_Tp, _Alloc>[m[K::
      |     [01;36m[K^~~~~~~~~~~~~~~~~~~[m[K
[01m[K/usr/include/c++/11/bits/vector.tcc:199:42:[m[K [01;36m[Knote: [m[K  no known conversion for argument 1 from ‘[01m[Kdoosan_m0609_controller::msg::JointState_<std::allocator<void> >::_effort_type[m[K’ {aka ‘[01m[Kstd::array<double, 6>[m[K’} to ‘[01m[Kconst std::vector<double, std::allocator<double> >&[m[K’
  199 |     operator=([01;36m[Kconst vector<_Tp, _Alloc>& __x[m[K)
      |               [01;36m[K~~~~~~~~~~~~~~~~~~~~~~~~~~~^~~[m[K
In file included from [01m[K/usr/include/c++/11/vector:67[m[K,
                 from [01m[K/usr/include/c++/11/functional:62[m[K,
                 from [01m[K/usr/include/c++/11/pstl/glue_algorithm_defs.h:13[m[K,
                 from [01m[K/usr/include/c++/11/algorithm:74[m[K,
                 from [01m[K/opt/ros/humble/include/rclcpp/rclcpp/executor.hpp:18[m[K,
                 from [01m[K/opt/ros/humble/include/rclcpp/rclcpp/executors/multi_threaded_executor.hpp:25[m[K,
                 from [01m[K/opt/ros/humble/include/rclcpp/rclcpp/executors.hpp:21[m[K,
                 from [01m[K/opt/ros/humble/include/rclcpp/rclcpp/rclcpp.hpp:155[m[K,
                 from [01m[K/home/jaeho/project_ws/src/doosan_m0609_controller/include/doosan_m0609_controller/doosan_robot_controller.hpp:4[m[K,
                 from [01m[K/home/jaeho/project_ws/src/doosan_m0609_controller/src/doosan_robot_controller.cpp:1[m[K:
[01m[K/usr/include/c++/11/bits/stl_vector.h:709:7:[m[K [01;36m[Knote: [m[Kcandidate: ‘[01m[Kstd::vector<_Tp, _Alloc>& std::vector<_Tp, _Alloc>::operator=(std::vector<_Tp, _Alloc>&&) [with _Tp = double; _Alloc = std::allocator<double>][m[K’
  709 |       [01;36m[Koperator[m[K=(vector&& __x) noexcept(_Alloc_traits::_S_nothrow_move())
      |       [01;36m[K^~~~~~~~[m[K
[01m[K/usr/include/c++/11/bits/stl_vector.h:709:26:[m[K [01;36m[Knote: [m[K  no known conversion for argument 1 from ‘[01m[Kdoosan_m0609_controller::msg::JointState_<std::allocator<void> >::_effort_type[m[K’ {aka ‘[01m[Kstd::array<double, 6>[m[K’} to ‘[01m[Kstd::vector<double, std::allocator<double> >&&[m[K’
  709 |       operator=([01;36m[Kvector&& __x[m[K) noexcept(_Alloc_traits::_S_nothrow_move())
      |                 [01;36m[K~~~~~~~~~^~~[m[K
[01m[K/usr/include/c++/11/bits/stl_vector.h:730:7:[m[K [01;36m[Knote: [m[Kcandidate: ‘[01m[Kstd::vector<_Tp, _Alloc>& std::vector<_Tp, _Alloc>::operator=(std::initializer_list<_Tp>) [with _Tp = double; _Alloc = std::allocator<double>][m[K’
  730 |       [01;36m[Koperator[m[K=(initializer_list<value_type> __l)
      |       [01;36m[K^~~~~~~~[m[K
[01m[K/usr/include/c++/11/bits/stl_vector.h:730:46:[m[K [01;36m[Knote: [m[K  no known conversion for argument 1 from ‘[01m[Kdoosan_m0609_controller::msg::JointState_<std::allocator<void> >::_effort_type[m[K’ {aka ‘[01m[Kstd::array<double, 6>[m[K’} to ‘[01m[Kstd::initializer_list<double>[m[K’
  730 |       operator=([01;36m[Kinitializer_list<value_type> __l[m[K)
      |                 [01;36m[K~~~~~~~~~~~~~~~~~~~~~~~~~~~~~^~~[m[K
[01m[K/home/jaeho/project_ws/src/doosan_m0609_controller/src/doosan_robot_controller.cpp:[m[K In member function ‘[01m[Kvoid DoosanRobotController::handleMoveJ(std::shared_ptr<doosan_m0609_controller::srv::MoveJ_Request_<std::allocator<void> > >, std::shared_ptr<doosan_m0609_controller::srv::MoveJ_Response_<std::allocator<void> > >)[m[K’:
[01m[K/home/jaeho/project_ws/src/doosan_m0609_controller/src/doosan_robot_controller.cpp:181:39:[m[K [01;31m[Kerror: [m[Kcannot convert ‘[01m[Kdoosan_m0609_controller::srv::MoveJ_Request_<std::allocator<void> >::_target_joints_type[m[K’ {aka ‘[01m[Kstd::array<double, 6>[m[K’} to ‘[01m[Kconst std::vector<double, std::allocator<double> >&[m[K’
  181 |     if (!validateJointLimits([01;31m[Krequest->target_joints[m[K)) {
      |                              [01;31m[K~~~~~~~~~^~~~~~~~~~~~~[m[K
      |                                       [01;31m[K|[m[K
      |                                       [01;31m[Kdoosan_m0609_controller::srv::MoveJ_Request_<std::allocator<void> >::_target_joints_type {aka std::array<double, 6>}[m[K
In file included from [01m[K/home/jaeho/project_ws/src/doosan_m0609_controller/src/doosan_robot_controller.cpp:1[m[K:
[01m[K/home/jaeho/project_ws/src/doosan_m0609_controller/include/doosan_m0609_controller/doosan_robot_controller.hpp:67:57:[m[K [01;36m[Knote: [m[K  initializing argument 1 of ‘[01m[Kbool DoosanRobotController::validateJointLimits(const std::vector<double, std::allocator<double> >&)[m[K’
   67 |     bool validateJointLimits([01;36m[Kconst std::vector<double>& joints[m[K);
      |                              [01;36m[K~~~~~~~~~~~~~~~~~~~~~~~~~~~^~~~~~[m[K
[01m[K/home/jaeho/project_ws/src/doosan_m0609_controller/src/doosan_robot_controller.cpp:206:22:[m[K [01;31m[Kerror: [m[Kcannot convert ‘[01m[Kdoosan_m0609_controller::srv::MoveJ_Request_<std::allocator<void> >::_target_joints_type[m[K’ {aka ‘[01m[Kstd::array<double, 6>[m[K’} to ‘[01m[Kconst std::vector<double, std::allocator<double> >&[m[K’
  206 |             [01;31m[Krequest->target_joints[m[K,
      |             [01;31m[K~~~~~~~~~^~~~~~~~~~~~~[m[K
      |                      [01;31m[K|[m[K
      |                      [01;31m[Kdoosan_m0609_controller::srv::MoveJ_Request_<std::allocator<void> >::_target_joints_type {aka std::array<double, 6>}[m[K
In file included from [01m[K/home/jaeho/project_ws/src/doosan_m0609_controller/include/doosan_m0609_controller/doosan_robot_controller.hpp:15[m[K,
                 from [01m[K/home/jaeho/project_ws/src/doosan_m0609_controller/src/doosan_robot_controller.cpp:1[m[K:
[01m[K/home/jaeho/project_ws/src/doosan_m0609_controller/include/DRFL/DRFL.h:30:43:[m[K [01;36m[Knote: [m[K  initializing argument 1 of ‘[01m[Kbool DRFL::moveJ(const std::vector<double, std::allocator<double> >&, double, double, double)[m[K’
   30 |     bool moveJ([01;36m[Kconst std::vector<double>& joints[m[K,
      |                [01;36m[K~~~~~~~~~~~~~~~~~~~~~~~~~~~^~~~~~[m[K
gmake[2]: *** [CMakeFiles/doosan_controller_node.dir/build.make:90: CMakeFiles/doosan_controller_node.dir/src/doosan_robot_controller.cpp.o] Error 1
gmake[1]: *** [CMakeFiles/Makefile2:593: CMakeFiles/doosan_controller_node.dir/all] Error 2
gmake: *** [Makefile:146: all] Error 2
