-- Found ament_cmake: 1.3.12 (/opt/ros/humble/share/ament_cmake/cmake)
-- Found rclcpp: 16.0.14 (/opt/ros/humble/share/rclcpp/cmake)
-- Found rosidl_generator_c: 3.1.7 (/opt/ros/humble/share/rosidl_generator_c/cmake)
-- Found rosidl_adapter: 3.1.7 (/opt/ros/humble/share/rosidl_adapter/cmake)
-- Found rosidl_generator_cpp: 3.1.7 (/opt/ros/humble/share/rosidl_generator_cpp/cmake)
-- Using all available rosidl_typesupport_c: rosidl_typesupport_fastrtps_c;rosidl_typesupport_introspection_c
-- Using all available rosidl_typesupport_cpp: rosidl_typesupport_fastrtps_cpp;rosidl_typesupport_introspection_cpp
-- Found rmw_implementation_cmake: 6.1.2 (/opt/ros/humble/share/rmw_implementation_cmake/cmake)
-- Found rmw_fastrtps_cpp: 6.2.8 (/opt/ros/humble/share/rmw_fastrtps_cpp/cmake)
-- Using RMW implementation 'rmw_fastrtps_cpp' as default
-- Found sensor_msgs: 4.9.0 (/opt/ros/humble/share/sensor_msgs/cmake)
-- Found rosidl_default_generators: 1.2.0 (/opt/ros/humble/share/rosidl_default_generators/cmake)
-- Found ament_cmake_ros: 0.10.0 (/opt/ros/humble/share/ament_cmake_ros/cmake)
-- Using all available rosidl_typesupport_c: rosidl_typesupport_fastrtps_c;rosidl_typesupport_introspection_c
-- Using all available rosidl_typesupport_cpp: rosidl_typesupport_fastrtps_cpp;rosidl_typesupport_introspection_cpp
-- Found python_cmake_module: 0.10.0 (/opt/ros/humble/share/python_cmake_module/cmake)
-- Using PYTHON_EXECUTABLE: /usr/bin/python3
-- Using PYTHON_INCLUDE_DIRS: /usr/include/python3.10
-- Using PYTHON_LIBRARIES: /usr/lib/x86_64-linux-gnu/libpython3.10.so
-- Searching for Poco libraries using find_library...
-- Found Poco using find_package
-- Found Poco headers: /usr/include
-- Building with full Poco support
-- Found ament_lint_auto: 0.12.14 (/opt/ros/humble/share/ament_lint_auto/cmake)
-- Added test 'copyright' to check source files copyright and LICENSE
-- Added test 'cppcheck' to perform static code analysis on C / C++ code
-- Configured cppcheck include dirs: /home/jaeho/project_ws/src/doosan_m0609_controller/include;/home/jaeho/project_ws/src/doosan_m0609_controller/include/DRFL
-- Configured cppcheck exclude dirs and/or files: 
-- Added test 'cpplint' to check C / C++ code against the Google style
-- Configured cpplint exclude dirs and/or files: 
-- Added test 'flake8' to check Python code syntax and style conventions
-- Added test 'lint_cmake' to check CMake code style
-- Added test 'pep257' to check Python code against some of the docstring style conventions in PEP 257
-- Added test 'uncrustify' to check C / C++ code style
-- Configured uncrustify additional arguments: 
-- Added test 'xmllint' to check XML markup files
-- Configuring done
-- Generating done
-- Build files have been written to: /home/jaeho/project_ws/build/doosan_m0609_controller
[  1%] [34m[1mGenerating C code for ROS interfaces[0m
[  3%] [34m[1mGenerating C++ code for ROS interfaces[0m
[  3%] Built target ament_cmake_python_copy_doosan_m0609_controller
running egg_info
creating doosan_m0609_controller.egg-info
writing doosan_m0609_controller.egg-info/PKG-INFO
writing dependency_links to doosan_m0609_controller.egg-info/dependency_links.txt
writing top-level names to doosan_m0609_controller.egg-info/top_level.txt
writing manifest file 'doosan_m0609_controller.egg-info/SOURCES.txt'
reading manifest file 'doosan_m0609_controller.egg-info/SOURCES.txt'
writing manifest file 'doosan_m0609_controller.egg-info/SOURCES.txt'
[  3%] Built target ament_cmake_python_build_doosan_m0609_controller_egg
[  6%] [32mBuilding C object CMakeFiles/doosan_m0609_controller__rosidl_generator_c.dir/rosidl_generator_c/doosan_m0609_controller/msg/detail/joint_state__functions.c.o[0m
[  6%] [32mBuilding C object CMakeFiles/doosan_m0609_controller__rosidl_generator_c.dir/rosidl_generator_c/doosan_m0609_controller/srv/detail/move_j__functions.c.o[0m
[ 10%] [32mBuilding C object CMakeFiles/doosan_m0609_controller__rosidl_generator_c.dir/rosidl_generator_c/doosan_m0609_controller/msg/detail/robot_status__functions.c.o[0m
[ 10%] [32mBuilding C object CMakeFiles/doosan_m0609_controller__rosidl_generator_c.dir/rosidl_generator_c/doosan_m0609_controller/srv/detail/connect_robot__functions.c.o[0m
[ 10%] Built target doosan_m0609_controller__cpp
[ 13%] [34m[1mGenerating C++ type support dispatch for ROS interfaces[0m
[ 15%] [34m[1mGenerating C++ type support for eProsima Fast-RTPS[0m
[ 15%] [34m[1mGenerating C++ introspection for ROS interfaces[0m
[ 16%] [32m[1mLinking C shared library libdoosan_m0609_controller__rosidl_generator_c.so[0m
[ 16%] Built target doosan_m0609_controller__rosidl_generator_c
[ 18%] [34m[1mGenerating C introspection for ROS interfaces[0m
[ 20%] [34m[1mGenerating C type support dispatch for ROS interfaces[0m
[ 22%] [34m[1mGenerating C type support for eProsima Fast-RTPS[0m
[ 23%] [32mBuilding CXX object CMakeFiles/doosan_m0609_controller__rosidl_typesupport_cpp.dir/rosidl_typesupport_cpp/doosan_m0609_controller/msg/joint_state__type_support.cpp.o[0m
[ 25%] [32mBuilding CXX object CMakeFiles/doosan_m0609_controller__rosidl_typesupport_cpp.dir/rosidl_typesupport_cpp/doosan_m0609_controller/msg/robot_status__type_support.cpp.o[0m
[ 27%] [32mBuilding CXX object CMakeFiles/doosan_m0609_controller__rosidl_typesupport_cpp.dir/rosidl_typesupport_cpp/doosan_m0609_controller/srv/move_j__type_support.cpp.o[0m
[ 28%] [32mBuilding CXX object CMakeFiles/doosan_m0609_controller__rosidl_typesupport_introspection_cpp.dir/rosidl_typesupport_introspection_cpp/doosan_m0609_controller/msg/detail/joint_state__type_support.cpp.o[0m
[ 30%] [32mBuilding CXX object CMakeFiles/doosan_m0609_controller__rosidl_typesupport_fastrtps_cpp.dir/rosidl_typesupport_fastrtps_cpp/doosan_m0609_controller/msg/detail/dds_fastrtps/joint_state__type_support.cpp.o[0m
[ 32%] [32mBuilding CXX object CMakeFiles/doosan_m0609_controller__rosidl_typesupport_c.dir/rosidl_typesupport_c/doosan_m0609_controller/msg/joint_state__type_support.cpp.o[0m
[ 33%] [32mBuilding CXX object CMakeFiles/doosan_m0609_controller__rosidl_typesupport_c.dir/rosidl_typesupport_c/doosan_m0609_controller/msg/robot_status__type_support.cpp.o[0m
[ 35%] [32mBuilding CXX object CMakeFiles/doosan_m0609_controller__rosidl_typesupport_c.dir/rosidl_typesupport_c/doosan_m0609_controller/srv/move_j__type_support.cpp.o[0m
[ 37%] [32mBuilding CXX object CMakeFiles/doosan_m0609_controller__rosidl_typesupport_c.dir/rosidl_typesupport_c/doosan_m0609_controller/srv/connect_robot__type_support.cpp.o[0m
[ 38%] [32mBuilding C object CMakeFiles/doosan_m0609_controller__rosidl_typesupport_introspection_c.dir/rosidl_typesupport_introspection_c/doosan_m0609_controller/msg/detail/joint_state__type_support.c.o[0m
[ 40%] [32m[1mLinking CXX shared library libdoosan_m0609_controller__rosidl_typesupport_c.so[0m
[ 42%] [32mBuilding CXX object CMakeFiles/doosan_m0609_controller__rosidl_typesupport_fastrtps_c.dir/rosidl_typesupport_fastrtps_c/doosan_m0609_controller/msg/detail/joint_state__type_support_c.cpp.o[0m
[ 44%] [32mBuilding CXX object CMakeFiles/doosan_m0609_controller__rosidl_typesupport_cpp.dir/rosidl_typesupport_cpp/doosan_m0609_controller/srv/connect_robot__type_support.cpp.o[0m
[ 45%] [32mBuilding C object CMakeFiles/doosan_m0609_controller__rosidl_typesupport_introspection_c.dir/rosidl_typesupport_introspection_c/doosan_m0609_controller/msg/detail/robot_status__type_support.c.o[0m
[ 47%] [32mBuilding CXX object CMakeFiles/doosan_m0609_controller__rosidl_typesupport_introspection_cpp.dir/rosidl_typesupport_introspection_cpp/doosan_m0609_controller/msg/detail/robot_status__type_support.cpp.o[0m
[ 49%] [32mBuilding C object CMakeFiles/doosan_m0609_controller__rosidl_typesupport_introspection_c.dir/rosidl_typesupport_introspection_c/doosan_m0609_controller/srv/detail/move_j__type_support.c.o[0m
[ 50%] [32mBuilding C object CMakeFiles/doosan_m0609_controller__rosidl_typesupport_introspection_c.dir/rosidl_typesupport_introspection_c/doosan_m0609_controller/srv/detail/connect_robot__type_support.c.o[0m
[ 52%] [32mBuilding CXX object CMakeFiles/doosan_m0609_controller__rosidl_typesupport_fastrtps_cpp.dir/rosidl_typesupport_fastrtps_cpp/doosan_m0609_controller/msg/detail/dds_fastrtps/robot_status__type_support.cpp.o[0m
[ 54%] [32m[1mLinking C shared library libdoosan_m0609_controller__rosidl_typesupport_introspection_c.so[0m
[ 54%] Built target doosan_m0609_controller__rosidl_typesupport_c
[ 55%] [32mBuilding CXX object CMakeFiles/doosan_m0609_controller__rosidl_typesupport_fastrtps_cpp.dir/rosidl_typesupport_fastrtps_cpp/doosan_m0609_controller/srv/detail/dds_fastrtps/move_j__type_support.cpp.o[0m
[ 57%] [32mBuilding CXX object CMakeFiles/doosan_m0609_controller__rosidl_typesupport_fastrtps_cpp.dir/rosidl_typesupport_fastrtps_cpp/doosan_m0609_controller/srv/detail/dds_fastrtps/connect_robot__type_support.cpp.o[0m
[ 57%] Built target doosan_m0609_controller__rosidl_typesupport_introspection_c
[ 59%] [32mBuilding CXX object CMakeFiles/doosan_m0609_controller__rosidl_typesupport_introspection_cpp.dir/rosidl_typesupport_introspection_cpp/doosan_m0609_controller/srv/detail/move_j__type_support.cpp.o[0m
[ 61%] [32mBuilding CXX object CMakeFiles/doosan_m0609_controller__rosidl_typesupport_fastrtps_c.dir/rosidl_typesupport_fastrtps_c/doosan_m0609_controller/msg/detail/robot_status__type_support_c.cpp.o[0m
[ 62%] [32m[1mLinking CXX shared library libdoosan_m0609_controller__rosidl_typesupport_cpp.so[0m
[ 64%] [32mBuilding CXX object CMakeFiles/doosan_m0609_controller__rosidl_typesupport_introspection_cpp.dir/rosidl_typesupport_introspection_cpp/doosan_m0609_controller/srv/detail/connect_robot__type_support.cpp.o[0m
[ 66%] [32mBuilding CXX object CMakeFiles/doosan_m0609_controller__rosidl_typesupport_fastrtps_c.dir/rosidl_typesupport_fastrtps_c/doosan_m0609_controller/srv/detail/move_j__type_support_c.cpp.o[0m
[ 66%] Built target doosan_m0609_controller__rosidl_typesupport_cpp
[ 67%] [32mBuilding CXX object CMakeFiles/doosan_controller_node.dir/src/doosan_controller_node.cpp.o[0m
[ 69%] [32mBuilding CXX object CMakeFiles/doosan_controller_node.dir/src/doosan_robot_controller.cpp.o[0m
[ 71%] [32mBuilding CXX object CMakeFiles/doosan_controller_node.dir/src/drfl_dummy.cpp.o[0m
[ 72%] [32m[1mLinking CXX shared library libdoosan_m0609_controller__rosidl_typesupport_fastrtps_cpp.so[0m
[ 74%] [32mBuilding CXX object CMakeFiles/doosan_m0609_controller__rosidl_typesupport_fastrtps_c.dir/rosidl_typesupport_fastrtps_c/doosan_m0609_controller/srv/detail/connect_robot__type_support_c.cpp.o[0m
[ 76%] [32m[1mLinking CXX shared library libdoosan_m0609_controller__rosidl_typesupport_introspection_cpp.so[0m
[ 76%] Built target doosan_m0609_controller__rosidl_typesupport_fastrtps_cpp
[ 76%] Built target doosan_m0609_controller__rosidl_typesupport_introspection_cpp
[ 77%] [32m[1mLinking CXX shared library libdoosan_m0609_controller__rosidl_typesupport_fastrtps_c.so[0m
[ 77%] Built target doosan_m0609_controller__rosidl_typesupport_fastrtps_c
[ 77%] Built target doosan_m0609_controller
[ 79%] [34m[1mGenerating Python code for ROS interfaces[0m
[ 79%] Built target doosan_m0609_controller__py
[ 84%] [32mBuilding C object CMakeFiles/doosan_m0609_controller__rosidl_generator_py.dir/rosidl_generator_py/doosan_m0609_controller/msg/_joint_state_s.c.o[0m
[ 84%] [32mBuilding C object CMakeFiles/doosan_m0609_controller__rosidl_generator_py.dir/rosidl_generator_py/doosan_m0609_controller/srv/_move_j_s.c.o[0m
[ 84%] [32mBuilding C object CMakeFiles/doosan_m0609_controller__rosidl_generator_py.dir/rosidl_generator_py/doosan_m0609_controller/msg/_robot_status_s.c.o[0m
[ 86%] [32mBuilding C object CMakeFiles/doosan_m0609_controller__rosidl_generator_py.dir/rosidl_generator_py/doosan_m0609_controller/srv/_connect_robot_s.c.o[0m
[ 88%] [32m[1mLinking C shared library rosidl_generator_py/doosan_m0609_controller/libdoosan_m0609_controller__rosidl_generator_py.so[0m
[ 88%] Built target doosan_m0609_controller__rosidl_generator_py
[ 89%] [32mBuilding C object CMakeFiles/doosan_m0609_controller__rosidl_typesupport_fastrtps_c__pyext.dir/rosidl_generator_py/doosan_m0609_controller/_doosan_m0609_controller_s.ep.rosidl_typesupport_fastrtps_c.c.o[0m
[ 91%] [32mBuilding C object CMakeFiles/doosan_m0609_controller__rosidl_typesupport_introspection_c__pyext.dir/rosidl_generator_py/doosan_m0609_controller/_doosan_m0609_controller_s.ep.rosidl_typesupport_introspection_c.c.o[0m
[ 93%] [32mBuilding C object CMakeFiles/doosan_m0609_controller__rosidl_typesupport_c__pyext.dir/rosidl_generator_py/doosan_m0609_controller/_doosan_m0609_controller_s.ep.rosidl_typesupport_c.c.o[0m
[ 94%] [32m[1mLinking C shared library rosidl_generator_py/doosan_m0609_controller/doosan_m0609_controller_s__rosidl_typesupport_fastrtps_c.cpython-310-x86_64-linux-gnu.so[0m
[ 96%] [32m[1mLinking C shared library rosidl_generator_py/doosan_m0609_controller/doosan_m0609_controller_s__rosidl_typesupport_introspection_c.cpython-310-x86_64-linux-gnu.so[0m
[ 98%] [32m[1mLinking C shared library rosidl_generator_py/doosan_m0609_controller/doosan_m0609_controller_s__rosidl_typesupport_c.cpython-310-x86_64-linux-gnu.so[0m
[ 98%] Built target doosan_m0609_controller__rosidl_typesupport_fastrtps_c__pyext
[ 98%] Built target doosan_m0609_controller__rosidl_typesupport_c__pyext
[ 98%] Built target doosan_m0609_controller__rosidl_typesupport_introspection_c__pyext
