-- Found ament_cmake: 1.3.12 (/opt/ros/humble/share/ament_cmake/cmake)
-- Found rclcpp: 16.0.14 (/opt/ros/humble/share/rclcpp/cmake)
-- Found rosidl_generator_c: 3.1.7 (/opt/ros/humble/share/rosidl_generator_c/cmake)
-- Found rosidl_adapter: 3.1.7 (/opt/ros/humble/share/rosidl_adapter/cmake)
-- Found rosidl_generator_cpp: 3.1.7 (/opt/ros/humble/share/rosidl_generator_cpp/cmake)
-- Using all available rosidl_typesupport_c: rosidl_typesupport_fastrtps_c;rosidl_typesupport_introspection_c
-- Using all available rosidl_typesupport_cpp: rosidl_typesupport_fastrtps_cpp;rosidl_typesupport_introspection_cpp
-- Found rmw_implementation_cmake: 6.1.2 (/opt/ros/humble/share/rmw_implementation_cmake/cmake)
-- Found rmw_fastrtps_cpp: 6.2.8 (/opt/ros/humble/share/rmw_fastrtps_cpp/cmake)
-- Using RMW implementation 'rmw_fastrtps_cpp' as default
-- Found sensor_msgs: 4.9.0 (/opt/ros/humble/share/sensor_msgs/cmake)
-- Found rosidl_default_generators: 1.2.0 (/opt/ros/humble/share/rosidl_default_generators/cmake)
-- Found ament_cmake_ros: 0.10.0 (/opt/ros/humble/share/ament_cmake_ros/cmake)
-- Using all available rosidl_typesupport_c: rosidl_typesupport_fastrtps_c;rosidl_typesupport_introspection_c
-- Using all available rosidl_typesupport_cpp: rosidl_typesupport_fastrtps_cpp;rosidl_typesupport_introspection_cpp
-- Found python_cmake_module: 0.10.0 (/opt/ros/humble/share/python_cmake_module/cmake)
-- Using PYTHON_EXECUTABLE: /usr/bin/python3
-- Using PYTHON_INCLUDE_DIRS: /usr/include/python3.10
-- Using PYTHON_LIBRARIES: /usr/lib/x86_64-linux-gnu/libpython3.10.so
-- Searching for Poco libraries using find_library...
-- Found Poco using find_package
-- Found Poco headers: /usr/include
-- Building with full Poco support
-- Found ament_lint_auto: 0.12.14 (/opt/ros/humble/share/ament_lint_auto/cmake)
-- Added test 'copyright' to check source files copyright and LICENSE
-- Added test 'cppcheck' to perform static code analysis on C / C++ code
-- Configured cppcheck include dirs: /home/jaeho/project_ws/src/doosan_m0609_controller/include;/home/jaeho/project_ws/src/doosan_m0609_controller/include/DRFL
-- Configured cppcheck exclude dirs and/or files: 
-- Added test 'cpplint' to check C / C++ code against the Google style
-- Configured cpplint exclude dirs and/or files: 
-- Added test 'flake8' to check Python code syntax and style conventions
-- Added test 'lint_cmake' to check CMake code style
-- Added test 'pep257' to check Python code against some of the docstring style conventions in PEP 257
-- Added test 'uncrustify' to check C / C++ code style
-- Configured uncrustify additional arguments: 
-- Added test 'xmllint' to check XML markup files
-- Configuring done
-- Generating done
-- Build files have been written to: /home/jaeho/project_ws/build/doosan_m0609_controller
[  1%] [34m[1mGenerating C code for ROS interfaces[0m
[  3%] [34m[1mGenerating C++ code for ROS interfaces[0m
[  3%] Built target ament_cmake_python_copy_doosan_m0609_controller
running egg_info
creating doosan_m0609_controller.egg-info
writing doosan_m0609_controller.egg-info/PKG-INFO
writing dependency_links to doosan_m0609_controller.egg-info/dependency_links.txt
writing top-level names to doosan_m0609_controller.egg-info/top_level.txt
writing manifest file 'doosan_m0609_controller.egg-info/SOURCES.txt'
reading manifest file 'doosan_m0609_controller.egg-info/SOURCES.txt'
writing manifest file 'doosan_m0609_controller.egg-info/SOURCES.txt'
[  3%] Built target ament_cmake_python_build_doosan_m0609_controller_egg
[  6%] [32mBuilding C object CMakeFiles/doosan_m0609_controller__rosidl_generator_c.dir/rosidl_generator_c/doosan_m0609_controller/msg/detail/joint_state__functions.c.o[0m
[  6%] [32mBuilding C object CMakeFiles/doosan_m0609_controller__rosidl_generator_c.dir/rosidl_generator_c/doosan_m0609_controller/srv/detail/move_j__functions.c.o[0m
[ 10%] [32mBuilding C object CMakeFiles/doosan_m0609_controller__rosidl_generator_c.dir/rosidl_generator_c/doosan_m0609_controller/msg/detail/robot_status__functions.c.o[0m
[ 10%] [32mBuilding C object CMakeFiles/doosan_m0609_controller__rosidl_generator_c.dir/rosidl_generator_c/doosan_m0609_controller/srv/detail/connect_robot__functions.c.o[0m
[ 10%] Built target doosan_m0609_controller__cpp
[ 13%] [34m[1mGenerating C++ type support dispatch for ROS interfaces[0m
[ 15%] [34m[1mGenerating C++ type support for eProsima Fast-RTPS[0m
[ 15%] [34m[1mGenerating C++ introspection for ROS interfaces[0m
[ 16%] [32m[1mLinking C shared library libdoosan_m0609_controller__rosidl_generator_c.so[0m
[ 16%] Built target doosan_m0609_controller__rosidl_generator_c
[ 18%] [34m[1mGenerating C introspection for ROS interfaces[0m
[ 20%] [34m[1mGenerating C type support dispatch for ROS interfaces[0m
[ 22%] [34m[1mGenerating C type support for eProsima Fast-RTPS[0m
[ 23%] [32mBuilding CXX object CMakeFiles/doosan_m0609_controller__rosidl_typesupport_cpp.dir/rosidl_typesupport_cpp/doosan_m0609_controller/msg/joint_state__type_support.cpp.o[0m
[ 25%] [32mBuilding CXX object CMakeFiles/doosan_m0609_controller__rosidl_typesupport_cpp.dir/rosidl_typesupport_cpp/doosan_m0609_controller/msg/robot_status__type_support.cpp.o[0m
[ 27%] [32mBuilding CXX object CMakeFiles/doosan_m0609_controller__rosidl_typesupport_cpp.dir/rosidl_typesupport_cpp/doosan_m0609_controller/srv/move_j__type_support.cpp.o[0m
[ 28%] [32mBuilding CXX object CMakeFiles/doosan_m0609_controller__rosidl_typesupport_introspection_cpp.dir/rosidl_typesupport_introspection_cpp/doosan_m0609_controller/msg/detail/joint_state__type_support.cpp.o[0m
[ 30%] [32mBuilding CXX object CMakeFiles/doosan_m0609_controller__rosidl_typesupport_fastrtps_cpp.dir/rosidl_typesupport_fastrtps_cpp/doosan_m0609_controller/msg/detail/dds_fastrtps/joint_state__type_support.cpp.o[0m
[ 32%] [32mBuilding CXX object CMakeFiles/doosan_m0609_controller__rosidl_typesupport_c.dir/rosidl_typesupport_c/doosan_m0609_controller/msg/joint_state__type_support.cpp.o[0m
[ 33%] [32mBuilding CXX object CMakeFiles/doosan_m0609_controller__rosidl_typesupport_c.dir/rosidl_typesupport_c/doosan_m0609_controller/msg/robot_status__type_support.cpp.o[0m
[ 35%] [32mBuilding CXX object CMakeFiles/doosan_m0609_controller__rosidl_typesupport_c.dir/rosidl_typesupport_c/doosan_m0609_controller/srv/move_j__type_support.cpp.o[0m
[ 37%] [32mBuilding CXX object CMakeFiles/doosan_m0609_controller__rosidl_typesupport_c.dir/rosidl_typesupport_c/doosan_m0609_controller/srv/connect_robot__type_support.cpp.o[0m
[ 38%] [32mBuilding C object CMakeFiles/doosan_m0609_controller__rosidl_typesupport_introspection_c.dir/rosidl_typesupport_introspection_c/doosan_m0609_controller/msg/detail/joint_state__type_support.c.o[0m
[ 40%] [32m[1mLinking CXX shared library libdoosan_m0609_controller__rosidl_typesupport_c.so[0m
[ 42%] [32mBuilding CXX object CMakeFiles/doosan_m0609_controller__rosidl_typesupport_fastrtps_c.dir/rosidl_typesupport_fastrtps_c/doosan_m0609_controller/msg/detail/joint_state__type_support_c.cpp.o[0m
[ 44%] [32mBuilding CXX object CMakeFiles/doosan_m0609_controller__rosidl_typesupport_cpp.dir/rosidl_typesupport_cpp/doosan_m0609_controller/srv/connect_robot__type_support.cpp.o[0m
[ 45%] [32mBuilding C object CMakeFiles/doosan_m0609_controller__rosidl_typesupport_introspection_c.dir/rosidl_typesupport_introspection_c/doosan_m0609_controller/msg/detail/robot_status__type_support.c.o[0m
[ 47%] [32mBuilding CXX object CMakeFiles/doosan_m0609_controller__rosidl_typesupport_introspection_cpp.dir/rosidl_typesupport_introspection_cpp/doosan_m0609_controller/msg/detail/robot_status__type_support.cpp.o[0m
[ 49%] [32mBuilding C object CMakeFiles/doosan_m0609_controller__rosidl_typesupport_introspection_c.dir/rosidl_typesupport_introspection_c/doosan_m0609_controller/srv/detail/move_j__type_support.c.o[0m
[ 50%] [32mBuilding C object CMakeFiles/doosan_m0609_controller__rosidl_typesupport_introspection_c.dir/rosidl_typesupport_introspection_c/doosan_m0609_controller/srv/detail/connect_robot__type_support.c.o[0m
[ 52%] [32mBuilding CXX object CMakeFiles/doosan_m0609_controller__rosidl_typesupport_fastrtps_cpp.dir/rosidl_typesupport_fastrtps_cpp/doosan_m0609_controller/msg/detail/dds_fastrtps/robot_status__type_support.cpp.o[0m
[ 54%] [32m[1mLinking C shared library libdoosan_m0609_controller__rosidl_typesupport_introspection_c.so[0m
[ 54%] Built target doosan_m0609_controller__rosidl_typesupport_c
[ 55%] [32mBuilding CXX object CMakeFiles/doosan_m0609_controller__rosidl_typesupport_fastrtps_cpp.dir/rosidl_typesupport_fastrtps_cpp/doosan_m0609_controller/srv/detail/dds_fastrtps/move_j__type_support.cpp.o[0m
[ 57%] [32mBuilding CXX object CMakeFiles/doosan_m0609_controller__rosidl_typesupport_fastrtps_cpp.dir/rosidl_typesupport_fastrtps_cpp/doosan_m0609_controller/srv/detail/dds_fastrtps/connect_robot__type_support.cpp.o[0m
[ 57%] Built target doosan_m0609_controller__rosidl_typesupport_introspection_c
[ 59%] [32mBuilding CXX object CMakeFiles/doosan_m0609_controller__rosidl_typesupport_introspection_cpp.dir/rosidl_typesupport_introspection_cpp/doosan_m0609_controller/srv/detail/move_j__type_support.cpp.o[0m
[ 61%] [32mBuilding CXX object CMakeFiles/doosan_m0609_controller__rosidl_typesupport_fastrtps_c.dir/rosidl_typesupport_fastrtps_c/doosan_m0609_controller/msg/detail/robot_status__type_support_c.cpp.o[0m
[ 62%] [32m[1mLinking CXX shared library libdoosan_m0609_controller__rosidl_typesupport_cpp.so[0m
[ 64%] [32mBuilding CXX object CMakeFiles/doosan_m0609_controller__rosidl_typesupport_introspection_cpp.dir/rosidl_typesupport_introspection_cpp/doosan_m0609_controller/srv/detail/connect_robot__type_support.cpp.o[0m
[ 66%] [32mBuilding CXX object CMakeFiles/doosan_m0609_controller__rosidl_typesupport_fastrtps_c.dir/rosidl_typesupport_fastrtps_c/doosan_m0609_controller/srv/detail/move_j__type_support_c.cpp.o[0m
[ 66%] Built target doosan_m0609_controller__rosidl_typesupport_cpp
[ 67%] [32mBuilding CXX object CMakeFiles/doosan_controller_node.dir/src/doosan_controller_node.cpp.o[0m
[ 69%] [32mBuilding CXX object CMakeFiles/doosan_controller_node.dir/src/doosan_robot_controller.cpp.o[0m
[ 71%] [32mBuilding CXX object CMakeFiles/doosan_controller_node.dir/src/drfl_dummy.cpp.o[0m
[ 72%] [32m[1mLinking CXX shared library libdoosan_m0609_controller__rosidl_typesupport_fastrtps_cpp.so[0m
[ 74%] [32mBuilding CXX object CMakeFiles/doosan_m0609_controller__rosidl_typesupport_fastrtps_c.dir/rosidl_typesupport_fastrtps_c/doosan_m0609_controller/srv/detail/connect_robot__type_support_c.cpp.o[0m
[01m[K/home/jaeho/project_ws/src/doosan_m0609_controller/src/drfl_dummy.cpp:10:10:[m[K [01;31m[Kfatal error: [m[KPoco/Net/TCPSocket.h: No such file or directory
   10 | #include [01;31m[K<Poco/Net/TCPSocket.h>[m[K
      |          [01;31m[K^~~~~~~~~~~~~~~~~~~~~~[m[K
compilation terminated.
gmake[2]: *** [CMakeFiles/doosan_controller_node.dir/build.make:104: CMakeFiles/doosan_controller_node.dir/src/drfl_dummy.cpp.o] Error 1
gmake[2]: *** Waiting for unfinished jobs....
[ 76%] [32m[1mLinking CXX shared library libdoosan_m0609_controller__rosidl_typesupport_introspection_cpp.so[0m
[ 76%] Built target doosan_m0609_controller__rosidl_typesupport_fastrtps_cpp
[ 76%] Built target doosan_m0609_controller__rosidl_typesupport_introspection_cpp
[ 77%] [32m[1mLinking CXX shared library libdoosan_m0609_controller__rosidl_typesupport_fastrtps_c.so[0m
[ 77%] Built target doosan_m0609_controller__rosidl_typesupport_fastrtps_c
[ 77%] Built target doosan_m0609_controller
[ 79%] [34m[1mGenerating Python code for ROS interfaces[0m
[ 79%] Built target doosan_m0609_controller__py
[ 84%] [32mBuilding C object CMakeFiles/doosan_m0609_controller__rosidl_generator_py.dir/rosidl_generator_py/doosan_m0609_controller/msg/_joint_state_s.c.o[0m
[ 84%] [32mBuilding C object CMakeFiles/doosan_m0609_controller__rosidl_generator_py.dir/rosidl_generator_py/doosan_m0609_controller/srv/_move_j_s.c.o[0m
[ 84%] [32mBuilding C object CMakeFiles/doosan_m0609_controller__rosidl_generator_py.dir/rosidl_generator_py/doosan_m0609_controller/msg/_robot_status_s.c.o[0m
[ 86%] [32mBuilding C object CMakeFiles/doosan_m0609_controller__rosidl_generator_py.dir/rosidl_generator_py/doosan_m0609_controller/srv/_connect_robot_s.c.o[0m
[ 88%] [32m[1mLinking C shared library rosidl_generator_py/doosan_m0609_controller/libdoosan_m0609_controller__rosidl_generator_py.so[0m
[ 88%] Built target doosan_m0609_controller__rosidl_generator_py
[ 89%] [32mBuilding C object CMakeFiles/doosan_m0609_controller__rosidl_typesupport_fastrtps_c__pyext.dir/rosidl_generator_py/doosan_m0609_controller/_doosan_m0609_controller_s.ep.rosidl_typesupport_fastrtps_c.c.o[0m
[ 91%] [32mBuilding C object CMakeFiles/doosan_m0609_controller__rosidl_typesupport_introspection_c__pyext.dir/rosidl_generator_py/doosan_m0609_controller/_doosan_m0609_controller_s.ep.rosidl_typesupport_introspection_c.c.o[0m
[ 93%] [32mBuilding C object CMakeFiles/doosan_m0609_controller__rosidl_typesupport_c__pyext.dir/rosidl_generator_py/doosan_m0609_controller/_doosan_m0609_controller_s.ep.rosidl_typesupport_c.c.o[0m
[ 94%] [32m[1mLinking C shared library rosidl_generator_py/doosan_m0609_controller/doosan_m0609_controller_s__rosidl_typesupport_fastrtps_c.cpython-310-x86_64-linux-gnu.so[0m
[ 96%] [32m[1mLinking C shared library rosidl_generator_py/doosan_m0609_controller/doosan_m0609_controller_s__rosidl_typesupport_introspection_c.cpython-310-x86_64-linux-gnu.so[0m
[ 98%] [32m[1mLinking C shared library rosidl_generator_py/doosan_m0609_controller/doosan_m0609_controller_s__rosidl_typesupport_c.cpython-310-x86_64-linux-gnu.so[0m
[ 98%] Built target doosan_m0609_controller__rosidl_typesupport_fastrtps_c__pyext
[ 98%] Built target doosan_m0609_controller__rosidl_typesupport_c__pyext
[ 98%] Built target doosan_m0609_controller__rosidl_typesupport_introspection_c__pyext
[01m[K/home/jaeho/project_ws/src/doosan_m0609_controller/src/doosan_robot_controller.cpp:[m[K In member function ‘[01m[Kvoid DoosanRobotController::publishJointStates()[m[K’:
[01m[K/home/jaeho/project_ws/src/doosan_m0609_controller/src/doosan_robot_controller.cpp:108:31:[m[K [01;31m[Kerror: [m[Kno match for ‘[01m[Koperator=[m[K’ (operand types are ‘[01m[Kdoosan_m0609_controller::msg::JointState_<std::allocator<void> >::_position_type[m[K’ {aka ‘[01m[Kstd::array<double, 6>[m[K’} and ‘[01m[Kstd::vector<double, std::allocator<double> >[m[K’)
  108 |         custom_msg.position = [01;31m[Kjoint_positions[m[K;
      |                               [01;31m[K^~~~~~~~~~~~~~~[m[K
In file included from [01m[K/usr/include/c++/11/tuple:39[m[K,
                 from [01m[K/usr/include/c++/11/bits/unique_ptr.h:37[m[K,
                 from [01m[K/usr/include/c++/11/memory:76[m[K,
                 from [01m[K/opt/ros/humble/include/rclcpp/rclcpp/rclcpp.hpp:153[m[K,
                 from [01m[K/home/jaeho/project_ws/src/doosan_m0609_controller/include/doosan_m0609_controller/doosan_robot_controller.hpp:4[m[K,
                 from [01m[K/home/jaeho/project_ws/src/doosan_m0609_controller/src/doosan_robot_controller.cpp:1[m[K:
[01m[K/usr/include/c++/11/array:95:12:[m[K [01;36m[Knote: [m[Kcandidate: ‘[01m[Kconstexpr std::array<double, 6>& std::array<double, 6>::operator=(const std::array<double, 6>&)[m[K’
   95 |     struct [01;36m[Karray[m[K
      |            [01;36m[K^~~~~[m[K
[01m[K/usr/include/c++/11/array:95:12:[m[K [01;36m[Knote: [m[K  no known conversion for argument 1 from ‘[01m[Kstd::vector<double, std::allocator<double> >[m[K’ to ‘[01m[Kconst std::array<double, 6>&[m[K’
[01m[K/usr/include/c++/11/array:95:12:[m[K [01;36m[Knote: [m[Kcandidate: ‘[01m[Kconstexpr std::array<double, 6>& std::array<double, 6>::operator=(std::array<double, 6>&&)[m[K’
[01m[K/usr/include/c++/11/array:95:12:[m[K [01;36m[Knote: [m[K  no known conversion for argument 1 from ‘[01m[Kstd::vector<double, std::allocator<double> >[m[K’ to ‘[01m[Kstd::array<double, 6>&&[m[K’
[01m[K/home/jaeho/project_ws/src/doosan_m0609_controller/src/doosan_robot_controller.cpp:119:39:[m[K [01;31m[Kerror: [m[Kno match for ‘[01m[Koperator=[m[K’ (operand types are ‘[01m[Ksensor_msgs::msg::JointState_<std::allocator<void> >::_velocity_type[m[K’ {aka ‘[01m[Kstd::vector<double, std::allocator<double> >[m[K’} and ‘[01m[Kdoosan_m0609_controller::msg::JointState_<std::allocator<void> >::_velocity_type[m[K’ {aka ‘[01m[Kstd::array<double, 6>[m[K’})
  119 |         std_msg.velocity = custom_msg.[01;31m[Kvelocity[m[K;
      |                                       [01;31m[K^~~~~~~~[m[K
In file included from [01m[K/usr/include/c++/11/vector:72[m[K,
                 from [01m[K/usr/include/c++/11/functional:62[m[K,
                 from [01m[K/usr/include/c++/11/pstl/glue_algorithm_defs.h:13[m[K,
                 from [01m[K/usr/include/c++/11/algorithm:74[m[K,
                 from [01m[K/opt/ros/humble/include/rclcpp/rclcpp/executor.hpp:18[m[K,
                 from [01m[K/opt/ros/humble/include/rclcpp/rclcpp/executors/multi_threaded_executor.hpp:25[m[K,
                 from [01m[K/opt/ros/humble/include/rclcpp/rclcpp/executors.hpp:21[m[K,
                 from [01m[K/opt/ros/humble/include/rclcpp/rclcpp/rclcpp.hpp:155[m[K,
                 from [01m[K/home/jaeho/project_ws/src/doosan_m0609_controller/include/doosan_m0609_controller/doosan_robot_controller.hpp:4[m[K,
                 from [01m[K/home/jaeho/project_ws/src/doosan_m0609_controller/src/doosan_robot_controller.cpp:1[m[K:
[01m[K/usr/include/c++/11/bits/vector.tcc:198:5:[m[K [01;36m[Knote: [m[Kcandidate: ‘[01m[Kstd::vector<_Tp, _Alloc>& std::vector<_Tp, _Alloc>::operator=(const std::vector<_Tp, _Alloc>&) [with _Tp = double; _Alloc = std::allocator<double>][m[K’
  198 |     [01;36m[Kvector<_Tp, _Alloc>[m[K::
      |     [01;36m[K^~~~~~~~~~~~~~~~~~~[m[K
[01m[K/usr/include/c++/11/bits/vector.tcc:199:42:[m[K [01;36m[Knote: [m[K  no known conversion for argument 1 from ‘[01m[Kdoosan_m0609_controller::msg::JointState_<std::allocator<void> >::_velocity_type[m[K’ {aka ‘[01m[Kstd::array<double, 6>[m[K’} to ‘[01m[Kconst std::vector<double, std::allocator<double> >&[m[K’
  199 |     operator=([01;36m[Kconst vector<_Tp, _Alloc>& __x[m[K)
      |               [01;36m[K~~~~~~~~~~~~~~~~~~~~~~~~~~~^~~[m[K
In file included from [01m[K/usr/include/c++/11/vector:67[m[K,
                 from [01m[K/usr/include/c++/11/functional:62[m[K,
                 from [01m[K/usr/include/c++/11/pstl/glue_algorithm_defs.h:13[m[K,
                 from [01m[K/usr/include/c++/11/algorithm:74[m[K,
                 from [01m[K/opt/ros/humble/include/rclcpp/rclcpp/executor.hpp:18[m[K,
                 from [01m[K/opt/ros/humble/include/rclcpp/rclcpp/executors/multi_threaded_executor.hpp:25[m[K,
                 from [01m[K/opt/ros/humble/include/rclcpp/rclcpp/executors.hpp:21[m[K,
                 from [01m[K/opt/ros/humble/include/rclcpp/rclcpp/rclcpp.hpp:155[m[K,
                 from [01m[K/home/jaeho/project_ws/src/doosan_m0609_controller/include/doosan_m0609_controller/doosan_robot_controller.hpp:4[m[K,
                 from [01m[K/home/jaeho/project_ws/src/doosan_m0609_controller/src/doosan_robot_controller.cpp:1[m[K:
[01m[K/usr/include/c++/11/bits/stl_vector.h:709:7:[m[K [01;36m[Knote: [m[Kcandidate: ‘[01m[Kstd::vector<_Tp, _Alloc>& std::vector<_Tp, _Alloc>::operator=(std::vector<_Tp, _Alloc>&&) [with _Tp = double; _Alloc = std::allocator<double>][m[K’
  709 |       [01;36m[Koperator[m[K=(vector&& __x) noexcept(_Alloc_traits::_S_nothrow_move())
      |       [01;36m[K^~~~~~~~[m[K
[01m[K/usr/include/c++/11/bits/stl_vector.h:709:26:[m[K [01;36m[Knote: [m[K  no known conversion for argument 1 from ‘[01m[Kdoosan_m0609_controller::msg::JointState_<std::allocator<void> >::_velocity_type[m[K’ {aka ‘[01m[Kstd::array<double, 6>[m[K’} to ‘[01m[Kstd::vector<double, std::allocator<double> >&&[m[K’
  709 |       operator=([01;36m[Kvector&& __x[m[K) noexcept(_Alloc_traits::_S_nothrow_move())
      |                 [01;36m[K~~~~~~~~~^~~[m[K
[01m[K/usr/include/c++/11/bits/stl_vector.h:730:7:[m[K [01;36m[Knote: [m[Kcandidate: ‘[01m[Kstd::vector<_Tp, _Alloc>& std::vector<_Tp, _Alloc>::operator=(std::initializer_list<_Tp>) [with _Tp = double; _Alloc = std::allocator<double>][m[K’
  730 |       [01;36m[Koperator[m[K=(initializer_list<value_type> __l)
      |       [01;36m[K^~~~~~~~[m[K
[01m[K/usr/include/c++/11/bits/stl_vector.h:730:46:[m[K [01;36m[Knote: [m[K  no known conversion for argument 1 from ‘[01m[Kdoosan_m0609_controller::msg::JointState_<std::allocator<void> >::_velocity_type[m[K’ {aka ‘[01m[Kstd::array<double, 6>[m[K’} to ‘[01m[Kstd::initializer_list<double>[m[K’
  730 |       operator=([01;36m[Kinitializer_list<value_type> __l[m[K)
      |                 [01;36m[K~~~~~~~~~~~~~~~~~~~~~~~~~~~~~^~~[m[K
[01m[K/home/jaeho/project_ws/src/doosan_m0609_controller/src/doosan_robot_controller.cpp:120:37:[m[K [01;31m[Kerror: [m[Kno match for ‘[01m[Koperator=[m[K’ (operand types are ‘[01m[Ksensor_msgs::msg::JointState_<std::allocator<void> >::_effort_type[m[K’ {aka ‘[01m[Kstd::vector<double, std::allocator<double> >[m[K’} and ‘[01m[Kdoosan_m0609_controller::msg::JointState_<std::allocator<void> >::_effort_type[m[K’ {aka ‘[01m[Kstd::array<double, 6>[m[K’})
  120 |         std_msg.effort = custom_msg.[01;31m[Keffort[m[K;
      |                                     [01;31m[K^~~~~~[m[K
In file included from [01m[K/usr/include/c++/11/vector:72[m[K,
                 from [01m[K/usr/include/c++/11/functional:62[m[K,
                 from [01m[K/usr/include/c++/11/pstl/glue_algorithm_defs.h:13[m[K,
                 from [01m[K/usr/include/c++/11/algorithm:74[m[K,
                 from [01m[K/opt/ros/humble/include/rclcpp/rclcpp/executor.hpp:18[m[K,
                 from [01m[K/opt/ros/humble/include/rclcpp/rclcpp/executors/multi_threaded_executor.hpp:25[m[K,
                 from [01m[K/opt/ros/humble/include/rclcpp/rclcpp/executors.hpp:21[m[K,
                 from [01m[K/opt/ros/humble/include/rclcpp/rclcpp/rclcpp.hpp:155[m[K,
                 from [01m[K/home/jaeho/project_ws/src/doosan_m0609_controller/include/doosan_m0609_controller/doosan_robot_controller.hpp:4[m[K,
                 from [01m[K/home/jaeho/project_ws/src/doosan_m0609_controller/src/doosan_robot_controller.cpp:1[m[K:
[01m[K/usr/include/c++/11/bits/vector.tcc:198:5:[m[K [01;36m[Knote: [m[Kcandidate: ‘[01m[Kstd::vector<_Tp, _Alloc>& std::vector<_Tp, _Alloc>::operator=(const std::vector<_Tp, _Alloc>&) [with _Tp = double; _Alloc = std::allocator<double>][m[K’
  198 |     [01;36m[Kvector<_Tp, _Alloc>[m[K::
      |     [01;36m[K^~~~~~~~~~~~~~~~~~~[m[K
[01m[K/usr/include/c++/11/bits/vector.tcc:199:42:[m[K [01;36m[Knote: [m[K  no known conversion for argument 1 from ‘[01m[Kdoosan_m0609_controller::msg::JointState_<std::allocator<void> >::_effort_type[m[K’ {aka ‘[01m[Kstd::array<double, 6>[m[K’} to ‘[01m[Kconst std::vector<double, std::allocator<double> >&[m[K’
  199 |     operator=([01;36m[Kconst vector<_Tp, _Alloc>& __x[m[K)
      |               [01;36m[K~~~~~~~~~~~~~~~~~~~~~~~~~~~^~~[m[K
In file included from [01m[K/usr/include/c++/11/vector:67[m[K,
                 from [01m[K/usr/include/c++/11/functional:62[m[K,
                 from [01m[K/usr/include/c++/11/pstl/glue_algorithm_defs.h:13[m[K,
                 from [01m[K/usr/include/c++/11/algorithm:74[m[K,
                 from [01m[K/opt/ros/humble/include/rclcpp/rclcpp/executor.hpp:18[m[K,
                 from [01m[K/opt/ros/humble/include/rclcpp/rclcpp/executors/multi_threaded_executor.hpp:25[m[K,
                 from [01m[K/opt/ros/humble/include/rclcpp/rclcpp/executors.hpp:21[m[K,
                 from [01m[K/opt/ros/humble/include/rclcpp/rclcpp/rclcpp.hpp:155[m[K,
                 from [01m[K/home/jaeho/project_ws/src/doosan_m0609_controller/include/doosan_m0609_controller/doosan_robot_controller.hpp:4[m[K,
                 from [01m[K/home/jaeho/project_ws/src/doosan_m0609_controller/src/doosan_robot_controller.cpp:1[m[K:
[01m[K/usr/include/c++/11/bits/stl_vector.h:709:7:[m[K [01;36m[Knote: [m[Kcandidate: ‘[01m[Kstd::vector<_Tp, _Alloc>& std::vector<_Tp, _Alloc>::operator=(std::vector<_Tp, _Alloc>&&) [with _Tp = double; _Alloc = std::allocator<double>][m[K’
  709 |       [01;36m[Koperator[m[K=(vector&& __x) noexcept(_Alloc_traits::_S_nothrow_move())
      |       [01;36m[K^~~~~~~~[m[K
[01m[K/usr/include/c++/11/bits/stl_vector.h:709:26:[m[K [01;36m[Knote: [m[K  no known conversion for argument 1 from ‘[01m[Kdoosan_m0609_controller::msg::JointState_<std::allocator<void> >::_effort_type[m[K’ {aka ‘[01m[Kstd::array<double, 6>[m[K’} to ‘[01m[Kstd::vector<double, std::allocator<double> >&&[m[K’
  709 |       operator=([01;36m[Kvector&& __x[m[K) noexcept(_Alloc_traits::_S_nothrow_move())
      |                 [01;36m[K~~~~~~~~~^~~[m[K
[01m[K/usr/include/c++/11/bits/stl_vector.h:730:7:[m[K [01;36m[Knote: [m[Kcandidate: ‘[01m[Kstd::vector<_Tp, _Alloc>& std::vector<_Tp, _Alloc>::operator=(std::initializer_list<_Tp>) [with _Tp = double; _Alloc = std::allocator<double>][m[K’
  730 |       [01;36m[Koperator[m[K=(initializer_list<value_type> __l)
      |       [01;36m[K^~~~~~~~[m[K
[01m[K/usr/include/c++/11/bits/stl_vector.h:730:46:[m[K [01;36m[Knote: [m[K  no known conversion for argument 1 from ‘[01m[Kdoosan_m0609_controller::msg::JointState_<std::allocator<void> >::_effort_type[m[K’ {aka ‘[01m[Kstd::array<double, 6>[m[K’} to ‘[01m[Kstd::initializer_list<double>[m[K’
  730 |       operator=([01;36m[Kinitializer_list<value_type> __l[m[K)
      |                 [01;36m[K~~~~~~~~~~~~~~~~~~~~~~~~~~~~~^~~[m[K
[01m[K/home/jaeho/project_ws/src/doosan_m0609_controller/src/doosan_robot_controller.cpp:[m[K In member function ‘[01m[Kvoid DoosanRobotController::handleMoveJ(std::shared_ptr<doosan_m0609_controller::srv::MoveJ_Request_<std::allocator<void> > >, std::shared_ptr<doosan_m0609_controller::srv::MoveJ_Response_<std::allocator<void> > >)[m[K’:
[01m[K/home/jaeho/project_ws/src/doosan_m0609_controller/src/doosan_robot_controller.cpp:181:39:[m[K [01;31m[Kerror: [m[Kcannot convert ‘[01m[Kdoosan_m0609_controller::srv::MoveJ_Request_<std::allocator<void> >::_target_joints_type[m[K’ {aka ‘[01m[Kstd::array<double, 6>[m[K’} to ‘[01m[Kconst std::vector<double, std::allocator<double> >&[m[K’
  181 |     if (!validateJointLimits([01;31m[Krequest->target_joints[m[K)) {
      |                              [01;31m[K~~~~~~~~~^~~~~~~~~~~~~[m[K
      |                                       [01;31m[K|[m[K
      |                                       [01;31m[Kdoosan_m0609_controller::srv::MoveJ_Request_<std::allocator<void> >::_target_joints_type {aka std::array<double, 6>}[m[K
In file included from [01m[K/home/jaeho/project_ws/src/doosan_m0609_controller/src/doosan_robot_controller.cpp:1[m[K:
[01m[K/home/jaeho/project_ws/src/doosan_m0609_controller/include/doosan_m0609_controller/doosan_robot_controller.hpp:67:57:[m[K [01;36m[Knote: [m[K  initializing argument 1 of ‘[01m[Kbool DoosanRobotController::validateJointLimits(const std::vector<double, std::allocator<double> >&)[m[K’
   67 |     bool validateJointLimits([01;36m[Kconst std::vector<double>& joints[m[K);
      |                              [01;36m[K~~~~~~~~~~~~~~~~~~~~~~~~~~~^~~~~~[m[K
[01m[K/home/jaeho/project_ws/src/doosan_m0609_controller/src/doosan_robot_controller.cpp:206:22:[m[K [01;31m[Kerror: [m[Kcannot convert ‘[01m[Kdoosan_m0609_controller::srv::MoveJ_Request_<std::allocator<void> >::_target_joints_type[m[K’ {aka ‘[01m[Kstd::array<double, 6>[m[K’} to ‘[01m[Kconst std::vector<double, std::allocator<double> >&[m[K’
  206 |             [01;31m[Krequest->target_joints[m[K,
      |             [01;31m[K~~~~~~~~~^~~~~~~~~~~~~[m[K
      |                      [01;31m[K|[m[K
      |                      [01;31m[Kdoosan_m0609_controller::srv::MoveJ_Request_<std::allocator<void> >::_target_joints_type {aka std::array<double, 6>}[m[K
In file included from [01m[K/home/jaeho/project_ws/src/doosan_m0609_controller/include/doosan_m0609_controller/doosan_robot_controller.hpp:15[m[K,
                 from [01m[K/home/jaeho/project_ws/src/doosan_m0609_controller/src/doosan_robot_controller.cpp:1[m[K:
[01m[K/home/jaeho/project_ws/src/doosan_m0609_controller/include/DRFL/DRFL.h:30:43:[m[K [01;36m[Knote: [m[K  initializing argument 1 of ‘[01m[Kbool DRFL::moveJ(const std::vector<double, std::allocator<double> >&, double, double, double)[m[K’
   30 |     bool moveJ([01;36m[Kconst std::vector<double>& joints[m[K,
      |                [01;36m[K~~~~~~~~~~~~~~~~~~~~~~~~~~~^~~~~~[m[K
gmake[2]: *** [CMakeFiles/doosan_controller_node.dir/build.make:90: CMakeFiles/doosan_controller_node.dir/src/doosan_robot_controller.cpp.o] Error 1
gmake[1]: *** [CMakeFiles/Makefile2:593: CMakeFiles/doosan_controller_node.dir/all] Error 2
gmake: *** [Makefile:146: all] Error 2
