[0.014s] Invoking command in '/home/jaeho/project_ws/build/doosan_m0609_controller': CMAKE_PREFIX_PATH=${CMAKE_PREFIX_PATH}:/home/jaeho/project_ws/install/precision_liquid_pouring:/home/jaeho/project_ws/install/doosan_m0609_bringup:/home/jaeho/project_ws/install/chemistry_experiment_manager:/home/jaeho/project_ws/install/arduino_loadcell_interface:/opt/ros/humble /usr/bin/cmake /home/jaeho/project_ws/src/doosan_m0609_controller -DCMAKE_INSTALL_PREFIX=/home/jaeho/project_ws/install/doosan_m0609_controller
[0.033s] -- Found ament_cmake: 1.3.12 (/opt/ros/humble/share/ament_cmake/cmake)
[0.167s] -- Found rclcpp: 16.0.14 (/opt/ros/humble/share/rclcpp/cmake)
[0.332s] -- Found rosidl_generator_c: 3.1.7 (/opt/ros/humble/share/rosidl_generator_c/cmake)
[0.334s] -- Found rosidl_adapter: 3.1.7 (/opt/ros/humble/share/rosidl_adapter/cmake)
[0.342s] -- Found rosidl_generator_cpp: 3.1.7 (/opt/ros/humble/share/rosidl_generator_cpp/cmake)
[0.352s] -- Using all available rosidl_typesupport_c: rosidl_typesupport_fastrtps_c;rosidl_typesupport_introspection_c
[0.364s] -- Using all available rosidl_typesupport_cpp: rosidl_typesupport_fastrtps_cpp;rosidl_typesupport_introspection_cpp
[0.400s] -- Found rmw_implementation_cmake: 6.1.2 (/opt/ros/humble/share/rmw_implementation_cmake/cmake)
[0.402s] -- Found rmw_fastrtps_cpp: 6.2.8 (/opt/ros/humble/share/rmw_fastrtps_cpp/cmake)
[7.337s] -- Using RMW implementation 'rmw_fastrtps_cpp' as default
[7.393s] -- Found sensor_msgs: 4.9.0 (/opt/ros/humble/share/sensor_msgs/cmake)
[7.427s] -- Found rosidl_default_generators: 1.2.0 (/opt/ros/humble/share/rosidl_default_generators/cmake)
[7.741s] -- Found ament_cmake_ros: 0.10.0 (/opt/ros/humble/share/ament_cmake_ros/cmake)
[8.192s] -- Using all available rosidl_typesupport_c: rosidl_typesupport_fastrtps_c;rosidl_typesupport_introspection_c
[8.361s] -- Using all available rosidl_typesupport_cpp: rosidl_typesupport_fastrtps_cpp;rosidl_typesupport_introspection_cpp
[8.382s] -- Found python_cmake_module: 0.10.0 (/opt/ros/humble/share/python_cmake_module/cmake)
[8.402s] -- Using PYTHON_EXECUTABLE: /usr/bin/python3
[8.402s] -- Using PYTHON_INCLUDE_DIRS: /usr/include/python3.10
[8.403s] -- Using PYTHON_LIBRARIES: /usr/lib/x86_64-linux-gnu/libpython3.10.so
[8.451s] -- Searching for Poco libraries using find_library...
[9.652s] -- Found Poco using find_package
[9.699s] -- Found Poco headers: /usr/include
[9.700s] -- Building with full Poco support
[9.705s] -- Found ament_lint_auto: 0.12.14 (/opt/ros/humble/share/ament_lint_auto/cmake)
[9.761s] -- Added test 'copyright' to check source files copyright and LICENSE
[9.766s] -- Added test 'cppcheck' to perform static code analysis on C / C++ code
[9.768s] -- Configured cppcheck include dirs: /home/jaeho/project_ws/src/doosan_m0609_controller/include;/home/jaeho/project_ws/src/doosan_m0609_controller/include/DRFL
[9.768s] -- Configured cppcheck exclude dirs and/or files: 
[9.772s] -- Added test 'cpplint' to check C / C++ code against the Google style
[9.772s] -- Configured cpplint exclude dirs and/or files: 
[9.775s] -- Added test 'flake8' to check Python code syntax and style conventions
[9.777s] -- Added test 'lint_cmake' to check CMake code style
[9.779s] -- Added test 'pep257' to check Python code against some of the docstring style conventions in PEP 257
[9.783s] -- Added test 'uncrustify' to check C / C++ code style
[9.783s] -- Configured uncrustify additional arguments: 
[9.785s] -- Added test 'xmllint' to check XML markup files
[9.791s] -- Configuring done
[9.922s] -- Generating done
[9.944s] -- Build files have been written to: /home/jaeho/project_ws/build/doosan_m0609_controller
[9.955s] Invoked command in '/home/jaeho/project_ws/build/doosan_m0609_controller' returned '0': CMAKE_PREFIX_PATH=${CMAKE_PREFIX_PATH}:/home/jaeho/project_ws/install/precision_liquid_pouring:/home/jaeho/project_ws/install/doosan_m0609_bringup:/home/jaeho/project_ws/install/chemistry_experiment_manager:/home/jaeho/project_ws/install/arduino_loadcell_interface:/opt/ros/humble /usr/bin/cmake /home/jaeho/project_ws/src/doosan_m0609_controller -DCMAKE_INSTALL_PREFIX=/home/jaeho/project_ws/install/doosan_m0609_controller
[9.957s] Invoking command in '/home/jaeho/project_ws/build/doosan_m0609_controller': CMAKE_PREFIX_PATH=${CMAKE_PREFIX_PATH}:/home/jaeho/project_ws/install/precision_liquid_pouring:/home/jaeho/project_ws/install/doosan_m0609_bringup:/home/jaeho/project_ws/install/chemistry_experiment_manager:/home/jaeho/project_ws/install/arduino_loadcell_interface:/opt/ros/humble /usr/bin/cmake --build /home/jaeho/project_ws/build/doosan_m0609_controller -- -j8 -l8
[10.001s] [  1%] [34m[1mGenerating C code for ROS interfaces[0m
[10.014s] [  3%] [34m[1mGenerating C++ code for ROS interfaces[0m
[10.023s] [  3%] Built target ament_cmake_python_copy_doosan_m0609_controller
[10.315s] running egg_info
[10.315s] creating doosan_m0609_controller.egg-info
[10.316s] writing doosan_m0609_controller.egg-info/PKG-INFO
[10.317s] writing dependency_links to doosan_m0609_controller.egg-info/dependency_links.txt
[10.317s] writing top-level names to doosan_m0609_controller.egg-info/top_level.txt
[10.318s] writing manifest file 'doosan_m0609_controller.egg-info/SOURCES.txt'
[10.321s] reading manifest file 'doosan_m0609_controller.egg-info/SOURCES.txt'
[10.322s] writing manifest file 'doosan_m0609_controller.egg-info/SOURCES.txt'
[10.355s] [  3%] Built target ament_cmake_python_build_doosan_m0609_controller_egg
[10.808s] [  6%] [32mBuilding C object CMakeFiles/doosan_m0609_controller__rosidl_generator_c.dir/rosidl_generator_c/doosan_m0609_controller/msg/detail/joint_state__functions.c.o[0m
[10.808s] [  6%] [32mBuilding C object CMakeFiles/doosan_m0609_controller__rosidl_generator_c.dir/rosidl_generator_c/doosan_m0609_controller/srv/detail/move_j__functions.c.o[0m
[10.809s] [ 10%] [32mBuilding C object CMakeFiles/doosan_m0609_controller__rosidl_generator_c.dir/rosidl_generator_c/doosan_m0609_controller/msg/detail/robot_status__functions.c.o[0m
[10.809s] [ 10%] [32mBuilding C object CMakeFiles/doosan_m0609_controller__rosidl_generator_c.dir/rosidl_generator_c/doosan_m0609_controller/srv/detail/connect_robot__functions.c.o[0m
[11.025s] [ 10%] Built target doosan_m0609_controller__cpp
[11.045s] [ 13%] [34m[1mGenerating C++ type support dispatch for ROS interfaces[0m
[11.045s] [ 15%] [34m[1mGenerating C++ type support for eProsima Fast-RTPS[0m
[11.045s] [ 15%] [34m[1mGenerating C++ introspection for ROS interfaces[0m
[11.055s] [ 16%] [32m[1mLinking C shared library libdoosan_m0609_controller__rosidl_generator_c.so[0m
[11.332s] [ 16%] Built target doosan_m0609_controller__rosidl_generator_c
[11.354s] [ 18%] [34m[1mGenerating C introspection for ROS interfaces[0m
[11.355s] [ 20%] [34m[1mGenerating C type support dispatch for ROS interfaces[0m
[11.358s] [ 22%] [34m[1mGenerating C type support for eProsima Fast-RTPS[0m
[12.223s] [ 23%] [32mBuilding CXX object CMakeFiles/doosan_m0609_controller__rosidl_typesupport_cpp.dir/rosidl_typesupport_cpp/doosan_m0609_controller/msg/joint_state__type_support.cpp.o[0m
[12.224s] [ 25%] [32mBuilding CXX object CMakeFiles/doosan_m0609_controller__rosidl_typesupport_cpp.dir/rosidl_typesupport_cpp/doosan_m0609_controller/msg/robot_status__type_support.cpp.o[0m
[12.240s] [ 27%] [32mBuilding CXX object CMakeFiles/doosan_m0609_controller__rosidl_typesupport_cpp.dir/rosidl_typesupport_cpp/doosan_m0609_controller/srv/move_j__type_support.cpp.o[0m
[12.427s] [ 28%] [32mBuilding CXX object CMakeFiles/doosan_m0609_controller__rosidl_typesupport_introspection_cpp.dir/rosidl_typesupport_introspection_cpp/doosan_m0609_controller/msg/detail/joint_state__type_support.cpp.o[0m
[12.569s] [ 30%] [32mBuilding CXX object CMakeFiles/doosan_m0609_controller__rosidl_typesupport_fastrtps_cpp.dir/rosidl_typesupport_fastrtps_cpp/doosan_m0609_controller/msg/detail/dds_fastrtps/joint_state__type_support.cpp.o[0m
[12.640s] [ 32%] [32mBuilding CXX object CMakeFiles/doosan_m0609_controller__rosidl_typesupport_c.dir/rosidl_typesupport_c/doosan_m0609_controller/msg/joint_state__type_support.cpp.o[0m
[12.743s] [ 33%] [32mBuilding CXX object CMakeFiles/doosan_m0609_controller__rosidl_typesupport_c.dir/rosidl_typesupport_c/doosan_m0609_controller/msg/robot_status__type_support.cpp.o[0m
[12.842s] [ 35%] [32mBuilding CXX object CMakeFiles/doosan_m0609_controller__rosidl_typesupport_c.dir/rosidl_typesupport_c/doosan_m0609_controller/srv/move_j__type_support.cpp.o[0m
[12.954s] [ 37%] [32mBuilding CXX object CMakeFiles/doosan_m0609_controller__rosidl_typesupport_c.dir/rosidl_typesupport_c/doosan_m0609_controller/srv/connect_robot__type_support.cpp.o[0m
[12.994s] [ 38%] [32mBuilding C object CMakeFiles/doosan_m0609_controller__rosidl_typesupport_introspection_c.dir/rosidl_typesupport_introspection_c/doosan_m0609_controller/msg/detail/joint_state__type_support.c.o[0m
[13.058s] [ 40%] [32m[1mLinking CXX shared library libdoosan_m0609_controller__rosidl_typesupport_c.so[0m
[13.072s] [ 42%] [32mBuilding CXX object CMakeFiles/doosan_m0609_controller__rosidl_typesupport_fastrtps_c.dir/rosidl_typesupport_fastrtps_c/doosan_m0609_controller/msg/detail/joint_state__type_support_c.cpp.o[0m
[13.105s] [ 44%] [32mBuilding CXX object CMakeFiles/doosan_m0609_controller__rosidl_typesupport_cpp.dir/rosidl_typesupport_cpp/doosan_m0609_controller/srv/connect_robot__type_support.cpp.o[0m
[13.117s] [ 45%] [32mBuilding C object CMakeFiles/doosan_m0609_controller__rosidl_typesupport_introspection_c.dir/rosidl_typesupport_introspection_c/doosan_m0609_controller/msg/detail/robot_status__type_support.c.o[0m
[13.119s] [ 47%] [32mBuilding CXX object CMakeFiles/doosan_m0609_controller__rosidl_typesupport_introspection_cpp.dir/rosidl_typesupport_introspection_cpp/doosan_m0609_controller/msg/detail/robot_status__type_support.cpp.o[0m
[13.137s] [ 49%] [32mBuilding C object CMakeFiles/doosan_m0609_controller__rosidl_typesupport_introspection_c.dir/rosidl_typesupport_introspection_c/doosan_m0609_controller/srv/detail/move_j__type_support.c.o[0m
[13.211s] [ 50%] [32mBuilding C object CMakeFiles/doosan_m0609_controller__rosidl_typesupport_introspection_c.dir/rosidl_typesupport_introspection_c/doosan_m0609_controller/srv/detail/connect_robot__type_support.c.o[0m
[13.233s] [ 52%] [32mBuilding CXX object CMakeFiles/doosan_m0609_controller__rosidl_typesupport_fastrtps_cpp.dir/rosidl_typesupport_fastrtps_cpp/doosan_m0609_controller/msg/detail/dds_fastrtps/robot_status__type_support.cpp.o[0m
[13.318s] [ 54%] [32m[1mLinking C shared library libdoosan_m0609_controller__rosidl_typesupport_introspection_c.so[0m
[13.442s] [ 54%] Built target doosan_m0609_controller__rosidl_typesupport_c
[13.472s] [ 55%] [32mBuilding CXX object CMakeFiles/doosan_m0609_controller__rosidl_typesupport_fastrtps_cpp.dir/rosidl_typesupport_fastrtps_cpp/doosan_m0609_controller/srv/detail/dds_fastrtps/move_j__type_support.cpp.o[0m
[13.505s] [ 57%] [32mBuilding CXX object CMakeFiles/doosan_m0609_controller__rosidl_typesupport_fastrtps_cpp.dir/rosidl_typesupport_fastrtps_cpp/doosan_m0609_controller/srv/detail/dds_fastrtps/connect_robot__type_support.cpp.o[0m
[13.639s] [ 57%] Built target doosan_m0609_controller__rosidl_typesupport_introspection_c
[13.665s] [ 59%] [32mBuilding CXX object CMakeFiles/doosan_m0609_controller__rosidl_typesupport_introspection_cpp.dir/rosidl_typesupport_introspection_cpp/doosan_m0609_controller/srv/detail/move_j__type_support.cpp.o[0m
[13.665s] [ 61%] [32mBuilding CXX object CMakeFiles/doosan_m0609_controller__rosidl_typesupport_fastrtps_c.dir/rosidl_typesupport_fastrtps_c/doosan_m0609_controller/msg/detail/robot_status__type_support_c.cpp.o[0m
[13.755s] [ 62%] [32m[1mLinking CXX shared library libdoosan_m0609_controller__rosidl_typesupport_cpp.so[0m
[13.912s] [ 64%] [32mBuilding CXX object CMakeFiles/doosan_m0609_controller__rosidl_typesupport_introspection_cpp.dir/rosidl_typesupport_introspection_cpp/doosan_m0609_controller/srv/detail/connect_robot__type_support.cpp.o[0m
[14.025s] [ 66%] [32mBuilding CXX object CMakeFiles/doosan_m0609_controller__rosidl_typesupport_fastrtps_c.dir/rosidl_typesupport_fastrtps_c/doosan_m0609_controller/srv/detail/move_j__type_support_c.cpp.o[0m
[14.136s] [ 66%] Built target doosan_m0609_controller__rosidl_typesupport_cpp
[14.194s] [ 67%] [32mBuilding CXX object CMakeFiles/doosan_controller_node.dir/src/doosan_controller_node.cpp.o[0m
[14.270s] [ 69%] [32mBuilding CXX object CMakeFiles/doosan_controller_node.dir/src/doosan_robot_controller.cpp.o[0m
[14.443s] [ 71%] [32mBuilding CXX object CMakeFiles/doosan_controller_node.dir/src/drfl_dummy.cpp.o[0m
[14.509s] [ 72%] [32m[1mLinking CXX shared library libdoosan_m0609_controller__rosidl_typesupport_fastrtps_cpp.so[0m
[14.589s] [ 74%] [32mBuilding CXX object CMakeFiles/doosan_m0609_controller__rosidl_typesupport_fastrtps_c.dir/rosidl_typesupport_fastrtps_c/doosan_m0609_controller/srv/detail/connect_robot__type_support_c.cpp.o[0m
[14.791s] [01m[K/home/jaeho/project_ws/src/doosan_m0609_controller/src/drfl_dummy.cpp:10:10:[m[K [01;31m[Kfatal error: [m[KPoco/Net/TCPSocket.h: No such file or directory
[14.791s]    10 | #include [01;31m[K<Poco/Net/TCPSocket.h>[m[K
[14.791s]       |          [01;31m[K^~~~~~~~~~~~~~~~~~~~~~[m[K
[14.791s] compilation terminated.
[14.793s] gmake[2]: *** [CMakeFiles/doosan_controller_node.dir/build.make:104: CMakeFiles/doosan_controller_node.dir/src/drfl_dummy.cpp.o] Error 1
[14.793s] gmake[2]: *** Waiting for unfinished jobs....
[14.859s] [ 76%] [32m[1mLinking CXX shared library libdoosan_m0609_controller__rosidl_typesupport_introspection_cpp.so[0m
[14.911s] [ 76%] Built target doosan_m0609_controller__rosidl_typesupport_fastrtps_cpp
[15.169s] [ 76%] Built target doosan_m0609_controller__rosidl_typesupport_introspection_cpp
[15.242s] [ 77%] [32m[1mLinking CXX shared library libdoosan_m0609_controller__rosidl_typesupport_fastrtps_c.so[0m
[15.462s] [ 77%] Built target doosan_m0609_controller__rosidl_typesupport_fastrtps_c
[15.490s] [ 77%] Built target doosan_m0609_controller
[15.525s] [ 79%] [34m[1mGenerating Python code for ROS interfaces[0m
[16.853s] [ 79%] Built target doosan_m0609_controller__py
[16.880s] [ 84%] [32mBuilding C object CMakeFiles/doosan_m0609_controller__rosidl_generator_py.dir/rosidl_generator_py/doosan_m0609_controller/msg/_joint_state_s.c.o[0m
[16.880s] [ 84%] [32mBuilding C object CMakeFiles/doosan_m0609_controller__rosidl_generator_py.dir/rosidl_generator_py/doosan_m0609_controller/srv/_move_j_s.c.o[0m
[16.880s] [ 84%] [32mBuilding C object CMakeFiles/doosan_m0609_controller__rosidl_generator_py.dir/rosidl_generator_py/doosan_m0609_controller/msg/_robot_status_s.c.o[0m
[16.880s] [ 86%] [32mBuilding C object CMakeFiles/doosan_m0609_controller__rosidl_generator_py.dir/rosidl_generator_py/doosan_m0609_controller/srv/_connect_robot_s.c.o[0m
[17.223s] [ 88%] [32m[1mLinking C shared library rosidl_generator_py/doosan_m0609_controller/libdoosan_m0609_controller__rosidl_generator_py.so[0m
[17.389s] [ 88%] Built target doosan_m0609_controller__rosidl_generator_py
[17.417s] [ 89%] [32mBuilding C object CMakeFiles/doosan_m0609_controller__rosidl_typesupport_fastrtps_c__pyext.dir/rosidl_generator_py/doosan_m0609_controller/_doosan_m0609_controller_s.ep.rosidl_typesupport_fastrtps_c.c.o[0m
[17.418s] [ 91%] [32mBuilding C object CMakeFiles/doosan_m0609_controller__rosidl_typesupport_introspection_c__pyext.dir/rosidl_generator_py/doosan_m0609_controller/_doosan_m0609_controller_s.ep.rosidl_typesupport_introspection_c.c.o[0m
[17.419s] [ 93%] [32mBuilding C object CMakeFiles/doosan_m0609_controller__rosidl_typesupport_c__pyext.dir/rosidl_generator_py/doosan_m0609_controller/_doosan_m0609_controller_s.ep.rosidl_typesupport_c.c.o[0m
[17.611s] [ 94%] [32m[1mLinking C shared library rosidl_generator_py/doosan_m0609_controller/doosan_m0609_controller_s__rosidl_typesupport_fastrtps_c.cpython-310-x86_64-linux-gnu.so[0m
[17.611s] [ 96%] [32m[1mLinking C shared library rosidl_generator_py/doosan_m0609_controller/doosan_m0609_controller_s__rosidl_typesupport_introspection_c.cpython-310-x86_64-linux-gnu.so[0m
[17.611s] [ 98%] [32m[1mLinking C shared library rosidl_generator_py/doosan_m0609_controller/doosan_m0609_controller_s__rosidl_typesupport_c.cpython-310-x86_64-linux-gnu.so[0m
[17.736s] [ 98%] Built target doosan_m0609_controller__rosidl_typesupport_fastrtps_c__pyext
[17.736s] [ 98%] Built target doosan_m0609_controller__rosidl_typesupport_c__pyext
[17.761s] [ 98%] Built target doosan_m0609_controller__rosidl_typesupport_introspection_c__pyext
[18.118s] [01m[K/home/jaeho/project_ws/src/doosan_m0609_controller/src/doosan_robot_controller.cpp:[m[K In member function ‘[01m[Kvoid DoosanRobotController::publishJointStates()[m[K’:
[18.118s] [01m[K/home/jaeho/project_ws/src/doosan_m0609_controller/src/doosan_robot_controller.cpp:108:31:[m[K [01;31m[Kerror: [m[Kno match for ‘[01m[Koperator=[m[K’ (operand types are ‘[01m[Kdoosan_m0609_controller::msg::JointState_<std::allocator<void> >::_position_type[m[K’ {aka ‘[01m[Kstd::array<double, 6>[m[K’} and ‘[01m[Kstd::vector<double, std::allocator<double> >[m[K’)
[18.118s]   108 |         custom_msg.position = [01;31m[Kjoint_positions[m[K;
[18.119s]       |                               [01;31m[K^~~~~~~~~~~~~~~[m[K
[18.119s] In file included from [01m[K/usr/include/c++/11/tuple:39[m[K,
[18.119s]                  from [01m[K/usr/include/c++/11/bits/unique_ptr.h:37[m[K,
[18.119s]                  from [01m[K/usr/include/c++/11/memory:76[m[K,
[18.119s]                  from [01m[K/opt/ros/humble/include/rclcpp/rclcpp/rclcpp.hpp:153[m[K,
[18.119s]                  from [01m[K/home/jaeho/project_ws/src/doosan_m0609_controller/include/doosan_m0609_controller/doosan_robot_controller.hpp:4[m[K,
[18.119s]                  from [01m[K/home/jaeho/project_ws/src/doosan_m0609_controller/src/doosan_robot_controller.cpp:1[m[K:
[18.119s] [01m[K/usr/include/c++/11/array:95:12:[m[K [01;36m[Knote: [m[Kcandidate: ‘[01m[Kconstexpr std::array<double, 6>& std::array<double, 6>::operator=(const std::array<double, 6>&)[m[K’
[18.119s]    95 |     struct [01;36m[Karray[m[K
[18.119s]       |            [01;36m[K^~~~~[m[K
[18.119s] [01m[K/usr/include/c++/11/array:95:12:[m[K [01;36m[Knote: [m[K  no known conversion for argument 1 from ‘[01m[Kstd::vector<double, std::allocator<double> >[m[K’ to ‘[01m[Kconst std::array<double, 6>&[m[K’
[18.119s] [01m[K/usr/include/c++/11/array:95:12:[m[K [01;36m[Knote: [m[Kcandidate: ‘[01m[Kconstexpr std::array<double, 6>& std::array<double, 6>::operator=(std::array<double, 6>&&)[m[K’
[18.119s] [01m[K/usr/include/c++/11/array:95:12:[m[K [01;36m[Knote: [m[K  no known conversion for argument 1 from ‘[01m[Kstd::vector<double, std::allocator<double> >[m[K’ to ‘[01m[Kstd::array<double, 6>&&[m[K’
[18.121s] [01m[K/home/jaeho/project_ws/src/doosan_m0609_controller/src/doosan_robot_controller.cpp:119:39:[m[K [01;31m[Kerror: [m[Kno match for ‘[01m[Koperator=[m[K’ (operand types are ‘[01m[Ksensor_msgs::msg::JointState_<std::allocator<void> >::_velocity_type[m[K’ {aka ‘[01m[Kstd::vector<double, std::allocator<double> >[m[K’} and ‘[01m[Kdoosan_m0609_controller::msg::JointState_<std::allocator<void> >::_velocity_type[m[K’ {aka ‘[01m[Kstd::array<double, 6>[m[K’})
[18.121s]   119 |         std_msg.velocity = custom_msg.[01;31m[Kvelocity[m[K;
[18.121s]       |                                       [01;31m[K^~~~~~~~[m[K
[18.124s] In file included from [01m[K/usr/include/c++/11/vector:72[m[K,
[18.124s]                  from [01m[K/usr/include/c++/11/functional:62[m[K,
[18.124s]                  from [01m[K/usr/include/c++/11/pstl/glue_algorithm_defs.h:13[m[K,
[18.124s]                  from [01m[K/usr/include/c++/11/algorithm:74[m[K,
[18.125s]                  from [01m[K/opt/ros/humble/include/rclcpp/rclcpp/executor.hpp:18[m[K,
[18.125s]                  from [01m[K/opt/ros/humble/include/rclcpp/rclcpp/executors/multi_threaded_executor.hpp:25[m[K,
[18.125s]                  from [01m[K/opt/ros/humble/include/rclcpp/rclcpp/executors.hpp:21[m[K,
[18.125s]                  from [01m[K/opt/ros/humble/include/rclcpp/rclcpp/rclcpp.hpp:155[m[K,
[18.125s]                  from [01m[K/home/jaeho/project_ws/src/doosan_m0609_controller/include/doosan_m0609_controller/doosan_robot_controller.hpp:4[m[K,
[18.125s]                  from [01m[K/home/jaeho/project_ws/src/doosan_m0609_controller/src/doosan_robot_controller.cpp:1[m[K:
[18.125s] [01m[K/usr/include/c++/11/bits/vector.tcc:198:5:[m[K [01;36m[Knote: [m[Kcandidate: ‘[01m[Kstd::vector<_Tp, _Alloc>& std::vector<_Tp, _Alloc>::operator=(const std::vector<_Tp, _Alloc>&) [with _Tp = double; _Alloc = std::allocator<double>][m[K’
[18.125s]   198 |     [01;36m[Kvector<_Tp, _Alloc>[m[K::
[18.125s]       |     [01;36m[K^~~~~~~~~~~~~~~~~~~[m[K
[18.125s] [01m[K/usr/include/c++/11/bits/vector.tcc:199:42:[m[K [01;36m[Knote: [m[K  no known conversion for argument 1 from ‘[01m[Kdoosan_m0609_controller::msg::JointState_<std::allocator<void> >::_velocity_type[m[K’ {aka ‘[01m[Kstd::array<double, 6>[m[K’} to ‘[01m[Kconst std::vector<double, std::allocator<double> >&[m[K’
[18.125s]   199 |     operator=([01;36m[Kconst vector<_Tp, _Alloc>& __x[m[K)
[18.125s]       |               [01;36m[K~~~~~~~~~~~~~~~~~~~~~~~~~~~^~~[m[K
[18.125s] In file included from [01m[K/usr/include/c++/11/vector:67[m[K,
[18.125s]                  from [01m[K/usr/include/c++/11/functional:62[m[K,
[18.126s]                  from [01m[K/usr/include/c++/11/pstl/glue_algorithm_defs.h:13[m[K,
[18.126s]                  from [01m[K/usr/include/c++/11/algorithm:74[m[K,
[18.126s]                  from [01m[K/opt/ros/humble/include/rclcpp/rclcpp/executor.hpp:18[m[K,
[18.126s]                  from [01m[K/opt/ros/humble/include/rclcpp/rclcpp/executors/multi_threaded_executor.hpp:25[m[K,
[18.126s]                  from [01m[K/opt/ros/humble/include/rclcpp/rclcpp/executors.hpp:21[m[K,
[18.126s]                  from [01m[K/opt/ros/humble/include/rclcpp/rclcpp/rclcpp.hpp:155[m[K,
[18.126s]                  from [01m[K/home/jaeho/project_ws/src/doosan_m0609_controller/include/doosan_m0609_controller/doosan_robot_controller.hpp:4[m[K,
[18.126s]                  from [01m[K/home/jaeho/project_ws/src/doosan_m0609_controller/src/doosan_robot_controller.cpp:1[m[K:
[18.126s] [01m[K/usr/include/c++/11/bits/stl_vector.h:709:7:[m[K [01;36m[Knote: [m[Kcandidate: ‘[01m[Kstd::vector<_Tp, _Alloc>& std::vector<_Tp, _Alloc>::operator=(std::vector<_Tp, _Alloc>&&) [with _Tp = double; _Alloc = std::allocator<double>][m[K’
[18.126s]   709 |       [01;36m[Koperator[m[K=(vector&& __x) noexcept(_Alloc_traits::_S_nothrow_move())
[18.126s]       |       [01;36m[K^~~~~~~~[m[K
[18.126s] [01m[K/usr/include/c++/11/bits/stl_vector.h:709:26:[m[K [01;36m[Knote: [m[K  no known conversion for argument 1 from ‘[01m[Kdoosan_m0609_controller::msg::JointState_<std::allocator<void> >::_velocity_type[m[K’ {aka ‘[01m[Kstd::array<double, 6>[m[K’} to ‘[01m[Kstd::vector<double, std::allocator<double> >&&[m[K’
[18.127s]   709 |       operator=([01;36m[Kvector&& __x[m[K) noexcept(_Alloc_traits::_S_nothrow_move())
[18.127s]       |                 [01;36m[K~~~~~~~~~^~~[m[K
[18.127s] [01m[K/usr/include/c++/11/bits/stl_vector.h:730:7:[m[K [01;36m[Knote: [m[Kcandidate: ‘[01m[Kstd::vector<_Tp, _Alloc>& std::vector<_Tp, _Alloc>::operator=(std::initializer_list<_Tp>) [with _Tp = double; _Alloc = std::allocator<double>][m[K’
[18.127s]   730 |       [01;36m[Koperator[m[K=(initializer_list<value_type> __l)
[18.127s]       |       [01;36m[K^~~~~~~~[m[K
[18.127s] [01m[K/usr/include/c++/11/bits/stl_vector.h:730:46:[m[K [01;36m[Knote: [m[K  no known conversion for argument 1 from ‘[01m[Kdoosan_m0609_controller::msg::JointState_<std::allocator<void> >::_velocity_type[m[K’ {aka ‘[01m[Kstd::array<double, 6>[m[K’} to ‘[01m[Kstd::initializer_list<double>[m[K’
[18.127s]   730 |       operator=([01;36m[Kinitializer_list<value_type> __l[m[K)
[18.127s]       |                 [01;36m[K~~~~~~~~~~~~~~~~~~~~~~~~~~~~~^~~[m[K
[18.127s] [01m[K/home/jaeho/project_ws/src/doosan_m0609_controller/src/doosan_robot_controller.cpp:120:37:[m[K [01;31m[Kerror: [m[Kno match for ‘[01m[Koperator=[m[K’ (operand types are ‘[01m[Ksensor_msgs::msg::JointState_<std::allocator<void> >::_effort_type[m[K’ {aka ‘[01m[Kstd::vector<double, std::allocator<double> >[m[K’} and ‘[01m[Kdoosan_m0609_controller::msg::JointState_<std::allocator<void> >::_effort_type[m[K’ {aka ‘[01m[Kstd::array<double, 6>[m[K’})
[18.127s]   120 |         std_msg.effort = custom_msg.[01;31m[Keffort[m[K;
[18.127s]       |                                     [01;31m[K^~~~~~[m[K
[18.127s] In file included from [01m[K/usr/include/c++/11/vector:72[m[K,
[18.127s]                  from [01m[K/usr/include/c++/11/functional:62[m[K,
[18.127s]                  from [01m[K/usr/include/c++/11/pstl/glue_algorithm_defs.h:13[m[K,
[18.128s]                  from [01m[K/usr/include/c++/11/algorithm:74[m[K,
[18.128s]                  from [01m[K/opt/ros/humble/include/rclcpp/rclcpp/executor.hpp:18[m[K,
[18.128s]                  from [01m[K/opt/ros/humble/include/rclcpp/rclcpp/executors/multi_threaded_executor.hpp:25[m[K,
[18.128s]                  from [01m[K/opt/ros/humble/include/rclcpp/rclcpp/executors.hpp:21[m[K,
[18.128s]                  from [01m[K/opt/ros/humble/include/rclcpp/rclcpp/rclcpp.hpp:155[m[K,
[18.128s]                  from [01m[K/home/jaeho/project_ws/src/doosan_m0609_controller/include/doosan_m0609_controller/doosan_robot_controller.hpp:4[m[K,
[18.128s]                  from [01m[K/home/jaeho/project_ws/src/doosan_m0609_controller/src/doosan_robot_controller.cpp:1[m[K:
[18.128s] [01m[K/usr/include/c++/11/bits/vector.tcc:198:5:[m[K [01;36m[Knote: [m[Kcandidate: ‘[01m[Kstd::vector<_Tp, _Alloc>& std::vector<_Tp, _Alloc>::operator=(const std::vector<_Tp, _Alloc>&) [with _Tp = double; _Alloc = std::allocator<double>][m[K’
[18.128s]   198 |     [01;36m[Kvector<_Tp, _Alloc>[m[K::
[18.128s]       |     [01;36m[K^~~~~~~~~~~~~~~~~~~[m[K
[18.128s] [01m[K/usr/include/c++/11/bits/vector.tcc:199:42:[m[K [01;36m[Knote: [m[K  no known conversion for argument 1 from ‘[01m[Kdoosan_m0609_controller::msg::JointState_<std::allocator<void> >::_effort_type[m[K’ {aka ‘[01m[Kstd::array<double, 6>[m[K’} to ‘[01m[Kconst std::vector<double, std::allocator<double> >&[m[K’
[18.128s]   199 |     operator=([01;36m[Kconst vector<_Tp, _Alloc>& __x[m[K)
[18.128s]       |               [01;36m[K~~~~~~~~~~~~~~~~~~~~~~~~~~~^~~[m[K
[18.129s] In file included from [01m[K/usr/include/c++/11/vector:67[m[K,
[18.129s]                  from [01m[K/usr/include/c++/11/functional:62[m[K,
[18.129s]                  from [01m[K/usr/include/c++/11/pstl/glue_algorithm_defs.h:13[m[K,
[18.129s]                  from [01m[K/usr/include/c++/11/algorithm:74[m[K,
[18.129s]                  from [01m[K/opt/ros/humble/include/rclcpp/rclcpp/executor.hpp:18[m[K,
[18.129s]                  from [01m[K/opt/ros/humble/include/rclcpp/rclcpp/executors/multi_threaded_executor.hpp:25[m[K,
[18.129s]                  from [01m[K/opt/ros/humble/include/rclcpp/rclcpp/executors.hpp:21[m[K,
[18.129s]                  from [01m[K/opt/ros/humble/include/rclcpp/rclcpp/rclcpp.hpp:155[m[K,
[18.129s]                  from [01m[K/home/jaeho/project_ws/src/doosan_m0609_controller/include/doosan_m0609_controller/doosan_robot_controller.hpp:4[m[K,
[18.129s]                  from [01m[K/home/jaeho/project_ws/src/doosan_m0609_controller/src/doosan_robot_controller.cpp:1[m[K:
[18.129s] [01m[K/usr/include/c++/11/bits/stl_vector.h:709:7:[m[K [01;36m[Knote: [m[Kcandidate: ‘[01m[Kstd::vector<_Tp, _Alloc>& std::vector<_Tp, _Alloc>::operator=(std::vector<_Tp, _Alloc>&&) [with _Tp = double; _Alloc = std::allocator<double>][m[K’
[18.129s]   709 |       [01;36m[Koperator[m[K=(vector&& __x) noexcept(_Alloc_traits::_S_nothrow_move())
[18.129s]       |       [01;36m[K^~~~~~~~[m[K
[18.129s] [01m[K/usr/include/c++/11/bits/stl_vector.h:709:26:[m[K [01;36m[Knote: [m[K  no known conversion for argument 1 from ‘[01m[Kdoosan_m0609_controller::msg::JointState_<std::allocator<void> >::_effort_type[m[K’ {aka ‘[01m[Kstd::array<double, 6>[m[K’} to ‘[01m[Kstd::vector<double, std::allocator<double> >&&[m[K’
[18.129s]   709 |       operator=([01;36m[Kvector&& __x[m[K) noexcept(_Alloc_traits::_S_nothrow_move())
[18.129s]       |                 [01;36m[K~~~~~~~~~^~~[m[K
[18.130s] [01m[K/usr/include/c++/11/bits/stl_vector.h:730:7:[m[K [01;36m[Knote: [m[Kcandidate: ‘[01m[Kstd::vector<_Tp, _Alloc>& std::vector<_Tp, _Alloc>::operator=(std::initializer_list<_Tp>) [with _Tp = double; _Alloc = std::allocator<double>][m[K’
[18.130s]   730 |       [01;36m[Koperator[m[K=(initializer_list<value_type> __l)
[18.130s]       |       [01;36m[K^~~~~~~~[m[K
[18.130s] [01m[K/usr/include/c++/11/bits/stl_vector.h:730:46:[m[K [01;36m[Knote: [m[K  no known conversion for argument 1 from ‘[01m[Kdoosan_m0609_controller::msg::JointState_<std::allocator<void> >::_effort_type[m[K’ {aka ‘[01m[Kstd::array<double, 6>[m[K’} to ‘[01m[Kstd::initializer_list<double>[m[K’
[18.130s]   730 |       operator=([01;36m[Kinitializer_list<value_type> __l[m[K)
[18.130s]       |                 [01;36m[K~~~~~~~~~~~~~~~~~~~~~~~~~~~~~^~~[m[K
[18.135s] [01m[K/home/jaeho/project_ws/src/doosan_m0609_controller/src/doosan_robot_controller.cpp:[m[K In member function ‘[01m[Kvoid DoosanRobotController::handleMoveJ(std::shared_ptr<doosan_m0609_controller::srv::MoveJ_Request_<std::allocator<void> > >, std::shared_ptr<doosan_m0609_controller::srv::MoveJ_Response_<std::allocator<void> > >)[m[K’:
[18.135s] [01m[K/home/jaeho/project_ws/src/doosan_m0609_controller/src/doosan_robot_controller.cpp:181:39:[m[K [01;31m[Kerror: [m[Kcannot convert ‘[01m[Kdoosan_m0609_controller::srv::MoveJ_Request_<std::allocator<void> >::_target_joints_type[m[K’ {aka ‘[01m[Kstd::array<double, 6>[m[K’} to ‘[01m[Kconst std::vector<double, std::allocator<double> >&[m[K’
[18.135s]   181 |     if (!validateJointLimits([01;31m[Krequest->target_joints[m[K)) {
[18.135s]       |                              [01;31m[K~~~~~~~~~^~~~~~~~~~~~~[m[K
[18.135s]       |                                       [01;31m[K|[m[K
[18.135s]       |                                       [01;31m[Kdoosan_m0609_controller::srv::MoveJ_Request_<std::allocator<void> >::_target_joints_type {aka std::array<double, 6>}[m[K
[18.135s] In file included from [01m[K/home/jaeho/project_ws/src/doosan_m0609_controller/src/doosan_robot_controller.cpp:1[m[K:
[18.135s] [01m[K/home/jaeho/project_ws/src/doosan_m0609_controller/include/doosan_m0609_controller/doosan_robot_controller.hpp:67:57:[m[K [01;36m[Knote: [m[K  initializing argument 1 of ‘[01m[Kbool DoosanRobotController::validateJointLimits(const std::vector<double, std::allocator<double> >&)[m[K’
[18.135s]    67 |     bool validateJointLimits([01;36m[Kconst std::vector<double>& joints[m[K);
[18.135s]       |                              [01;36m[K~~~~~~~~~~~~~~~~~~~~~~~~~~~^~~~~~[m[K
[18.136s] [01m[K/home/jaeho/project_ws/src/doosan_m0609_controller/src/doosan_robot_controller.cpp:206:22:[m[K [01;31m[Kerror: [m[Kcannot convert ‘[01m[Kdoosan_m0609_controller::srv::MoveJ_Request_<std::allocator<void> >::_target_joints_type[m[K’ {aka ‘[01m[Kstd::array<double, 6>[m[K’} to ‘[01m[Kconst std::vector<double, std::allocator<double> >&[m[K’
[18.136s]   206 |             [01;31m[Krequest->target_joints[m[K,
[18.136s]       |             [01;31m[K~~~~~~~~~^~~~~~~~~~~~~[m[K
[18.136s]       |                      [01;31m[K|[m[K
[18.136s]       |                      [01;31m[Kdoosan_m0609_controller::srv::MoveJ_Request_<std::allocator<void> >::_target_joints_type {aka std::array<double, 6>}[m[K
[18.136s] In file included from [01m[K/home/jaeho/project_ws/src/doosan_m0609_controller/include/doosan_m0609_controller/doosan_robot_controller.hpp:15[m[K,
[18.136s]                  from [01m[K/home/jaeho/project_ws/src/doosan_m0609_controller/src/doosan_robot_controller.cpp:1[m[K:
[18.137s] [01m[K/home/jaeho/project_ws/src/doosan_m0609_controller/include/DRFL/DRFL.h:30:43:[m[K [01;36m[Knote: [m[K  initializing argument 1 of ‘[01m[Kbool DRFL::moveJ(const std::vector<double, std::allocator<double> >&, double, double, double)[m[K’
[18.137s]    30 |     bool moveJ([01;36m[Kconst std::vector<double>& joints[m[K,
[18.137s]       |                [01;36m[K~~~~~~~~~~~~~~~~~~~~~~~~~~~^~~~~~[m[K
[20.815s] gmake[2]: *** [CMakeFiles/doosan_controller_node.dir/build.make:90: CMakeFiles/doosan_controller_node.dir/src/doosan_robot_controller.cpp.o] Error 1
[20.816s] gmake[1]: *** [CMakeFiles/Makefile2:593: CMakeFiles/doosan_controller_node.dir/all] Error 2
[20.816s] gmake: *** [Makefile:146: all] Error 2
[20.823s] Invoked command in '/home/jaeho/project_ws/build/doosan_m0609_controller' returned '2': CMAKE_PREFIX_PATH=${CMAKE_PREFIX_PATH}:/home/jaeho/project_ws/install/precision_liquid_pouring:/home/jaeho/project_ws/install/doosan_m0609_bringup:/home/jaeho/project_ws/install/chemistry_experiment_manager:/home/jaeho/project_ws/install/arduino_loadcell_interface:/opt/ros/humble /usr/bin/cmake --build /home/jaeho/project_ws/build/doosan_m0609_controller -- -j8 -l8
