[2.905s] Invoking command in '/home/jaeho/project_ws/src/arduino_loadcell_interface': PYTHONPATH=/home/jaeho/project_ws/build/arduino_loadcell_interface/prefix_override:/usr/lib/python3/dist-packages/colcon_core/task/python/colcon_distutils_commands:/home/jaeho/project_ws/install/arduino_loadcell_interface/lib/python3.10/site-packages:${PYTHONPATH} /usr/bin/python3 -W ignore:setup.py install is deprecated -W ignore:easy_install command is deprecated setup.py egg_info --egg-base ../../build/arduino_loadcell_interface build --build-base /home/jaeho/project_ws/build/arduino_loadcell_interface/build install --record /home/jaeho/project_ws/build/arduino_loadcell_interface/install.log --single-version-externally-managed install_data
[3.603s] running egg_info
[3.603s] creating ../../build/arduino_loadcell_interface/arduino_loadcell_interface.egg-info
[3.607s] writing ../../build/arduino_loadcell_interface/arduino_loadcell_interface.egg-info/PKG-INFO
[3.607s] writing dependency_links to ../../build/arduino_loadcell_interface/arduino_loadcell_interface.egg-info/dependency_links.txt
[3.607s] writing entry points to ../../build/arduino_loadcell_interface/arduino_loadcell_interface.egg-info/entry_points.txt
[3.608s] writing requirements to ../../build/arduino_loadcell_interface/arduino_loadcell_interface.egg-info/requires.txt
[3.608s] writing top-level names to ../../build/arduino_loadcell_interface/arduino_loadcell_interface.egg-info/top_level.txt
[3.608s] writing manifest file '../../build/arduino_loadcell_interface/arduino_loadcell_interface.egg-info/SOURCES.txt'
[3.615s] reading manifest file '../../build/arduino_loadcell_interface/arduino_loadcell_interface.egg-info/SOURCES.txt'
[3.615s] writing manifest file '../../build/arduino_loadcell_interface/arduino_loadcell_interface.egg-info/SOURCES.txt'
[3.616s] running build
[3.616s] running build_py
[3.616s] creating /home/jaeho/project_ws/build/arduino_loadcell_interface/build
[3.617s] creating /home/jaeho/project_ws/build/arduino_loadcell_interface/build/lib
[3.618s] creating /home/jaeho/project_ws/build/arduino_loadcell_interface/build/lib/arduino_loadcell_interface
[3.619s] copying arduino_loadcell_interface/ros_node.py -> /home/jaeho/project_ws/build/arduino_loadcell_interface/build/lib/arduino_loadcell_interface
[3.620s] copying arduino_loadcell_interface/interface.py -> /home/jaeho/project_ws/build/arduino_loadcell_interface/build/lib/arduino_loadcell_interface
[3.622s] copying arduino_loadcell_interface/__init__.py -> /home/jaeho/project_ws/build/arduino_loadcell_interface/build/lib/arduino_loadcell_interface
[3.622s] copying arduino_loadcell_interface/parser.py -> /home/jaeho/project_ws/build/arduino_loadcell_interface/build/lib/arduino_loadcell_interface
[3.622s] running install
[3.624s] running install_lib
[3.626s] creating /home/jaeho/project_ws/install/arduino_loadcell_interface/lib/python3.10/site-packages/arduino_loadcell_interface
[3.626s] copying /home/jaeho/project_ws/build/arduino_loadcell_interface/build/lib/arduino_loadcell_interface/ros_node.py -> /home/jaeho/project_ws/install/arduino_loadcell_interface/lib/python3.10/site-packages/arduino_loadcell_interface
[3.626s] copying /home/jaeho/project_ws/build/arduino_loadcell_interface/build/lib/arduino_loadcell_interface/interface.py -> /home/jaeho/project_ws/install/arduino_loadcell_interface/lib/python3.10/site-packages/arduino_loadcell_interface
[3.626s] copying /home/jaeho/project_ws/build/arduino_loadcell_interface/build/lib/arduino_loadcell_interface/__init__.py -> /home/jaeho/project_ws/install/arduino_loadcell_interface/lib/python3.10/site-packages/arduino_loadcell_interface
[3.626s] copying /home/jaeho/project_ws/build/arduino_loadcell_interface/build/lib/arduino_loadcell_interface/parser.py -> /home/jaeho/project_ws/install/arduino_loadcell_interface/lib/python3.10/site-packages/arduino_loadcell_interface
[3.628s] byte-compiling /home/jaeho/project_ws/install/arduino_loadcell_interface/lib/python3.10/site-packages/arduino_loadcell_interface/ros_node.py to ros_node.cpython-310.pyc
[3.631s] byte-compiling /home/jaeho/project_ws/install/arduino_loadcell_interface/lib/python3.10/site-packages/arduino_loadcell_interface/interface.py to interface.cpython-310.pyc
[3.632s] byte-compiling /home/jaeho/project_ws/install/arduino_loadcell_interface/lib/python3.10/site-packages/arduino_loadcell_interface/__init__.py to __init__.cpython-310.pyc
[3.634s] byte-compiling /home/jaeho/project_ws/install/arduino_loadcell_interface/lib/python3.10/site-packages/arduino_loadcell_interface/parser.py to parser.cpython-310.pyc
[3.634s] running install_data
[3.634s] creating /home/jaeho/project_ws/install/arduino_loadcell_interface/share/ament_index
[3.634s] creating /home/jaeho/project_ws/install/arduino_loadcell_interface/share/ament_index/resource_index
[3.635s] creating /home/jaeho/project_ws/install/arduino_loadcell_interface/share/ament_index/resource_index/packages
[3.639s] copying resource/arduino_loadcell_interface -> /home/jaeho/project_ws/install/arduino_loadcell_interface/share/ament_index/resource_index/packages
[3.639s] copying package.xml -> /home/jaeho/project_ws/install/arduino_loadcell_interface/share/arduino_loadcell_interface
[3.639s] running install_egg_info
[3.645s] Copying ../../build/arduino_loadcell_interface/arduino_loadcell_interface.egg-info to /home/jaeho/project_ws/install/arduino_loadcell_interface/lib/python3.10/site-packages/arduino_loadcell_interface-0.0.0-py3.10.egg-info
[3.648s] running install_scripts
[3.699s] Installing loadcell_node script to /home/jaeho/project_ws/install/arduino_loadcell_interface/lib/arduino_loadcell_interface
[3.701s] Installing loadcell_test script to /home/jaeho/project_ws/install/arduino_loadcell_interface/lib/arduino_loadcell_interface
[3.701s] writing list of installed files to '/home/jaeho/project_ws/build/arduino_loadcell_interface/install.log'
[3.769s] Invoked command in '/home/jaeho/project_ws/src/arduino_loadcell_interface' returned '0': PYTHONPATH=/home/jaeho/project_ws/build/arduino_loadcell_interface/prefix_override:/usr/lib/python3/dist-packages/colcon_core/task/python/colcon_distutils_commands:/home/jaeho/project_ws/install/arduino_loadcell_interface/lib/python3.10/site-packages:${PYTHONPATH} /usr/bin/python3 -W ignore:setup.py install is deprecated -W ignore:easy_install command is deprecated setup.py egg_info --egg-base ../../build/arduino_loadcell_interface build --build-base /home/jaeho/project_ws/build/arduino_loadcell_interface/build install --record /home/jaeho/project_ws/build/arduino_loadcell_interface/install.log --single-version-externally-managed install_data
