[0.057s] Invoking command in '/home/jaeho/project_ws/build/pouring_interfaces': CMAKE_PREFIX_PATH=/opt/ros/humble /usr/bin/cmake /home/jaeho/project_ws/src/pouring_interfaces -DCMAKE_BUILD_TYPE=Release -DAMENT_CMAKE_SYMLINK_INSTALL=1 -DCMAKE_INSTALL_PREFIX=/home/jaeho/project_ws/install/pouring_interfaces
[0.447s] -- The C compiler identification is GNU 11.4.0
[1.108s] -- The CXX compiler identification is GNU 11.4.0
[1.531s] -- Detecting C compiler ABI info
[1.800s] -- Detecting C compiler ABI info - done
[1.814s] -- Check for working C compiler: /usr/bin/cc - skipped
[1.814s] -- Detecting C compile features
[1.815s] -- Detecting C compile features - done
[1.821s] -- Detecting CXX compiler ABI info
[2.140s] -- Detecting CXX compiler ABI info - done
[2.153s] -- Check for working CXX compiler: /usr/bin/c++ - skipped
[2.153s] -- Detecting CXX compile features
[2.154s] -- Detecting CXX compile features - done
[2.158s] -- Found ament_cmake: 1.3.12 (/opt/ros/humble/share/ament_cmake/cmake)
[2.371s] -- Found Python3: /usr/bin/python3 (found version "3.10.12") found components: Interpreter 
[2.433s] -- Override CMake install command with custom implementation using symlinks instead of copying resources
[2.461s] -- Found ament_lint_auto: 0.12.14 (/opt/ros/humble/share/ament_lint_auto/cmake)
[2.546s] -- Added test 'lint_cmake' to check CMake code style
[2.549s] -- Added test 'xmllint' to check XML markup files
[2.551s] -- Configuring done
[2.555s] -- Generating done
[2.558s] -- Build files have been written to: /home/jaeho/project_ws/build/pouring_interfaces
