[0.149s] Invoking command in '/home/jaeho/project_ws/build/doosan_m0609_hardware': CMAKE_PREFIX_PATH=/home/jaeho/project_ws/install/doosan_m0609_msgs:/home/jaeho/project_ws/install/sugar_water_experiment:/home/jaeho/project_ws/install/doosan_m0609_hardware:/home/jaeho/project_ws/install/doosan_m0609_description:/home/jaeho/project_ws/install/dsr_common2:/home/jaeho/project_ws/install/precision_liquid_pouring:/home/jaeho/project_ws/install/doosan_m0609_bringup:/home/jaeho/project_ws/install/chemistry_experiment_manager:/home/jaeho/project_ws/install/arduino_loadcell_interface:/opt/ros/humble /usr/bin/cmake /home/jaeho/project_ws/src/doosan_m0609_hardware -DCMAKE_INSTALL_PREFIX=/home/jaeho/project_ws/install/doosan_m0609_hardware
[0.383s] -- The CXX compiler identification is GNU 11.4.0
[0.959s] -- Detecting CXX compiler ABI info
[1.195s] -- Detecting CXX compiler ABI info - done
[1.205s] -- Check for working CXX compiler: /usr/bin/c++ - skipped
[1.205s] -- Detecting CXX compile features
[1.205s] -- Detecting CXX compile features - done
[1.209s] -- Found ament_cmake: 1.3.12 (/opt/ros/humble/share/ament_cmake/cmake)
[1.404s] -- Found Python3: /usr/bin/python3 (found version "3.10.12") found components: Interpreter 
[1.530s] -- Found pluginlib: 5.1.0 (/opt/ros/humble/share/pluginlib/cmake)
[3.744s] -- Found hardware_interface: 2.51.0 (/opt/ros/humble/share/hardware_interface/cmake)
[3.781s] -- Found rosidl_generator_c: 3.1.7 (/opt/ros/humble/share/rosidl_generator_c/cmake)
[3.787s] -- Found rosidl_adapter: 3.1.7 (/opt/ros/humble/share/rosidl_adapter/cmake)
[3.798s] -- Found rosidl_generator_cpp: 3.1.7 (/opt/ros/humble/share/rosidl_generator_cpp/cmake)
[3.813s] -- Using all available rosidl_typesupport_c: rosidl_typesupport_fastrtps_c;rosidl_typesupport_introspection_c
[3.829s] -- Using all available rosidl_typesupport_cpp: rosidl_typesupport_fastrtps_cpp;rosidl_typesupport_introspection_cpp
[4.067s] -- Found rmw_implementation_cmake: 6.1.2 (/opt/ros/humble/share/rmw_implementation_cmake/cmake)
[4.070s] -- Found rmw_fastrtps_cpp: 6.2.8 (/opt/ros/humble/share/rmw_fastrtps_cpp/cmake)
[4.101s] -- Found TinyXML2 via Config file: TinyXML2_DIR-NOTFOUND
[4.174s] -- Found OpenSSL: /usr/lib/x86_64-linux-gnu/libcrypto.so (found version "3.0.2")  
[4.178s] -- Found TinyXML2 via Config file: TinyXML2_DIR-NOTFOUND
[4.436s] -- Found FastRTPS: /opt/ros/humble/include  
[4.439s] -- Found TinyXML2 via Config file: TinyXML2_DIR-NOTFOUND
[4.449s] -- Found TinyXML2 via Config file: TinyXML2_DIR-NOTFOUND
[4.582s] -- Using RMW implementation 'rmw_fastrtps_cpp' as default
[4.593s] -- Looking for C++ include pthread.h
[4.820s] -- Looking for C++ include pthread.h - found
[4.821s] -- Performing Test CMAKE_HAVE_LIBC_PTHREAD
[5.048s] -- Performing Test CMAKE_HAVE_LIBC_PTHREAD - Success
[5.049s] -- Found Threads: TRUE  
[5.107s] -- Found doosan_m0609_msgs: 1.1.0 (/home/jaeho/project_ws/install/doosan_m0609_msgs/share/doosan_m0609_msgs/cmake)
[5.128s] -- Found moveit_msgs: 2.2.1 (/opt/ros/humble/share/moveit_msgs/cmake)
[5.246s] -- Found controller_manager: 2.51.0 (/opt/ros/humble/share/controller_manager/cmake)
[5.310s] -- Found kdl_parser: 2.6.4 (/opt/ros/humble/share/kdl_parser/cmake)
[5.391s] -- Found eigen3_cmake_module: 0.1.1 (/opt/ros/humble/share/eigen3_cmake_module/cmake)
[5.393s] -- Found Eigen3: TRUE (found version "3.4.0") 
[5.393s] -- Ensuring Eigen3 include directory is part of orocos-kdl CMake target
[5.399s] [0mDRCF_VERSION:2[0m
[5.440s] -- Found ament_cmake_pytest: 1.3.12 (/opt/ros/humble/share/ament_cmake_pytest/cmake)
[5.557s] -- Configuring done
[5.622s] -- Generating done
[5.632s] -- Build files have been written to: /home/jaeho/project_ws/build/doosan_m0609_hardware
[5.648s] Invoked command in '/home/jaeho/project_ws/build/doosan_m0609_hardware' returned '0': CMAKE_PREFIX_PATH=/home/jaeho/project_ws/install/doosan_m0609_msgs:/home/jaeho/project_ws/install/sugar_water_experiment:/home/jaeho/project_ws/install/doosan_m0609_hardware:/home/jaeho/project_ws/install/doosan_m0609_description:/home/jaeho/project_ws/install/dsr_common2:/home/jaeho/project_ws/install/precision_liquid_pouring:/home/jaeho/project_ws/install/doosan_m0609_bringup:/home/jaeho/project_ws/install/chemistry_experiment_manager:/home/jaeho/project_ws/install/arduino_loadcell_interface:/opt/ros/humble /usr/bin/cmake /home/jaeho/project_ws/src/doosan_m0609_hardware -DCMAKE_INSTALL_PREFIX=/home/jaeho/project_ws/install/doosan_m0609_hardware
[5.652s] Invoking command in '/home/jaeho/project_ws/build/doosan_m0609_hardware': CMAKE_PREFIX_PATH=/home/jaeho/project_ws/install/doosan_m0609_msgs:/home/jaeho/project_ws/install/sugar_water_experiment:/home/jaeho/project_ws/install/doosan_m0609_hardware:/home/jaeho/project_ws/install/doosan_m0609_description:/home/jaeho/project_ws/install/dsr_common2:/home/jaeho/project_ws/install/precision_liquid_pouring:/home/jaeho/project_ws/install/doosan_m0609_bringup:/home/jaeho/project_ws/install/chemistry_experiment_manager:/home/jaeho/project_ws/install/arduino_loadcell_interface:/opt/ros/humble /usr/bin/cmake --build /home/jaeho/project_ws/build/doosan_m0609_hardware -- -j8 -l8
[5.723s] [ 50%] [32mBuilding CXX object CMakeFiles/doosan_m0609_hardware.dir/src/dsr_hw_interface2.cpp.o[0m
[8.274s] In file included from [01m[K/usr/include/boost/smart_ptr/detail/sp_thread_sleep.hpp:22[m[K,
[8.274s]                  from [01m[K/usr/include/boost/smart_ptr/detail/yield_k.hpp:23[m[K,
[8.274s]                  from [01m[K/usr/include/boost/smart_ptr/detail/spinlock_gcc_atomic.hpp:14[m[K,
[8.274s]                  from [01m[K/usr/include/boost/smart_ptr/detail/spinlock.hpp:42[m[K,
[8.274s]                  from [01m[K/usr/include/boost/smart_ptr/detail/spinlock_pool.hpp:25[m[K,
[8.274s]                  from [01m[K/usr/include/boost/smart_ptr/shared_ptr.hpp:29[m[K,
[8.274s]                  from [01m[K/usr/include/boost/shared_ptr.hpp:17[m[K,
[8.275s]                  from [01m[K/usr/include/boost/date_time/time_clock.hpp:17[m[K,
[8.275s]                  from [01m[K/usr/include/boost/thread/thread_time.hpp:9[m[K,
[8.275s]                  from [01m[K/usr/include/boost/thread/lock_types.hpp:18[m[K,
[8.275s]                  from [01m[K/usr/include/boost/thread/pthread/thread_data.hpp:12[m[K,
[8.275s]                  from [01m[K/usr/include/boost/thread/thread_only.hpp:17[m[K,
[8.275s]                  from [01m[K/usr/include/boost/thread/thread.hpp:12[m[K,
[8.275s]                  from [01m[K/home/jaeho/project_ws/src/doosan_m0609_hardware/src/dsr_hw_interface2.cpp:8[m[K:
[8.275s] [01m[K/usr/include/boost/bind.hpp:36:1:[m[K [01;36m[Knote: [m[K‘[01m[K#pragma message: The practice of declaring the Bind placeholders (_1, _2, ...) in the global namespace is deprecated. Please use <boost/bind/bind.hpp> + using namespace boost::placeholders, or define BOOST_BIND_GLOBAL_PLACEHOLDERS to retain the current behavior.[m[K’
[8.276s]    36 | [01;36m[KBOOST_PRAGMA_MESSAGE[m[K(
[8.276s]       | [01;36m[K^~~~~~~~~~~~~~~~~~~~[m[K
[16.003s] [100%] [32m[1mLinking CXX shared library libdoosan_m0609_hardware.so[0m
[16.995s] [100%] Built target doosan_m0609_hardware
[17.011s] Invoked command in '/home/jaeho/project_ws/build/doosan_m0609_hardware' returned '0': CMAKE_PREFIX_PATH=/home/jaeho/project_ws/install/doosan_m0609_msgs:/home/jaeho/project_ws/install/sugar_water_experiment:/home/jaeho/project_ws/install/doosan_m0609_hardware:/home/jaeho/project_ws/install/doosan_m0609_description:/home/jaeho/project_ws/install/dsr_common2:/home/jaeho/project_ws/install/precision_liquid_pouring:/home/jaeho/project_ws/install/doosan_m0609_bringup:/home/jaeho/project_ws/install/chemistry_experiment_manager:/home/jaeho/project_ws/install/arduino_loadcell_interface:/opt/ros/humble /usr/bin/cmake --build /home/jaeho/project_ws/build/doosan_m0609_hardware -- -j8 -l8
[17.025s] Invoking command in '/home/jaeho/project_ws/build/doosan_m0609_hardware': CMAKE_PREFIX_PATH=/home/jaeho/project_ws/install/doosan_m0609_msgs:/home/jaeho/project_ws/install/sugar_water_experiment:/home/jaeho/project_ws/install/doosan_m0609_hardware:/home/jaeho/project_ws/install/doosan_m0609_description:/home/jaeho/project_ws/install/dsr_common2:/home/jaeho/project_ws/install/precision_liquid_pouring:/home/jaeho/project_ws/install/doosan_m0609_bringup:/home/jaeho/project_ws/install/chemistry_experiment_manager:/home/jaeho/project_ws/install/arduino_loadcell_interface:/opt/ros/humble /usr/bin/cmake --install /home/jaeho/project_ws/build/doosan_m0609_hardware
[17.036s] -- Install configuration: ""
[17.037s] -- Installing: /home/jaeho/project_ws/install/doosan_m0609_hardware/share/doosan_m0609_hardware/doosan_m0609_hardware.xml
[17.037s] -- Up-to-date: /home/jaeho/project_ws/install/doosan_m0609_hardware/share/doosan_m0609_hardware/doosan_m0609_hardware.xml
[17.037s] -- Installing: /home/jaeho/project_ws/install/doosan_m0609_hardware/include/doosan_m0609_hardware
[17.038s] -- Installing: /home/jaeho/project_ws/install/doosan_m0609_hardware/include/doosan_m0609_hardware/dsr_hardware2
[17.039s] -- Installing: /home/jaeho/project_ws/install/doosan_m0609_hardware/include/doosan_m0609_hardware/dsr_hardware2/util.hpp
[17.039s] -- Installing: /home/jaeho/project_ws/install/doosan_m0609_hardware/include/doosan_m0609_hardware/dsr_hardware2/dsr_hw_interface2.h
[17.039s] -- Installing: /home/jaeho/project_ws/install/doosan_m0609_hardware/lib/libdoosan_m0609_hardware.so
[17.042s] -- Set runtime path of "/home/jaeho/project_ws/install/doosan_m0609_hardware/lib/libdoosan_m0609_hardware.so" to ""
[17.043s] -- Installing: /home/jaeho/project_ws/install/doosan_m0609_hardware/share/doosan_m0609_hardware/environment/library_path.sh
[17.044s] -- Installing: /home/jaeho/project_ws/install/doosan_m0609_hardware/share/doosan_m0609_hardware/environment/library_path.dsv
[17.045s] -- Installing: /home/jaeho/project_ws/install/doosan_m0609_hardware/share/ament_index/resource_index/package_run_dependencies/doosan_m0609_hardware
[17.046s] -- Installing: /home/jaeho/project_ws/install/doosan_m0609_hardware/share/ament_index/resource_index/parent_prefix_path/doosan_m0609_hardware
[17.046s] -- Installing: /home/jaeho/project_ws/install/doosan_m0609_hardware/share/doosan_m0609_hardware/environment/ament_prefix_path.sh
[17.046s] -- Installing: /home/jaeho/project_ws/install/doosan_m0609_hardware/share/doosan_m0609_hardware/environment/ament_prefix_path.dsv
[17.046s] -- Installing: /home/jaeho/project_ws/install/doosan_m0609_hardware/share/doosan_m0609_hardware/environment/path.sh
[17.047s] -- Installing: /home/jaeho/project_ws/install/doosan_m0609_hardware/share/doosan_m0609_hardware/environment/path.dsv
[17.047s] -- Installing: /home/jaeho/project_ws/install/doosan_m0609_hardware/share/doosan_m0609_hardware/local_setup.bash
[17.047s] -- Installing: /home/jaeho/project_ws/install/doosan_m0609_hardware/share/doosan_m0609_hardware/local_setup.sh
[17.048s] -- Installing: /home/jaeho/project_ws/install/doosan_m0609_hardware/share/doosan_m0609_hardware/local_setup.zsh
[17.048s] -- Installing: /home/jaeho/project_ws/install/doosan_m0609_hardware/share/doosan_m0609_hardware/local_setup.dsv
[17.048s] -- Installing: /home/jaeho/project_ws/install/doosan_m0609_hardware/share/doosan_m0609_hardware/package.dsv
[17.049s] -- Installing: /home/jaeho/project_ws/install/doosan_m0609_hardware/share/ament_index/resource_index/packages/doosan_m0609_hardware
[17.050s] -- Installing: /home/jaeho/project_ws/install/doosan_m0609_hardware/share/ament_index/resource_index/hardware_interface__pluginlib__plugin/doosan_m0609_hardware
[17.050s] -- Installing: /home/jaeho/project_ws/install/doosan_m0609_hardware/share/ament_index/resource_index/controller_interface__pluginlib__plugin/doosan_m0609_hardware
[17.051s] -- Installing: /home/jaeho/project_ws/install/doosan_m0609_hardware/share/doosan_m0609_hardware/cmake/export_doosan_m0609_hardwareExport.cmake
[17.051s] -- Installing: /home/jaeho/project_ws/install/doosan_m0609_hardware/share/doosan_m0609_hardware/cmake/export_doosan_m0609_hardwareExport-noconfig.cmake
[17.051s] -- Installing: /home/jaeho/project_ws/install/doosan_m0609_hardware/share/doosan_m0609_hardware/cmake/ament_cmake_export_targets-extras.cmake
[17.052s] -- Installing: /home/jaeho/project_ws/install/doosan_m0609_hardware/share/doosan_m0609_hardware/cmake/ament_cmake_export_dependencies-extras.cmake
[17.052s] -- Installing: /home/jaeho/project_ws/install/doosan_m0609_hardware/share/doosan_m0609_hardware/cmake/doosan_m0609_hardwareConfig.cmake
[17.052s] -- Installing: /home/jaeho/project_ws/install/doosan_m0609_hardware/share/doosan_m0609_hardware/cmake/doosan_m0609_hardwareConfig-version.cmake
[17.052s] -- Installing: /home/jaeho/project_ws/install/doosan_m0609_hardware/share/doosan_m0609_hardware/package.xml
[17.055s] Invoked command in '/home/jaeho/project_ws/build/doosan_m0609_hardware' returned '0': CMAKE_PREFIX_PATH=/home/jaeho/project_ws/install/doosan_m0609_msgs:/home/jaeho/project_ws/install/sugar_water_experiment:/home/jaeho/project_ws/install/doosan_m0609_hardware:/home/jaeho/project_ws/install/doosan_m0609_description:/home/jaeho/project_ws/install/dsr_common2:/home/jaeho/project_ws/install/precision_liquid_pouring:/home/jaeho/project_ws/install/doosan_m0609_bringup:/home/jaeho/project_ws/install/chemistry_experiment_manager:/home/jaeho/project_ws/install/arduino_loadcell_interface:/opt/ros/humble /usr/bin/cmake --install /home/jaeho/project_ws/build/doosan_m0609_hardware
