[0.023s] Invoking command in '/home/jaeho/project_ws/build/doosan_m0609_controller': CMAKE_PREFIX_PATH=${CMAKE_PREFIX_PATH}:/home/jaeho/project_ws/install/precision_liquid_pouring:/home/jaeho/project_ws/install/doosan_m0609_bringup:/home/jaeho/project_ws/install/chemistry_experiment_manager:/home/jaeho/project_ws/install/arduino_loadcell_interface:/opt/ros/humble /usr/bin/cmake /home/jaeho/project_ws/src/doosan_m0609_controller -DCMAKE_INSTALL_PREFIX=/home/jaeho/project_ws/install/doosan_m0609_controller
[0.237s] -- The C compiler identification is GNU 11.4.0
[1.113s] -- The CXX compiler identification is GNU 11.4.0
[1.755s] -- Detecting C compiler ABI info
[1.967s] -- Detecting C compiler ABI info - done
[1.975s] -- Check for working C compiler: /usr/bin/cc - skipped
[1.975s] -- Detecting C compile features
[1.976s] -- Detecting C compile features - done
[1.979s] -- Detecting CXX compiler ABI info
[2.213s] -- Detecting CXX compiler ABI info - done
[2.223s] -- Check for working CXX compiler: /usr/bin/c++ - skipped
[2.224s] -- Detecting CXX compile features
[2.225s] -- Detecting CXX compile features - done
[2.229s] -- Found ament_cmake: 1.3.12 (/opt/ros/humble/share/ament_cmake/cmake)
[2.446s] -- Found Python3: /usr/bin/python3 (found version "3.10.12") found components: Interpreter 
[2.594s] -- Found rclcpp: 16.0.14 (/opt/ros/humble/share/rclcpp/cmake)
[2.850s] -- Found rosidl_generator_c: 3.1.7 (/opt/ros/humble/share/rosidl_generator_c/cmake)
[2.857s] -- Found rosidl_adapter: 3.1.7 (/opt/ros/humble/share/rosidl_adapter/cmake)
[2.869s] -- Found rosidl_generator_cpp: 3.1.7 (/opt/ros/humble/share/rosidl_generator_cpp/cmake)
[2.886s] -- Using all available rosidl_typesupport_c: rosidl_typesupport_fastrtps_c;rosidl_typesupport_introspection_c
[2.907s] -- Using all available rosidl_typesupport_cpp: rosidl_typesupport_fastrtps_cpp;rosidl_typesupport_introspection_cpp
[2.964s] -- Found rmw_implementation_cmake: 6.1.2 (/opt/ros/humble/share/rmw_implementation_cmake/cmake)
[2.968s] -- Found rmw_fastrtps_cpp: 6.2.8 (/opt/ros/humble/share/rmw_fastrtps_cpp/cmake)
[4.929s] -- Found OpenSSL: /usr/lib/x86_64-linux-gnu/libcrypto.so (found version "3.0.2")  
[7.288s] -- Found FastRTPS: /opt/ros/humble/include  
[11.150s] -- Using RMW implementation 'rmw_fastrtps_cpp' as default
[11.161s] -- Looking for pthread.h
[11.376s] -- Looking for pthread.h - found
[11.377s] -- Performing Test CMAKE_HAVE_LIBC_PTHREAD
[11.580s] -- Performing Test CMAKE_HAVE_LIBC_PTHREAD - Success
[11.582s] -- Found Threads: TRUE  
[11.643s] -- Found sensor_msgs: 4.9.0 (/opt/ros/humble/share/sensor_msgs/cmake)
[11.682s] -- Found rosidl_default_generators: 1.2.0 (/opt/ros/humble/share/rosidl_default_generators/cmake)
[12.097s] -- Found ament_cmake_ros: 0.10.0 (/opt/ros/humble/share/ament_cmake_ros/cmake)
[12.648s] -- Using all available rosidl_typesupport_c: rosidl_typesupport_fastrtps_c;rosidl_typesupport_introspection_c
[12.868s] -- Using all available rosidl_typesupport_cpp: rosidl_typesupport_fastrtps_cpp;rosidl_typesupport_introspection_cpp
[13.068s] -- Found PythonInterp: /usr/bin/python3 (found suitable version "3.10.12", minimum required is "3.6") 
[13.070s] -- Found python_cmake_module: 0.10.0 (/opt/ros/humble/share/python_cmake_module/cmake)
[13.688s] -- Found PythonLibs: /usr/lib/x86_64-linux-gnu/libpython3.10.so (found suitable version "3.10.12", minimum required is "3.5") 
[13.688s] -- Using PYTHON_EXECUTABLE: /usr/bin/python3
[13.688s] -- Using PYTHON_INCLUDE_DIRS: /usr/include/python3.10
[13.688s] -- Using PYTHON_LIBRARIES: /usr/lib/x86_64-linux-gnu/libpython3.10.so
[13.714s] -- Found PythonExtra: .so  
[13.873s] -- Found PkgConfig: /usr/bin/pkg-config (found version "0.29.2") 
[13.874s] -- Checking for module 'libpocofoundation'
[13.878s] --   No package 'libpocofoundation' found
[13.878s] [31mCMake Error at /usr/share/cmake-3.22/Modules/FindPkgConfig.cmake:603 (message):
[13.878s]   A required package was not found
[13.879s] Call Stack (most recent call first):
[13.879s]   /usr/share/cmake-3.22/Modules/FindPkgConfig.cmake:825 (_pkg_check_modules_internal)
[13.879s]   CMakeLists.txt:35 (pkg_check_modules)
[13.879s] 
[13.879s] [0m
[13.879s] -- Configuring incomplete, errors occurred!
[13.879s] See also "/home/jaeho/project_ws/build/doosan_m0609_controller/CMakeFiles/CMakeOutput.log".
[13.898s] Invoked command in '/home/jaeho/project_ws/build/doosan_m0609_controller' returned '1': CMAKE_PREFIX_PATH=${CMAKE_PREFIX_PATH}:/home/jaeho/project_ws/install/precision_liquid_pouring:/home/jaeho/project_ws/install/doosan_m0609_bringup:/home/jaeho/project_ws/install/chemistry_experiment_manager:/home/jaeho/project_ws/install/arduino_loadcell_interface:/opt/ros/humble /usr/bin/cmake /home/jaeho/project_ws/src/doosan_m0609_controller -DCMAKE_INSTALL_PREFIX=/home/jaeho/project_ws/install/doosan_m0609_controller
